2025-06-04 19:26:38,266 [F5] [INFO] Collect 72h history for ['KRW-ADA', 'KRW-AKT', 'KRW-APT', 'KRW-AQT', 'KRW-ARB', 'KRW-ARK', 'KRW-AUCTION', 'KRW-BERA', 'KRW-CARV', 'KRW-CBK', 'KRW-COW', 'KRW-CTC', 'KRW-DOT', 'KRW-DRIFT', 'KRW-EOS', 'KRW-GAS', 'KRW-INJ', 'KRW-JUP', 'KRW-KAITO', 'KRW-LAYER', 'KRW-LINK', 'KRW-MASK', 'KRW-ME', 'KRW-NEAR', 'KRW-NEO', 'KRW-NXPC', 'KRW-OM', 'KRW-ONDO', 'KRW-ORCA', 'KRW-PUNDIX', 'KRW-SAFE', 'KRW-STX', 'KRW-SUI', 'KRW-TAIKO', 'KRW-TOKAMAK', 'KRW-TRUMP', 'KRW-USDT', 'KRW-UXLINK', 'KRW-VANA', 'KRW-VIRTUAL', 'KRW-WAVES', 'KRW-WCT', 'KRW-XRP']
2025-06-04 19:26:38,286 [F5] [INFO]  * Restarting with stat
2025-06-04 19:26:39,280 [F5] [INFO] [F3] Telegram sent: 200
2025-06-04 19:26:41,528 [F5] [INFO] Collect 72h history for ['KRW-ADA', 'KRW-AKT', 'KRW-APT', 'KRW-AQT', 'KRW-ARB', 'KRW-ARK', 'KRW-AUCTION', 'KRW-BERA', 'KRW-CARV', 'KRW-CBK', 'KRW-COW', 'KRW-CTC', 'KRW-DOT', 'KRW-DRIFT', 'KRW-EOS', 'KRW-GAS', 'KRW-INJ', 'KRW-JUP', 'KRW-KAITO', 'KRW-LAYER', 'KRW-LINK', 'KRW-MASK', 'KRW-ME', 'KRW-NEAR', 'KRW-NEO', 'KRW-NXPC', 'KRW-OM', 'KRW-ONDO', 'KRW-ORCA', 'KRW-PUNDIX', 'KRW-SAFE', 'KRW-STX', 'KRW-SUI', 'KRW-TAIKO', 'KRW-TOKAMAK', 'KRW-TRUMP', 'KRW-USDT', 'KRW-UXLINK', 'KRW-VANA', 'KRW-VIRTUAL', 'KRW-WAVES', 'KRW-WCT', 'KRW-XRP']
2025-06-04 19:26:41,528 [F5] [ERROR] pipeline error
Traceback (most recent call last):
  File "D:\UPBIT_ML\f5_ml_pipeline\run_pipeline.py", line 57, in _acquire_lock
    msvcrt.locking(fh.fileno(), msvcrt.LK_NBLCK, 1)
PermissionError: [Errno 13] Permission denied

During handling of the above exception, another exception occurred:

Traceback (most recent call last):
  File "D:\UPBIT_ML\app.py", line 326, in worker
    module.main()
  File "D:\UPBIT_ML\f5_ml_pipeline\run_pipeline.py", line 99, in main
    lock = _acquire_lock()
  File "D:\UPBIT_ML\f5_ml_pipeline\run_pipeline.py", line 64, in _acquire_lock
    msvcrt.locking(fh.fileno(), msvcrt.LK_UNLCK, 1)
PermissionError: [Errno 13] Permission denied
2025-06-04 19:26:41,541 [F5] [WARNING]  * Debugger is active!
2025-06-04 19:26:41,549 [F5] [INFO]  * Debugger PIN: 872-957-534
2025-06-04 19:26:41,863 [F5] [WARNING]  * Running on all addresses.
   WARNING: This is a development server. Do not use it in a production deployment.
2025-06-04 19:26:41,863 [F5] [INFO]  * Running on http://192.168.0.183:3000/ (Press CTRL+C to quit)
2025-06-04 19:27:06,141 [F5] [INFO] Drop duplicates KRW-ADA_rawdata.parquet - 1 rows
2025-06-04 19:27:06,509 [F5] [INFO] Drop duplicates KRW-AKT_rawdata.parquet - 1 rows
2025-06-04 19:27:08,899 [F5] [INFO] Drop duplicates KRW-APT_rawdata.parquet - 1 rows
2025-06-04 19:27:09,207 [F5] [INFO] Drop duplicates KRW-AQT_rawdata.parquet - 1 rows
2025-06-04 19:27:09,516 [F5] [INFO] Drop duplicates KRW-ARB_rawdata.parquet - 1 rows
2025-06-04 19:27:10,899 [F5] [INFO] Drop duplicates KRW-ARK_rawdata.parquet - 1 rows
2025-06-04 19:27:11,197 [F5] [INFO] Drop duplicates KRW-AUCTION_rawdata.parquet - 1 rows
2025-06-04 19:27:12,896 [F5] [INFO] Drop duplicates KRW-CARV_rawdata.parquet - 1 rows
2025-06-04 19:27:14,259 [F5] [INFO] Drop duplicates KRW-CBK_rawdata.parquet - 1 rows
2025-06-04 19:27:14,573 [F5] [INFO] Drop duplicates KRW-COW_rawdata.parquet - 1 rows
2025-06-04 19:27:15,938 [F5] [INFO] Drop duplicates KRW-CTC_rawdata.parquet - 1 rows
2025-06-04 19:27:16,247 [F5] [INFO] Drop duplicates KRW-DOT_rawdata.parquet - 1 rows
2025-06-04 19:27:16,554 [F5] [INFO] Drop duplicates KRW-DRIFT_rawdata.parquet - 1 rows
2025-06-04 19:27:16,858 [F5] [INFO] Drop duplicates KRW-EOS_rawdata.parquet - 1 rows
2025-06-04 19:27:17,170 [F5] [INFO] Drop duplicates KRW-GAS_rawdata.parquet - 1 rows
2025-06-04 19:27:17,789 [F5] [INFO] Drop duplicates KRW-JUP_rawdata.parquet - 1 rows
2025-06-04 19:27:20,833 [F5] [INFO] Drop duplicates KRW-LINK_rawdata.parquet - 1 rows
2025-06-04 19:27:21,150 [F5] [INFO] Drop duplicates KRW-MASK_rawdata.parquet - 1 rows
2025-06-04 19:27:22,844 [F5] [INFO] Drop duplicates KRW-NEAR_rawdata.parquet - 1 rows
2025-06-04 19:27:23,143 [F5] [INFO] Drop duplicates KRW-NEO_rawdata.parquet - 1 rows
2025-06-04 19:27:23,770 [F5] [INFO] Drop duplicates KRW-OM_rawdata.parquet - 1 rows
2025-06-04 19:27:24,379 [F5] [INFO] Drop duplicates KRW-ORCA_rawdata.parquet - 1 rows
2025-06-04 19:27:24,689 [F5] [INFO] Drop duplicates KRW-PUNDIX_rawdata.parquet - 1 rows
2025-06-04 19:27:26,053 [F5] [INFO] Drop duplicates KRW-SAFE_rawdata.parquet - 1 rows
2025-06-04 19:27:26,351 [F5] [INFO] Drop duplicates KRW-STX_rawdata.parquet - 1 rows
2025-06-04 19:27:26,941 [F5] [INFO] Drop duplicates KRW-TAIKO_rawdata.parquet - 1 rows
2025-06-04 19:27:27,250 [F5] [INFO] Drop duplicates KRW-TOKAMAK_rawdata.parquet - 1 rows
2025-06-04 19:27:27,672 [F5] [INFO] Drop duplicates KRW-TRUMP_rawdata.parquet - 1 rows
2025-06-04 19:27:27,976 [F5] [INFO] Drop duplicates KRW-USDT_rawdata.parquet - 1 rows
2025-06-04 19:27:29,236 [F5] [INFO] Drop duplicates KRW-UXLINK_rawdata.parquet - 1 rows
2025-06-04 19:27:29,546 [F5] [INFO] Drop duplicates KRW-VANA_rawdata.parquet - 1 rows
2025-06-04 19:27:30,877 [F5] [INFO] Drop duplicates KRW-VIRTUAL_rawdata.parquet - 1 rows
2025-06-04 19:27:31,186 [F5] [INFO] Drop duplicates KRW-WAVES_rawdata.parquet - 1 rows
2025-06-04 19:28:05,396 [F5] [INFO] Drop duplicates KRW-AKT_rawdata.parquet - 1 rows
2025-06-04 19:28:05,710 [F5] [INFO] Drop duplicates KRW-APT_rawdata.parquet - 1 rows
2025-06-04 19:28:06,104 [F5] [INFO] Drop duplicates KRW-ADA_rawdata.parquet - 1 rows
2025-06-04 19:28:06,411 [F5] [INFO] Drop duplicates KRW-AKT_rawdata.parquet - 1 rows
2025-06-04 19:28:06,612 [F5] [INFO] Drop duplicates KRW-ARK_rawdata.parquet - 1 rows
2025-06-04 19:28:07,785 [F5] [INFO] Drop duplicates KRW-APT_rawdata.parquet - 1 rows
2025-06-04 19:28:08,072 [F5] [INFO] Drop duplicates KRW-AQT_rawdata.parquet - 1 rows
2025-06-04 19:28:08,386 [F5] [INFO] Drop duplicates KRW-ARB_rawdata.parquet - 1 rows
2025-06-04 19:28:08,432 [F5] [INFO] Drop duplicates KRW-CTC_rawdata.parquet - 1 rows
2025-06-04 19:28:09,778 [F5] [INFO] Drop duplicates KRW-ARK_rawdata.parquet - 1 rows
2025-06-04 19:28:09,811 [F5] [INFO] Drop duplicates KRW-DOT_rawdata.parquet - 1 rows
2025-06-04 19:28:10,081 [F5] [INFO] Drop duplicates KRW-AUCTION_rawdata.parquet - 1 rows
2025-06-04 19:28:11,471 [F5] [INFO] Drop duplicates KRW-BERA_rawdata.parquet - 1 rows
2025-06-04 19:28:11,759 [F5] [INFO] Drop duplicates KRW-CARV_rawdata.parquet - 1 rows
2025-06-04 19:28:11,762 [F5] [INFO] Drop duplicates KRW-GAS_rawdata.parquet - 1 rows
2025-06-04 19:28:13,099 [F5] [INFO] Drop duplicates KRW-CBK_rawdata.parquet - 1 rows
2025-06-04 19:28:13,399 [F5] [INFO] Drop duplicates KRW-COW_rawdata.parquet - 1 rows
2025-06-04 19:28:14,749 [F5] [INFO] Drop duplicates KRW-CTC_rawdata.parquet - 1 rows
2025-06-04 19:28:15,073 [F5] [INFO] Drop duplicates KRW-DOT_rawdata.parquet - 1 rows
2025-06-04 19:28:16,434 [F5] [INFO] Drop duplicates KRW-DRIFT_rawdata.parquet - 1 rows
2025-06-04 19:28:16,718 [F5] [INFO] Drop duplicates KRW-EOS_rawdata.parquet - 1 rows
2025-06-04 19:28:17,016 [F5] [INFO] Drop duplicates KRW-GAS_rawdata.parquet - 1 rows
2025-06-04 19:28:17,602 [F5] [INFO] Drop duplicates KRW-JUP_rawdata.parquet - 1 rows
2025-06-04 19:28:17,895 [F5] [INFO] Drop duplicates KRW-KAITO_rawdata.parquet - 1 rows
2025-06-04 19:28:18,243 [F5] [INFO] Drop duplicates KRW-OM_rawdata.parquet - 1 rows
2025-06-04 19:28:18,557 [F5] [INFO] Drop duplicates KRW-LINK_rawdata.parquet - 1 rows
2025-06-04 19:28:21,606 [F5] [INFO] Drop duplicates KRW-NEAR_rawdata.parquet - 1 rows
2025-06-04 19:28:21,920 [F5] [INFO] Drop duplicates KRW-NEO_rawdata.parquet - 1 rows
2025-06-04 19:28:23,601 [F5] [INFO] Drop duplicates KRW-OM_rawdata.parquet - 1 rows
2025-06-04 19:28:24,953 [F5] [INFO] Drop duplicates KRW-ONDO_rawdata.parquet - 1 rows
2025-06-04 19:28:25,572 [F5] [INFO] Drop duplicates KRW-PUNDIX_rawdata.parquet - 1 rows
2025-06-04 19:28:25,862 [F5] [INFO] Drop duplicates KRW-SAFE_rawdata.parquet - 1 rows
2025-06-04 19:28:26,170 [F5] [INFO] Drop duplicates KRW-STX_rawdata.parquet - 1 rows
2025-06-04 19:28:27,148 [F5] [INFO] [F3] Telegram sent: 200
2025-06-04 19:28:28,140 [F5] [INFO] Drop duplicates KRW-TOKAMAK_rawdata.parquet - 1 rows
2025-06-04 19:28:32,545 [F5] [INFO] Drop duplicates KRW-VANA_rawdata.parquet - 1 rows
2025-06-04 19:28:34,199 [F5] [INFO] Drop duplicates KRW-WAVES_rawdata.parquet - 1 rows
2025-06-04 19:28:35,830 [F5] [INFO] Drop duplicates KRW-XRP_rawdata.parquet - 1 rows
2025-06-04 19:28:59,836 [F5] [INFO] [F3] Loaded credentials from env.json
2025-06-04 19:28:59,837 [F5] [INFO] [F3] Upbit credentials loaded
2025-06-04 19:29:06,099 [F5] [INFO] Drop duplicates KRW-ADA_rawdata.parquet - 1 rows
2025-06-04 19:29:06,461 [F5] [INFO] Drop duplicates KRW-AKT_rawdata.parquet - 1 rows
2025-06-04 19:29:07,792 [F5] [INFO] Drop duplicates KRW-APT_rawdata.parquet - 1 rows
2025-06-04 19:29:08,828 [F5] [INFO] Drop duplicates KRW-APT_rawdata.parquet - 1 rows
2025-06-04 19:29:09,769 [F5] [INFO] Drop duplicates KRW-ARK_rawdata.parquet - 1 rows
2025-06-04 19:29:10,172 [F5] [INFO] Drop duplicates KRW-AQT_rawdata.parquet - 1 rows
2025-06-04 19:29:10,468 [F5] [INFO] Drop duplicates KRW-ARB_rawdata.parquet - 1 rows
2025-06-04 19:29:10,632 [F5] [INFO] Drop duplicates KRW-CARV_rawdata.parquet - 1 rows
2025-06-04 19:29:10,932 [F5] [INFO] Drop duplicates KRW-CBK_rawdata.parquet - 1 rows
2025-06-04 19:29:11,541 [F5] [INFO] Drop duplicates KRW-CTC_rawdata.parquet - 1 rows
2025-06-04 19:29:11,813 [F5] [INFO] Drop duplicates KRW-ARK_rawdata.parquet - 1 rows
2025-06-04 19:29:12,869 [F5] [ERROR] buy signal error
Traceback (most recent call last):
  File "D:\UPBIT_ML\app.py", line 295, in worker
    module.run_if_monitoring_list_exists()
  File "D:\UPBIT_ML\f2_ml_buy_signal\02_ml_buy_signal.py", line 457, in run_if_monitoring_list_exists
    return run()
  File "D:\UPBIT_ML\f2_ml_buy_signal\02_ml_buy_signal.py", line 369, in run
    with _buy_list_lock(buy_list_path) as fh:
  File "C:\Users\hslee\AppData\Local\Programs\Python\Python310\lib\contextlib.py", line 135, in __enter__
    return next(self.gen)
  File "D:\UPBIT_ML\f3_order\order_executor.py", line 93, in _buy_list_lock
    msvcrt.locking(fh.fileno(), msvcrt.LK_LOCK, 1)
OSError: [Errno 36] Resource deadlock avoided
2025-06-04 19:29:13,186 [F5] [INFO] Drop duplicates KRW-AUCTION_rawdata.parquet - 1 rows
2025-06-04 19:29:14,533 [F5] [INFO] Drop duplicates KRW-BERA_rawdata.parquet - 1 rows
2025-06-04 19:29:14,846 [F5] [INFO] Drop duplicates KRW-CARV_rawdata.parquet - 1 rows
2025-06-04 19:29:15,944 [F5] [INFO] Drop duplicates KRW-GAS_rawdata.parquet - 1 rows
2025-06-04 19:29:16,217 [F5] [INFO] Drop duplicates KRW-CBK_rawdata.parquet - 1 rows
2025-06-04 19:29:17,313 [F5] [INFO] Drop duplicates KRW-INJ_rawdata.parquet - 1 rows
2025-06-04 19:29:17,618 [F5] [INFO] Drop duplicates KRW-JUP_rawdata.parquet - 1 rows
2025-06-04 19:29:18,075 [F5] [INFO] [F3] Exception in entry: [Errno 36] Resource deadlock avoided
2025-06-04 19:29:20,049 [F5] [INFO] Drop duplicates KRW-CTC_rawdata.parquet - 1 rows
2025-06-04 19:29:21,440 [F5] [INFO] Drop duplicates KRW-DOT_rawdata.parquet - 1 rows
2025-06-04 19:29:23,641 [F5] [INFO] Drop duplicates KRW-NEAR_rawdata.parquet - 1 rows
2025-06-04 19:29:23,953 [F5] [INFO] Drop duplicates KRW-NEO_rawdata.parquet - 1 rows
2025-06-04 19:29:24,183 [F5] [INFO] Drop duplicates KRW-EOS_rawdata.parquet - 1 rows
2025-06-04 19:29:24,472 [F5] [INFO] Drop duplicates KRW-GAS_rawdata.parquet - 1 rows
2025-06-04 19:29:25,830 [F5] [INFO] Drop duplicates KRW-INJ_rawdata.parquet - 1 rows
2025-06-04 19:29:26,452 [F5] [INFO] Drop duplicates KRW-KAITO_rawdata.parquet - 1 rows
2025-06-04 19:29:26,744 [F5] [INFO] Drop duplicates KRW-LAYER_rawdata.parquet - 1 rows
2025-06-04 19:29:27,033 [F5] [INFO] Drop duplicates KRW-LINK_rawdata.parquet - 1 rows
2025-06-04 19:29:29,464 [F5] [INFO] Drop duplicates KRW-MASK_rawdata.parquet - 1 rows
2025-06-04 19:29:30,466 [F5] [INFO] [F3] Loaded credentials from env.json
2025-06-04 19:29:30,466 [F5] [INFO] [F3] Upbit credentials loaded
2025-06-04 19:29:31,116 [F5] [INFO] Drop duplicates KRW-NEAR_rawdata.parquet - 1 rows
2025-06-04 19:29:31,417 [F5] [INFO] Drop duplicates KRW-NEO_rawdata.parquet - 1 rows
2025-06-04 19:29:34,101 [F5] [INFO] Drop duplicates KRW-OM_rawdata.parquet - 1 rows
2025-06-04 19:29:34,211 [F5] [INFO] Drop duplicates KRW-UXLINK_rawdata.parquet - 1 rows
2025-06-04 19:29:34,382 [F5] [INFO] Drop duplicates KRW-ONDO_rawdata.parquet - 1 rows
2025-06-04 19:29:35,722 [F5] [INFO] Drop duplicates KRW-ORCA_rawdata.parquet - 1 rows
2025-06-04 19:29:36,028 [F5] [INFO] Drop duplicates KRW-PUNDIX_rawdata.parquet - 1 rows
2025-06-04 19:29:36,340 [F5] [INFO] Drop duplicates KRW-SAFE_rawdata.parquet - 1 rows
2025-06-04 19:29:37,700 [F5] [INFO] Drop duplicates KRW-STX_rawdata.parquet - 1 rows
2025-06-04 19:29:38,007 [F5] [INFO] Drop duplicates KRW-SUI_rawdata.parquet - 1 rows
2025-06-04 19:29:39,653 [F5] [INFO] Drop duplicates KRW-TOKAMAK_rawdata.parquet - 1 rows
2025-06-04 19:29:39,953 [F5] [INFO] Drop duplicates KRW-TRUMP_rawdata.parquet - 1 rows
2025-06-04 19:29:40,596 [F5] [INFO] Drop duplicates KRW-UXLINK_rawdata.parquet - 1 rows
2025-06-04 19:29:40,898 [F5] [INFO] Drop duplicates KRW-VANA_rawdata.parquet - 1 rows
2025-06-04 19:29:41,495 [F5] [INFO] Drop duplicates KRW-WAVES_rawdata.parquet - 1 rows
2025-06-04 19:29:41,799 [F5] [INFO] Drop duplicates KRW-WCT_rawdata.parquet - 1 rows
2025-06-04 19:29:48,695 [F5] [INFO] [F3] Exception in entry: [Errno 36] Resource deadlock avoided
2025-06-04 19:29:51,260 [F5] [ERROR] buy signal error
Traceback (most recent call last):
  File "D:\UPBIT_ML\app.py", line 295, in worker
    module.run_if_monitoring_list_exists()
  File "D:\UPBIT_ML\f2_ml_buy_signal\02_ml_buy_signal.py", line 457, in run_if_monitoring_list_exists
    return run()
  File "D:\UPBIT_ML\f2_ml_buy_signal\02_ml_buy_signal.py", line 369, in run
    with _buy_list_lock(buy_list_path) as fh:
  File "C:\Users\hslee\AppData\Local\Programs\Python\Python310\lib\contextlib.py", line 135, in __enter__
    return next(self.gen)
  File "D:\UPBIT_ML\f3_order\order_executor.py", line 93, in _buy_list_lock
    msvcrt.locking(fh.fileno(), msvcrt.LK_LOCK, 1)
OSError: [Errno 36] Resource deadlock avoided
2025-06-04 19:30:06,093 [F5] [INFO] Drop duplicates KRW-ADA_rawdata.parquet - 1 rows
2025-06-04 19:30:06,472 [F5] [INFO] Drop duplicates KRW-AKT_rawdata.parquet - 1 rows
2025-06-04 19:30:07,598 [F5] [INFO] Drop duplicates KRW-ARK_rawdata.parquet - 1 rows
2025-06-04 19:30:08,920 [F5] [INFO] [F3] Loaded credentials from env.json
2025-06-04 19:30:08,921 [F5] [INFO] [F3] Upbit credentials loaded
2025-06-04 19:30:10,485 [F5] [INFO] Drop duplicates KRW-ARB_rawdata.parquet - 1 rows
2025-06-04 19:30:10,784 [F5] [INFO] Drop duplicates KRW-ARK_rawdata.parquet - 1 rows
2025-06-04 19:30:11,096 [F5] [INFO] Drop duplicates KRW-AUCTION_rawdata.parquet - 1 rows
2025-06-04 19:30:11,375 [F5] [INFO] Drop duplicates KRW-BERA_rawdata.parquet - 1 rows
2025-06-04 19:30:11,981 [F5] [INFO] Drop duplicates KRW-CBK_rawdata.parquet - 1 rows
2025-06-04 19:30:12,700 [F5] [INFO] Drop duplicates KRW-CARV_rawdata.parquet - 1 rows
2025-06-04 19:30:13,017 [F5] [INFO] Drop duplicates KRW-CBK_rawdata.parquet - 1 rows
2025-06-04 19:30:13,344 [F5] [INFO] Drop duplicates KRW-COW_rawdata.parquet - 1 rows
2025-06-04 19:30:15,218 [F5] [INFO] Drop duplicates KRW-DOT_rawdata.parquet - 1 rows
2025-06-04 19:30:15,811 [F5] [INFO] Drop duplicates KRW-CTC_rawdata.parquet - 1 rows
2025-06-04 19:30:16,113 [F5] [INFO] Drop duplicates KRW-DOT_rawdata.parquet - 1 rows
2025-06-04 19:30:16,300 [F5] [INFO] Drop duplicates KRW-GAS_rawdata.parquet - 1 rows
2025-06-04 19:30:16,601 [F5] [INFO] Drop duplicates KRW-DRIFT_rawdata.parquet - 1 rows
2025-06-04 19:30:16,913 [F5] [INFO] Drop duplicates KRW-EOS_rawdata.parquet - 1 rows
2025-06-04 19:30:17,212 [F5] [INFO] Drop duplicates KRW-GAS_rawdata.parquet - 1 rows
2025-06-04 19:30:17,696 [F5] [INFO] Drop duplicates KRW-INJ_rawdata.parquet - 1 rows
2025-06-04 19:30:17,999 [F5] [INFO] Drop duplicates KRW-JUP_rawdata.parquet - 1 rows
2025-06-04 19:30:18,274 [F5] [INFO] Drop duplicates KRW-KAITO_rawdata.parquet - 1 rows
2025-06-04 19:30:18,561 [F5] [INFO] Drop duplicates KRW-LAYER_rawdata.parquet - 1 rows
2025-06-04 19:30:20,884 [F5] [INFO] Drop duplicates KRW-LINK_rawdata.parquet - 1 rows
2025-06-04 19:30:22,280 [F5] [INFO] Drop duplicates KRW-MASK_rawdata.parquet - 1 rows
2025-06-04 19:30:23,916 [F5] [INFO] Drop duplicates KRW-NEAR_rawdata.parquet - 1 rows
2025-06-04 19:30:24,200 [F5] [INFO] Drop duplicates KRW-NEO_rawdata.parquet - 1 rows
2025-06-04 19:30:25,865 [F5] [INFO] Drop duplicates KRW-OM_rawdata.parquet - 1 rows
2025-06-04 19:30:27,551 [F5] [INFO] Drop duplicates KRW-ORCA_rawdata.parquet - 1 rows
2025-06-04 19:30:27,858 [F5] [INFO] Drop duplicates KRW-PUNDIX_rawdata.parquet - 1 rows
2025-06-04 19:30:29,217 [F5] [INFO] Drop duplicates KRW-SAFE_rawdata.parquet - 1 rows
2025-06-04 19:30:29,524 [F5] [INFO] Drop duplicates KRW-STX_rawdata.parquet - 1 rows
2025-06-04 19:30:29,822 [F5] [INFO] Drop duplicates KRW-SUI_rawdata.parquet - 1 rows
2025-06-04 19:30:31,465 [F5] [INFO] Drop duplicates KRW-TOKAMAK_rawdata.parquet - 1 rows
2025-06-04 19:30:32,836 [F5] [INFO] Drop duplicates KRW-TRUMP_rawdata.parquet - 1 rows
2025-06-04 19:30:34,468 [F5] [INFO] Drop duplicates KRW-UXLINK_rawdata.parquet - 1 rows
2025-06-04 19:30:35,819 [F5] [INFO] Drop duplicates KRW-VANA_rawdata.parquet - 1 rows
2025-06-04 19:30:36,106 [F5] [INFO] Drop duplicates KRW-VIRTUAL_rawdata.parquet - 1 rows
2025-06-04 19:30:38,557 [F5] [INFO] Drop duplicates KRW-WAVES_rawdata.parquet - 1 rows
2025-06-04 19:30:38,889 [F5] [INFO] Drop duplicates KRW-WCT_rawdata.parquet - 1 rows
2025-06-04 19:30:39,167 [F5] [INFO] Drop duplicates KRW-XRP_rawdata.parquet - 1 rows
2025-06-04 19:31:06,080 [F5] [INFO] Drop duplicates KRW-ADA_rawdata.parquet - 1 rows
2025-06-04 19:31:06,402 [F5] [INFO] Drop duplicates KRW-AKT_rawdata.parquet - 1 rows
2025-06-04 19:31:07,765 [F5] [INFO] Drop duplicates KRW-APT_rawdata.parquet - 1 rows
2025-06-04 19:31:08,788 [F5] [INFO] Drop duplicates KRW-APT_rawdata.parquet - 1 rows
2025-06-04 19:31:10,235 [F5] [INFO] Drop duplicates KRW-AQT_rawdata.parquet - 1 rows
2025-06-04 19:31:11,630 [F5] [INFO] Drop duplicates KRW-ARB_rawdata.parquet - 1 rows
2025-06-04 19:31:12,966 [F5] [INFO] Drop duplicates KRW-ARK_rawdata.parquet - 1 rows
2025-06-04 19:31:13,399 [F5] [INFO] Drop duplicates KRW-AUCTION_rawdata.parquet - 1 rows
2025-06-04 19:31:14,842 [F5] [INFO] Drop duplicates KRW-BERA_rawdata.parquet - 1 rows
2025-06-04 19:31:15,128 [F5] [INFO] Drop duplicates KRW-CARV_rawdata.parquet - 1 rows
2025-06-04 19:31:15,235 [F5] [INFO] Drop duplicates KRW-CBK_rawdata.parquet - 1 rows
2025-06-04 19:31:15,406 [F5] [INFO] Drop duplicates KRW-CBK_rawdata.parquet - 1 rows
2025-06-04 19:31:16,000 [F5] [INFO] Drop duplicates KRW-CTC_rawdata.parquet - 1 rows
2025-06-04 19:31:16,582 [F5] [INFO] Drop duplicates KRW-DRIFT_rawdata.parquet - 1 rows
2025-06-04 19:31:16,596 [F5] [INFO] Drop duplicates KRW-COW_rawdata.parquet - 1 rows
2025-06-04 19:31:17,966 [F5] [INFO] Drop duplicates KRW-CTC_rawdata.parquet - 1 rows
2025-06-04 19:31:18,259 [F5] [INFO] Drop duplicates KRW-GAS_rawdata.parquet - 1 rows
2025-06-04 19:31:18,278 [F5] [INFO] Drop duplicates KRW-DOT_rawdata.parquet - 1 rows
2025-06-04 19:31:19,614 [F5] [INFO] Drop duplicates KRW-DRIFT_rawdata.parquet - 1 rows
2025-06-04 19:31:19,933 [F5] [INFO] Drop duplicates KRW-EOS_rawdata.parquet - 1 rows
2025-06-04 19:31:21,329 [F5] [INFO] Drop duplicates KRW-GAS_rawdata.parquet - 1 rows
2025-06-04 19:31:21,604 [F5] [INFO] Drop duplicates KRW-INJ_rawdata.parquet - 1 rows
2025-06-04 19:31:22,996 [F5] [INFO] Drop duplicates KRW-JUP_rawdata.parquet - 1 rows
2025-06-04 19:31:23,320 [F5] [INFO] Drop duplicates KRW-KAITO_rawdata.parquet - 1 rows
2025-06-04 19:31:24,688 [F5] [INFO] Drop duplicates KRW-LAYER_rawdata.parquet - 1 rows
2025-06-04 19:31:24,980 [F5] [INFO] Drop duplicates KRW-LINK_rawdata.parquet - 1 rows
2025-06-04 19:31:24,981 [F5] [INFO] Drop duplicates KRW-NEAR_rawdata.parquet - 1 rows
2025-06-04 19:31:27,491 [F5] [INFO] Drop duplicates KRW-MASK_rawdata.parquet - 1 rows
2025-06-04 19:31:29,146 [F5] [INFO] Drop duplicates KRW-NEAR_rawdata.parquet - 1 rows
2025-06-04 19:31:30,493 [F5] [INFO] Drop duplicates KRW-NEO_rawdata.parquet - 1 rows
2025-06-04 19:31:31,965 [F5] [INFO] Drop duplicates KRW-ORCA_rawdata.parquet - 1 rows
2025-06-04 19:31:32,414 [F5] [INFO] Drop duplicates KRW-OM_rawdata.parquet - 1 rows
2025-06-04 19:31:32,781 [F5] [INFO] Drop duplicates KRW-ONDO_rawdata.parquet - 1 rows
2025-06-04 19:31:33,116 [F5] [INFO] Drop duplicates KRW-ORCA_rawdata.parquet - 1 rows
2025-06-04 19:31:33,427 [F5] [INFO] Drop duplicates KRW-PUNDIX_rawdata.parquet - 1 rows
2025-06-04 19:31:33,777 [F5] [INFO] Drop duplicates KRW-SAFE_rawdata.parquet - 1 rows
2025-06-04 19:31:34,212 [F5] [INFO] Drop duplicates KRW-STX_rawdata.parquet - 1 rows
2025-06-04 19:31:34,504 [F5] [INFO] Drop duplicates KRW-SUI_rawdata.parquet - 1 rows
2025-06-04 19:31:35,216 [F5] [INFO] Drop duplicates KRW-TRUMP_rawdata.parquet - 1 rows
2025-06-04 19:31:35,860 [F5] [INFO] Drop duplicates KRW-TAIKO_rawdata.parquet - 1 rows
2025-06-04 19:31:36,754 [F5] [INFO] Drop duplicates KRW-WAVES_rawdata.parquet - 1 rows
2025-06-04 19:31:37,202 [F5] [INFO] Drop duplicates KRW-TOKAMAK_rawdata.parquet - 1 rows
2025-06-04 19:31:37,508 [F5] [INFO] Drop duplicates KRW-TRUMP_rawdata.parquet - 1 rows
2025-06-04 19:31:39,066 [F5] [INFO] Drop duplicates KRW-WAVES_rawdata.parquet - 1 rows
2025-06-04 19:31:40,443 [F5] [INFO] Drop duplicates KRW-WCT_rawdata.parquet - 1 rows
2025-06-04 19:31:41,542 [F5] [INFO] [F3] Loaded credentials from env.json
2025-06-04 19:31:42,664 [F5] [INFO] [F3] Telegram sent: 200
2025-06-04 19:32:06,228 [F5] [INFO] Drop duplicates KRW-ADA_rawdata.parquet - 1 rows
2025-06-04 19:32:07,662 [F5] [INFO] Drop duplicates KRW-AKT_rawdata.parquet - 1 rows
2025-06-04 19:32:07,942 [F5] [INFO] Drop duplicates KRW-APT_rawdata.parquet - 1 rows
2025-06-04 19:32:08,101 [F5] [INFO] Drop duplicates KRW-AQT_rawdata.parquet - 1 rows
2025-06-04 19:32:08,679 [F5] [INFO] Drop duplicates KRW-ARK_rawdata.parquet - 1 rows
2025-06-04 19:32:09,287 [F5] [INFO] Drop duplicates KRW-AQT_rawdata.parquet - 1 rows
2025-06-04 19:32:09,577 [F5] [INFO] Drop duplicates KRW-ARB_rawdata.parquet - 1 rows
2025-06-04 19:32:10,925 [F5] [INFO] Drop duplicates KRW-CBK_rawdata.parquet - 1 rows
2025-06-04 19:32:10,941 [F5] [INFO] Drop duplicates KRW-ARK_rawdata.parquet - 1 rows
2025-06-04 19:32:11,226 [F5] [INFO] Drop duplicates KRW-AUCTION_rawdata.parquet - 1 rows
2025-06-04 19:32:12,585 [F5] [INFO] Drop duplicates KRW-BERA_rawdata.parquet - 1 rows
2025-06-04 19:32:14,004 [F5] [INFO] Drop duplicates KRW-CARV_rawdata.parquet - 1 rows
2025-06-04 19:32:14,320 [F5] [INFO] Drop duplicates KRW-CBK_rawdata.parquet - 1 rows
2025-06-04 19:32:15,690 [F5] [INFO] Drop duplicates KRW-COW_rawdata.parquet - 1 rows
2025-06-04 19:32:16,000 [F5] [INFO] Drop duplicates KRW-CTC_rawdata.parquet - 1 rows
2025-06-04 19:32:16,301 [F5] [INFO] Drop duplicates KRW-DOT_rawdata.parquet - 1 rows
2025-06-04 19:32:16,609 [F5] [INFO] Drop duplicates KRW-DRIFT_rawdata.parquet - 1 rows
2025-06-04 19:32:16,919 [F5] [INFO] Drop duplicates KRW-EOS_rawdata.parquet - 1 rows
2025-06-04 19:32:17,228 [F5] [INFO] Drop duplicates KRW-GAS_rawdata.parquet - 1 rows
2025-06-04 19:32:17,530 [F5] [INFO] Drop duplicates KRW-INJ_rawdata.parquet - 1 rows
2025-06-04 19:32:17,836 [F5] [INFO] Drop duplicates KRW-JUP_rawdata.parquet - 1 rows
2025-06-04 19:32:19,093 [F5] [INFO] Drop duplicates KRW-MASK_rawdata.parquet - 1 rows
2025-06-04 19:32:19,188 [F5] [INFO] Drop duplicates KRW-KAITO_rawdata.parquet - 1 rows
2025-06-04 19:32:20,578 [F5] [INFO] Drop duplicates KRW-LAYER_rawdata.parquet - 1 rows
2025-06-04 19:32:20,876 [F5] [INFO] Drop duplicates KRW-LINK_rawdata.parquet - 1 rows
2025-06-04 19:32:22,297 [F5] [INFO] Drop duplicates KRW-MASK_rawdata.parquet - 1 rows
2025-06-04 19:32:22,326 [F5] [INFO] [F3] Loaded credentials from env.json
2025-06-04 19:32:22,327 [F5] [INFO] [F3] Upbit credentials loaded
2025-06-04 19:32:22,595 [F5] [INFO] Drop duplicates KRW-ME_rawdata.parquet - 1 rows
2025-06-04 19:32:22,897 [F5] [INFO] Drop duplicates KRW-NEAR_rawdata.parquet - 1 rows
2025-06-04 19:32:23,189 [F5] [INFO] Drop duplicates KRW-NEO_rawdata.parquet - 1 rows
2025-06-04 19:32:23,478 [F5] [INFO] Drop duplicates KRW-NXPC_rawdata.parquet - 1 rows
2025-06-04 19:32:24,111 [F5] [INFO] Drop duplicates KRW-OM_rawdata.parquet - 1 rows
2025-06-04 19:32:24,414 [F5] [INFO] Drop duplicates KRW-ONDO_rawdata.parquet - 1 rows
2025-06-04 19:32:25,773 [F5] [INFO] Drop duplicates KRW-PUNDIX_rawdata.parquet - 1 rows
2025-06-04 19:32:25,802 [F5] [INFO] Drop duplicates KRW-ORCA_rawdata.parquet - 1 rows
2025-06-04 19:32:26,098 [F5] [INFO] Drop duplicates KRW-PUNDIX_rawdata.parquet - 1 rows
2025-06-04 19:32:27,469 [F5] [INFO] Drop duplicates KRW-SAFE_rawdata.parquet - 1 rows
2025-06-04 19:32:27,781 [F5] [INFO] Drop duplicates KRW-STX_rawdata.parquet - 1 rows
2025-06-04 19:32:28,411 [F5] [INFO] Drop duplicates KRW-TAIKO_rawdata.parquet - 1 rows
2025-06-04 19:32:28,746 [F5] [INFO] Drop duplicates KRW-TOKAMAK_rawdata.parquet - 1 rows
2025-06-04 19:32:29,057 [F5] [INFO] Drop duplicates KRW-TRUMP_rawdata.parquet - 1 rows
2025-06-04 19:32:29,671 [F5] [INFO] Drop duplicates KRW-UXLINK_rawdata.parquet - 1 rows
2025-06-04 19:32:30,248 [F5] [INFO] Drop duplicates KRW-WAVES_rawdata.parquet - 1 rows
2025-06-04 19:32:31,045 [F5] [INFO] Drop duplicates KRW-VANA_rawdata.parquet - 1 rows
2025-06-04 19:32:31,371 [F5] [INFO] Drop duplicates KRW-VIRTUAL_rawdata.parquet - 1 rows
2025-06-04 19:32:31,679 [F5] [INFO] Drop duplicates KRW-WAVES_rawdata.parquet - 1 rows
2025-06-04 19:32:31,780 [F5] [ERROR] buy signal error
Traceback (most recent call last):
  File "D:\UPBIT_ML\app.py", line 295, in worker
    module.run_if_monitoring_list_exists()
  File "D:\UPBIT_ML\f2_ml_buy_signal\02_ml_buy_signal.py", line 457, in run_if_monitoring_list_exists
    return run()
  File "D:\UPBIT_ML\f2_ml_buy_signal\02_ml_buy_signal.py", line 369, in run
    with _buy_list_lock(buy_list_path) as fh:
  File "C:\Users\hslee\AppData\Local\Programs\Python\Python310\lib\contextlib.py", line 135, in __enter__
    return next(self.gen)
  File "D:\UPBIT_ML\f3_order\order_executor.py", line 93, in _buy_list_lock
    msvcrt.locking(fh.fileno(), msvcrt.LK_LOCK, 1)
OSError: [Errno 36] Resource deadlock avoided
2025-06-04 19:32:31,993 [F5] [INFO] Drop duplicates KRW-WCT_rawdata.parquet - 1 rows
2025-06-04 19:32:32,295 [F5] [INFO] Drop duplicates KRW-XRP_rawdata.parquet - 1 rows
2025-06-04 19:32:37,782 [F5] [INFO] Drop duplicates KRW-ADA_rawdata.parquet - 4320 rows
2025-06-04 19:32:37,816 [F5] [INFO] Drop duplicates KRW-AKT_rawdata.parquet - 4320 rows
2025-06-04 19:32:37,833 [F5] [INFO] Drop duplicates KRW-APT_rawdata.parquet - 4320 rows
2025-06-04 19:32:37,855 [F5] [INFO] Drop duplicates KRW-AQT_rawdata.parquet - 4320 rows
2025-06-04 19:32:37,875 [F5] [INFO] Drop duplicates KRW-ARB_rawdata.parquet - 4320 rows
2025-06-04 19:32:37,894 [F5] [INFO] Drop duplicates KRW-ARK_rawdata.parquet - 4320 rows
2025-06-04 19:32:37,912 [F5] [INFO] Drop duplicates KRW-AUCTION_rawdata.parquet - 4320 rows
2025-06-04 19:32:37,931 [F5] [INFO] Drop duplicates KRW-BERA_rawdata.parquet - 4320 rows
2025-06-04 19:32:37,949 [F5] [INFO] Drop duplicates KRW-CARV_rawdata.parquet - 4320 rows
2025-06-04 19:32:37,968 [F5] [INFO] Drop duplicates KRW-CBK_rawdata.parquet - 4320 rows
2025-06-04 19:32:37,989 [F5] [INFO] Drop duplicates KRW-COW_rawdata.parquet - 4320 rows
2025-06-04 19:32:38,009 [F5] [INFO] Drop duplicates KRW-CTC_rawdata.parquet - 4320 rows
2025-06-04 19:32:38,029 [F5] [INFO] Drop duplicates KRW-DOT_rawdata.parquet - 4320 rows
2025-06-04 19:32:38,048 [F5] [INFO] Drop duplicates KRW-DRIFT_rawdata.parquet - 4320 rows
2025-06-04 19:32:38,070 [F5] [INFO] Drop duplicates KRW-EOS_rawdata.parquet - 4320 rows
2025-06-04 19:32:38,088 [F5] [INFO] Drop duplicates KRW-GAS_rawdata.parquet - 4320 rows
2025-06-04 19:32:38,120 [F5] [INFO] Drop duplicates KRW-INJ_rawdata.parquet - 4320 rows
2025-06-04 19:32:38,155 [F5] [INFO] Drop duplicates KRW-JUP_rawdata.parquet - 4320 rows
2025-06-04 19:32:38,189 [F5] [INFO] Drop duplicates KRW-KAITO_rawdata.parquet - 4319 rows
2025-06-04 19:32:38,222 [F5] [INFO] Drop duplicates KRW-LAYER_rawdata.parquet - 4320 rows
2025-06-04 19:32:38,254 [F5] [INFO] Drop duplicates KRW-LINK_rawdata.parquet - 4320 rows
2025-06-04 19:32:38,278 [F5] [INFO] Drop duplicates KRW-MASK_rawdata.parquet - 3400 rows
2025-06-04 19:32:38,301 [F5] [INFO] Drop duplicates KRW-ME_rawdata.parquet - 4320 rows
2025-06-04 19:32:38,323 [F5] [INFO] Drop duplicates KRW-NEAR_rawdata.parquet - 4320 rows
2025-06-04 19:32:38,349 [F5] [INFO] Drop duplicates KRW-NEO_rawdata.parquet - 4320 rows
2025-06-04 19:32:38,374 [F5] [INFO] Drop duplicates KRW-NXPC_rawdata.parquet - 4320 rows
2025-06-04 19:32:38,400 [F5] [INFO] Drop duplicates KRW-OM_rawdata.parquet - 4320 rows
2025-06-04 19:32:38,424 [F5] [INFO] Drop duplicates KRW-ONDO_rawdata.parquet - 4319 rows
2025-06-04 19:32:38,448 [F5] [INFO] Drop duplicates KRW-ORCA_rawdata.parquet - 4320 rows
2025-06-04 19:32:38,474 [F5] [INFO] Drop duplicates KRW-PUNDIX_rawdata.parquet - 4320 rows
2025-06-04 19:32:38,497 [F5] [INFO] Drop duplicates KRW-SAFE_rawdata.parquet - 4320 rows
2025-06-04 19:32:38,523 [F5] [INFO] Drop duplicates KRW-STX_rawdata.parquet - 4320 rows
2025-06-04 19:32:38,547 [F5] [INFO] Drop duplicates KRW-SUI_rawdata.parquet - 4320 rows
2025-06-04 19:32:38,569 [F5] [INFO] Drop duplicates KRW-TAIKO_rawdata.parquet - 4319 rows
2025-06-04 19:32:38,590 [F5] [INFO] Drop duplicates KRW-TOKAMAK_rawdata.parquet - 4320 rows
2025-06-04 19:32:38,612 [F5] [INFO] Drop duplicates KRW-TRUMP_rawdata.parquet - 4320 rows
2025-06-04 19:32:38,635 [F5] [INFO] Drop duplicates KRW-USDT_rawdata.parquet - 4320 rows
2025-06-04 19:32:38,657 [F5] [INFO] Drop duplicates KRW-UXLINK_rawdata.parquet - 4320 rows
2025-06-04 19:32:38,680 [F5] [INFO] Drop duplicates KRW-VANA_rawdata.parquet - 4320 rows
2025-06-04 19:32:38,704 [F5] [INFO] Drop duplicates KRW-VIRTUAL_rawdata.parquet - 4319 rows
2025-06-04 19:32:38,728 [F5] [INFO] Drop duplicates KRW-WAVES_rawdata.parquet - 4320 rows
2025-06-04 19:32:38,752 [F5] [INFO] Drop duplicates KRW-WCT_rawdata.parquet - 4320 rows
2025-06-04 19:32:38,779 [F5] [INFO] Drop duplicates KRW-XRP_rawdata.parquet - 4320 rows
2025-06-04 19:32:40,515 [F5] [INFO] [F3] Exception in entry: [Errno 36] Resource deadlock avoided
2025-06-04 19:32:52,746 [F5] [INFO] [F3] Loaded credentials from env.json
2025-06-04 19:32:52,746 [F5] [INFO] [F3] Upbit credentials loaded
2025-06-04 19:33:05,982 [F5] [INFO] Drop duplicates KRW-AQT_rawdata.parquet - 1 rows
2025-06-04 19:33:06,103 [F5] [INFO] Drop duplicates KRW-ADA_rawdata.parquet - 1 rows
2025-06-04 19:33:06,394 [F5] [INFO] Drop duplicates KRW-AKT_rawdata.parquet - 1 rows
2025-06-04 19:33:06,696 [F5] [INFO] Drop duplicates KRW-APT_rawdata.parquet - 1 rows
2025-06-04 19:33:07,066 [F5] [INFO] Drop duplicates KRW-AQT_rawdata.parquet - 1 rows
2025-06-04 19:33:07,618 [F5] [INFO] Drop duplicates KRW-CARV_rawdata.parquet - 1 rows
2025-06-04 19:33:07,745 [F5] [INFO] Drop duplicates KRW-ARK_rawdata.parquet - 1 rows
2025-06-04 19:33:08,142 [F5] [INFO] Drop duplicates KRW-AUCTION_rawdata.parquet - 1 rows
2025-06-04 19:33:08,487 [F5] [INFO] Drop duplicates KRW-BERA_rawdata.parquet - 1 rows
2025-06-04 19:33:08,836 [F5] [INFO] Drop duplicates KRW-CTC_rawdata.parquet - 1 rows
2025-06-04 19:33:08,848 [F5] [INFO] Drop duplicates KRW-CARV_rawdata.parquet - 1 rows
2025-06-04 19:33:09,194 [F5] [INFO] Drop duplicates KRW-CBK_rawdata.parquet - 1 rows
2025-06-04 19:33:09,586 [F5] [INFO] Drop duplicates KRW-COW_rawdata.parquet - 1 rows
2025-06-04 19:33:09,935 [F5] [INFO] Drop duplicates KRW-CTC_rawdata.parquet - 1 rows
2025-06-04 19:33:10,239 [F5] [INFO] Drop duplicates KRW-DOT_rawdata.parquet - 1 rows
2025-06-04 19:33:10,243 [F5] [INFO] Drop duplicates KRW-GAS_rawdata.parquet - 1 rows
2025-06-04 19:33:10,533 [F5] [INFO] Drop duplicates KRW-DRIFT_rawdata.parquet - 1 rows
2025-06-04 19:33:10,844 [F5] [INFO] Drop duplicates KRW-EOS_rawdata.parquet - 1 rows
2025-06-04 19:33:10,967 [F5] [INFO] [F3] Exception in entry: [Errno 36] Resource deadlock avoided
2025-06-04 19:33:11,159 [F5] [INFO] Drop duplicates KRW-GAS_rawdata.parquet - 1 rows
2025-06-04 19:33:11,456 [F5] [INFO] Drop duplicates KRW-INJ_rawdata.parquet - 1 rows
2025-06-04 19:33:11,718 [F5] [INFO] Drop duplicates KRW-LINK_rawdata.parquet - 1 rows
2025-06-04 19:33:11,759 [F5] [INFO] Drop duplicates KRW-JUP_rawdata.parquet - 1 rows
2025-06-04 19:33:12,331 [F5] [INFO] Drop duplicates KRW-LAYER_rawdata.parquet - 1 rows
2025-06-04 19:33:12,623 [F5] [INFO] Drop duplicates KRW-LINK_rawdata.parquet - 1 rows
2025-06-04 19:33:12,932 [F5] [INFO] Drop duplicates KRW-MASK_rawdata.parquet - 1 rows
2025-06-04 19:33:13,240 [F5] [INFO] Drop duplicates KRW-ME_rawdata.parquet - 1 rows
2025-06-04 19:33:13,561 [F5] [INFO] Drop duplicates KRW-NEAR_rawdata.parquet - 1 rows
2025-06-04 19:33:13,679 [F5] [ERROR] buy signal error
Traceback (most recent call last):
  File "D:\UPBIT_ML\app.py", line 295, in worker
    module.run_if_monitoring_list_exists()
  File "D:\UPBIT_ML\f2_ml_buy_signal\02_ml_buy_signal.py", line 457, in run_if_monitoring_list_exists
    return run()
  File "D:\UPBIT_ML\f2_ml_buy_signal\02_ml_buy_signal.py", line 369, in run
    with _buy_list_lock(buy_list_path) as fh:
  File "C:\Users\hslee\AppData\Local\Programs\Python\Python310\lib\contextlib.py", line 135, in __enter__
    return next(self.gen)
  File "D:\UPBIT_ML\f3_order\order_executor.py", line 93, in _buy_list_lock
    msvcrt.locking(fh.fileno(), msvcrt.LK_LOCK, 1)
OSError: [Errno 36] Resource deadlock avoided
2025-06-04 19:33:13,872 [F5] [INFO] Drop duplicates KRW-NEO_rawdata.parquet - 1 rows
2025-06-04 19:33:14,200 [F5] [INFO] Drop duplicates KRW-NXPC_rawdata.parquet - 1 rows
2025-06-04 19:33:14,490 [F5] [INFO] Drop duplicates KRW-OM_rawdata.parquet - 1 rows
2025-06-04 19:33:14,788 [F5] [INFO] Drop duplicates KRW-SAFE_rawdata.parquet - 1 rows
2025-06-04 19:33:14,790 [F5] [INFO] Drop duplicates KRW-ONDO_rawdata.parquet - 1 rows
2025-06-04 19:33:15,094 [F5] [INFO] Drop duplicates KRW-ORCA_rawdata.parquet - 1 rows
2025-06-04 19:33:15,383 [F5] [INFO] Drop duplicates KRW-PUNDIX_rawdata.parquet - 1 rows
2025-06-04 19:33:15,673 [F5] [INFO] Drop duplicates KRW-SAFE_rawdata.parquet - 1 rows
2025-06-04 19:33:15,977 [F5] [INFO] Drop duplicates KRW-STX_rawdata.parquet - 1 rows
2025-06-04 19:33:16,287 [F5] [INFO] Drop duplicates KRW-SUI_rawdata.parquet - 1 rows
2025-06-04 19:33:16,593 [F5] [INFO] Drop duplicates KRW-TAIKO_rawdata.parquet - 1 rows
2025-06-04 19:33:16,895 [F5] [INFO] Drop duplicates KRW-TOKAMAK_rawdata.parquet - 1 rows
2025-06-04 19:33:17,202 [F5] [INFO] Drop duplicates KRW-TRUMP_rawdata.parquet - 1 rows
2025-06-04 19:33:17,820 [F5] [INFO] Drop duplicates KRW-WAVES_rawdata.parquet - 1 rows
2025-06-04 19:33:17,821 [F5] [INFO] Drop duplicates KRW-UXLINK_rawdata.parquet - 1 rows
2025-06-04 19:33:18,115 [F5] [INFO] Drop duplicates KRW-VANA_rawdata.parquet - 1 rows
2025-06-04 19:33:18,430 [F5] [INFO] Drop duplicates KRW-VIRTUAL_rawdata.parquet - 1 rows
2025-06-04 19:33:18,723 [F5] [INFO] Drop duplicates KRW-WAVES_rawdata.parquet - 1 rows
2025-06-04 19:33:27,161 [F5] [INFO] [F3] Loaded credentials from env.json
2025-06-04 19:33:27,162 [F5] [ERROR] pipeline error
Traceback (most recent call last):
  File "D:\UPBIT_ML\f5_ml_pipeline\run_pipeline.py", line 57, in _acquire_lock
    msvcrt.locking(fh.fileno(), msvcrt.LK_NBLCK, 1)
PermissionError: [Errno 13] Permission denied

During handling of the above exception, another exception occurred:

Traceback (most recent call last):
  File "D:\UPBIT_ML\app.py", line 326, in worker
    module.main()
  File "D:\UPBIT_ML\f5_ml_pipeline\run_pipeline.py", line 99, in main
    lock = _acquire_lock()
  File "D:\UPBIT_ML\f5_ml_pipeline\run_pipeline.py", line 64, in _acquire_lock
    msvcrt.locking(fh.fileno(), msvcrt.LK_UNLCK, 1)
PermissionError: [Errno 13] Permission denied
2025-06-04 19:33:36,149 [F5] [INFO] [F3] Telegram sent: 200
2025-06-04 19:34:05,142 [F5] [INFO] Drop duplicates KRW-ADA_rawdata.parquet - 1 rows
2025-06-04 19:34:05,462 [F5] [INFO] Drop duplicates KRW-AKT_rawdata.parquet - 1 rows
2025-06-04 19:34:06,933 [F5] [INFO] Drop duplicates KRW-APT_rawdata.parquet - 1 rows
2025-06-04 19:34:07,044 [F5] [INFO] Drop duplicates KRW-AQT_rawdata.parquet - 1 rows
2025-06-04 19:34:07,215 [F5] [INFO] Drop duplicates KRW-AQT_rawdata.parquet - 1 rows
2025-06-04 19:34:07,509 [F5] [INFO] Drop duplicates KRW-ARB_rawdata.parquet - 1 rows
2025-06-04 19:34:07,612 [F5] [INFO] Drop duplicates KRW-ARK_rawdata.parquet - 1 rows
2025-06-04 19:34:07,815 [F5] [INFO] Drop duplicates KRW-ARK_rawdata.parquet - 1 rows
2025-06-04 19:34:08,110 [F5] [INFO] Drop duplicates KRW-AUCTION_rawdata.parquet - 1 rows
2025-06-04 19:34:08,415 [F5] [INFO] Drop duplicates KRW-BERA_rawdata.parquet - 1 rows
2025-06-04 19:34:08,485 [F5] [INFO] Drop duplicates KRW-CARV_rawdata.parquet - 1 rows
2025-06-04 19:34:08,707 [F5] [INFO] Drop duplicates KRW-CARV_rawdata.parquet - 1 rows
2025-06-04 19:34:08,774 [F5] [INFO] Drop duplicates KRW-CBK_rawdata.parquet - 1 rows
2025-06-04 19:34:08,998 [F5] [INFO] Drop duplicates KRW-CBK_rawdata.parquet - 1 rows
2025-06-04 19:34:09,310 [F5] [INFO] Drop duplicates KRW-COW_rawdata.parquet - 1 rows
2025-06-04 19:34:09,365 [F5] [INFO] Drop duplicates KRW-CTC_rawdata.parquet - 1 rows
2025-06-04 19:34:09,617 [F5] [INFO] Drop duplicates KRW-CTC_rawdata.parquet - 1 rows
