2025-06-03 15:48:56,104 [F5] [INFO] [FEATURE] KRW-ADA_clean.parquet → KRW-ADA_feature.parquet, shape=(4621, 85)
2025-06-03 15:48:56,285 [F5] [INFO] [FEATURE] KRW-AKT_clean.parquet → KRW-AKT_feature.parquet, shape=(8281, 85)
2025-06-03 15:48:56,439 [F5] [INFO] [FEATURE] KRW-APT_clean.parquet → KRW-APT_feature.parquet, shape=(7153, 85)
2025-06-03 15:48:56,645 [F5] [INFO] [FEATURE] KRW-AQT_clean.parquet → KRW-AQT_feature.parquet, shape=(10035, 85)
2025-06-03 15:48:56,805 [F5] [INFO] [FEATURE] KRW-ARB_clean.parquet → KRW-ARB_feature.parquet, shape=(5624, 85)
2025-06-03 15:48:56,985 [F5] [INFO] [FEATURE] KRW-ARK_clean.parquet → KRW-ARK_feature.parquet, shape=(8354, 85)
2025-06-03 15:48:57,141 [F5] [INFO] [FEATURE] KRW-AUCTION_clean.parquet → KRW-AUCTION_feature.parquet, shape=(6811, 85)
2025-06-03 15:48:57,272 [F5] [INFO] [FEATURE] KRW-BERA_clean.parquet → KRW-BERA_feature.parquet, shape=(5527, 85)
2025-06-03 15:48:57,415 [F5] [INFO] [FEATURE] KRW-CARV_clean.parquet → KRW-CARV_feature.parquet, shape=(6164, 85)
2025-06-03 15:48:57,656 [F5] [INFO] [FEATURE] KRW-CBK_clean.parquet → KRW-CBK_feature.parquet, shape=(12906, 85)
2025-06-03 15:48:57,793 [F5] [INFO] [FEATURE] KRW-COW_clean.parquet → KRW-COW_feature.parquet, shape=(5980, 85)
2025-06-03 15:48:57,980 [F5] [INFO] [FEATURE] KRW-CTC_clean.parquet → KRW-CTC_feature.parquet, shape=(8965, 85)
2025-06-03 15:48:58,159 [F5] [INFO] [FEATURE] KRW-DOT_clean.parquet → KRW-DOT_feature.parquet, shape=(6748, 85)
2025-06-03 15:48:58,358 [F5] [INFO] [FEATURE] KRW-DRIFT_clean.parquet → KRW-DRIFT_feature.parquet, shape=(6337, 85)
2025-06-03 15:48:58,500 [F5] [INFO] [FEATURE] KRW-EOS_clean.parquet → KRW-EOS_feature.parquet, shape=(5810, 85)
2025-06-03 15:48:58,657 [F5] [INFO] [FEATURE] KRW-GAS_clean.parquet → KRW-GAS_feature.parquet, shape=(7473, 85)
2025-06-03 15:48:58,791 [F5] [INFO] [FEATURE] KRW-INJ_clean.parquet → KRW-INJ_feature.parquet, shape=(6285, 85)
2025-06-03 15:48:58,924 [F5] [INFO] [FEATURE] KRW-JUP_clean.parquet → KRW-JUP_feature.parquet, shape=(5957, 85)
2025-06-03 15:48:59,044 [F5] [INFO] [FEATURE] KRW-KAITO_clean.parquet → KRW-KAITO_feature.parquet, shape=(4672, 85)
2025-06-03 15:48:59,161 [F5] [INFO] [FEATURE] KRW-LAYER_clean.parquet → KRW-LAYER_feature.parquet, shape=(4675, 85)
2025-06-03 15:48:59,320 [F5] [INFO] [FEATURE] KRW-LINK_clean.parquet → KRW-LINK_feature.parquet, shape=(5253, 85)
2025-06-03 15:48:59,453 [F5] [INFO] [FEATURE] KRW-MASK_clean.parquet → KRW-MASK_feature.parquet, shape=(4783, 85)
2025-06-03 15:48:59,600 [F5] [INFO] [FEATURE] KRW-ME_clean.parquet → KRW-ME_feature.parquet, shape=(6153, 85)
2025-06-03 15:48:59,712 [F5] [INFO] [FEATURE] KRW-NEAR_clean.parquet → KRW-NEAR_feature.parquet, shape=(5405, 85)
2025-06-03 15:48:59,836 [F5] [INFO] [FEATURE] KRW-NEO_clean.parquet → KRW-NEO_feature.parquet, shape=(6657, 85)
2025-06-03 15:48:59,938 [F5] [INFO] [FEATURE] KRW-NXPC_clean.parquet → KRW-NXPC_feature.parquet, shape=(4685, 85)
2025-06-03 15:49:00,076 [F5] [INFO] [FEATURE] KRW-OM_clean.parquet → KRW-OM_feature.parquet, shape=(5341, 85)
2025-06-03 15:49:00,188 [F5] [INFO] [FEATURE] KRW-ONDO_clean.parquet → KRW-ONDO_feature.parquet, shape=(4836, 85)
2025-06-03 15:49:00,311 [F5] [INFO] [FEATURE] KRW-ORCA_clean.parquet → KRW-ORCA_feature.parquet, shape=(5219, 85)
2025-06-03 15:49:00,446 [F5] [INFO] [FEATURE] KRW-PUNDIX_clean.parquet → KRW-PUNDIX_feature.parquet, shape=(6140, 85)
2025-06-03 15:49:00,576 [F5] [INFO] [FEATURE] KRW-SAFE_clean.parquet → KRW-SAFE_feature.parquet, shape=(5351, 85)
2025-06-03 15:49:00,704 [F5] [INFO] [FEATURE] KRW-STX_clean.parquet → KRW-STX_feature.parquet, shape=(5613, 85)
2025-06-03 15:49:00,838 [F5] [INFO] [FEATURE] KRW-SUI_clean.parquet → KRW-SUI_feature.parquet, shape=(4672, 85)
2025-06-03 15:49:00,950 [F5] [INFO] [FEATURE] KRW-TAIKO_clean.parquet → KRW-TAIKO_feature.parquet, shape=(5391, 85)
2025-06-03 15:49:01,140 [F5] [INFO] [FEATURE] KRW-TOKAMAK_clean.parquet → KRW-TOKAMAK_feature.parquet, shape=(11173, 85)
2025-06-03 15:49:01,248 [F5] [INFO] [FEATURE] KRW-TRUMP_clean.parquet → KRW-TRUMP_feature.parquet, shape=(4749, 85)
2025-06-03 15:49:01,349 [F5] [INFO] [FEATURE] KRW-USDT_clean.parquet → KRW-USDT_feature.parquet, shape=(4572, 85)
2025-06-03 15:49:01,448 [F5] [INFO] [FEATURE] KRW-UXLINK_clean.parquet → KRW-UXLINK_feature.parquet, shape=(4912, 85)
2025-06-03 15:49:01,552 [F5] [INFO] [FEATURE] KRW-VANA_clean.parquet → KRW-VANA_feature.parquet, shape=(4844, 85)
2025-06-03 15:49:01,649 [F5] [INFO] [FEATURE] KRW-VIRTUAL_clean.parquet → KRW-VIRTUAL_feature.parquet, shape=(4542, 85)
2025-06-03 15:49:01,778 [F5] [INFO] [FEATURE] KRW-WAVES_clean.parquet → KRW-WAVES_feature.parquet, shape=(7546, 85)
2025-06-03 15:49:01,890 [F5] [INFO] [FEATURE] KRW-WCT_clean.parquet → KRW-WCT_feature.parquet, shape=(4532, 85)
2025-06-03 15:49:01,994 [F5] [INFO] [FEATURE] KRW-XRP_clean.parquet → KRW-XRP_feature.parquet, shape=(4530, 85)
2025-06-03 15:52:31,358 [F5] [INFO] [FEATURE] KRW-ADA_clean.parquet → KRW-ADA_feature.parquet, shape=(4625, 85)
2025-06-03 15:52:31,553 [F5] [INFO] [FEATURE] KRW-AKT_clean.parquet → KRW-AKT_feature.parquet, shape=(8284, 85)
2025-06-03 15:52:31,798 [F5] [INFO] [FEATURE] KRW-APT_clean.parquet → KRW-APT_feature.parquet, shape=(7157, 85)
2025-06-03 15:52:32,018 [F5] [INFO] [FEATURE] KRW-AQT_clean.parquet → KRW-AQT_feature.parquet, shape=(10035, 85)
2025-06-03 15:52:32,203 [F5] [INFO] [FEATURE] KRW-ARB_clean.parquet → KRW-ARB_feature.parquet, shape=(5630, 85)
2025-06-03 15:52:32,440 [F5] [INFO] [FEATURE] KRW-ARK_clean.parquet → KRW-ARK_feature.parquet, shape=(8361, 85)
2025-06-03 15:52:32,623 [F5] [INFO] [FEATURE] KRW-AUCTION_clean.parquet → KRW-AUCTION_feature.parquet, shape=(6818, 85)
2025-06-03 15:52:32,787 [F5] [INFO] [FEATURE] KRW-BERA_clean.parquet → KRW-BERA_feature.parquet, shape=(5530, 85)
2025-06-03 15:52:32,947 [F5] [INFO] [FEATURE] KRW-CARV_clean.parquet → KRW-CARV_feature.parquet, shape=(6174, 85)
2025-06-03 15:52:33,198 [F5] [INFO] [FEATURE] KRW-CBK_clean.parquet → KRW-CBK_feature.parquet, shape=(12910, 85)
2025-06-03 15:52:33,361 [F5] [INFO] [FEATURE] KRW-COW_clean.parquet → KRW-COW_feature.parquet, shape=(5984, 85)
2025-06-03 15:52:33,578 [F5] [INFO] [FEATURE] KRW-CTC_clean.parquet → KRW-CTC_feature.parquet, shape=(8972, 85)
2025-06-03 15:52:33,722 [F5] [INFO] [FEATURE] KRW-DOT_clean.parquet → KRW-DOT_feature.parquet, shape=(6752, 85)
2025-06-03 15:52:33,866 [F5] [INFO] [FEATURE] KRW-DRIFT_clean.parquet → KRW-DRIFT_feature.parquet, shape=(6342, 85)
2025-06-03 15:52:34,002 [F5] [INFO] [FEATURE] KRW-EOS_clean.parquet → KRW-EOS_feature.parquet, shape=(5814, 85)
2025-06-03 15:52:34,147 [F5] [INFO] [FEATURE] KRW-GAS_clean.parquet → KRW-GAS_feature.parquet, shape=(7476, 85)
2025-06-03 15:52:34,275 [F5] [INFO] [FEATURE] KRW-INJ_clean.parquet → KRW-INJ_feature.parquet, shape=(6291, 85)
2025-06-03 15:52:34,397 [F5] [INFO] [FEATURE] KRW-JUP_clean.parquet → KRW-JUP_feature.parquet, shape=(5962, 85)
2025-06-03 15:52:34,515 [F5] [INFO] [FEATURE] KRW-KAITO_clean.parquet → KRW-KAITO_feature.parquet, shape=(4677, 85)
2025-06-03 15:52:34,635 [F5] [INFO] [FEATURE] KRW-LAYER_clean.parquet → KRW-LAYER_feature.parquet, shape=(4679, 85)
2025-06-03 15:52:34,773 [F5] [INFO] [FEATURE] KRW-LINK_clean.parquet → KRW-LINK_feature.parquet, shape=(5257, 85)
2025-06-03 15:52:34,902 [F5] [INFO] [FEATURE] KRW-MASK_clean.parquet → KRW-MASK_feature.parquet, shape=(4787, 85)
2025-06-03 15:52:35,048 [F5] [INFO] [FEATURE] KRW-ME_clean.parquet → KRW-ME_feature.parquet, shape=(6157, 85)
2025-06-03 15:52:35,164 [F5] [INFO] [FEATURE] KRW-NEAR_clean.parquet → KRW-NEAR_feature.parquet, shape=(5409, 85)
2025-06-03 15:52:35,286 [F5] [INFO] [FEATURE] KRW-NEO_clean.parquet → KRW-NEO_feature.parquet, shape=(6661, 85)
2025-06-03 15:52:35,390 [F5] [INFO] [FEATURE] KRW-NXPC_clean.parquet → KRW-NXPC_feature.parquet, shape=(4689, 85)
2025-06-03 15:52:35,498 [F5] [INFO] [FEATURE] KRW-OM_clean.parquet → KRW-OM_feature.parquet, shape=(5344, 85)
2025-06-03 15:52:35,608 [F5] [INFO] [FEATURE] KRW-ONDO_clean.parquet → KRW-ONDO_feature.parquet, shape=(4839, 85)
2025-06-03 15:52:35,745 [F5] [INFO] [FEATURE] KRW-ORCA_clean.parquet → KRW-ORCA_feature.parquet, shape=(5224, 85)
2025-06-03 15:52:35,877 [F5] [INFO] [FEATURE] KRW-PUNDIX_clean.parquet → KRW-PUNDIX_feature.parquet, shape=(6145, 85)
2025-06-03 15:52:36,027 [F5] [INFO] [FEATURE] KRW-SAFE_clean.parquet → KRW-SAFE_feature.parquet, shape=(5353, 85)
2025-06-03 15:52:36,139 [F5] [INFO] [FEATURE] KRW-STX_clean.parquet → KRW-STX_feature.parquet, shape=(5618, 85)
2025-06-03 15:52:36,253 [F5] [INFO] [FEATURE] KRW-SUI_clean.parquet → KRW-SUI_feature.parquet, shape=(4676, 85)
2025-06-03 15:52:36,360 [F5] [INFO] [FEATURE] KRW-TAIKO_clean.parquet → KRW-TAIKO_feature.parquet, shape=(5401, 85)
2025-06-03 15:52:36,526 [F5] [INFO] [FEATURE] KRW-TOKAMAK_clean.parquet → KRW-TOKAMAK_feature.parquet, shape=(11176, 85)
2025-06-03 15:52:36,637 [F5] [INFO] [FEATURE] KRW-TRUMP_clean.parquet → KRW-TRUMP_feature.parquet, shape=(4754, 85)
2025-06-03 15:52:36,734 [F5] [INFO] [FEATURE] KRW-USDT_clean.parquet → KRW-USDT_feature.parquet, shape=(4576, 85)
2025-06-03 15:52:36,831 [F5] [INFO] [FEATURE] KRW-UXLINK_clean.parquet → KRW-UXLINK_feature.parquet, shape=(4916, 85)
2025-06-03 15:52:36,932 [F5] [INFO] [FEATURE] KRW-VANA_clean.parquet → KRW-VANA_feature.parquet, shape=(4848, 85)
2025-06-03 15:52:37,035 [F5] [INFO] [FEATURE] KRW-VIRTUAL_clean.parquet → KRW-VIRTUAL_feature.parquet, shape=(4546, 85)
2025-06-03 15:52:37,162 [F5] [INFO] [FEATURE] KRW-WAVES_clean.parquet → KRW-WAVES_feature.parquet, shape=(7553, 85)
2025-06-03 15:52:37,280 [F5] [INFO] [FEATURE] KRW-WCT_clean.parquet → KRW-WCT_feature.parquet, shape=(4536, 85)
2025-06-03 15:52:37,376 [F5] [INFO] [FEATURE] KRW-XRP_clean.parquet → KRW-XRP_feature.parquet, shape=(4534, 85)
2025-06-03 15:55:59,991 [F5] [INFO] [FEATURE] KRW-ADA_clean.parquet → KRW-ADA_feature.parquet, shape=(4629, 85)
2025-06-03 15:56:00,155 [F5] [INFO] [FEATURE] KRW-AKT_clean.parquet → KRW-AKT_feature.parquet, shape=(8286, 85)
2025-06-03 15:56:00,312 [F5] [INFO] [FEATURE] KRW-APT_clean.parquet → KRW-APT_feature.parquet, shape=(7159, 85)
2025-06-03 15:56:00,514 [F5] [INFO] [FEATURE] KRW-AQT_clean.parquet → KRW-AQT_feature.parquet, shape=(10042, 85)
2025-06-03 15:56:00,670 [F5] [INFO] [FEATURE] KRW-ARB_clean.parquet → KRW-ARB_feature.parquet, shape=(5631, 85)
2025-06-03 15:56:00,886 [F5] [INFO] [FEATURE] KRW-ARK_clean.parquet → KRW-ARK_feature.parquet, shape=(8361, 85)
2025-06-03 15:56:01,041 [F5] [INFO] [FEATURE] KRW-AUCTION_clean.parquet → KRW-AUCTION_feature.parquet, shape=(6821, 85)
2025-06-03 15:56:01,185 [F5] [INFO] [FEATURE] KRW-BERA_clean.parquet → KRW-BERA_feature.parquet, shape=(5533, 85)
2025-06-03 15:56:01,333 [F5] [INFO] [FEATURE] KRW-CARV_clean.parquet → KRW-CARV_feature.parquet, shape=(6177, 85)
2025-06-03 15:56:01,560 [F5] [INFO] [FEATURE] KRW-CBK_clean.parquet → KRW-CBK_feature.parquet, shape=(12911, 85)
2025-06-03 15:56:01,729 [F5] [INFO] [FEATURE] KRW-COW_clean.parquet → KRW-COW_feature.parquet, shape=(5986, 85)
2025-06-03 15:56:01,927 [F5] [INFO] [FEATURE] KRW-CTC_clean.parquet → KRW-CTC_feature.parquet, shape=(8972, 85)
2025-06-03 15:56:02,075 [F5] [INFO] [FEATURE] KRW-DOT_clean.parquet → KRW-DOT_feature.parquet, shape=(6754, 85)
2025-06-03 15:56:02,238 [F5] [INFO] [FEATURE] KRW-DRIFT_clean.parquet → KRW-DRIFT_feature.parquet, shape=(6342, 85)
2025-06-03 15:56:02,373 [F5] [INFO] [FEATURE] KRW-EOS_clean.parquet → KRW-EOS_feature.parquet, shape=(5816, 85)
2025-06-03 15:56:02,514 [F5] [INFO] [FEATURE] KRW-GAS_clean.parquet → KRW-GAS_feature.parquet, shape=(7481, 85)
2025-06-03 15:56:02,633 [F5] [INFO] [FEATURE] KRW-INJ_clean.parquet → KRW-INJ_feature.parquet, shape=(6294, 85)
2025-06-03 15:56:02,750 [F5] [INFO] [FEATURE] KRW-JUP_clean.parquet → KRW-JUP_feature.parquet, shape=(5964, 85)
2025-06-03 15:56:02,860 [F5] [INFO] [FEATURE] KRW-KAITO_clean.parquet → KRW-KAITO_feature.parquet, shape=(4679, 85)
2025-06-03 15:56:02,971 [F5] [INFO] [FEATURE] KRW-LAYER_clean.parquet → KRW-LAYER_feature.parquet, shape=(4681, 85)
2025-06-03 15:56:03,084 [F5] [INFO] [FEATURE] KRW-LINK_clean.parquet → KRW-LINK_feature.parquet, shape=(5259, 85)
2025-06-03 15:56:03,192 [F5] [INFO] [FEATURE] KRW-MASK_clean.parquet → KRW-MASK_feature.parquet, shape=(4790, 85)
2025-06-03 15:56:03,319 [F5] [INFO] [FEATURE] KRW-ME_clean.parquet → KRW-ME_feature.parquet, shape=(6160, 85)
2025-06-03 15:56:03,426 [F5] [INFO] [FEATURE] KRW-NEAR_clean.parquet → KRW-NEAR_feature.parquet, shape=(5411, 85)
2025-06-03 15:56:03,547 [F5] [INFO] [FEATURE] KRW-NEO_clean.parquet → KRW-NEO_feature.parquet, shape=(6662, 85)
2025-06-03 15:56:03,650 [F5] [INFO] [FEATURE] KRW-NXPC_clean.parquet → KRW-NXPC_feature.parquet, shape=(4692, 85)
2025-06-03 15:56:03,753 [F5] [INFO] [FEATURE] KRW-OM_clean.parquet → KRW-OM_feature.parquet, shape=(5347, 85)
2025-06-03 15:56:03,850 [F5] [INFO] [FEATURE] KRW-ONDO_clean.parquet → KRW-ONDO_feature.parquet, shape=(4843, 85)
2025-06-03 15:56:03,947 [F5] [INFO] [FEATURE] KRW-ORCA_clean.parquet → KRW-ORCA_feature.parquet, shape=(5227, 85)
2025-06-03 15:56:04,059 [F5] [INFO] [FEATURE] KRW-PUNDIX_clean.parquet → KRW-PUNDIX_feature.parquet, shape=(6145, 85)
2025-06-03 15:56:04,164 [F5] [INFO] [FEATURE] KRW-SAFE_clean.parquet → KRW-SAFE_feature.parquet, shape=(5355, 85)
2025-06-03 15:56:04,270 [F5] [INFO] [FEATURE] KRW-STX_clean.parquet → KRW-STX_feature.parquet, shape=(5621, 85)
2025-06-03 15:56:04,378 [F5] [INFO] [FEATURE] KRW-SUI_clean.parquet → KRW-SUI_feature.parquet, shape=(4679, 85)
2025-06-03 15:56:04,528 [F5] [INFO] [FEATURE] KRW-TAIKO_clean.parquet → KRW-TAIKO_feature.parquet, shape=(5403, 85)
2025-06-03 15:56:04,715 [F5] [INFO] [FEATURE] KRW-TOKAMAK_clean.parquet → KRW-TOKAMAK_feature.parquet, shape=(11180, 85)
2025-06-03 15:56:04,835 [F5] [INFO] [FEATURE] KRW-TRUMP_clean.parquet → KRW-TRUMP_feature.parquet, shape=(4757, 85)
2025-06-03 15:56:04,962 [F5] [INFO] [FEATURE] KRW-USDT_clean.parquet → KRW-USDT_feature.parquet, shape=(4579, 85)
2025-06-03 15:56:05,085 [F5] [INFO] [FEATURE] KRW-UXLINK_clean.parquet → KRW-UXLINK_feature.parquet, shape=(4919, 85)
2025-06-03 15:56:05,202 [F5] [INFO] [FEATURE] KRW-VANA_clean.parquet → KRW-VANA_feature.parquet, shape=(4851, 85)
2025-06-03 15:56:05,306 [F5] [INFO] [FEATURE] KRW-VIRTUAL_clean.parquet → KRW-VIRTUAL_feature.parquet, shape=(4549, 85)
2025-06-03 15:56:05,442 [F5] [INFO] [FEATURE] KRW-WAVES_clean.parquet → KRW-WAVES_feature.parquet, shape=(7553, 85)
2025-06-03 15:56:05,554 [F5] [INFO] [FEATURE] KRW-WCT_clean.parquet → KRW-WCT_feature.parquet, shape=(4539, 85)
2025-06-03 15:56:05,662 [F5] [INFO] [FEATURE] KRW-XRP_clean.parquet → KRW-XRP_feature.parquet, shape=(4537, 85)
