2025-06-04 19:44:17,441 [F5] [INFO] [PREDICT] KRW-ADA → KRW-ADA_pred.csv (총 6296건, 신호 975건)
2025-06-04 19:44:18,014 [F5] [INFO] [PREDICT] KRW-AKT → KRW-AKT_pred.csv (총 9954건, 신호 3547건)
2025-06-04 19:44:18,609 [F5] [INFO] [PREDICT] KRW-APT → KRW-APT_pred.csv (총 8828건, 신호 1311건)
2025-06-04 19:44:19,316 [F5] [INFO] [PREDICT] KRW-AQT → KRW-AQT_pred.csv (총 11708건, 신호 4455건)
2025-06-04 19:44:19,824 [F5] [INFO] [PREDICT] KRW-ARB → KRW-ARB_pred.csv (총 7300건, 신호 2186건)
2025-06-04 19:44:20,499 [F5] [INFO] [PREDICT] KRW-ARK → KRW-ARK_pred.csv (총 10032건, 신호 1541건)
2025-06-04 19:44:21,046 [F5] [INFO] [PREDICT] KRW-AUCTION → KRW-AUCTION_pred.csv (총 8488건, 신호 1417건)
2025-06-04 19:44:21,554 [F5] [INFO] [PREDICT] KRW-BERA → KRW-BERA_pred.csv (총 7201건, 신호 2515건)
2025-06-04 19:44:22,076 [F5] [INFO] [PREDICT] KRW-CARV → KRW-CARV_pred.csv (총 7845건, 신호 2835건)
2025-06-04 19:44:22,925 [F5] [INFO] [PREDICT] KRW-CBK → KRW-CBK_pred.csv (총 14579건, 신호 3334건)
2025-06-04 19:44:23,432 [F5] [INFO] [PREDICT] KRW-COW → KRW-COW_pred.csv (총 7655건, 신호 3972건)
2025-06-04 19:44:24,207 [F5] [INFO] [PREDICT] KRW-CTC → KRW-CTC_pred.csv (총 10632건, 신호 1522건)
2025-06-04 19:44:24,758 [F5] [INFO] [PREDICT] KRW-DOT → KRW-DOT_pred.csv (총 8422건, 신호 1952건)
2025-06-04 19:44:25,277 [F5] [INFO] [PREDICT] KRW-DRIFT → KRW-DRIFT_pred.csv (총 8012건, 신호 3437건)
2025-06-04 19:44:25,747 [F5] [INFO] [PREDICT] KRW-EOS → KRW-EOS_pred.csv (총 7485건, 신호 2905건)
2025-06-04 19:44:26,156 [F5] [INFO] [PREDICT] KRW-ETC → KRW-ETC_pred.csv (총 5984건, 신호 1952건)
2025-06-04 19:44:26,785 [F5] [INFO] [PREDICT] KRW-GAS → KRW-GAS_pred.csv (총 9147건, 신호 1955건)
2025-06-04 19:44:27,327 [F5] [INFO] [PREDICT] KRW-INJ → KRW-INJ_pred.csv (총 7961건, 신호 3005건)
2025-06-04 19:44:27,842 [F5] [INFO] [PREDICT] KRW-JUP → KRW-JUP_pred.csv (총 7633건, 신호 2618건)
2025-06-04 19:44:28,446 [F5] [INFO] [PREDICT] KRW-KAITO → KRW-KAITO_pred.csv (총 6348건, 신호 2435건)
2025-06-04 19:44:28,901 [F5] [INFO] [PREDICT] KRW-LAYER → KRW-LAYER_pred.csv (총 6350건, 신호 1480건)
2025-06-04 19:44:29,404 [F5] [INFO] [PREDICT] KRW-LINK → KRW-LINK_pred.csv (총 6928건, 신호 948건)
2025-06-04 19:44:29,746 [F5] [INFO] [PREDICT] KRW-LPT → KRW-LPT_pred.csv (총 4707건, 신호 2429건)
2025-06-04 19:44:30,194 [F5] [INFO] [PREDICT] KRW-MASK → KRW-MASK_pred.csv (총 6458건, 신호 3169건)
2025-06-04 19:44:30,731 [F5] [INFO] [PREDICT] KRW-ME → KRW-ME_pred.csv (총 7829건, 신호 2638건)
2025-06-04 19:44:31,234 [F5] [INFO] [PREDICT] KRW-NEAR → KRW-NEAR_pred.csv (총 7079건, 신호 1007건)
2025-06-04 19:44:31,764 [F5] [INFO] [PREDICT] KRW-NEO → KRW-NEO_pred.csv (총 8332건, 신호 1087건)
2025-06-04 19:44:32,190 [F5] [INFO] [PREDICT] KRW-NXPC → KRW-NXPC_pred.csv (총 6360건, 신호 2703건)
2025-06-04 19:44:32,631 [F5] [INFO] [PREDICT] KRW-OM → KRW-OM_pred.csv (총 7015건, 신호 2953건)
2025-06-04 19:44:33,064 [F5] [INFO] [PREDICT] KRW-ONDO → KRW-ONDO_pred.csv (총 6511건, 신호 1133건)
2025-06-04 19:44:33,578 [F5] [INFO] [PREDICT] KRW-ORCA → KRW-ORCA_pred.csv (총 6895건, 신호 2903건)
2025-06-04 19:44:34,168 [F5] [INFO] [PREDICT] KRW-PENDLE → KRW-PENDLE_pred.csv (총 9380건, 신호 1896건)
2025-06-04 19:44:34,681 [F5] [INFO] [PREDICT] KRW-PUNDIX → KRW-PUNDIX_pred.csv (총 7817건, 신호 1614건)
2025-06-04 19:44:35,158 [F5] [INFO] [PREDICT] KRW-SAFE → KRW-SAFE_pred.csv (총 7025건, 신호 2618건)
2025-06-04 19:44:35,631 [F5] [INFO] [PREDICT] KRW-STX → KRW-STX_pred.csv (총 7288건, 신호 1448건)
2025-06-04 19:44:36,121 [F5] [INFO] [PREDICT] KRW-SUI → KRW-SUI_pred.csv (총 6346건, 신호 976건)
2025-06-04 19:44:36,611 [F5] [INFO] [PREDICT] KRW-TAIKO → KRW-TAIKO_pred.csv (총 7071건, 신호 3560건)
2025-06-04 19:44:37,348 [F5] [INFO] [PREDICT] KRW-TOKAMAK → KRW-TOKAMAK_pred.csv (총 12845건, 신호 4390건)
2025-06-04 19:44:37,855 [F5] [INFO] [PREDICT] KRW-TRUMP → KRW-TRUMP_pred.csv (총 6423건, 신호 976건)
2025-06-04 19:44:38,253 [F5] [INFO] [PREDICT] KRW-UNI → KRW-UNI_pred.csv (총 5464건, 신호 1676건)
2025-06-04 19:44:38,711 [F5] [INFO] [PREDICT] KRW-USDT → KRW-USDT_pred.csv (총 6246건, 신호 16건)
2025-06-04 19:44:39,169 [F5] [INFO] [PREDICT] KRW-UXLINK → KRW-UXLINK_pred.csv (총 6585건, 신호 2946건)
2025-06-04 19:44:39,607 [F5] [INFO] [PREDICT] KRW-VANA → KRW-VANA_pred.csv (총 6518건, 신호 3224건)
2025-06-04 19:44:40,079 [F5] [INFO] [PREDICT] KRW-VIRTUAL → KRW-VIRTUAL_pred.csv (총 6216건, 신호 3176건)
2025-06-04 19:44:40,742 [F5] [INFO] [PREDICT] KRW-WAVES → KRW-WAVES_pred.csv (총 9215건, 신호 2534건)
2025-06-04 19:44:41,178 [F5] [INFO] [PREDICT] KRW-WCT → KRW-WCT_pred.csv (총 6206건, 신호 3131건)
2025-06-04 19:44:41,597 [F5] [INFO] [PREDICT] KRW-XRP → KRW-XRP_pred.csv (총 6204건, 신호 731건)
2025-06-04 19:49:26,768 [F5] [INFO] [PREDICT] KRW-ADA → KRW-ADA_pred.csv (총 6301건, 신호 870건)
2025-06-04 19:49:27,380 [F5] [INFO] [PREDICT] KRW-AKT → KRW-AKT_pred.csv (총 9960건, 신호 3415건)
2025-06-04 19:49:27,927 [F5] [INFO] [PREDICT] KRW-APT → KRW-APT_pred.csv (총 8831건, 신호 1225건)
2025-06-04 19:49:28,631 [F5] [INFO] [PREDICT] KRW-AQT → KRW-AQT_pred.csv (총 11715건, 신호 4328건)
2025-06-04 19:49:29,140 [F5] [INFO] [PREDICT] KRW-ARB → KRW-ARB_pred.csv (총 7305건, 신호 1506건)
2025-06-04 19:49:29,771 [F5] [INFO] [PREDICT] KRW-ARK → KRW-ARK_pred.csv (총 10035건, 신호 1508건)
2025-06-04 19:49:30,291 [F5] [INFO] [PREDICT] KRW-AUCTION → KRW-AUCTION_pred.csv (총 8488건, 신호 1417건)
2025-06-04 19:49:30,797 [F5] [INFO] [PREDICT] KRW-BERA → KRW-BERA_pred.csv (총 7207건, 신호 2549건)
2025-06-04 19:49:31,346 [F5] [INFO] [PREDICT] KRW-CARV → KRW-CARV_pred.csv (총 7847건, 신호 2793건)
2025-06-04 19:49:32,195 [F5] [INFO] [PREDICT] KRW-CBK → KRW-CBK_pred.csv (총 14584건, 신호 3192건)
2025-06-04 19:49:32,706 [F5] [INFO] [PREDICT] KRW-COW → KRW-COW_pred.csv (총 7660건, 신호 3876건)
2025-06-04 19:49:33,359 [F5] [INFO] [PREDICT] KRW-CTC → KRW-CTC_pred.csv (총 10644건, 신호 1627건)
2025-06-04 19:49:33,869 [F5] [INFO] [PREDICT] KRW-DOT → KRW-DOT_pred.csv (총 8427건, 신호 1975건)
2025-06-04 19:49:34,341 [F5] [INFO] [PREDICT] KRW-DRIFT → KRW-DRIFT_pred.csv (총 8018건, 신호 3483건)
2025-06-04 19:49:34,795 [F5] [INFO] [PREDICT] KRW-EOS → KRW-EOS_pred.csv (총 7488건, 신호 2971건)
2025-06-04 19:49:35,217 [F5] [INFO] [PREDICT] KRW-ETC → KRW-ETC_pred.csv (총 5984건, 신호 1952건)
2025-06-04 19:49:35,760 [F5] [INFO] [PREDICT] KRW-GAS → KRW-GAS_pred.csv (총 9151건, 신호 1998건)
2025-06-04 19:49:36,251 [F5] [INFO] [PREDICT] KRW-INJ → KRW-INJ_pred.csv (총 7967건, 신호 3072건)
2025-06-04 19:49:36,746 [F5] [INFO] [PREDICT] KRW-JUP → KRW-JUP_pred.csv (총 7638건, 신호 2645건)
2025-06-04 19:49:37,136 [F5] [INFO] [PREDICT] KRW-KAITO → KRW-KAITO_pred.csv (총 6353건, 신호 2537건)
2025-06-04 19:49:37,535 [F5] [INFO] [PREDICT] KRW-LAYER → KRW-LAYER_pred.csv (총 6354건, 신호 1379건)
2025-06-04 19:49:37,976 [F5] [INFO] [PREDICT] KRW-LINK → KRW-LINK_pred.csv (총 6933건, 신호 973건)
2025-06-04 19:49:38,299 [F5] [INFO] [PREDICT] KRW-LPT → KRW-LPT_pred.csv (총 4707건, 신호 2429건)
2025-06-04 19:49:38,697 [F5] [INFO] [PREDICT] KRW-MASK → KRW-MASK_pred.csv (총 6462건, 신호 3208건)
2025-06-04 19:49:39,189 [F5] [INFO] [PREDICT] KRW-ME → KRW-ME_pred.csv (총 7834건, 신호 2581건)
2025-06-04 19:49:39,796 [F5] [INFO] [PREDICT] KRW-NEAR → KRW-NEAR_pred.csv (총 7085건, 신호 953건)
2025-06-04 19:49:40,313 [F5] [INFO] [PREDICT] KRW-NEO → KRW-NEO_pred.csv (총 8336건, 신호 1079건)
2025-06-04 19:49:40,743 [F5] [INFO] [PREDICT] KRW-NXPC → KRW-NXPC_pred.csv (총 6365건, 신호 2787건)
2025-06-04 19:49:41,240 [F5] [INFO] [PREDICT] KRW-OM → KRW-OM_pred.csv (총 7021건, 신호 2909건)
2025-06-04 19:49:41,803 [F5] [INFO] [PREDICT] KRW-ONDO → KRW-ONDO_pred.csv (총 6516건, 신호 2079건)
2025-06-04 19:49:42,566 [F5] [INFO] [PREDICT] KRW-ORCA → KRW-ORCA_pred.csv (총 6901건, 신호 3038건)
2025-06-04 19:49:43,359 [F5] [INFO] [PREDICT] KRW-PENDLE → KRW-PENDLE_pred.csv (총 9380건, 신호 1896건)
2025-06-04 19:49:44,071 [F5] [INFO] [PREDICT] KRW-PUNDIX → KRW-PUNDIX_pred.csv (총 7821건, 신호 1627건)
2025-06-04 19:49:44,686 [F5] [INFO] [PREDICT] KRW-SAFE → KRW-SAFE_pred.csv (총 7030건, 신호 2673건)
2025-06-04 19:49:45,287 [F5] [INFO] [PREDICT] KRW-STX → KRW-STX_pred.csv (총 7294건, 신호 1609건)
2025-06-04 19:49:45,805 [F5] [INFO] [PREDICT] KRW-SUI → KRW-SUI_pred.csv (총 6352건, 신호 987건)
2025-06-04 19:49:46,262 [F5] [INFO] [PREDICT] KRW-TAIKO → KRW-TAIKO_pred.csv (총 7077건, 신호 3597건)
2025-06-04 19:49:46,966 [F5] [INFO] [PREDICT] KRW-TOKAMAK → KRW-TOKAMAK_pred.csv (총 12852건, 신호 4615건)
2025-06-04 19:49:47,409 [F5] [INFO] [PREDICT] KRW-TRUMP → KRW-TRUMP_pred.csv (총 6430건, 신호 882건)
2025-06-04 19:49:47,797 [F5] [INFO] [PREDICT] KRW-UNI → KRW-UNI_pred.csv (총 5464건, 신호 1676건)
2025-06-04 19:49:48,210 [F5] [INFO] [PREDICT] KRW-USDT → KRW-USDT_pred.csv (총 6252건, 신호 16건)
2025-06-04 19:49:48,709 [F5] [INFO] [PREDICT] KRW-UXLINK → KRW-UXLINK_pred.csv (총 6592건, 신호 2903건)
2025-06-04 19:49:49,155 [F5] [INFO] [PREDICT] KRW-VANA → KRW-VANA_pred.csv (총 6524건, 신호 3139건)
2025-06-04 19:49:49,566 [F5] [INFO] [PREDICT] KRW-VIRTUAL → KRW-VIRTUAL_pred.csv (총 6221건, 신호 3967건)
2025-06-04 19:49:50,125 [F5] [INFO] [PREDICT] KRW-WAVES → KRW-WAVES_pred.csv (총 9228건, 신호 3529건)
2025-06-04 19:49:50,553 [F5] [INFO] [PREDICT] KRW-WCT → KRW-WCT_pred.csv (총 6211건, 신호 3032건)
2025-06-04 19:49:50,990 [F5] [INFO] [PREDICT] KRW-XRP → KRW-XRP_pred.csv (총 6209건, 신호 660건)
2025-06-04 19:56:14,187 [F5] [INFO] [PREDICT] KRW-ADA → KRW-ADA_pred.csv (총 6308건, 신호 876건)
2025-06-04 19:56:14,761 [F5] [INFO] [PREDICT] KRW-AKT → KRW-AKT_pred.csv (총 9966건, 신호 3497건)
2025-06-04 19:56:15,323 [F5] [INFO] [PREDICT] KRW-APT → KRW-APT_pred.csv (총 8840건, 신호 1281건)
2025-06-04 19:56:15,998 [F5] [INFO] [PREDICT] KRW-AQT → KRW-AQT_pred.csv (총 11722건, 신호 4411건)
2025-06-04 19:56:16,468 [F5] [INFO] [PREDICT] KRW-ARB → KRW-ARB_pred.csv (총 7312건, 신호 4389건)
2025-06-04 19:56:17,112 [F5] [INFO] [PREDICT] KRW-ARK → KRW-ARK_pred.csv (총 10041건, 신호 1725건)
2025-06-04 19:56:17,681 [F5] [INFO] [PREDICT] KRW-AUCTION → KRW-AUCTION_pred.csv (총 8500건, 신호 1161건)
2025-06-04 19:56:18,123 [F5] [INFO] [PREDICT] KRW-BERA → KRW-BERA_pred.csv (총 7214건, 신호 2581건)
2025-06-04 19:56:18,597 [F5] [INFO] [PREDICT] KRW-CARV → KRW-CARV_pred.csv (총 7858건, 신호 2848건)
2025-06-04 19:56:19,453 [F5] [INFO] [PREDICT] KRW-CBK → KRW-CBK_pred.csv (총 14592건, 신호 3373건)
2025-06-04 19:56:19,929 [F5] [INFO] [PREDICT] KRW-COW → KRW-COW_pred.csv (총 7668건, 신호 4123건)
2025-06-04 19:56:20,567 [F5] [INFO] [PREDICT] KRW-CTC → KRW-CTC_pred.csv (총 10655건, 신호 1546건)
2025-06-04 19:56:21,056 [F5] [INFO] [PREDICT] KRW-DOT → KRW-DOT_pred.csv (총 8432건, 신호 1883건)
2025-06-04 19:56:21,581 [F5] [INFO] [PREDICT] KRW-DRIFT → KRW-DRIFT_pred.csv (총 8022건, 신호 3358건)
2025-06-04 19:56:22,054 [F5] [INFO] [PREDICT] KRW-EOS → KRW-EOS_pred.csv (총 7497건, 신호 2949건)
2025-06-04 19:56:22,423 [F5] [INFO] [PREDICT] KRW-ETC → KRW-ETC_pred.csv (총 5984건, 신호 1952건)
2025-06-04 19:56:22,969 [F5] [INFO] [PREDICT] KRW-GAS → KRW-GAS_pred.csv (총 9160건, 신호 2020건)
2025-06-04 19:56:23,448 [F5] [INFO] [PREDICT] KRW-INJ → KRW-INJ_pred.csv (총 7973건, 신호 3028건)
2025-06-04 19:56:23,913 [F5] [INFO] [PREDICT] KRW-JUP → KRW-JUP_pred.csv (총 7645건, 신호 2631건)
2025-06-04 19:56:24,302 [F5] [INFO] [PREDICT] KRW-KAITO → KRW-KAITO_pred.csv (총 6360건, 신호 2430건)
2025-06-04 19:56:24,714 [F5] [INFO] [PREDICT] KRW-LAYER → KRW-LAYER_pred.csv (총 6361건, 신호 1304건)
2025-06-04 19:56:25,149 [F5] [INFO] [PREDICT] KRW-LINK → KRW-LINK_pred.csv (총 6937건, 신호 926건)
2025-06-04 19:56:25,489 [F5] [INFO] [PREDICT] KRW-LPT → KRW-LPT_pred.csv (총 4707건, 신호 2429건)
2025-06-04 19:56:25,909 [F5] [INFO] [PREDICT] KRW-MASK → KRW-MASK_pred.csv (총 6470건, 신호 3213건)
2025-06-04 19:56:26,396 [F5] [INFO] [PREDICT] KRW-ME → KRW-ME_pred.csv (총 7841건, 신호 2652건)
2025-06-04 19:56:26,860 [F5] [INFO] [PREDICT] KRW-NEAR → KRW-NEAR_pred.csv (총 7091건, 신호 965건)
2025-06-04 19:56:27,395 [F5] [INFO] [PREDICT] KRW-NEO → KRW-NEO_pred.csv (총 8345건, 신호 1068건)
2025-06-04 19:56:27,795 [F5] [INFO] [PREDICT] KRW-NXPC → KRW-NXPC_pred.csv (총 6372건, 신호 2626건)
2025-06-04 19:56:28,248 [F5] [INFO] [PREDICT] KRW-OM → KRW-OM_pred.csv (총 7028건, 신호 3057건)
2025-06-04 19:56:28,675 [F5] [INFO] [PREDICT] KRW-ONDO → KRW-ONDO_pred.csv (총 6522건, 신호 1277건)
2025-06-04 19:56:29,131 [F5] [INFO] [PREDICT] KRW-ORCA → KRW-ORCA_pred.csv (총 6907건, 신호 3008건)
2025-06-04 19:56:29,699 [F5] [INFO] [PREDICT] KRW-PENDLE → KRW-PENDLE_pred.csv (총 9380건, 신호 1896건)
2025-06-04 19:56:30,210 [F5] [INFO] [PREDICT] KRW-PUNDIX → KRW-PUNDIX_pred.csv (총 7828건, 신호 1653건)
2025-06-04 19:56:30,653 [F5] [INFO] [PREDICT] KRW-SAFE → KRW-SAFE_pred.csv (총 7038건, 신호 2729건)
2025-06-04 19:56:31,115 [F5] [INFO] [PREDICT] KRW-STX → KRW-STX_pred.csv (총 7301건, 신호 1119건)
2025-06-04 19:56:31,548 [F5] [INFO] [PREDICT] KRW-SUI → KRW-SUI_pred.csv (총 6358건, 신호 982건)
2025-06-04 19:56:31,981 [F5] [INFO] [PREDICT] KRW-TAIKO → KRW-TAIKO_pred.csv (총 7083건, 신호 3601건)
2025-06-04 19:56:32,716 [F5] [INFO] [PREDICT] KRW-TOKAMAK → KRW-TOKAMAK_pred.csv (총 12860건, 신호 4565건)
2025-06-04 19:56:33,143 [F5] [INFO] [PREDICT] KRW-TRUMP → KRW-TRUMP_pred.csv (총 6436건, 신호 854건)
2025-06-04 19:56:33,486 [F5] [INFO] [PREDICT] KRW-UNI → KRW-UNI_pred.csv (총 5464건, 신호 1676건)
2025-06-04 19:56:33,929 [F5] [INFO] [PREDICT] KRW-USDT → KRW-USDT_pred.csv (총 6259건, 신호 16건)
2025-06-04 19:56:34,348 [F5] [INFO] [PREDICT] KRW-UXLINK → KRW-UXLINK_pred.csv (총 6599건, 신호 2800건)
2025-06-04 19:56:34,759 [F5] [INFO] [PREDICT] KRW-VANA → KRW-VANA_pred.csv (총 6531건, 신호 3211건)
2025-06-04 19:56:35,169 [F5] [INFO] [PREDICT] KRW-VIRTUAL → KRW-VIRTUAL_pred.csv (총 6229건, 신호 3135건)
2025-06-04 19:56:35,738 [F5] [INFO] [PREDICT] KRW-WAVES → KRW-WAVES_pred.csv (총 9236건, 신호 3525건)
2025-06-04 19:56:36,117 [F5] [INFO] [PREDICT] KRW-WCT → KRW-WCT_pred.csv (총 6219건, 신호 2664건)
2025-06-04 19:56:36,535 [F5] [INFO] [PREDICT] KRW-XRP → KRW-XRP_pred.csv (총 6216건, 신호 720건)
2025-06-04 20:01:26,161 [F5] [INFO] [PREDICT] KRW-ADA → KRW-ADA_pred.csv (총 6313건, 신호 927건)
2025-06-04 20:01:26,767 [F5] [INFO] [PREDICT] KRW-AKT → KRW-AKT_pred.csv (총 9972건, 신호 3503건)
2025-06-04 20:01:27,322 [F5] [INFO] [PREDICT] KRW-APT → KRW-APT_pred.csv (총 8846건, 신호 1290건)
2025-06-04 20:01:28,001 [F5] [INFO] [PREDICT] KRW-AQT → KRW-AQT_pred.csv (총 11727건, 신호 4155건)
2025-06-04 20:01:28,445 [F5] [INFO] [PREDICT] KRW-ARB → KRW-ARB_pred.csv (총 7318건, 신호 2603건)
2025-06-04 20:01:29,084 [F5] [INFO] [PREDICT] KRW-ARK → KRW-ARK_pred.csv (총 10049건, 신호 1642건)
2025-06-04 20:01:29,628 [F5] [INFO] [PREDICT] KRW-AUCTION → KRW-AUCTION_pred.csv (총 8507건, 신호 1225건)
2025-06-04 20:01:30,109 [F5] [INFO] [PREDICT] KRW-BERA → KRW-BERA_pred.csv (총 7219건, 신호 2531건)
2025-06-04 20:01:30,582 [F5] [INFO] [PREDICT] KRW-CARV → KRW-CARV_pred.csv (총 7863건, 신호 2854건)
2025-06-04 20:01:31,417 [F5] [INFO] [PREDICT] KRW-CBK → KRW-CBK_pred.csv (총 14592건, 신호 3373건)
2025-06-04 20:01:31,900 [F5] [INFO] [PREDICT] KRW-COW → KRW-COW_pred.csv (총 7673건, 신호 4132건)
2025-06-04 20:01:32,534 [F5] [INFO] [PREDICT] KRW-CTC → KRW-CTC_pred.csv (총 10660건, 신호 1382건)
2025-06-04 20:01:33,114 [F5] [INFO] [PREDICT] KRW-DOT → KRW-DOT_pred.csv (총 8439건, 신호 1926건)
2025-06-04 20:01:33,921 [F5] [INFO] [PREDICT] KRW-DRIFT → KRW-DRIFT_pred.csv (총 8027건, 신호 3294건)
2025-06-04 20:01:34,731 [F5] [INFO] [PREDICT] KRW-EOS → KRW-EOS_pred.csv (총 7503건, 신호 2989건)
2025-06-04 20:01:35,291 [F5] [INFO] [PREDICT] KRW-ETC → KRW-ETC_pred.csv (총 5984건, 신호 1952건)
2025-06-04 20:01:36,104 [F5] [INFO] [PREDICT] KRW-GAS → KRW-GAS_pred.csv (총 9163건, 신호 1933건)
2025-06-04 20:01:36,589 [F5] [INFO] [PREDICT] KRW-INJ → KRW-INJ_pred.csv (총 7978건, 신호 3038건)
2025-06-04 20:01:37,052 [F5] [INFO] [PREDICT] KRW-JUP → KRW-JUP_pred.csv (총 7649건, 신호 2634건)
2025-06-04 20:01:37,457 [F5] [INFO] [PREDICT] KRW-KAITO → KRW-KAITO_pred.csv (총 6365건, 신호 3331건)
2025-06-04 20:01:37,870 [F5] [INFO] [PREDICT] KRW-LAYER → KRW-LAYER_pred.csv (총 6366건, 신호 1389건)
2025-06-04 20:01:38,312 [F5] [INFO] [PREDICT] KRW-LINK → KRW-LINK_pred.csv (총 6944건, 신호 967건)
2025-06-04 20:01:38,648 [F5] [INFO] [PREDICT] KRW-LPT → KRW-LPT_pred.csv (총 4707건, 신호 2429건)
2025-06-04 20:01:39,068 [F5] [INFO] [PREDICT] KRW-MASK → KRW-MASK_pred.csv (총 6475건, 신호 3221건)
2025-06-04 20:01:39,537 [F5] [INFO] [PREDICT] KRW-ME → KRW-ME_pred.csv (총 7846건, 신호 2620건)
2025-06-04 20:01:40,021 [F5] [INFO] [PREDICT] KRW-NEAR → KRW-NEAR_pred.csv (총 7097건, 신호 1002건)
2025-06-04 20:01:40,549 [F5] [INFO] [PREDICT] KRW-NEO → KRW-NEO_pred.csv (총 8345건, 신호 1068건)
2025-06-04 20:01:41,231 [F5] [INFO] [PREDICT] KRW-NXPC → KRW-NXPC_pred.csv (총 6377건, 신호 2912건)
2025-06-04 20:01:41,888 [F5] [INFO] [PREDICT] KRW-OM → KRW-OM_pred.csv (총 7031건, 신호 3030건)
2025-06-04 20:01:42,446 [F5] [INFO] [PREDICT] KRW-ONDO → KRW-ONDO_pred.csv (총 6528건, 신호 1463건)
2025-06-04 20:01:43,089 [F5] [INFO] [PREDICT] KRW-ORCA → KRW-ORCA_pred.csv (총 6913건, 신호 3127건)
2025-06-04 20:01:43,862 [F5] [INFO] [PREDICT] KRW-PENDLE → KRW-PENDLE_pred.csv (총 9380건, 신호 1896건)
2025-06-04 20:01:44,339 [F5] [INFO] [PREDICT] KRW-PUNDIX → KRW-PUNDIX_pred.csv (총 7831건, 신호 1745건)
2025-06-04 20:01:44,806 [F5] [INFO] [PREDICT] KRW-SAFE → KRW-SAFE_pred.csv (총 7041건, 신호 2629건)
2025-06-04 20:01:45,274 [F5] [INFO] [PREDICT] KRW-STX → KRW-STX_pred.csv (총 7306건, 신호 1580건)
2025-06-04 20:01:45,698 [F5] [INFO] [PREDICT] KRW-SUI → KRW-SUI_pred.csv (총 6364건, 신호 967건)
2025-06-04 20:01:46,132 [F5] [INFO] [PREDICT] KRW-TAIKO → KRW-TAIKO_pred.csv (총 7089건, 신호 3631건)
2025-06-04 20:01:46,865 [F5] [INFO] [PREDICT] KRW-TOKAMAK → KRW-TOKAMAK_pred.csv (총 12864건, 신호 4550건)
2025-06-04 20:01:47,267 [F5] [INFO] [PREDICT] KRW-TRUMP → KRW-TRUMP_pred.csv (총 6442건, 신호 1552건)
2025-06-04 20:01:47,606 [F5] [INFO] [PREDICT] KRW-UNI → KRW-UNI_pred.csv (총 5464건, 신호 1676건)
2025-06-04 20:01:48,053 [F5] [INFO] [PREDICT] KRW-USDT → KRW-USDT_pred.csv (총 6264건, 신호 16건)
2025-06-04 20:01:48,488 [F5] [INFO] [PREDICT] KRW-UXLINK → KRW-UXLINK_pred.csv (총 6603건, 신호 2830건)
2025-06-04 20:01:48,905 [F5] [INFO] [PREDICT] KRW-VANA → KRW-VANA_pred.csv (총 6536건, 신호 3044건)
2025-06-04 20:01:49,313 [F5] [INFO] [PREDICT] KRW-VIRTUAL → KRW-VIRTUAL_pred.csv (총 6234건, 신호 3940건)
2025-06-04 20:01:49,886 [F5] [INFO] [PREDICT] KRW-WAVES → KRW-WAVES_pred.csv (총 9239건, 신호 3455건)
2025-06-04 20:01:50,387 [F5] [INFO] [PREDICT] KRW-WCT → KRW-WCT_pred.csv (총 6224건, 신호 2636건)
2025-06-04 20:01:50,829 [F5] [INFO] [PREDICT] KRW-XRP → KRW-XRP_pred.csv (총 6222건, 신호 679건)
2025-06-04 20:08:14,943 [F5] [INFO] [PREDICT] KRW-ADA → KRW-ADA_pred.csv (총 6321건, 신호 898건)
2025-06-04 20:08:15,548 [F5] [INFO] [PREDICT] KRW-AKT → KRW-AKT_pred.csv (총 9976건, 신호 3487건)
2025-06-04 20:08:16,099 [F5] [INFO] [PREDICT] KRW-APT → KRW-APT_pred.csv (총 8850건, 신호 1306건)
2025-06-04 20:08:16,802 [F5] [INFO] [PREDICT] KRW-AQT → KRW-AQT_pred.csv (총 11729건, 신호 5166건)
2025-06-04 20:08:17,309 [F5] [INFO] [PREDICT] KRW-ARB → KRW-ARB_pred.csv (총 7324건, 신호 2316건)
2025-06-04 20:08:18,199 [F5] [INFO] [PREDICT] KRW-ARK → KRW-ARK_pred.csv (총 10049건, 신호 1642건)
2025-06-04 20:08:18,983 [F5] [INFO] [PREDICT] KRW-AUCTION → KRW-AUCTION_pred.csv (총 8512건, 신호 1159건)
2025-06-04 20:08:19,606 [F5] [INFO] [PREDICT] KRW-BERA → KRW-BERA_pred.csv (총 7224건, 신호 2534건)
2025-06-04 20:08:20,359 [F5] [INFO] [PREDICT] KRW-CARV → KRW-CARV_pred.csv (총 7869건, 신호 2799건)
2025-06-04 20:08:21,320 [F5] [INFO] [PREDICT] KRW-CBK → KRW-CBK_pred.csv (총 14602건, 신호 3189건)
2025-06-04 20:08:21,914 [F5] [INFO] [PREDICT] KRW-COW → KRW-COW_pred.csv (총 7680건, 신호 3958건)
2025-06-04 20:08:22,655 [F5] [INFO] [PREDICT] KRW-CTC → KRW-CTC_pred.csv (총 10666건, 신호 1484건)
2025-06-04 20:08:23,227 [F5] [INFO] [PREDICT] KRW-DOT → KRW-DOT_pred.csv (총 8446건, 신호 1902건)
2025-06-04 20:08:24,032 [F5] [INFO] [PREDICT] KRW-DRIFT → KRW-DRIFT_pred.csv (총 8037건, 신호 3526건)
2025-06-04 20:08:24,593 [F5] [INFO] [PREDICT] KRW-EOS → KRW-EOS_pred.csv (총 7509건, 신호 2922건)
2025-06-04 20:08:25,061 [F5] [INFO] [PREDICT] KRW-ETC → KRW-ETC_pred.csv (총 5984건, 신호 1952건)
2025-06-04 20:08:25,809 [F5] [INFO] [PREDICT] KRW-GAS → KRW-GAS_pred.csv (총 9163건, 신호 1933건)
2025-06-04 20:08:26,295 [F5] [INFO] [PREDICT] KRW-INJ → KRW-INJ_pred.csv (총 7986건, 신호 3057건)
2025-06-04 20:08:27,121 [F5] [INFO] [PREDICT] KRW-JUP → KRW-JUP_pred.csv (총 7655건, 신호 2655건)
2025-06-04 20:08:27,747 [F5] [INFO] [PREDICT] KRW-KAITO → KRW-KAITO_pred.csv (총 6371건, 신호 2408건)
2025-06-04 20:08:28,461 [F5] [INFO] [PREDICT] KRW-LAYER → KRW-LAYER_pred.csv (총 6373건, 신호 1387건)
2025-06-04 20:08:29,194 [F5] [INFO] [PREDICT] KRW-LINK → KRW-LINK_pred.csv (총 6951건, 신호 885건)
2025-06-04 20:08:29,594 [F5] [INFO] [PREDICT] KRW-LPT → KRW-LPT_pred.csv (총 4707건, 신호 2429건)
2025-06-04 20:08:30,051 [F5] [INFO] [PREDICT] KRW-MASK → KRW-MASK_pred.csv (총 6482건, 신호 3327건)
2025-06-04 20:08:30,625 [F5] [INFO] [PREDICT] KRW-ME → KRW-ME_pred.csv (총 7853건, 신호 2793건)
2025-06-04 20:08:31,128 [F5] [INFO] [PREDICT] KRW-NEAR → KRW-NEAR_pred.csv (총 7103건, 신호 1038건)
2025-06-04 20:08:31,707 [F5] [INFO] [PREDICT] KRW-NEO → KRW-NEO_pred.csv (총 8355건, 신호 1095건)
2025-06-04 20:08:32,132 [F5] [INFO] [PREDICT] KRW-NXPC → KRW-NXPC_pred.csv (총 6384건, 신호 2874건)
2025-06-04 20:08:32,671 [F5] [INFO] [PREDICT] KRW-OM → KRW-OM_pred.csv (총 7039건, 신호 3053건)
2025-06-04 20:08:33,144 [F5] [INFO] [PREDICT] KRW-ONDO → KRW-ONDO_pred.csv (총 6535건, 신호 1415건)
2025-06-04 20:08:33,619 [F5] [INFO] [PREDICT] KRW-ORCA → KRW-ORCA_pred.csv (총 6918건, 신호 3114건)
2025-06-04 20:08:34,337 [F5] [INFO] [PREDICT] KRW-PENDLE → KRW-PENDLE_pred.csv (총 9380건, 신호 1896건)
2025-06-04 20:08:34,884 [F5] [INFO] [PREDICT] KRW-PUNDIX → KRW-PUNDIX_pred.csv (총 7836건, 신호 1547건)
2025-06-04 20:08:35,424 [F5] [INFO] [PREDICT] KRW-SAFE → KRW-SAFE_pred.csv (총 7048건, 신호 2683건)
2025-06-04 20:08:36,235 [F5] [INFO] [PREDICT] KRW-STX → KRW-STX_pred.csv (총 7313건, 신호 1750건)
2025-06-04 20:08:36,837 [F5] [INFO] [PREDICT] KRW-SUI → KRW-SUI_pred.csv (총 6370건, 신호 977건)
2025-06-04 20:08:37,550 [F5] [INFO] [PREDICT] KRW-TAIKO → KRW-TAIKO_pred.csv (총 7095건, 신호 3585건)
2025-06-04 20:08:38,763 [F5] [INFO] [PREDICT] KRW-TOKAMAK → KRW-TOKAMAK_pred.csv (총 12870건, 신호 4399건)
2025-06-04 20:08:39,224 [F5] [INFO] [PREDICT] KRW-TRUMP → KRW-TRUMP_pred.csv (총 6448건, 신호 931건)
2025-06-04 20:08:39,644 [F5] [INFO] [PREDICT] KRW-UNI → KRW-UNI_pred.csv (총 5464건, 신호 1676건)
2025-06-04 20:08:40,232 [F5] [INFO] [PREDICT] KRW-USDT → KRW-USDT_pred.csv (총 6271건, 신호 16건)
2025-06-04 20:08:40,715 [F5] [INFO] [PREDICT] KRW-UXLINK → KRW-UXLINK_pred.csv (총 6611건, 신호 2881건)
2025-06-04 20:08:41,145 [F5] [INFO] [PREDICT] KRW-VANA → KRW-VANA_pred.csv (총 6543건, 신호 3108건)
2025-06-04 20:08:41,607 [F5] [INFO] [PREDICT] KRW-VIRTUAL → KRW-VIRTUAL_pred.csv (총 6240건, 신호 3174건)
2025-06-04 20:08:42,178 [F5] [INFO] [PREDICT] KRW-WAVES → KRW-WAVES_pred.csv (총 9246건, 신호 3414건)
2025-06-04 20:08:42,609 [F5] [INFO] [PREDICT] KRW-WCT → KRW-WCT_pred.csv (총 6231건, 신호 2556건)
2025-06-04 20:08:43,098 [F5] [INFO] [PREDICT] KRW-XRP → KRW-XRP_pred.csv (총 6229건, 신호 696건)
2025-06-04 20:13:39,420 [F5] [INFO] [PREDICT] KRW-ADA → KRW-ADA_pred.csv (총 6326건, 신호 877건)
2025-06-04 20:13:40,028 [F5] [INFO] [PREDICT] KRW-AKT → KRW-AKT_pred.csv (총 9984건, 신호 3572건)
2025-06-04 20:13:40,576 [F5] [INFO] [PREDICT] KRW-APT → KRW-APT_pred.csv (총 8850건, 신호 1306건)
2025-06-04 20:13:41,592 [F5] [INFO] [PREDICT] KRW-AQT → KRW-AQT_pred.csv (총 11729건, 신호 5166건)
2025-06-04 20:13:42,277 [F5] [INFO] [PREDICT] KRW-ARB → KRW-ARB_pred.csv (총 7330건, 신호 2191건)
2025-06-04 20:13:43,279 [F5] [INFO] [PREDICT] KRW-ARK → KRW-ARK_pred.csv (총 10049건, 신호 1642건)
2025-06-04 20:13:44,260 [F5] [INFO] [PREDICT] KRW-AUCTION → KRW-AUCTION_pred.csv (총 8517건, 신호 1143건)
2025-06-04 20:13:44,816 [F5] [INFO] [PREDICT] KRW-BERA → KRW-BERA_pred.csv (총 7228건, 신호 2655건)
2025-06-04 20:13:45,316 [F5] [INFO] [PREDICT] KRW-CARV → KRW-CARV_pred.csv (총 7870건, 신호 2786건)
2025-06-04 20:13:46,192 [F5] [INFO] [PREDICT] KRW-CBK → KRW-CBK_pred.csv (총 14606건, 신호 3336건)
2025-06-04 20:13:46,687 [F5] [INFO] [PREDICT] KRW-COW → KRW-COW_pred.csv (총 7684건, 신호 4113건)
2025-06-04 20:13:47,354 [F5] [INFO] [PREDICT] KRW-CTC → KRW-CTC_pred.csv (총 10671건, 신호 1494건)
2025-06-04 20:13:47,886 [F5] [INFO] [PREDICT] KRW-DOT → KRW-DOT_pred.csv (총 8450건, 신호 1969건)
2025-06-04 20:13:48,623 [F5] [INFO] [PREDICT] KRW-DRIFT → KRW-DRIFT_pred.csv (총 8041건, 신호 3495건)
2025-06-04 20:13:49,366 [F5] [INFO] [PREDICT] KRW-EOS → KRW-EOS_pred.csv (총 7514건, 신호 2891건)
2025-06-04 20:13:50,119 [F5] [INFO] [PREDICT] KRW-ETC → KRW-ETC_pred.csv (총 5984건, 신호 1952건)
2025-06-04 20:13:51,067 [F5] [INFO] [PREDICT] KRW-GAS → KRW-GAS_pred.csv (총 9177건, 신호 2004건)
2025-06-04 20:13:52,005 [F5] [INFO] [PREDICT] KRW-INJ → KRW-INJ_pred.csv (총 7991건, 신호 2958건)
2025-06-04 20:13:52,553 [F5] [INFO] [PREDICT] KRW-JUP → KRW-JUP_pred.csv (총 7661건, 신호 2649건)
2025-06-04 20:13:52,990 [F5] [INFO] [PREDICT] KRW-KAITO → KRW-KAITO_pred.csv (총 6377건, 신호 3392건)
2025-06-04 20:13:53,447 [F5] [INFO] [PREDICT] KRW-LAYER → KRW-LAYER_pred.csv (총 6379건, 신호 1436건)
2025-06-04 20:13:53,931 [F5] [INFO] [PREDICT] KRW-LINK → KRW-LINK_pred.csv (총 6957건, 신호 931건)
2025-06-04 20:13:54,247 [F5] [INFO] [PREDICT] KRW-LPT → KRW-LPT_pred.csv (총 4707건, 신호 2429건)
2025-06-04 20:13:54,718 [F5] [INFO] [PREDICT] KRW-MASK → KRW-MASK_pred.csv (총 6486건, 신호 3284건)
2025-06-04 20:13:55,257 [F5] [INFO] [PREDICT] KRW-ME → KRW-ME_pred.csv (총 7858건, 신호 2807건)
2025-06-04 20:13:55,738 [F5] [INFO] [PREDICT] KRW-NEAR → KRW-NEAR_pred.csv (총 7107건, 신호 999건)
2025-06-04 20:13:56,313 [F5] [INFO] [PREDICT] KRW-NEO → KRW-NEO_pred.csv (총 8359건, 신호 1114건)
2025-06-04 20:13:56,734 [F5] [INFO] [PREDICT] KRW-NXPC → KRW-NXPC_pred.csv (총 6389건, 신호 2929건)
2025-06-04 20:13:57,217 [F5] [INFO] [PREDICT] KRW-OM → KRW-OM_pred.csv (총 7044건, 신호 3054건)
2025-06-04 20:13:57,677 [F5] [INFO] [PREDICT] KRW-ONDO → KRW-ONDO_pred.csv (총 6540건, 신호 1162건)
2025-06-04 20:13:58,144 [F5] [INFO] [PREDICT] KRW-ORCA → KRW-ORCA_pred.csv (총 6923건, 신호 3167건)
2025-06-04 20:13:58,811 [F5] [INFO] [PREDICT] KRW-PENDLE → KRW-PENDLE_pred.csv (총 9380건, 신호 1896건)
2025-06-04 20:13:59,486 [F5] [INFO] [PREDICT] KRW-PUNDIX → KRW-PUNDIX_pred.csv (총 7844건, 신호 1600건)
2025-06-04 20:14:00,290 [F5] [INFO] [PREDICT] KRW-SAFE → KRW-SAFE_pred.csv (총 7053건, 신호 2673건)
2025-06-04 20:14:00,985 [F5] [INFO] [PREDICT] KRW-STX → KRW-STX_pred.csv (총 7317건, 신호 1267건)
2025-06-04 20:14:01,632 [F5] [INFO] [PREDICT] KRW-SUI → KRW-SUI_pred.csv (총 6376건, 신호 975건)
2025-06-04 20:14:02,580 [F5] [INFO] [PREDICT] KRW-TAIKO → KRW-TAIKO_pred.csv (총 7100건, 신호 3626건)
2025-06-04 20:14:03,516 [F5] [INFO] [PREDICT] KRW-TOKAMAK → KRW-TOKAMAK_pred.csv (총 12876건, 신호 4656건)
2025-06-04 20:14:03,973 [F5] [INFO] [PREDICT] KRW-TRUMP → KRW-TRUMP_pred.csv (총 6454건, 신호 812건)
2025-06-04 20:14:04,388 [F5] [INFO] [PREDICT] KRW-UNI → KRW-UNI_pred.csv (총 5464건, 신호 1676건)
2025-06-04 20:14:04,841 [F5] [INFO] [PREDICT] KRW-USDT → KRW-USDT_pred.csv (총 6276건, 신호 16건)
2025-06-04 20:14:05,312 [F5] [INFO] [PREDICT] KRW-UXLINK → KRW-UXLINK_pred.csv (총 6615건, 신호 3020건)
2025-06-04 20:14:05,812 [F5] [INFO] [PREDICT] KRW-VANA → KRW-VANA_pred.csv (총 6548건, 신호 3120건)
2025-06-04 20:14:06,244 [F5] [INFO] [PREDICT] KRW-VIRTUAL → KRW-VIRTUAL_pred.csv (총 6245건, 신호 3173건)
2025-06-04 20:14:06,922 [F5] [INFO] [PREDICT] KRW-WAVES → KRW-WAVES_pred.csv (총 9250건, 신호 3490건)
2025-06-04 20:14:07,704 [F5] [INFO] [PREDICT] KRW-WCT → KRW-WCT_pred.csv (총 6236건, 신호 3167건)
2025-06-04 20:14:08,381 [F5] [INFO] [PREDICT] KRW-XRP → KRW-XRP_pred.csv (총 6234건, 신호 733건)
2025-06-04 20:20:40,382 [F5] [INFO] [PREDICT] KRW-ADA → KRW-ADA_pred.csv (총 6332건, 신호 1339건)
2025-06-04 20:20:41,027 [F5] [INFO] [PREDICT] KRW-AKT → KRW-AKT_pred.csv (총 9991건, 신호 3568건)
2025-06-04 20:20:41,609 [F5] [INFO] [PREDICT] KRW-APT → KRW-APT_pred.csv (총 8864건, 신호 1272건)
2025-06-04 20:20:42,396 [F5] [INFO] [PREDICT] KRW-AQT → KRW-AQT_pred.csv (총 11740건, 신호 4313건)
2025-06-04 20:20:42,917 [F5] [INFO] [PREDICT] KRW-ARB → KRW-ARB_pred.csv (총 7337건, 신호 1879건)
2025-06-04 20:20:43,577 [F5] [INFO] [PREDICT] KRW-ARK → KRW-ARK_pred.csv (총 10069건, 신호 1498건)
2025-06-04 20:20:44,169 [F5] [INFO] [PREDICT] KRW-AUCTION → KRW-AUCTION_pred.csv (총 8525건, 신호 1160건)
2025-06-04 20:20:44,651 [F5] [INFO] [PREDICT] KRW-BERA → KRW-BERA_pred.csv (총 7238건, 신호 2585건)
2025-06-04 20:20:45,179 [F5] [INFO] [PREDICT] KRW-CARV → KRW-CARV_pred.csv (총 7880건, 신호 2798건)
2025-06-04 20:20:46,060 [F5] [INFO] [PREDICT] KRW-CBK → KRW-CBK_pred.csv (총 14615건, 신호 3202건)
2025-06-04 20:20:46,624 [F5] [INFO] [PREDICT] KRW-COW → KRW-COW_pred.csv (총 7692건, 신호 4164건)
2025-06-04 20:20:47,312 [F5] [INFO] [PREDICT] KRW-CTC → KRW-CTC_pred.csv (총 10676건, 신호 1387건)
2025-06-04 20:20:47,873 [F5] [INFO] [PREDICT] KRW-DOT → KRW-DOT_pred.csv (총 8459건, 신호 1899건)
2025-06-04 20:20:48,442 [F5] [INFO] [PREDICT] KRW-DRIFT → KRW-DRIFT_pred.csv (총 8048건, 신호 3482건)
2025-06-04 20:20:48,944 [F5] [INFO] [PREDICT] KRW-EOS → KRW-EOS_pred.csv (총 7520건, 신호 3002건)
2025-06-04 20:20:49,749 [F5] [INFO] [PREDICT] KRW-ETC → KRW-ETC_pred.csv (총 5984건, 신호 1952건)
2025-06-04 20:20:51,246 [F5] [INFO] [PREDICT] KRW-GAS → KRW-GAS_pred.csv (총 9185건, 신호 1917건)
2025-06-04 20:20:52,096 [F5] [INFO] [PREDICT] KRW-INJ → KRW-INJ_pred.csv (총 7998건, 신호 2959건)
2025-06-04 20:20:52,836 [F5] [INFO] [PREDICT] KRW-JUP → KRW-JUP_pred.csv (총 7668건, 신호 3428건)
2025-06-04 20:20:53,432 [F5] [INFO] [PREDICT] KRW-KAITO → KRW-KAITO_pred.csv (총 6383건, 신호 2393건)
2025-06-04 20:20:53,919 [F5] [INFO] [PREDICT] KRW-LAYER → KRW-LAYER_pred.csv (총 6386건, 신호 1370건)
2025-06-04 20:20:54,549 [F5] [INFO] [PREDICT] KRW-LINK → KRW-LINK_pred.csv (총 6963건, 신호 979건)
2025-06-04 20:20:54,996 [F5] [INFO] [PREDICT] KRW-LPT → KRW-LPT_pred.csv (총 4707건, 신호 2429건)
2025-06-04 20:20:55,510 [F5] [INFO] [PREDICT] KRW-MASK → KRW-MASK_pred.csv (총 6494건, 신호 3343건)
2025-06-04 20:20:56,289 [F5] [INFO] [PREDICT] KRW-ME → KRW-ME_pred.csv (총 7865건, 신호 2737건)
2025-06-04 20:20:56,989 [F5] [INFO] [PREDICT] KRW-NEAR → KRW-NEAR_pred.csv (총 7116건, 신호 954건)
2025-06-04 20:20:57,807 [F5] [INFO] [PREDICT] KRW-NEO → KRW-NEO_pred.csv (총 8368건, 신호 1135건)
2025-06-04 20:20:58,367 [F5] [INFO] [PREDICT] KRW-NXPC → KRW-NXPC_pred.csv (총 6396건, 신호 3026건)
2025-06-04 20:20:58,964 [F5] [INFO] [PREDICT] KRW-OM → KRW-OM_pred.csv (총 7051건, 신호 3008건)
2025-06-04 20:20:59,642 [F5] [INFO] [PREDICT] KRW-ONDO → KRW-ONDO_pred.csv (총 6547건, 신호 940건)
2025-06-04 20:21:00,272 [F5] [INFO] [PREDICT] KRW-ORCA → KRW-ORCA_pred.csv (총 6932건, 신호 3222건)
2025-06-04 20:21:01,088 [F5] [INFO] [PREDICT] KRW-PENDLE → KRW-PENDLE_pred.csv (총 9380건, 신호 1896건)
2025-06-04 20:21:01,707 [F5] [INFO] [PREDICT] KRW-PUNDIX → KRW-PUNDIX_pred.csv (총 7853건, 신호 1579건)
2025-06-04 20:21:02,308 [F5] [INFO] [PREDICT] KRW-SAFE → KRW-SAFE_pred.csv (총 7060건, 신호 2687건)
2025-06-04 20:21:02,902 [F5] [INFO] [PREDICT] KRW-STX → KRW-STX_pred.csv (총 7325건, 신호 1528건)
2025-06-04 20:21:03,711 [F5] [INFO] [PREDICT] KRW-SUI → KRW-SUI_pred.csv (총 6383건, 신호 959건)
2025-06-04 20:21:04,796 [F5] [INFO] [PREDICT] KRW-TAIKO → KRW-TAIKO_pred.csv (총 7108건, 신호 2594건)
2025-06-04 20:21:06,243 [F5] [INFO] [PREDICT] KRW-TOKAMAK → KRW-TOKAMAK_pred.csv (총 12881건, 신호 4642건)
2025-06-04 20:21:06,903 [F5] [INFO] [PREDICT] KRW-TRUMP → KRW-TRUMP_pred.csv (총 6461건, 신호 831건)
2025-06-04 20:21:07,410 [F5] [INFO] [PREDICT] KRW-UNI → KRW-UNI_pred.csv (총 5464건, 신호 1676건)
2025-06-04 20:21:08,218 [F5] [INFO] [PREDICT] KRW-USDT → KRW-USDT_pred.csv (총 6283건, 신호 16건)
2025-06-04 20:21:08,933 [F5] [INFO] [PREDICT] KRW-UXLINK → KRW-UXLINK_pred.csv (총 6623건, 신호 3028건)
2025-06-04 20:21:09,551 [F5] [INFO] [PREDICT] KRW-VANA → KRW-VANA_pred.csv (총 6555건, 신호 3196건)
2025-06-04 20:21:10,190 [F5] [INFO] [PREDICT] KRW-VIRTUAL → KRW-VIRTUAL_pred.csv (총 6253건, 신호 3016건)
2025-06-04 20:21:10,931 [F5] [INFO] [PREDICT] KRW-WAVES → KRW-WAVES_pred.csv (총 9258건, 신호 3845건)
2025-06-04 20:21:11,593 [F5] [INFO] [PREDICT] KRW-WCT → KRW-WCT_pred.csv (총 6243건, 신호 2752건)
2025-06-04 20:21:12,193 [F5] [INFO] [PREDICT] KRW-XRP → KRW-XRP_pred.csv (총 6241건, 신호 712건)
2025-06-04 20:26:11,470 [F5] [INFO] [PREDICT] KRW-ADA → KRW-ADA_pred.csv (총 6338건, 신호 981건)
2025-06-04 20:26:12,502 [F5] [INFO] [PREDICT] KRW-AKT → KRW-AKT_pred.csv (총 9997건, 신호 3568건)
2025-06-04 20:26:13,222 [F5] [INFO] [PREDICT] KRW-APT → KRW-APT_pred.csv (총 8870건, 신호 1361건)
2025-06-04 20:26:14,359 [F5] [INFO] [PREDICT] KRW-AQT → KRW-AQT_pred.csv (총 11748건, 신호 4581건)
2025-06-04 20:26:14,995 [F5] [INFO] [PREDICT] KRW-ARB → KRW-ARB_pred.csv (총 7342건, 신호 1823건)
2025-06-04 20:26:16,368 [F5] [INFO] [PREDICT] KRW-ARK → KRW-ARK_pred.csv (총 10074건, 신호 1431건)
2025-06-04 20:26:17,519 [F5] [INFO] [PREDICT] KRW-AUCTION → KRW-AUCTION_pred.csv (총 8530건, 신호 1172건)
2025-06-04 20:26:18,516 [F5] [INFO] [PREDICT] KRW-BERA → KRW-BERA_pred.csv (총 7243건, 신호 2660건)
2025-06-04 20:26:19,495 [F5] [INFO] [PREDICT] KRW-CARV → KRW-CARV_pred.csv (총 7887건, 신호 2856건)
2025-06-04 20:26:20,581 [F5] [INFO] [PREDICT] KRW-CBK → KRW-CBK_pred.csv (총 14618건, 신호 3201건)
2025-06-04 20:26:21,210 [F5] [INFO] [PREDICT] KRW-COW → KRW-COW_pred.csv (총 7696건, 신호 4136건)
2025-06-04 20:26:22,237 [F5] [INFO] [PREDICT] KRW-CTC → KRW-CTC_pred.csv (총 10680건, 신호 1376건)
2025-06-04 20:26:22,850 [F5] [INFO] [PREDICT] KRW-DOT → KRW-DOT_pred.csv (총 8464건, 신호 1867건)
2025-06-04 20:26:23,404 [F5] [INFO] [PREDICT] KRW-DRIFT → KRW-DRIFT_pred.csv (총 8052건, 신호 3391건)
2025-06-04 20:26:23,992 [F5] [INFO] [PREDICT] KRW-EOS → KRW-EOS_pred.csv (총 7526건, 신호 3043건)
2025-06-04 20:26:24,429 [F5] [INFO] [PREDICT] KRW-ETC → KRW-ETC_pred.csv (총 5984건, 신호 1952건)
2025-06-04 20:26:25,080 [F5] [INFO] [PREDICT] KRW-GAS → KRW-GAS_pred.csv (총 9190건, 신호 1925건)
2025-06-04 20:26:25,658 [F5] [INFO] [PREDICT] KRW-INJ → KRW-INJ_pred.csv (총 8003건, 신호 3009건)
2025-06-04 20:26:26,148 [F5] [INFO] [PREDICT] KRW-JUP → KRW-JUP_pred.csv (총 7674건, 신호 2849건)
2025-06-04 20:26:26,630 [F5] [INFO] [PREDICT] KRW-KAITO → KRW-KAITO_pred.csv (총 6389건, 신호 2378건)
2025-06-04 20:26:27,368 [F5] [INFO] [PREDICT] KRW-LAYER → KRW-LAYER_pred.csv (총 6391건, 신호 1352건)
2025-06-04 20:26:28,336 [F5] [INFO] [PREDICT] KRW-LINK → KRW-LINK_pred.csv (총 6969건, 신호 910건)
2025-06-04 20:26:28,919 [F5] [INFO] [PREDICT] KRW-LPT → KRW-LPT_pred.csv (총 4707건, 신호 2429건)
2025-06-04 20:26:29,830 [F5] [INFO] [PREDICT] KRW-MASK → KRW-MASK_pred.csv (총 6499건, 신호 3348건)
2025-06-04 20:26:30,820 [F5] [INFO] [PREDICT] KRW-ME → KRW-ME_pred.csv (총 7870건, 신호 2644건)
2025-06-04 20:26:31,577 [F5] [INFO] [PREDICT] KRW-NEAR → KRW-NEAR_pred.csv (총 7121건, 신호 992건)
2025-06-04 20:26:32,173 [F5] [INFO] [PREDICT] KRW-NEO → KRW-NEO_pred.csv (총 8374건, 신호 1068건)
2025-06-04 20:26:32,648 [F5] [INFO] [PREDICT] KRW-NXPC → KRW-NXPC_pred.csv (총 6401건, 신호 2696건)
2025-06-04 20:26:33,163 [F5] [INFO] [PREDICT] KRW-OM → KRW-OM_pred.csv (총 7056건, 신호 2918건)
2025-06-04 20:26:33,705 [F5] [INFO] [PREDICT] KRW-ONDO → KRW-ONDO_pred.csv (총 6552건, 신호 907건)
2025-06-04 20:26:34,265 [F5] [INFO] [PREDICT] KRW-ORCA → KRW-ORCA_pred.csv (총 6937건, 신호 3125건)
2025-06-04 20:26:35,567 [F5] [INFO] [PREDICT] KRW-PENDLE → KRW-PENDLE_pred.csv (총 9380건, 신호 1896건)
2025-06-04 20:26:36,623 [F5] [INFO] [PREDICT] KRW-PUNDIX → KRW-PUNDIX_pred.csv (총 7858건, 신호 1483건)
2025-06-04 20:26:37,633 [F5] [INFO] [PREDICT] KRW-SAFE → KRW-SAFE_pred.csv (총 7066건, 신호 2648건)
2025-06-04 20:26:38,485 [F5] [INFO] [PREDICT] KRW-STX → KRW-STX_pred.csv (총 7330건, 신호 1557건)
2025-06-04 20:26:39,012 [F5] [INFO] [PREDICT] KRW-SUI → KRW-SUI_pred.csv (총 6388건, 신호 967건)
2025-06-04 20:26:39,580 [F5] [INFO] [PREDICT] KRW-TAIKO → KRW-TAIKO_pred.csv (총 7112건, 신호 3616건)
2025-06-04 20:26:40,396 [F5] [INFO] [PREDICT] KRW-TOKAMAK → KRW-TOKAMAK_pred.csv (총 12889건, 신호 4671건)
2025-06-04 20:26:40,906 [F5] [INFO] [PREDICT] KRW-TRUMP → KRW-TRUMP_pred.csv (총 6466건, 신호 858건)
2025-06-04 20:26:41,317 [F5] [INFO] [PREDICT] KRW-UNI → KRW-UNI_pred.csv (총 5464건, 신호 1676건)
2025-06-04 20:26:41,805 [F5] [INFO] [PREDICT] KRW-USDT → KRW-USDT_pred.csv (총 6288건, 신호 16건)
2025-06-04 20:26:42,458 [F5] [INFO] [PREDICT] KRW-UXLINK → KRW-UXLINK_pred.csv (총 6628건, 신호 3002건)
2025-06-04 20:26:42,970 [F5] [INFO] [PREDICT] KRW-VANA → KRW-VANA_pred.csv (총 6560건, 신호 3243건)
2025-06-04 20:26:43,468 [F5] [INFO] [PREDICT] KRW-VIRTUAL → KRW-VIRTUAL_pred.csv (총 6258건, 신호 2925건)
2025-06-04 20:26:44,184 [F5] [INFO] [PREDICT] KRW-WAVES → KRW-WAVES_pred.csv (총 9265건, 신호 3821건)
2025-06-04 20:26:44,630 [F5] [INFO] [PREDICT] KRW-WCT → KRW-WCT_pred.csv (총 6248건, 신호 2847건)
2025-06-04 20:26:45,044 [F5] [INFO] [PREDICT] KRW-XRP → KRW-XRP_pred.csv (총 6246건, 신호 725건)
2025-06-04 20:33:17,353 [F5] [INFO] [PREDICT] KRW-ADA → KRW-ADA_pred.csv (총 6345건, 신호 1005건)
2025-06-04 20:33:18,390 [F5] [INFO] [PREDICT] KRW-AKT → KRW-AKT_pred.csv (총 10001건, 신호 3604건)
2025-06-04 20:33:19,545 [F5] [INFO] [PREDICT] KRW-APT → KRW-APT_pred.csv (총 8877건, 신호 1358건)
2025-06-04 20:33:20,634 [F5] [INFO] [PREDICT] KRW-AQT → KRW-AQT_pred.csv (총 11759건, 신호 4750건)
2025-06-04 20:33:21,359 [F5] [INFO] [PREDICT] KRW-ARB → KRW-ARB_pred.csv (총 7347건, 신호 1721건)
2025-06-04 20:33:22,478 [F5] [INFO] [PREDICT] KRW-ARK → KRW-ARK_pred.csv (총 10081건, 신호 1488건)
2025-06-04 20:33:23,130 [F5] [INFO] [PREDICT] KRW-AUCTION → KRW-AUCTION_pred.csv (총 8538건, 신호 1161건)
2025-06-04 20:33:23,681 [F5] [INFO] [PREDICT] KRW-BERA → KRW-BERA_pred.csv (총 7250건, 신호 2600건)
2025-06-04 20:33:24,251 [F5] [INFO] [PREDICT] KRW-CARV → KRW-CARV_pred.csv (총 7890건, 신호 2835건)
2025-06-04 20:33:25,115 [F5] [INFO] [PREDICT] KRW-CBK → KRW-CBK_pred.csv (총 14628건, 신호 3318건)
2025-06-04 20:33:25,664 [F5] [INFO] [PREDICT] KRW-COW → KRW-COW_pred.csv (총 7704건, 신호 3954건)
2025-06-04 20:33:26,407 [F5] [INFO] [PREDICT] KRW-CTC → KRW-CTC_pred.csv (총 10690건, 신호 1476건)
2025-06-04 20:33:27,076 [F5] [INFO] [PREDICT] KRW-DOT → KRW-DOT_pred.csv (총 8471건, 신호 1777건)
2025-06-04 20:33:27,592 [F5] [INFO] [PREDICT] KRW-DRIFT → KRW-DRIFT_pred.csv (총 8059건, 신호 3482건)
2025-06-04 20:33:28,057 [F5] [INFO] [PREDICT] KRW-EOS → KRW-EOS_pred.csv (총 7534건, 신호 3043건)
2025-06-04 20:33:28,481 [F5] [INFO] [PREDICT] KRW-ETC → KRW-ETC_pred.csv (총 5984건, 신호 1952건)
2025-06-04 20:33:29,225 [F5] [INFO] [PREDICT] KRW-GAS → KRW-GAS_pred.csv (총 9195건, 신호 2004건)
2025-06-04 20:33:29,919 [F5] [INFO] [PREDICT] KRW-INJ → KRW-INJ_pred.csv (총 8010건, 신호 2965건)
2025-06-04 20:33:30,896 [F5] [INFO] [PREDICT] KRW-JUP → KRW-JUP_pred.csv (총 7682건, 신호 2654건)
2025-06-04 20:33:31,622 [F5] [INFO] [PREDICT] KRW-KAITO → KRW-KAITO_pred.csv (총 6397건, 신호 2415건)
2025-06-04 20:33:32,370 [F5] [INFO] [PREDICT] KRW-LAYER → KRW-LAYER_pred.csv (총 6398건, 신호 1439건)
2025-06-04 20:33:33,329 [F5] [INFO] [PREDICT] KRW-LINK → KRW-LINK_pred.csv (총 6975건, 신호 936건)
2025-06-04 20:33:33,906 [F5] [INFO] [PREDICT] KRW-LPT → KRW-LPT_pred.csv (총 4707건, 신호 2429건)
2025-06-04 20:33:34,401 [F5] [INFO] [PREDICT] KRW-MASK → KRW-MASK_pred.csv (총 6506건, 신호 3330건)
2025-06-04 20:33:34,938 [F5] [INFO] [PREDICT] KRW-ME → KRW-ME_pred.csv (총 7877건, 신호 2694건)
2025-06-04 20:33:35,775 [F5] [INFO] [PREDICT] KRW-NEAR → KRW-NEAR_pred.csv (총 7127건, 신호 1012건)
2025-06-04 20:33:36,631 [F5] [INFO] [PREDICT] KRW-NEO → KRW-NEO_pred.csv (총 8380건, 신호 1117건)
2025-06-04 20:33:37,310 [F5] [INFO] [PREDICT] KRW-NXPC → KRW-NXPC_pred.csv (총 6408건, 신호 2710건)
2025-06-04 20:33:38,023 [F5] [INFO] [PREDICT] KRW-OM → KRW-OM_pred.csv (총 7061건, 신호 3144건)
2025-06-04 20:33:38,575 [F5] [INFO] [PREDICT] KRW-ONDO → KRW-ONDO_pred.csv (총 6559건, 신호 1469건)
2025-06-04 20:33:39,121 [F5] [INFO] [PREDICT] KRW-ORCA → KRW-ORCA_pred.csv (총 6943건, 신호 3191건)
2025-06-04 20:33:39,789 [F5] [INFO] [PREDICT] KRW-PENDLE → KRW-PENDLE_pred.csv (총 9380건, 신호 1896건)
2025-06-04 20:33:40,395 [F5] [INFO] [PREDICT] KRW-PUNDIX → KRW-PUNDIX_pred.csv (총 7864건, 신호 1533건)
2025-06-04 20:33:40,928 [F5] [INFO] [PREDICT] KRW-SAFE → KRW-SAFE_pred.csv (총 7073건, 신호 2677건)
2025-06-04 20:33:41,485 [F5] [INFO] [PREDICT] KRW-STX → KRW-STX_pred.csv (총 7336건, 신호 1146건)
2025-06-04 20:33:41,994 [F5] [INFO] [PREDICT] KRW-SUI → KRW-SUI_pred.csv (총 6395건, 신호 931건)
2025-06-04 20:33:42,536 [F5] [INFO] [PREDICT] KRW-TAIKO → KRW-TAIKO_pred.csv (총 7120건, 신호 3561건)
2025-06-04 20:33:43,312 [F5] [INFO] [PREDICT] KRW-TOKAMAK → KRW-TOKAMAK_pred.csv (총 12895건, 신호 4660건)
2025-06-04 20:33:43,764 [F5] [INFO] [PREDICT] KRW-TRUMP → KRW-TRUMP_pred.csv (총 6473건, 신호 866건)
2025-06-04 20:33:44,177 [F5] [INFO] [PREDICT] KRW-UNI → KRW-UNI_pred.csv (총 5464건, 신호 1676건)
2025-06-04 20:33:44,643 [F5] [INFO] [PREDICT] KRW-USDT → KRW-USDT_pred.csv (총 6295건, 신호 16건)
2025-06-04 20:33:45,108 [F5] [INFO] [PREDICT] KRW-UXLINK → KRW-UXLINK_pred.csv (총 6635건, 신호 2867건)
2025-06-04 20:33:45,624 [F5] [INFO] [PREDICT] KRW-VANA → KRW-VANA_pred.csv (총 6567건, 신호 3141건)
2025-06-04 20:33:46,160 [F5] [INFO] [PREDICT] KRW-VIRTUAL → KRW-VIRTUAL_pred.csv (총 6265건, 신호 2657건)
2025-06-04 20:33:46,831 [F5] [INFO] [PREDICT] KRW-WAVES → KRW-WAVES_pred.csv (총 9269건, 신호 3873건)
2025-06-04 20:33:47,486 [F5] [INFO] [PREDICT] KRW-WCT → KRW-WCT_pred.csv (총 6255건, 신호 2540건)
2025-06-04 20:33:47,919 [F5] [INFO] [PREDICT] KRW-XRP → KRW-XRP_pred.csv (총 6253건, 신호 709건)
2025-06-04 20:37:56,780 [F5] [INFO] [PREDICT] KRW-ADA → KRW-ADA_pred.csv (총 6350건, 신호 911건)
2025-06-04 20:37:57,347 [F5] [INFO] [PREDICT] KRW-AKT → KRW-AKT_pred.csv (총 10008건, 신호 3614건)
2025-06-04 20:37:57,869 [F5] [INFO] [PREDICT] KRW-APT → KRW-APT_pred.csv (총 8881건, 신호 1262건)
2025-06-04 20:37:58,678 [F5] [INFO] [PREDICT] KRW-AQT → KRW-AQT_pred.csv (총 11763건, 신호 4147건)
2025-06-04 20:37:59,212 [F5] [INFO] [PREDICT] KRW-ARB → KRW-ARB_pred.csv (총 7354건, 신호 1731건)
2025-06-04 20:37:59,929 [F5] [INFO] [PREDICT] KRW-ARK → KRW-ARK_pred.csv (총 10084건, 신호 1502건)
2025-06-04 20:38:00,611 [F5] [INFO] [PREDICT] KRW-AUCTION → KRW-AUCTION_pred.csv (총 8543건, 신호 1166건)
2025-06-04 20:38:01,157 [F5] [INFO] [PREDICT] KRW-BERA → KRW-BERA_pred.csv (총 7255건, 신호 2691건)
2025-06-04 20:38:02,116 [F5] [INFO] [PREDICT] KRW-CARV → KRW-CARV_pred.csv (총 7897건, 신호 2835건)
2025-06-04 20:38:03,834 [F5] [INFO] [PREDICT] KRW-CBK → KRW-CBK_pred.csv (총 14628건, 신호 3318건)
2025-06-04 20:38:04,810 [F5] [INFO] [PREDICT] KRW-COW → KRW-COW_pred.csv (총 7709건, 신호 4080건)
2025-06-04 20:38:06,224 [F5] [INFO] [PREDICT] KRW-CTC → KRW-CTC_pred.csv (총 10697건, 신호 1512건)
2025-06-04 20:38:07,288 [F5] [INFO] [PREDICT] KRW-DOT → KRW-DOT_pred.csv (총 8476건, 신호 1904건)
2025-06-04 20:38:08,199 [F5] [INFO] [PREDICT] KRW-DRIFT → KRW-DRIFT_pred.csv (총 8063건, 신호 3431건)
2025-06-04 20:38:08,667 [F5] [INFO] [PREDICT] KRW-EOS → KRW-EOS_pred.csv (총 7538건, 신호 2996건)
2025-06-04 20:38:09,053 [F5] [INFO] [PREDICT] KRW-ETC → KRW-ETC_pred.csv (총 5984건, 신호 1952건)
2025-06-04 20:38:09,634 [F5] [INFO] [PREDICT] KRW-GAS → KRW-GAS_pred.csv (총 9201건, 신호 1793건)
2025-06-04 20:38:10,234 [F5] [INFO] [PREDICT] KRW-INJ → KRW-INJ_pred.csv (총 8014건, 신호 3050건)
2025-06-04 20:38:10,809 [F5] [INFO] [PREDICT] KRW-JUP → KRW-JUP_pred.csv (총 7686건, 신호 2627건)
2025-06-04 20:38:11,272 [F5] [INFO] [PREDICT] KRW-KAITO → KRW-KAITO_pred.csv (총 6400건, 신호 2487건)
2025-06-04 20:38:11,719 [F5] [INFO] [PREDICT] KRW-LAYER → KRW-LAYER_pred.csv (총 6403건, 신호 1354건)
2025-06-04 20:38:12,265 [F5] [INFO] [PREDICT] KRW-LINK → KRW-LINK_pred.csv (총 6981건, 신호 914건)
2025-06-04 20:38:12,703 [F5] [INFO] [PREDICT] KRW-LPT → KRW-LPT_pred.csv (총 4707건, 신호 2429건)
2025-06-04 20:38:13,159 [F5] [INFO] [PREDICT] KRW-MASK → KRW-MASK_pred.csv (총 6511건, 신호 3238건)
2025-06-04 20:38:13,756 [F5] [INFO] [PREDICT] KRW-ME → KRW-ME_pred.csv (총 7882건, 신호 2746건)
2025-06-04 20:38:14,262 [F5] [INFO] [PREDICT] KRW-NEAR → KRW-NEAR_pred.csv (총 7133건, 신호 963건)
2025-06-04 20:38:14,898 [F5] [INFO] [PREDICT] KRW-NEO → KRW-NEO_pred.csv (총 8385건, 신호 1117건)
2025-06-04 20:38:15,434 [F5] [INFO] [PREDICT] KRW-NXPC → KRW-NXPC_pred.csv (총 6413건, 신호 2666건)
2025-06-04 20:38:15,939 [F5] [INFO] [PREDICT] KRW-OM → KRW-OM_pred.csv (총 7068건, 신호 3126건)
2025-06-04 20:38:16,359 [F5] [INFO] [PREDICT] KRW-ONDO → KRW-ONDO_pred.csv (총 6564건, 신호 1364건)
2025-06-04 20:38:16,947 [F5] [INFO] [PREDICT] KRW-ORCA → KRW-ORCA_pred.csv (총 6949건, 신호 2998건)
2025-06-04 20:38:17,628 [F5] [INFO] [PREDICT] KRW-PENDLE → KRW-PENDLE_pred.csv (총 9380건, 신호 1896건)
2025-06-04 20:38:18,226 [F5] [INFO] [PREDICT] KRW-PUNDIX → KRW-PUNDIX_pred.csv (총 7870건, 신호 1505건)
2025-06-04 20:38:18,833 [F5] [INFO] [PREDICT] KRW-SAFE → KRW-SAFE_pred.csv (총 7078건, 신호 2722건)
2025-06-04 20:38:19,409 [F5] [INFO] [PREDICT] KRW-STX → KRW-STX_pred.csv (총 7342건, 신호 1165건)
2025-06-04 20:38:19,933 [F5] [INFO] [PREDICT] KRW-SUI → KRW-SUI_pred.csv (총 6400건, 신호 999건)
2025-06-04 20:38:20,450 [F5] [INFO] [PREDICT] KRW-TAIKO → KRW-TAIKO_pred.csv (총 7125건, 신호 3566건)
2025-06-04 20:38:21,218 [F5] [INFO] [PREDICT] KRW-TOKAMAK → KRW-TOKAMAK_pred.csv (총 12900건, 신호 4662건)
2025-06-04 20:38:21,698 [F5] [INFO] [PREDICT] KRW-TRUMP → KRW-TRUMP_pred.csv (총 6478건, 신호 869건)
2025-06-04 20:38:22,139 [F5] [INFO] [PREDICT] KRW-UNI → KRW-UNI_pred.csv (총 5464건, 신호 1676건)
2025-06-04 20:38:22,641 [F5] [INFO] [PREDICT] KRW-USDT → KRW-USDT_pred.csv (총 6300건, 신호 16건)
2025-06-04 20:38:23,183 [F5] [INFO] [PREDICT] KRW-UXLINK → KRW-UXLINK_pred.csv (총 6639건, 신호 2972건)
2025-06-04 20:38:23,703 [F5] [INFO] [PREDICT] KRW-VANA → KRW-VANA_pred.csv (총 6572건, 신호 3142건)
2025-06-04 20:38:24,223 [F5] [INFO] [PREDICT] KRW-VIRTUAL → KRW-VIRTUAL_pred.csv (총 6270건, 신호 3025건)
2025-06-04 20:38:24,830 [F5] [INFO] [PREDICT] KRW-WAVES → KRW-WAVES_pred.csv (총 9272건, 신호 4001건)
2025-06-04 20:38:25,303 [F5] [INFO] [PREDICT] KRW-WCT → KRW-WCT_pred.csv (총 6260건, 신호 2950건)
2025-06-04 20:38:25,757 [F5] [INFO] [PREDICT] KRW-XRP → KRW-XRP_pred.csv (총 6258건, 신호 757건)
2025-06-04 20:40:54,641 [F5] [INFO] [PREDICT] KRW-ADA → KRW-ADA_pred.csv (총 6352건, 신호 1186건)
2025-06-04 20:40:55,609 [F5] [INFO] [PREDICT] KRW-AKT → KRW-AKT_pred.csv (총 10008건, 신호 3614건)
2025-06-04 20:40:56,691 [F5] [INFO] [PREDICT] KRW-APT → KRW-APT_pred.csv (총 8884건, 신호 1254건)
2025-06-04 20:40:57,937 [F5] [INFO] [PREDICT] KRW-AQT → KRW-AQT_pred.csv (총 11765건, 신호 4051건)
2025-06-04 20:40:58,969 [F5] [INFO] [PREDICT] KRW-ARB → KRW-ARB_pred.csv (총 7356건, 신호 2053건)
2025-06-04 20:40:59,838 [F5] [INFO] [PREDICT] KRW-ARK → KRW-ARK_pred.csv (총 10084건, 신호 1502건)
2025-06-04 20:41:00,426 [F5] [INFO] [PREDICT] KRW-AUCTION → KRW-AUCTION_pred.csv (총 8546건, 신호 1208건)
2025-06-04 20:41:00,964 [F5] [INFO] [PREDICT] KRW-BERA → KRW-BERA_pred.csv (총 7257건, 신호 2729건)
2025-06-04 20:41:01,504 [F5] [INFO] [PREDICT] KRW-CARV → KRW-CARV_pred.csv (총 7901건, 신호 2800건)
2025-06-04 20:41:02,482 [F5] [INFO] [PREDICT] KRW-CBK → KRW-CBK_pred.csv (총 14636건, 신호 3184건)
2025-06-04 20:41:03,013 [F5] [INFO] [PREDICT] KRW-COW → KRW-COW_pred.csv (총 7712건, 신호 3884건)
2025-06-04 20:41:03,965 [F5] [INFO] [PREDICT] KRW-CTC → KRW-CTC_pred.csv (총 10698건, 신호 1548건)
2025-06-04 20:41:04,543 [F5] [INFO] [PREDICT] KRW-DOT → KRW-DOT_pred.csv (총 8478건, 신호 1831건)
2025-06-04 20:41:05,116 [F5] [INFO] [PREDICT] KRW-DRIFT → KRW-DRIFT_pred.csv (총 8069건, 신호 3498건)
2025-06-04 20:41:05,601 [F5] [INFO] [PREDICT] KRW-EOS → KRW-EOS_pred.csv (총 7541건, 신호 2997건)
2025-06-04 20:41:06,018 [F5] [INFO] [PREDICT] KRW-ETC → KRW-ETC_pred.csv (총 5984건, 신호 1952건)
2025-06-04 20:41:06,682 [F5] [INFO] [PREDICT] KRW-GAS → KRW-GAS_pred.csv (총 9204건, 신호 1767건)
2025-06-04 20:41:07,176 [F5] [INFO] [PREDICT] KRW-INJ → KRW-INJ_pred.csv (총 8017건, 신호 2978건)
2025-06-04 20:41:07,689 [F5] [INFO] [PREDICT] KRW-JUP → KRW-JUP_pred.csv (총 7688건, 신호 2627건)
2025-06-04 20:41:08,197 [F5] [INFO] [PREDICT] KRW-KAITO → KRW-KAITO_pred.csv (총 6403건, 신호 2327건)
2025-06-04 20:41:08,714 [F5] [INFO] [PREDICT] KRW-LAYER → KRW-LAYER_pred.csv (총 6406건, 신호 1280건)
2025-06-04 20:41:09,395 [F5] [INFO] [PREDICT] KRW-LINK → KRW-LINK_pred.csv (총 6984건, 신호 911건)
2025-06-04 20:41:10,129 [F5] [INFO] [PREDICT] KRW-LPT → KRW-LPT_pred.csv (총 4707건, 신호 2429건)
2025-06-04 20:41:11,165 [F5] [INFO] [PREDICT] KRW-MASK → KRW-MASK_pred.csv (총 6514건, 신호 3326건)
2025-06-04 20:41:12,318 [F5] [INFO] [PREDICT] KRW-ME → KRW-ME_pred.csv (총 7885건, 신호 2690건)
2025-06-04 20:41:13,607 [F5] [INFO] [PREDICT] KRW-NEAR → KRW-NEAR_pred.csv (총 7135건, 신호 944건)
2025-06-04 20:41:14,826 [F5] [INFO] [PREDICT] KRW-NEO → KRW-NEO_pred.csv (총 8388건, 신호 1069건)
2025-06-04 20:41:15,890 [F5] [INFO] [PREDICT] KRW-NXPC → KRW-NXPC_pred.csv (총 6416건, 신호 2784건)
2025-06-04 20:41:16,826 [F5] [INFO] [PREDICT] KRW-OM → KRW-OM_pred.csv (총 7070건, 신호 3178건)
2025-06-04 20:41:17,894 [F5] [INFO] [PREDICT] KRW-ONDO → KRW-ONDO_pred.csv (총 6567건, 신호 1027건)
2025-06-04 20:41:18,766 [F5] [INFO] [PREDICT] KRW-ORCA → KRW-ORCA_pred.csv (총 6951건, 신호 3005건)
2025-06-04 20:41:19,835 [F5] [INFO] [PREDICT] KRW-PENDLE → KRW-PENDLE_pred.csv (총 9380건, 신호 1896건)
2025-06-04 20:41:20,521 [F5] [INFO] [PREDICT] KRW-PUNDIX → KRW-PUNDIX_pred.csv (총 7871건, 신호 1506건)
2025-06-04 20:41:21,172 [F5] [INFO] [PREDICT] KRW-SAFE → KRW-SAFE_pred.csv (총 7082건, 신호 2668건)
2025-06-04 20:41:21,916 [F5] [INFO] [PREDICT] KRW-STX → KRW-STX_pred.csv (총 7345건, 신호 1241건)
2025-06-04 20:41:22,496 [F5] [INFO] [PREDICT] KRW-SUI → KRW-SUI_pred.csv (총 6403건, 신호 949건)
2025-06-04 20:41:23,065 [F5] [INFO] [PREDICT] KRW-TAIKO → KRW-TAIKO_pred.csv (총 7127건, 신호 3585건)
2025-06-04 20:41:23,935 [F5] [INFO] [PREDICT] KRW-TOKAMAK → KRW-TOKAMAK_pred.csv (총 12904건, 신호 4588건)
2025-06-04 20:41:24,410 [F5] [INFO] [PREDICT] KRW-TRUMP → KRW-TRUMP_pred.csv (총 6480건, 신호 925건)
2025-06-04 20:41:24,857 [F5] [INFO] [PREDICT] KRW-UNI → KRW-UNI_pred.csv (총 5464건, 신호 1676건)
2025-06-04 20:41:25,408 [F5] [INFO] [PREDICT] KRW-USDT → KRW-USDT_pred.csv (총 6303건, 신호 16건)
2025-06-04 20:41:25,911 [F5] [INFO] [PREDICT] KRW-UXLINK → KRW-UXLINK_pred.csv (총 6643건, 신호 2774건)
2025-06-04 20:41:26,479 [F5] [INFO] [PREDICT] KRW-VANA → KRW-VANA_pred.csv (총 6575건, 신호 3117건)
2025-06-04 20:41:27,123 [F5] [INFO] [PREDICT] KRW-VIRTUAL → KRW-VIRTUAL_pred.csv (총 6273건, 신호 2905건)
2025-06-04 20:41:27,798 [F5] [INFO] [PREDICT] KRW-WAVES → KRW-WAVES_pred.csv (총 9280건, 신호 3815건)
2025-06-04 20:41:28,409 [F5] [INFO] [PREDICT] KRW-WCT → KRW-WCT_pred.csv (총 6263건, 신호 2739건)
2025-06-04 20:41:28,996 [F5] [INFO] [PREDICT] KRW-XRP → KRW-XRP_pred.csv (총 6261건, 신호 722건)
2025-06-04 20:48:03,912 [F5] [INFO] [PREDICT] KRW-ADA → KRW-ADA_pred.csv (총 6359건, 신호 1141건)
2025-06-04 20:48:04,519 [F5] [INFO] [PREDICT] KRW-AKT → KRW-AKT_pred.csv (총 10018건, 신호 3610건)
2025-06-04 20:48:05,211 [F5] [INFO] [PREDICT] KRW-APT → KRW-APT_pred.csv (총 8891건, 신호 1288건)
2025-06-04 20:48:05,964 [F5] [INFO] [PREDICT] KRW-AQT → KRW-AQT_pred.csv (총 11773건, 신호 4550건)
2025-06-04 20:48:06,683 [F5] [INFO] [PREDICT] KRW-ARB → KRW-ARB_pred.csv (총 7363건, 신호 2125건)
2025-06-04 20:48:07,827 [F5] [INFO] [PREDICT] KRW-ARK → KRW-ARK_pred.csv (총 10093건, 신호 1391건)
2025-06-04 20:48:08,675 [F5] [INFO] [PREDICT] KRW-AUCTION → KRW-AUCTION_pred.csv (총 8553건, 신호 1155건)
2025-06-04 20:48:09,572 [F5] [INFO] [PREDICT] KRW-BERA → KRW-BERA_pred.csv (총 7264건, 신호 2665건)
2025-06-04 20:48:10,473 [F5] [INFO] [PREDICT] KRW-CARV → KRW-CARV_pred.csv (총 7907건, 신호 2874건)
2025-06-04 20:48:12,220 [F5] [INFO] [PREDICT] KRW-CBK → KRW-CBK_pred.csv (총 14637건, 신호 3187건)
2025-06-04 20:48:13,096 [F5] [INFO] [PREDICT] KRW-COW → KRW-COW_pred.csv (총 7719건, 신호 3898건)
2025-06-04 20:48:14,387 [F5] [INFO] [PREDICT] KRW-CTC → KRW-CTC_pred.csv (총 10707건, 신호 1499건)
2025-06-04 20:48:15,277 [F5] [INFO] [PREDICT] KRW-DOT → KRW-DOT_pred.csv (총 8483건, 신호 1859건)
2025-06-04 20:48:15,881 [F5] [INFO] [PREDICT] KRW-DRIFT → KRW-DRIFT_pred.csv (총 8075건, 신호 3463건)
2025-06-04 20:48:16,469 [F5] [INFO] [PREDICT] KRW-EOS → KRW-EOS_pred.csv (총 7546건, 신호 3028건)
2025-06-04 20:48:16,928 [F5] [INFO] [PREDICT] KRW-ETC → KRW-ETC_pred.csv (총 5984건, 신호 1952건)
2025-06-04 20:48:17,566 [F5] [INFO] [PREDICT] KRW-GAS → KRW-GAS_pred.csv (총 9210건, 신호 1870건)
2025-06-04 20:48:18,141 [F5] [INFO] [PREDICT] KRW-INJ → KRW-INJ_pred.csv (총 8025건, 신호 2961건)
2025-06-04 20:48:18,673 [F5] [INFO] [PREDICT] KRW-JUP → KRW-JUP_pred.csv (총 7695건, 신호 2642건)
2025-06-04 20:48:19,320 [F5] [INFO] [PREDICT] KRW-KAITO → KRW-KAITO_pred.csv (총 6410건, 신호 2441건)
2025-06-04 20:48:19,793 [F5] [INFO] [PREDICT] KRW-LAYER → KRW-LAYER_pred.csv (총 6413건, 신호 1264건)
2025-06-04 20:48:20,305 [F5] [INFO] [PREDICT] KRW-LINK → KRW-LINK_pred.csv (총 6991건, 신호 920건)
2025-06-04 20:48:20,718 [F5] [INFO] [PREDICT] KRW-LPT → KRW-LPT_pred.csv (총 4707건, 신호 2429건)
2025-06-04 20:48:21,387 [F5] [INFO] [PREDICT] KRW-MASK → KRW-MASK_pred.csv (총 6521건, 신호 3269건)
2025-06-04 20:48:21,991 [F5] [INFO] [PREDICT] KRW-ME → KRW-ME_pred.csv (총 7892건, 신호 2883건)
2025-06-04 20:48:22,535 [F5] [INFO] [PREDICT] KRW-NEAR → KRW-NEAR_pred.csv (총 7142건, 신호 959건)
2025-06-04 20:48:23,194 [F5] [INFO] [PREDICT] KRW-NEO → KRW-NEO_pred.csv (총 8393건, 신호 1134건)
2025-06-04 20:48:23,846 [F5] [INFO] [PREDICT] KRW-NXPC → KRW-NXPC_pred.csv (총 6422건, 신호 2707건)
2025-06-04 20:48:24,384 [F5] [INFO] [PREDICT] KRW-OM → KRW-OM_pred.csv (총 7076건, 신호 3228건)
2025-06-04 20:48:24,853 [F5] [INFO] [PREDICT] KRW-ONDO → KRW-ONDO_pred.csv (총 6574건, 신호 1281건)
2025-06-04 20:48:25,383 [F5] [INFO] [PREDICT] KRW-ORCA → KRW-ORCA_pred.csv (총 6958건, 신호 3135건)
2025-06-04 20:48:26,513 [F5] [INFO] [PREDICT] KRW-PENDLE → KRW-PENDLE_pred.csv (총 9380건, 신호 1896건)
2025-06-04 20:48:27,642 [F5] [INFO] [PREDICT] KRW-PUNDIX → KRW-PUNDIX_pred.csv (총 7878건, 신호 1679건)
2025-06-04 20:48:28,437 [F5] [INFO] [PREDICT] KRW-SAFE → KRW-SAFE_pred.csv (총 7088건, 신호 3353건)
2025-06-04 20:48:29,428 [F5] [INFO] [PREDICT] KRW-STX → KRW-STX_pred.csv (총 7352건, 신호 1233건)
2025-06-04 20:48:30,147 [F5] [INFO] [PREDICT] KRW-SUI → KRW-SUI_pred.csv (총 6410건, 신호 1002건)
2025-06-04 20:48:30,749 [F5] [INFO] [PREDICT] KRW-TAIKO → KRW-TAIKO_pred.csv (총 7134건, 신호 2601건)
2025-06-04 20:48:31,597 [F5] [INFO] [PREDICT] KRW-TOKAMAK → KRW-TOKAMAK_pred.csv (총 12909건, 신호 4557건)
2025-06-04 20:48:32,269 [F5] [INFO] [PREDICT] KRW-TRUMP → KRW-TRUMP_pred.csv (총 6488건, 신호 855건)
2025-06-04 20:48:32,737 [F5] [INFO] [PREDICT] KRW-UNI → KRW-UNI_pred.csv (총 5464건, 신호 1676건)
2025-06-04 20:48:33,277 [F5] [INFO] [PREDICT] KRW-USDT → KRW-USDT_pred.csv (총 6310건, 신호 16건)
2025-06-04 20:48:33,845 [F5] [INFO] [PREDICT] KRW-UXLINK → KRW-UXLINK_pred.csv (총 6649건, 신호 2877건)
2025-06-04 20:48:34,399 [F5] [INFO] [PREDICT] KRW-VANA → KRW-VANA_pred.csv (총 6582건, 신호 3041건)
2025-06-04 20:48:34,998 [F5] [INFO] [PREDICT] KRW-VIRTUAL → KRW-VIRTUAL_pred.csv (총 6280건, 신호 3065건)
2025-06-04 20:48:35,628 [F5] [INFO] [PREDICT] KRW-WAVES → KRW-WAVES_pred.csv (총 9287건, 신호 3936건)
2025-06-04 20:48:36,077 [F5] [INFO] [PREDICT] KRW-WCT → KRW-WCT_pred.csv (총 6270건, 신호 2702건)
2025-06-04 20:48:36,545 [F5] [INFO] [PREDICT] KRW-XRP → KRW-XRP_pred.csv (총 6268건, 신호 781건)
2025-06-04 20:54:43,168 [F5] [INFO] [PREDICT] KRW-ADA → KRW-ADA_pred.csv (총 6365건, 신호 867건)
2025-06-04 20:54:43,736 [F5] [INFO] [PREDICT] KRW-AKT → KRW-AKT_pred.csv (총 10024건, 신호 3576건)
2025-06-04 20:54:44,284 [F5] [INFO] [PREDICT] KRW-APT → KRW-APT_pred.csv (총 8897건, 신호 1222건)
2025-06-04 20:54:44,972 [F5] [INFO] [PREDICT] KRW-AQT → KRW-AQT_pred.csv (총 11778건, 신호 4067건)
2025-06-04 20:54:45,419 [F5] [INFO] [PREDICT] KRW-ARB → KRW-ARB_pred.csv (총 7370건, 신호 4152건)
2025-06-04 20:54:46,057 [F5] [INFO] [PREDICT] KRW-ARK → KRW-ARK_pred.csv (총 10101건, 신호 1422건)
2025-06-04 20:54:46,617 [F5] [INFO] [PREDICT] KRW-AUCTION → KRW-AUCTION_pred.csv (총 8558건, 신호 1175건)
2025-06-04 20:54:47,070 [F5] [INFO] [PREDICT] KRW-BERA → KRW-BERA_pred.csv (총 7271건, 신호 2689건)
2025-06-04 20:54:47,558 [F5] [INFO] [PREDICT] KRW-CARV → KRW-CARV_pred.csv (총 7914건, 신호 2832건)
2025-06-04 20:54:48,723 [F5] [INFO] [PREDICT] KRW-CBK → KRW-CBK_pred.csv (총 14648건, 신호 3260건)
2025-06-04 20:54:49,712 [F5] [INFO] [PREDICT] KRW-COW → KRW-COW_pred.csv (총 7724건, 신호 3875건)
2025-06-04 20:54:51,069 [F5] [INFO] [PREDICT] KRW-CTC → KRW-CTC_pred.csv (총 10711건, 신호 1446건)
2025-06-04 20:54:52,155 [F5] [INFO] [PREDICT] KRW-DOT → KRW-DOT_pred.csv (총 8492건, 신호 1795건)
2025-06-04 20:54:53,170 [F5] [INFO] [PREDICT] KRW-DRIFT → KRW-DRIFT_pred.csv (총 8082건, 신호 3456건)
2025-06-04 20:54:54,088 [F5] [INFO] [PREDICT] KRW-EOS → KRW-EOS_pred.csv (총 7555건, 신호 3043건)
2025-06-04 20:54:54,767 [F5] [INFO] [PREDICT] KRW-ETC → KRW-ETC_pred.csv (총 5984건, 신호 1952건)
2025-06-04 20:54:55,835 [F5] [INFO] [PREDICT] KRW-GAS → KRW-GAS_pred.csv (총 9218건, 신호 1945건)
2025-06-04 20:54:56,770 [F5] [INFO] [PREDICT] KRW-INJ → KRW-INJ_pred.csv (총 8030건, 신호 2901건)
2025-06-04 20:54:57,635 [F5] [INFO] [PREDICT] KRW-JUP → KRW-JUP_pred.csv (총 7701건, 신호 2565건)
2025-06-04 20:54:58,498 [F5] [INFO] [PREDICT] KRW-KAITO → KRW-KAITO_pred.csv (총 6417건, 신호 2453건)
2025-06-04 20:54:59,320 [F5] [INFO] [PREDICT] KRW-LAYER → KRW-LAYER_pred.csv (총 6419건, 신호 1367건)
2025-06-04 20:55:00,194 [F5] [INFO] [PREDICT] KRW-LINK → KRW-LINK_pred.csv (총 6996건, 신호 979건)
2025-06-04 20:55:00,825 [F5] [INFO] [PREDICT] KRW-LPT → KRW-LPT_pred.csv (총 4707건, 신호 2429건)
2025-06-04 20:55:01,666 [F5] [INFO] [PREDICT] KRW-MASK → KRW-MASK_pred.csv (총 6527건, 신호 3245건)
2025-06-04 20:55:02,655 [F5] [INFO] [PREDICT] KRW-ME → KRW-ME_pred.csv (총 7898건, 신호 2852건)
2025-06-04 20:55:03,610 [F5] [INFO] [PREDICT] KRW-NEAR → KRW-NEAR_pred.csv (총 7148건, 신호 979건)
2025-06-04 20:55:04,711 [F5] [INFO] [PREDICT] KRW-NEO → KRW-NEO_pred.csv (총 8401건, 신호 1082건)
2025-06-04 20:55:05,658 [F5] [INFO] [PREDICT] KRW-NXPC → KRW-NXPC_pred.csv (총 6428건, 신호 3303건)
2025-06-04 20:55:06,599 [F5] [INFO] [PREDICT] KRW-OM → KRW-OM_pred.csv (총 7085건, 신호 3232건)
2025-06-04 20:55:07,529 [F5] [INFO] [PREDICT] KRW-ONDO → KRW-ONDO_pred.csv (총 6580건, 신호 862건)
2025-06-04 20:55:08,455 [F5] [INFO] [PREDICT] KRW-ORCA → KRW-ORCA_pred.csv (총 6965건, 신호 3063건)
2025-06-04 20:55:09,632 [F5] [INFO] [PREDICT] KRW-PENDLE → KRW-PENDLE_pred.csv (총 9380건, 신호 1896건)
2025-06-04 20:55:10,659 [F5] [INFO] [PREDICT] KRW-PUNDIX → KRW-PUNDIX_pred.csv (총 7885건, 신호 2477건)
2025-06-04 20:55:11,595 [F5] [INFO] [PREDICT] KRW-SAFE → KRW-SAFE_pred.csv (총 7094건, 신호 2718건)
2025-06-04 20:55:12,516 [F5] [INFO] [PREDICT] KRW-STX → KRW-STX_pred.csv (총 7357건, 신호 1489건)
2025-06-04 20:55:13,369 [F5] [INFO] [PREDICT] KRW-SUI → KRW-SUI_pred.csv (총 6416건, 신호 1058건)
2025-06-04 20:55:14,306 [F5] [INFO] [PREDICT] KRW-TAIKO → KRW-TAIKO_pred.csv (총 7141건, 신호 3586건)
2025-06-04 20:55:15,845 [F5] [INFO] [PREDICT] KRW-TOKAMAK → KRW-TOKAMAK_pred.csv (총 12917건, 신호 4666건)
2025-06-04 20:55:16,916 [F5] [INFO] [PREDICT] KRW-TRUMP → KRW-TRUMP_pred.csv (총 6494건, 신호 900건)
2025-06-04 20:55:17,641 [F5] [INFO] [PREDICT] KRW-UNI → KRW-UNI_pred.csv (총 5464건, 신호 1676건)
2025-06-04 20:55:18,516 [F5] [INFO] [PREDICT] KRW-USDT → KRW-USDT_pred.csv (총 6316건, 신호 16건)
2025-06-04 20:55:19,458 [F5] [INFO] [PREDICT] KRW-UXLINK → KRW-UXLINK_pred.csv (총 6656건, 신호 2845건)
2025-06-04 20:55:20,383 [F5] [INFO] [PREDICT] KRW-VANA → KRW-VANA_pred.csv (총 6587건, 신호 3294건)
2025-06-04 20:55:21,216 [F5] [INFO] [PREDICT] KRW-VIRTUAL → KRW-VIRTUAL_pred.csv (총 6286건, 신호 3074건)
2025-06-04 20:55:22,369 [F5] [INFO] [PREDICT] KRW-WAVES → KRW-WAVES_pred.csv (총 9293건, 신호 3882건)
2025-06-04 20:55:23,246 [F5] [INFO] [PREDICT] KRW-WCT → KRW-WCT_pred.csv (총 6276건, 신호 2954건)
2025-06-04 20:55:24,096 [F5] [INFO] [PREDICT] KRW-XRP → KRW-XRP_pred.csv (총 6274건, 신호 722건)
2025-06-04 20:59:46,715 [F5] [INFO] [PREDICT] KRW-ADA → KRW-ADA_pred.csv (총 6372건, 신호 1132건)
2025-06-04 20:59:47,301 [F5] [INFO] [PREDICT] KRW-AKT → KRW-AKT_pred.csv (총 10026건, 신호 3540건)
2025-06-04 20:59:47,851 [F5] [INFO] [PREDICT] KRW-APT → KRW-APT_pred.csv (총 8904건, 신호 1260건)
2025-06-04 20:59:48,625 [F5] [INFO] [PREDICT] KRW-AQT → KRW-AQT_pred.csv (총 11786건, 신호 5301건)
2025-06-04 20:59:49,139 [F5] [INFO] [PREDICT] KRW-ARB → KRW-ARB_pred.csv (총 7375건, 신호 3208건)
2025-06-04 20:59:49,901 [F5] [INFO] [PREDICT] KRW-ARK → KRW-ARK_pred.csv (총 10107건, 신호 1335건)
2025-06-04 20:59:50,516 [F5] [INFO] [PREDICT] KRW-AUCTION → KRW-AUCTION_pred.csv (총 8565건, 신호 1147건)
2025-06-04 20:59:50,977 [F5] [INFO] [PREDICT] KRW-BERA → KRW-BERA_pred.csv (총 7276건, 신호 2804건)
2025-06-04 20:59:51,502 [F5] [INFO] [PREDICT] KRW-CARV → KRW-CARV_pred.csv (총 7915건, 신호 2805건)
2025-06-04 20:59:53,333 [F5] [INFO] [PREDICT] KRW-CBK → KRW-CBK_pred.csv (총 14656건, 신호 3775건)
2025-06-04 20:59:54,344 [F5] [INFO] [PREDICT] KRW-COW → KRW-COW_pred.csv (총 7731건, 신호 3911건)
2025-06-04 20:59:55,708 [F5] [INFO] [PREDICT] KRW-CTC → KRW-CTC_pred.csv (총 10718건, 신호 1391건)
2025-06-04 20:59:56,783 [F5] [INFO] [PREDICT] KRW-DOT → KRW-DOT_pred.csv (총 8495건, 신호 1841건)
2025-06-04 20:59:57,819 [F5] [INFO] [PREDICT] KRW-DRIFT → KRW-DRIFT_pred.csv (총 8084건, 신호 3473건)
2025-06-04 20:59:58,771 [F5] [INFO] [PREDICT] KRW-EOS → KRW-EOS_pred.csv (총 7560건, 신호 2978건)
2025-06-04 20:59:59,601 [F5] [INFO] [PREDICT] KRW-ETC → KRW-ETC_pred.csv (총 5984건, 신호 1952건)
2025-06-04 21:00:00,813 [F5] [INFO] [PREDICT] KRW-GAS → KRW-GAS_pred.csv (총 9223건, 신호 1866건)
2025-06-04 21:00:01,832 [F5] [INFO] [PREDICT] KRW-INJ → KRW-INJ_pred.csv (총 8036건, 신호 2965건)
2025-06-04 21:00:02,852 [F5] [INFO] [PREDICT] KRW-JUP → KRW-JUP_pred.csv (총 7706건, 신호 2723건)
2025-06-04 21:00:03,675 [F5] [INFO] [PREDICT] KRW-KAITO → KRW-KAITO_pred.csv (총 6422건, 신호 2477건)
2025-06-04 21:00:04,504 [F5] [INFO] [PREDICT] KRW-LAYER → KRW-LAYER_pred.csv (총 6424건, 신호 1351건)
2025-06-04 21:00:05,491 [F5] [INFO] [PREDICT] KRW-LINK → KRW-LINK_pred.csv (총 7001건, 신호 938건)
2025-06-04 21:00:06,160 [F5] [INFO] [PREDICT] KRW-LPT → KRW-LPT_pred.csv (총 4707건, 신호 2429건)
2025-06-04 21:00:07,028 [F5] [INFO] [PREDICT] KRW-MASK → KRW-MASK_pred.csv (총 6532건, 신호 3392건)
2025-06-04 21:00:08,151 [F5] [INFO] [PREDICT] KRW-ME → KRW-ME_pred.csv (총 7903건, 신호 2652건)
2025-06-04 21:00:09,181 [F5] [INFO] [PREDICT] KRW-NEAR → KRW-NEAR_pred.csv (총 7153건, 신호 1024건)
2025-06-04 21:00:10,377 [F5] [INFO] [PREDICT] KRW-NEO → KRW-NEO_pred.csv (총 8407건, 신호 1077건)
2025-06-04 21:00:11,308 [F5] [INFO] [PREDICT] KRW-NXPC → KRW-NXPC_pred.csv (총 6434건, 신호 2823건)
2025-06-04 21:00:12,308 [F5] [INFO] [PREDICT] KRW-OM → KRW-OM_pred.csv (총 7089건, 신호 3230건)
2025-06-04 21:00:13,193 [F5] [INFO] [PREDICT] KRW-ONDO → KRW-ONDO_pred.csv (총 6585건, 신호 1247건)
2025-06-04 21:00:14,133 [F5] [INFO] [PREDICT] KRW-ORCA → KRW-ORCA_pred.csv (총 6969건, 신호 3104건)
2025-06-04 21:00:15,414 [F5] [INFO] [PREDICT] KRW-PENDLE → KRW-PENDLE_pred.csv (총 9380건, 신호 1896건)
2025-06-04 21:00:16,448 [F5] [INFO] [PREDICT] KRW-PUNDIX → KRW-PUNDIX_pred.csv (총 7889건, 신호 1512건)
2025-06-04 21:00:17,430 [F5] [INFO] [PREDICT] KRW-SAFE → KRW-SAFE_pred.csv (총 7099건, 신호 2700건)
2025-06-04 21:00:18,423 [F5] [INFO] [PREDICT] KRW-STX → KRW-STX_pred.csv (총 7363건, 신호 1429건)
2025-06-04 21:00:19,330 [F5] [INFO] [PREDICT] KRW-SUI → KRW-SUI_pred.csv (총 6421건, 신호 992건)
2025-06-04 21:00:20,248 [F5] [INFO] [PREDICT] KRW-TAIKO → KRW-TAIKO_pred.csv (총 7146건, 신호 3602건)
2025-06-04 21:00:21,814 [F5] [INFO] [PREDICT] KRW-TOKAMAK → KRW-TOKAMAK_pred.csv (총 12921건, 신호 4566건)
2025-06-04 21:00:22,651 [F5] [INFO] [PREDICT] KRW-TRUMP → KRW-TRUMP_pred.csv (총 6499건, 신호 907건)
2025-06-04 21:00:23,419 [F5] [INFO] [PREDICT] KRW-UNI → KRW-UNI_pred.csv (총 5464건, 신호 1676건)
2025-06-04 21:00:24,321 [F5] [INFO] [PREDICT] KRW-USDT → KRW-USDT_pred.csv (총 6321건, 신호 16건)
2025-06-04 21:00:25,259 [F5] [INFO] [PREDICT] KRW-UXLINK → KRW-UXLINK_pred.csv (총 6661건, 신호 2871건)
2025-06-04 21:00:26,164 [F5] [INFO] [PREDICT] KRW-VANA → KRW-VANA_pred.csv (총 6593건, 신호 3207건)
2025-06-04 21:00:27,071 [F5] [INFO] [PREDICT] KRW-VIRTUAL → KRW-VIRTUAL_pred.csv (총 6291건, 신호 2802건)
2025-06-04 21:00:28,331 [F5] [INFO] [PREDICT] KRW-WAVES → KRW-WAVES_pred.csv (총 9298건, 신호 3985건)
2025-06-04 21:00:29,184 [F5] [INFO] [PREDICT] KRW-WCT → KRW-WCT_pred.csv (총 6281건, 신호 3005건)
2025-06-04 21:00:30,053 [F5] [INFO] [PREDICT] KRW-XRP → KRW-XRP_pred.csv (총 6279건, 신호 762건)
2025-06-04 21:08:31,026 [F5] [INFO] [PREDICT] KRW-ADA → KRW-ADA_pred.csv (총 6379건, 신호 954건)
2025-06-04 21:08:31,701 [F5] [INFO] [PREDICT] KRW-AKT → KRW-AKT_pred.csv (총 10037건, 신호 3447건)
2025-06-04 21:08:32,284 [F5] [INFO] [PREDICT] KRW-APT → KRW-APT_pred.csv (총 8911건, 신호 1266건)
2025-06-04 21:08:32,970 [F5] [INFO] [PREDICT] KRW-AQT → KRW-AQT_pred.csv (총 11793건, 신호 5152건)
2025-06-04 21:08:33,454 [F5] [INFO] [PREDICT] KRW-ARB → KRW-ARB_pred.csv (총 7383건, 신호 4240건)
2025-06-04 21:08:34,078 [F5] [INFO] [PREDICT] KRW-ARK → KRW-ARK_pred.csv (총 10114건, 신호 1317건)
2025-06-04 21:08:34,688 [F5] [INFO] [PREDICT] KRW-AUCTION → KRW-AUCTION_pred.csv (총 8571건, 신호 1157건)
2025-06-04 21:08:35,208 [F5] [INFO] [PREDICT] KRW-BERA → KRW-BERA_pred.csv (총 7284건, 신호 2684건)
2025-06-04 21:08:35,769 [F5] [INFO] [PREDICT] KRW-CARV → KRW-CARV_pred.csv (총 7928건, 신호 2874건)
2025-06-04 21:08:37,635 [F5] [INFO] [PREDICT] KRW-CBK → KRW-CBK_pred.csv (총 14663건, 신호 3246건)
2025-06-04 21:08:38,692 [F5] [INFO] [PREDICT] KRW-COW → KRW-COW_pred.csv (총 7738건, 신호 4090건)
2025-06-04 21:08:40,166 [F5] [INFO] [PREDICT] KRW-CTC → KRW-CTC_pred.csv (총 10725건, 신호 1344건)
2025-06-04 21:08:41,274 [F5] [INFO] [PREDICT] KRW-DOT → KRW-DOT_pred.csv (총 8506건, 신호 1867건)
2025-06-04 21:08:42,372 [F5] [INFO] [PREDICT] KRW-DRIFT → KRW-DRIFT_pred.csv (총 8094건, 신호 3293건)
2025-06-04 21:08:43,333 [F5] [INFO] [PREDICT] KRW-EOS → KRW-EOS_pred.csv (총 7568건, 신호 2985건)
2025-06-04 21:08:44,082 [F5] [INFO] [PREDICT] KRW-ETC → KRW-ETC_pred.csv (총 5984건, 신호 1952건)
2025-06-04 21:08:45,303 [F5] [INFO] [PREDICT] KRW-GAS → KRW-GAS_pred.csv (총 9231건, 신호 1838건)
2025-06-04 21:08:46,348 [F5] [INFO] [PREDICT] KRW-INJ → KRW-INJ_pred.csv (총 8044건, 신호 2988건)
2025-06-04 21:08:47,413 [F5] [INFO] [PREDICT] KRW-JUP → KRW-JUP_pred.csv (총 7715건, 신호 2807건)
2025-06-04 21:08:48,300 [F5] [INFO] [PREDICT] KRW-KAITO → KRW-KAITO_pred.csv (총 6430건, 신호 2402건)
2025-06-04 21:08:49,227 [F5] [INFO] [PREDICT] KRW-LAYER → KRW-LAYER_pred.csv (총 6433건, 신호 1289건)
2025-06-04 21:08:50,223 [F5] [INFO] [PREDICT] KRW-LINK → KRW-LINK_pred.csv (총 7010건, 신호 894건)
2025-06-04 21:08:50,875 [F5] [INFO] [PREDICT] KRW-LPT → KRW-LPT_pred.csv (총 4707건, 신호 2429건)
2025-06-04 21:08:51,778 [F5] [INFO] [PREDICT] KRW-MASK → KRW-MASK_pred.csv (총 6540건, 신호 3316건)
2025-06-04 21:08:52,867 [F5] [INFO] [PREDICT] KRW-ME → KRW-ME_pred.csv (총 7912건, 신호 2655건)
2025-06-04 21:08:53,838 [F5] [INFO] [PREDICT] KRW-NEAR → KRW-NEAR_pred.csv (총 7162건, 신호 983건)
2025-06-04 21:08:55,001 [F5] [INFO] [PREDICT] KRW-NEO → KRW-NEO_pred.csv (총 8415건, 신호 1112건)
2025-06-04 21:08:55,912 [F5] [INFO] [PREDICT] KRW-NXPC → KRW-NXPC_pred.csv (총 6442건, 신호 2902건)
2025-06-04 21:08:56,824 [F5] [INFO] [PREDICT] KRW-OM → KRW-OM_pred.csv (총 7098건, 신호 4335건)
2025-06-04 21:08:57,739 [F5] [INFO] [PREDICT] KRW-ONDO → KRW-ONDO_pred.csv (총 6594건, 신호 896건)
2025-06-04 21:08:58,687 [F5] [INFO] [PREDICT] KRW-ORCA → KRW-ORCA_pred.csv (총 6979건, 신호 3071건)
2025-06-04 21:08:59,892 [F5] [INFO] [PREDICT] KRW-PENDLE → KRW-PENDLE_pred.csv (총 9380건, 신호 1896건)
2025-06-04 21:09:01,048 [F5] [INFO] [PREDICT] KRW-PUNDIX → KRW-PUNDIX_pred.csv (총 7899건, 신호 1388건)
2025-06-04 21:09:02,028 [F5] [INFO] [PREDICT] KRW-SAFE → KRW-SAFE_pred.csv (총 7108건, 신호 2722건)
2025-06-04 21:09:02,974 [F5] [INFO] [PREDICT] KRW-STX → KRW-STX_pred.csv (총 7371건, 신호 1218건)
2025-06-04 21:09:03,883 [F5] [INFO] [PREDICT] KRW-SUI → KRW-SUI_pred.csv (총 6430건, 신호 1011건)
2025-06-04 21:09:04,857 [F5] [INFO] [PREDICT] KRW-TAIKO → KRW-TAIKO_pred.csv (총 7154건, 신호 3575건)
2025-06-04 21:09:06,473 [F5] [INFO] [PREDICT] KRW-TOKAMAK → KRW-TOKAMAK_pred.csv (총 12930건, 신호 4492건)
2025-06-04 21:09:07,363 [F5] [INFO] [PREDICT] KRW-TRUMP → KRW-TRUMP_pred.csv (총 6508건, 신호 952건)
2025-06-04 21:09:08,155 [F5] [INFO] [PREDICT] KRW-UNI → KRW-UNI_pred.csv (총 5464건, 신호 1676건)
2025-06-04 21:09:09,099 [F5] [INFO] [PREDICT] KRW-USDT → KRW-USDT_pred.csv (총 6330건, 신호 16건)
2025-06-04 21:09:10,025 [F5] [INFO] [PREDICT] KRW-UXLINK → KRW-UXLINK_pred.csv (총 6670건, 신호 2885건)
2025-06-04 21:09:10,959 [F5] [INFO] [PREDICT] KRW-VANA → KRW-VANA_pred.csv (총 6601건, 신호 3153건)
2025-06-04 21:09:11,858 [F5] [INFO] [PREDICT] KRW-VIRTUAL → KRW-VIRTUAL_pred.csv (총 6300건, 신호 2895건)
2025-06-04 21:09:13,042 [F5] [INFO] [PREDICT] KRW-WAVES → KRW-WAVES_pred.csv (총 9307건, 신호 4170건)
2025-06-04 21:09:14,001 [F5] [INFO] [PREDICT] KRW-WCT → KRW-WCT_pred.csv (총 6290건, 신호 2991건)
2025-06-04 21:09:14,887 [F5] [INFO] [PREDICT] KRW-XRP → KRW-XRP_pred.csv (총 6288건, 신호 646건)
2025-06-04 21:13:42,258 [F5] [INFO] [PREDICT] KRW-ADA → KRW-ADA_pred.csv (총 6384건, 신호 937건)
2025-06-04 21:13:42,922 [F5] [INFO] [PREDICT] KRW-AKT → KRW-AKT_pred.csv (총 10043건, 신호 3630건)
2025-06-04 21:13:43,482 [F5] [INFO] [PREDICT] KRW-APT → KRW-APT_pred.csv (총 8914건, 신호 1272건)
2025-06-04 21:13:44,264 [F5] [INFO] [PREDICT] KRW-AQT → KRW-AQT_pred.csv (총 11798건, 신호 5191건)
2025-06-04 21:13:44,851 [F5] [INFO] [PREDICT] KRW-ARB → KRW-ARB_pred.csv (총 7388건, 신호 2449건)
2025-06-04 21:13:45,521 [F5] [INFO] [PREDICT] KRW-ARK → KRW-ARK_pred.csv (총 10117건, 신호 1346건)
2025-06-04 21:13:46,125 [F5] [INFO] [PREDICT] KRW-AUCTION → KRW-AUCTION_pred.csv (총 8578건, 신호 1156건)
2025-06-04 21:13:46,599 [F5] [INFO] [PREDICT] KRW-BERA → KRW-BERA_pred.csv (총 7289건, 신호 2678건)
2025-06-04 21:13:47,332 [F5] [INFO] [PREDICT] KRW-CARV → KRW-CARV_pred.csv (총 7933건, 신호 2724건)
2025-06-04 21:13:49,200 [F5] [INFO] [PREDICT] KRW-CBK → KRW-CBK_pred.csv (총 14668건, 신호 3808건)
2025-06-04 21:13:50,308 [F5] [INFO] [PREDICT] KRW-COW → KRW-COW_pred.csv (총 7744건, 신호 3994건)
2025-06-04 21:13:51,831 [F5] [INFO] [PREDICT] KRW-CTC → KRW-CTC_pred.csv (총 10729건, 신호 1338건)
2025-06-04 21:13:53,030 [F5] [INFO] [PREDICT] KRW-DOT → KRW-DOT_pred.csv (총 8511건, 신호 1892건)
2025-06-04 21:13:54,159 [F5] [INFO] [PREDICT] KRW-DRIFT → KRW-DRIFT_pred.csv (총 8100건, 신호 2977건)
2025-06-04 21:13:55,133 [F5] [INFO] [PREDICT] KRW-EOS → KRW-EOS_pred.csv (총 7573건, 신호 2973건)
2025-06-04 21:13:55,951 [F5] [INFO] [PREDICT] KRW-ETC → KRW-ETC_pred.csv (총 5984건, 신호 1952건)
2025-06-04 21:13:57,178 [F5] [INFO] [PREDICT] KRW-GAS → KRW-GAS_pred.csv (총 9233건, 신호 1816건)
2025-06-04 21:13:58,243 [F5] [INFO] [PREDICT] KRW-INJ → KRW-INJ_pred.csv (총 8049건, 신호 2901건)
2025-06-04 21:13:59,337 [F5] [INFO] [PREDICT] KRW-JUP → KRW-JUP_pred.csv (총 7720건, 신호 2607건)
2025-06-04 21:14:00,263 [F5] [INFO] [PREDICT] KRW-KAITO → KRW-KAITO_pred.csv (총 6435건, 신호 2709건)
2025-06-04 21:14:01,170 [F5] [INFO] [PREDICT] KRW-LAYER → KRW-LAYER_pred.csv (총 6437건, 신호 1414건)
2025-06-04 21:14:02,378 [F5] [INFO] [PREDICT] KRW-LINK → KRW-LINK_pred.csv (총 7015건, 신호 936건)
2025-06-04 21:14:03,067 [F5] [INFO] [PREDICT] KRW-LPT → KRW-LPT_pred.csv (총 4707건, 신호 2429건)
2025-06-04 21:14:03,994 [F5] [INFO] [PREDICT] KRW-MASK → KRW-MASK_pred.csv (총 6545건, 신호 3418건)
2025-06-04 21:14:05,031 [F5] [INFO] [PREDICT] KRW-ME → KRW-ME_pred.csv (총 7917건, 신호 2710건)
2025-06-04 21:14:06,051 [F5] [INFO] [PREDICT] KRW-NEAR → KRW-NEAR_pred.csv (총 7167건, 신호 952건)
2025-06-04 21:14:07,202 [F5] [INFO] [PREDICT] KRW-NEO → KRW-NEO_pred.csv (총 8419건, 신호 1256건)
2025-06-04 21:14:08,114 [F5] [INFO] [PREDICT] KRW-NXPC → KRW-NXPC_pred.csv (총 6448건, 신호 2759건)
2025-06-04 21:14:09,141 [F5] [INFO] [PREDICT] KRW-OM → KRW-OM_pred.csv (총 7101건, 신호 3475건)
2025-06-04 21:14:10,175 [F5] [INFO] [PREDICT] KRW-ONDO → KRW-ONDO_pred.csv (총 6599건, 신호 897건)
2025-06-04 21:14:11,111 [F5] [INFO] [PREDICT] KRW-ORCA → KRW-ORCA_pred.csv (총 6984건, 신호 3141건)
2025-06-04 21:14:12,383 [F5] [INFO] [PREDICT] KRW-PENDLE → KRW-PENDLE_pred.csv (총 9380건, 신호 1896건)
2025-06-04 21:14:13,491 [F5] [INFO] [PREDICT] KRW-PUNDIX → KRW-PUNDIX_pred.csv (총 7904건, 신호 1691건)
2025-06-04 21:14:14,409 [F5] [INFO] [PREDICT] KRW-SAFE → KRW-SAFE_pred.csv (총 7113건, 신호 2751건)
2025-06-04 21:14:15,378 [F5] [INFO] [PREDICT] KRW-STX → KRW-STX_pred.csv (총 7376건, 신호 1555건)
2025-06-04 21:14:16,331 [F5] [INFO] [PREDICT] KRW-SUI → KRW-SUI_pred.csv (총 6435건, 신호 1013건)
2025-06-04 21:14:17,278 [F5] [INFO] [PREDICT] KRW-TAIKO → KRW-TAIKO_pred.csv (총 7159건, 신호 3605건)
2025-06-04 21:14:18,936 [F5] [INFO] [PREDICT] KRW-TOKAMAK → KRW-TOKAMAK_pred.csv (총 12936건, 신호 4575건)
2025-06-04 21:14:19,939 [F5] [INFO] [PREDICT] KRW-TRUMP → KRW-TRUMP_pred.csv (총 6512건, 신호 843건)
2025-06-04 21:14:20,698 [F5] [INFO] [PREDICT] KRW-UNI → KRW-UNI_pred.csv (총 5464건, 신호 1676건)
2025-06-04 21:14:21,650 [F5] [INFO] [PREDICT] KRW-USDT → KRW-USDT_pred.csv (총 6335건, 신호 16건)
2025-06-04 21:14:22,604 [F5] [INFO] [PREDICT] KRW-UXLINK → KRW-UXLINK_pred.csv (총 6674건, 신호 3012건)
2025-06-04 21:14:23,503 [F5] [INFO] [PREDICT] KRW-VANA → KRW-VANA_pred.csv (총 6607건, 신호 3273건)
2025-06-04 21:14:24,388 [F5] [INFO] [PREDICT] KRW-VIRTUAL → KRW-VIRTUAL_pred.csv (총 6305건, 신호 2761건)
2025-06-04 21:14:25,546 [F5] [INFO] [PREDICT] KRW-WAVES → KRW-WAVES_pred.csv (총 9311건, 신호 3982건)
2025-06-04 21:14:26,383 [F5] [INFO] [PREDICT] KRW-WCT → KRW-WCT_pred.csv (총 6295건, 신호 2975건)
2025-06-04 21:14:27,268 [F5] [INFO] [PREDICT] KRW-XRP → KRW-XRP_pred.csv (총 6293건, 신호 685건)
2025-06-04 21:22:32,286 [F5] [INFO] [PREDICT] KRW-ADA → KRW-ADA_pred.csv (총 6393건, 신호 935건)
2025-06-04 21:22:32,855 [F5] [INFO] [PREDICT] KRW-AKT → KRW-AKT_pred.csv (총 10052건, 신호 3574건)
2025-06-04 21:22:33,371 [F5] [INFO] [PREDICT] KRW-APT → KRW-APT_pred.csv (총 8925건, 신호 1271건)
2025-06-04 21:22:34,016 [F5] [INFO] [PREDICT] KRW-AQT → KRW-AQT_pred.csv (총 11807건, 신호 5121건)
2025-06-04 21:22:34,551 [F5] [INFO] [PREDICT] KRW-ARB → KRW-ARB_pred.csv (총 7397건, 신호 1383건)
2025-06-04 21:22:35,178 [F5] [INFO] [PREDICT] KRW-ARK → KRW-ARK_pred.csv (총 10128건, 신호 1396건)
2025-06-04 21:22:35,734 [F5] [INFO] [PREDICT] KRW-AUCTION → KRW-AUCTION_pred.csv (총 8586건, 신호 1171건)
2025-06-04 21:22:36,215 [F5] [INFO] [PREDICT] KRW-BERA → KRW-BERA_pred.csv (총 7298건, 신호 2652건)
2025-06-04 21:22:36,818 [F5] [INFO] [PREDICT] KRW-CARV → KRW-CARV_pred.csv (총 7941건, 신호 2666건)
2025-06-04 21:22:38,264 [F5] [INFO] [PREDICT] KRW-CBK → KRW-CBK_pred.csv (총 14677건, 신호 3204건)
2025-06-04 21:22:39,366 [F5] [INFO] [PREDICT] KRW-COW → KRW-COW_pred.csv (총 7753건, 신호 3921건)
2025-06-04 21:22:40,845 [F5] [INFO] [PREDICT] KRW-CTC → KRW-CTC_pred.csv (총 10740건, 신호 1406건)
2025-06-04 21:22:41,967 [F5] [INFO] [PREDICT] KRW-DOT → KRW-DOT_pred.csv (총 8520건, 신호 1864건)
2025-06-04 21:22:43,087 [F5] [INFO] [PREDICT] KRW-DRIFT → KRW-DRIFT_pred.csv (총 8108건, 신호 3165건)
2025-06-04 21:22:44,038 [F5] [INFO] [PREDICT] KRW-EOS → KRW-EOS_pred.csv (총 7582건, 신호 2969건)
2025-06-04 21:22:44,874 [F5] [INFO] [PREDICT] KRW-ETC → KRW-ETC_pred.csv (총 5984건, 신호 1952건)
2025-06-04 21:22:46,206 [F5] [INFO] [PREDICT] KRW-GAS → KRW-GAS_pred.csv (총 9245건, 신호 1806건)
2025-06-04 21:22:47,243 [F5] [INFO] [PREDICT] KRW-INJ → KRW-INJ_pred.csv (총 8059건, 신호 2945건)
2025-06-04 21:22:48,256 [F5] [INFO] [PREDICT] KRW-JUP → KRW-JUP_pred.csv (총 7730건, 신호 2696건)
2025-06-04 21:22:49,096 [F5] [INFO] [PREDICT] KRW-KAITO → KRW-KAITO_pred.csv (총 6445건, 신호 2735건)
2025-06-04 21:22:49,962 [F5] [INFO] [PREDICT] KRW-LAYER → KRW-LAYER_pred.csv (총 6447건, 신호 1336건)
2025-06-04 21:22:50,885 [F5] [INFO] [PREDICT] KRW-LINK → KRW-LINK_pred.csv (총 7025건, 신호 923건)
2025-06-04 21:22:51,516 [F5] [INFO] [PREDICT] KRW-LPT → KRW-LPT_pred.csv (총 4707건, 신호 2429건)
2025-06-04 21:22:52,378 [F5] [INFO] [PREDICT] KRW-MASK → KRW-MASK_pred.csv (총 6555건, 신호 3361건)
2025-06-04 21:22:53,382 [F5] [INFO] [PREDICT] KRW-ME → KRW-ME_pred.csv (총 7926건, 신호 2702건)
2025-06-04 21:22:54,384 [F5] [INFO] [PREDICT] KRW-NEAR → KRW-NEAR_pred.csv (총 7176건, 신호 1001건)
2025-06-04 21:22:55,500 [F5] [INFO] [PREDICT] KRW-NEO → KRW-NEO_pred.csv (총 8429건, 신호 1124건)
2025-06-04 21:22:56,424 [F5] [INFO] [PREDICT] KRW-NXPC → KRW-NXPC_pred.csv (총 6457건, 신호 2975건)
2025-06-04 21:22:57,412 [F5] [INFO] [PREDICT] KRW-OM → KRW-OM_pred.csv (총 7113건, 신호 3231건)
2025-06-04 21:22:58,404 [F5] [INFO] [PREDICT] KRW-ONDO → KRW-ONDO_pred.csv (총 6608건, 신호 923건)
2025-06-04 21:22:59,389 [F5] [INFO] [PREDICT] KRW-ORCA → KRW-ORCA_pred.csv (총 6993건, 신호 3277건)
2025-06-04 21:23:00,649 [F5] [INFO] [PREDICT] KRW-PENDLE → KRW-PENDLE_pred.csv (총 9380건, 신호 1896건)
2025-06-04 21:23:01,744 [F5] [INFO] [PREDICT] KRW-PUNDIX → KRW-PUNDIX_pred.csv (총 7911건, 신호 1503건)
2025-06-04 21:23:02,739 [F5] [INFO] [PREDICT] KRW-SAFE → KRW-SAFE_pred.csv (총 7123건, 신호 2720건)
2025-06-04 21:23:03,805 [F5] [INFO] [PREDICT] KRW-STX → KRW-STX_pred.csv (총 7386건, 신호 1254건)
2025-06-04 21:23:04,769 [F5] [INFO] [PREDICT] KRW-SUI → KRW-SUI_pred.csv (총 6444건, 신호 1049건)
2025-06-04 21:23:05,796 [F5] [INFO] [PREDICT] KRW-TAIKO → KRW-TAIKO_pred.csv (총 7168건, 신호 3560건)
2025-06-04 21:23:07,407 [F5] [INFO] [PREDICT] KRW-TOKAMAK → KRW-TOKAMAK_pred.csv (총 12945건, 신호 4364건)
2025-06-04 21:23:08,310 [F5] [INFO] [PREDICT] KRW-TRUMP → KRW-TRUMP_pred.csv (총 6522건, 신호 962건)
2025-06-04 21:23:09,022 [F5] [INFO] [PREDICT] KRW-UNI → KRW-UNI_pred.csv (총 5464건, 신호 1676건)
2025-06-04 21:23:09,901 [F5] [INFO] [PREDICT] KRW-USDT → KRW-USDT_pred.csv (총 6344건, 신호 16건)
2025-06-04 21:23:10,832 [F5] [INFO] [PREDICT] KRW-UXLINK → KRW-UXLINK_pred.csv (총 6684건, 신호 2954건)
2025-06-04 21:23:11,711 [F5] [INFO] [PREDICT] KRW-VANA → KRW-VANA_pred.csv (총 6616건, 신호 3287건)
2025-06-04 21:23:12,531 [F5] [INFO] [PREDICT] KRW-VIRTUAL → KRW-VIRTUAL_pred.csv (총 6314건, 신호 2777건)
2025-06-04 21:23:13,709 [F5] [INFO] [PREDICT] KRW-WAVES → KRW-WAVES_pred.csv (총 9321건, 신호 3727건)
2025-06-04 21:23:14,573 [F5] [INFO] [PREDICT] KRW-WCT → KRW-WCT_pred.csv (총 6304건, 신호 2845건)
2025-06-04 21:23:15,412 [F5] [INFO] [PREDICT] KRW-XRP → KRW-XRP_pred.csv (총 6302건, 신호 724건)
2025-06-04 21:27:30,247 [F5] [INFO] [PREDICT] KRW-ADA → KRW-ADA_pred.csv (총 6398건, 신호 916건)
2025-06-04 21:27:30,780 [F5] [INFO] [PREDICT] KRW-AKT → KRW-AKT_pred.csv (총 10057건, 신호 3472건)
2025-06-04 21:27:31,306 [F5] [INFO] [PREDICT] KRW-APT → KRW-APT_pred.csv (총 8930건, 신호 1299건)
2025-06-04 21:27:31,930 [F5] [INFO] [PREDICT] KRW-AQT → KRW-AQT_pred.csv (총 11810건, 신호 5133건)
2025-06-04 21:27:32,403 [F5] [INFO] [PREDICT] KRW-ARB → KRW-ARB_pred.csv (총 7403건, 신호 1913건)
2025-06-04 21:27:33,015 [F5] [INFO] [PREDICT] KRW-ARK → KRW-ARK_pred.csv (총 10134건, 신호 1355건)
2025-06-04 21:27:33,536 [F5] [INFO] [PREDICT] KRW-AUCTION → KRW-AUCTION_pred.csv (총 8591건, 신호 1197건)
2025-06-04 21:27:34,013 [F5] [INFO] [PREDICT] KRW-BERA → KRW-BERA_pred.csv (총 7304건, 신호 2704건)
2025-06-04 21:27:34,542 [F5] [INFO] [PREDICT] KRW-CARV → KRW-CARV_pred.csv (총 7947건, 신호 2695건)
2025-06-04 21:27:35,536 [F5] [INFO] [PREDICT] KRW-CBK → KRW-CBK_pred.csv (총 14682건, 신호 3167건)
2025-06-04 21:27:36,634 [F5] [INFO] [PREDICT] KRW-COW → KRW-COW_pred.csv (총 7757건, 신호 4003건)
2025-06-04 21:27:38,188 [F5] [INFO] [PREDICT] KRW-CTC → KRW-CTC_pred.csv (총 10745건, 신호 1413건)
2025-06-04 21:27:39,333 [F5] [INFO] [PREDICT] KRW-DOT → KRW-DOT_pred.csv (총 8524건, 신호 1902건)
2025-06-04 21:27:40,436 [F5] [INFO] [PREDICT] KRW-DRIFT → KRW-DRIFT_pred.csv (총 8115건, 신호 3122건)
2025-06-04 21:27:41,429 [F5] [INFO] [PREDICT] KRW-EOS → KRW-EOS_pred.csv (총 7588건, 신호 2943건)
2025-06-04 21:27:42,222 [F5] [INFO] [PREDICT] KRW-ETC → KRW-ETC_pred.csv (총 5984건, 신호 1952건)
2025-06-04 21:27:43,461 [F5] [INFO] [PREDICT] KRW-GAS → KRW-GAS_pred.csv (총 9251건, 신호 1815건)
2025-06-04 21:27:44,490 [F5] [INFO] [PREDICT] KRW-INJ → KRW-INJ_pred.csv (총 8064건, 신호 2927건)
2025-06-04 21:27:45,476 [F5] [INFO] [PREDICT] KRW-JUP → KRW-JUP_pred.csv (총 7734건, 신호 2727건)
2025-06-04 21:27:46,338 [F5] [INFO] [PREDICT] KRW-KAITO → KRW-KAITO_pred.csv (총 6450건, 신호 2565건)
2025-06-04 21:27:47,188 [F5] [INFO] [PREDICT] KRW-LAYER → KRW-LAYER_pred.csv (총 6452건, 신호 1335건)
2025-06-04 21:27:48,116 [F5] [INFO] [PREDICT] KRW-LINK → KRW-LINK_pred.csv (총 7029건, 신호 943건)
2025-06-04 21:27:48,744 [F5] [INFO] [PREDICT] KRW-LPT → KRW-LPT_pred.csv (총 4707건, 신호 2429건)
2025-06-04 21:27:49,621 [F5] [INFO] [PREDICT] KRW-MASK → KRW-MASK_pred.csv (총 6560건, 신호 3385건)
2025-06-04 21:27:50,672 [F5] [INFO] [PREDICT] KRW-ME → KRW-ME_pred.csv (총 7931건, 신호 2557건)
2025-06-04 21:27:51,631 [F5] [INFO] [PREDICT] KRW-NEAR → KRW-NEAR_pred.csv (총 7182건, 신호 1110건)
2025-06-04 21:27:52,743 [F5] [INFO] [PREDICT] KRW-NEO → KRW-NEO_pred.csv (총 8435건, 신호 1182건)
2025-06-04 21:27:53,575 [F5] [INFO] [PREDICT] KRW-NXPC → KRW-NXPC_pred.csv (총 6462건, 신호 3317건)
2025-06-04 21:27:54,526 [F5] [INFO] [PREDICT] KRW-OM → KRW-OM_pred.csv (총 7117건, 신호 3226건)
2025-06-04 21:27:55,458 [F5] [INFO] [PREDICT] KRW-ONDO → KRW-ONDO_pred.csv (총 6613건, 신호 1420건)
2025-06-04 21:27:56,405 [F5] [INFO] [PREDICT] KRW-ORCA → KRW-ORCA_pred.csv (총 6998건, 신호 3322건)
2025-06-04 21:27:57,658 [F5] [INFO] [PREDICT] KRW-PENDLE → KRW-PENDLE_pred.csv (총 9380건, 신호 1896건)
2025-06-04 21:27:58,766 [F5] [INFO] [PREDICT] KRW-PUNDIX → KRW-PUNDIX_pred.csv (총 7917건, 신호 1652건)
2025-06-04 21:27:59,750 [F5] [INFO] [PREDICT] KRW-SAFE → KRW-SAFE_pred.csv (총 7128건, 신호 2700건)
2025-06-04 21:28:00,733 [F5] [INFO] [PREDICT] KRW-STX → KRW-STX_pred.csv (총 7391건, 신호 1078건)
2025-06-04 21:28:01,656 [F5] [INFO] [PREDICT] KRW-SUI → KRW-SUI_pred.csv (총 6449건, 신호 990건)
2025-06-04 21:28:02,671 [F5] [INFO] [PREDICT] KRW-TAIKO → KRW-TAIKO_pred.csv (총 7174건, 신호 3610건)
2025-06-04 21:28:04,237 [F5] [INFO] [PREDICT] KRW-TOKAMAK → KRW-TOKAMAK_pred.csv (총 12950건, 신호 4694건)
2025-06-04 21:28:05,094 [F5] [INFO] [PREDICT] KRW-TRUMP → KRW-TRUMP_pred.csv (총 6527건, 신호 1942건)
2025-06-04 21:28:05,871 [F5] [INFO] [PREDICT] KRW-UNI → KRW-UNI_pred.csv (총 5464건, 신호 1676건)
2025-06-04 21:28:06,757 [F5] [INFO] [PREDICT] KRW-USDT → KRW-USDT_pred.csv (총 6349건, 신호 16건)
2025-06-04 21:28:07,682 [F5] [INFO] [PREDICT] KRW-UXLINK → KRW-UXLINK_pred.csv (총 6689건, 신호 3051건)
2025-06-04 21:28:08,597 [F5] [INFO] [PREDICT] KRW-VANA → KRW-VANA_pred.csv (총 6621건, 신호 3102건)
2025-06-04 21:28:09,492 [F5] [INFO] [PREDICT] KRW-VIRTUAL → KRW-VIRTUAL_pred.csv (총 6319건, 신호 2771건)
2025-06-04 21:28:10,733 [F5] [INFO] [PREDICT] KRW-WAVES → KRW-WAVES_pred.csv (총 9326건, 신호 3954건)
2025-06-04 21:28:11,594 [F5] [INFO] [PREDICT] KRW-WCT → KRW-WCT_pred.csv (총 6309건, 신호 2598건)
2025-06-04 21:28:12,459 [F5] [INFO] [PREDICT] KRW-XRP → KRW-XRP_pred.csv (총 6307건, 신호 784건)
2025-06-04 21:31:35,547 [F5] [INFO] [PREDICT] KRW-ADA → KRW-ADA_pred.csv (총 6403건, 신호 939건)
2025-06-04 21:31:36,140 [F5] [INFO] [PREDICT] KRW-AKT → KRW-AKT_pred.csv (총 10059건, 신호 3508건)
2025-06-04 21:31:36,697 [F5] [INFO] [PREDICT] KRW-APT → KRW-APT_pred.csv (총 8933건, 신호 1216건)
2025-06-04 21:31:37,395 [F5] [INFO] [PREDICT] KRW-AQT → KRW-AQT_pred.csv (총 11816건, 신호 5023건)
2025-06-04 21:31:37,891 [F5] [INFO] [PREDICT] KRW-ARB → KRW-ARB_pred.csv (총 7406건, 신호 1453건)
2025-06-04 21:31:38,582 [F5] [INFO] [PREDICT] KRW-ARK → KRW-ARK_pred.csv (총 10134건, 신호 1355건)
2025-06-04 21:31:39,174 [F5] [INFO] [PREDICT] KRW-AUCTION → KRW-AUCTION_pred.csv (총 8595건, 신호 1192건)
2025-06-04 21:31:39,836 [F5] [INFO] [PREDICT] KRW-BERA → KRW-BERA_pred.csv (총 7307건, 신호 2708건)
2025-06-04 21:31:41,154 [F5] [INFO] [PREDICT] KRW-CARV → KRW-CARV_pred.csv (총 7951건, 신호 2735건)
2025-06-04 21:31:43,048 [F5] [INFO] [PREDICT] KRW-CBK → KRW-CBK_pred.csv (총 14686건, 신호 3489건)
2025-06-04 21:31:44,097 [F5] [INFO] [PREDICT] KRW-COW → KRW-COW_pred.csv (총 7761건, 신호 4013건)
2025-06-04 21:31:45,494 [F5] [INFO] [PREDICT] KRW-CTC → KRW-CTC_pred.csv (총 10750건, 신호 1651건)
2025-06-04 21:31:46,840 [F5] [INFO] [PREDICT] KRW-DOT → KRW-DOT_pred.csv (총 8528건, 신호 1910건)
2025-06-04 21:31:47,929 [F5] [INFO] [PREDICT] KRW-DRIFT → KRW-DRIFT_pred.csv (총 8117건, 신호 3199건)
2025-06-04 21:31:48,950 [F5] [INFO] [PREDICT] KRW-EOS → KRW-EOS_pred.csv (총 7590건, 신호 2955건)
2025-06-04 21:31:50,223 [F5] [INFO] [PREDICT] KRW-ETC → KRW-ETC_pred.csv (총 5984건, 신호 1952건)
2025-06-04 21:31:51,704 [F5] [INFO] [PREDICT] KRW-GAS → KRW-GAS_pred.csv (총 9255건, 신호 1868건)
2025-06-04 21:31:52,890 [F5] [INFO] [PREDICT] KRW-INJ → KRW-INJ_pred.csv (총 8067건, 신호 3002건)
2025-06-04 21:31:54,064 [F5] [INFO] [PREDICT] KRW-JUP → KRW-JUP_pred.csv (총 7738건, 신호 2727건)
2025-06-04 21:31:54,916 [F5] [INFO] [PREDICT] KRW-KAITO → KRW-KAITO_pred.csv (총 6453건, 신호 2493건)
2025-06-04 21:31:55,823 [F5] [INFO] [PREDICT] KRW-LAYER → KRW-LAYER_pred.csv (총 6456건, 신호 1372건)
2025-06-04 21:31:56,797 [F5] [INFO] [PREDICT] KRW-LINK → KRW-LINK_pred.csv (총 7034건, 신호 946건)
2025-06-04 21:31:57,456 [F5] [INFO] [PREDICT] KRW-LPT → KRW-LPT_pred.csv (총 4707건, 신호 2429건)
2025-06-04 21:31:58,366 [F5] [INFO] [PREDICT] KRW-MASK → KRW-MASK_pred.csv (총 6564건, 신호 3394건)
2025-06-04 21:31:59,456 [F5] [INFO] [PREDICT] KRW-ME → KRW-ME_pred.csv (총 7935건, 신호 2512건)
2025-06-04 21:32:00,598 [F5] [INFO] [PREDICT] KRW-NEAR → KRW-NEAR_pred.csv (총 7186건, 신호 990건)
2025-06-04 21:32:01,697 [F5] [INFO] [PREDICT] KRW-NEO → KRW-NEO_pred.csv (총 8438건, 신호 1084건)
2025-06-04 21:32:02,593 [F5] [INFO] [PREDICT] KRW-NXPC → KRW-NXPC_pred.csv (총 6466건, 신호 3138건)
2025-06-04 21:32:03,790 [F5] [INFO] [PREDICT] KRW-OM → KRW-OM_pred.csv (총 7122건, 신호 2815건)
2025-06-04 21:32:04,680 [F5] [INFO] [PREDICT] KRW-ONDO → KRW-ONDO_pred.csv (총 6617건, 신호 1078건)
2025-06-04 21:32:05,621 [F5] [INFO] [PREDICT] KRW-ORCA → KRW-ORCA_pred.csv (총 7002건, 신호 3206건)
2025-06-04 21:32:06,966 [F5] [INFO] [PREDICT] KRW-PENDLE → KRW-PENDLE_pred.csv (총 9380건, 신호 1896건)
2025-06-04 21:32:07,951 [F5] [INFO] [PREDICT] KRW-PUNDIX → KRW-PUNDIX_pred.csv (총 7920건, 신호 1516건)
2025-06-04 21:32:09,419 [F5] [INFO] [PREDICT] KRW-SAFE → KRW-SAFE_pred.csv (총 7130건, 신호 2762건)
2025-06-04 21:32:10,615 [F5] [INFO] [PREDICT] KRW-STX → KRW-STX_pred.csv (총 7395건, 신호 1127건)
2025-06-04 21:32:12,198 [F5] [INFO] [PREDICT] KRW-SUI → KRW-SUI_pred.csv (총 6453건, 신호 1020건)
2025-06-04 21:32:13,820 [F5] [INFO] [PREDICT] KRW-TAIKO → KRW-TAIKO_pred.csv (총 7178건, 신호 2723건)
2025-06-04 21:32:15,759 [F5] [INFO] [PREDICT] KRW-TOKAMAK → KRW-TOKAMAK_pred.csv (총 12954건, 신호 4505건)
2025-06-04 21:32:16,646 [F5] [INFO] [PREDICT] KRW-TRUMP → KRW-TRUMP_pred.csv (총 6531건, 신호 1328건)
2025-06-04 21:32:17,394 [F5] [INFO] [PREDICT] KRW-UNI → KRW-UNI_pred.csv (총 5464건, 신호 1676건)
2025-06-04 21:32:18,326 [F5] [INFO] [PREDICT] KRW-USDT → KRW-USDT_pred.csv (총 6353건, 신호 16건)
2025-06-04 21:32:19,291 [F5] [INFO] [PREDICT] KRW-UXLINK → KRW-UXLINK_pred.csv (총 6693건, 신호 3079건)
2025-06-04 21:32:20,271 [F5] [INFO] [PREDICT] KRW-VANA → KRW-VANA_pred.csv (총 6625건, 신호 3196건)
2025-06-04 21:32:21,118 [F5] [INFO] [PREDICT] KRW-VIRTUAL → KRW-VIRTUAL_pred.csv (총 6323건, 신호 2804건)
2025-06-04 21:32:22,334 [F5] [INFO] [PREDICT] KRW-WAVES → KRW-WAVES_pred.csv (총 9330건, 신호 3830건)
2025-06-04 21:32:23,194 [F5] [INFO] [PREDICT] KRW-WCT → KRW-WCT_pred.csv (총 6313건, 신호 2924건)
2025-06-04 21:32:24,008 [F5] [INFO] [PREDICT] KRW-XRP → KRW-XRP_pred.csv (총 6311건, 신호 798건)
