2025-06-02 19:00:44,059 [F5] [INFO] [SETUP] LABEL_DIR=D:\UPBIT_ML\f5_ml_pipeline\ml_data\04_label
2025-06-02 19:00:44,060 [F5] [INFO] [SETUP] SPLIT_DIR=D:\UPBIT_ML\f5_ml_pipeline\ml_data\05_split
2025-06-02 19:00:44,082 [F5] [INFO] [SETUP] LABEL_DIR=D:\UPBIT_ML\f5_ml_pipeline\ml_data\04_label
2025-06-02 19:00:44,084 [F5] [INFO] [SETUP] SPLIT_DIR=D:\UPBIT_ML\f5_ml_pipeline\ml_data\05_split
2025-06-02 19:00:44,184 [F5] [INFO] [SPLIT] KRW-ADA_label.parquet → KRW-ADA_train.parquet, shape=(18, 86), dist={0: 9, -1: 7, 1: 2}
2025-06-02 19:00:44,197 [F5] [INFO] [SPLIT] KRW-ADA_label.parquet → KRW-ADA_valid.parquet, shape=(5, 86), dist={0: 5}
2025-06-02 19:00:44,209 [F5] [INFO] [SPLIT] KRW-ADA_label.parquet → KRW-ADA_test.parquet, shape=(3, 86), dist={0: 3}
2025-06-02 19:00:44,210 [F5] [INFO] [SPLIT] KRW-ADA_label.parquet → KRW-ADA_train.parquet, shape=(18, 86), dist={0: 9, -1: 7, 1: 2}
2025-06-02 19:00:44,221 [F5] [INFO] [SPLIT] KRW-ADA_label.parquet → KRW-ADA_valid.parquet, shape=(5, 86), dist={0: 5}
2025-06-02 19:00:44,226 [F5] [INFO] [SPLIT] KRW-AGLD_label.parquet → KRW-AGLD_train.parquet, shape=(14, 86), dist={0: 14}
2025-06-02 19:00:44,233 [F5] [INFO] [SPLIT] KRW-ADA_label.parquet → KRW-ADA_test.parquet, shape=(3, 86), dist={0: 3}
2025-06-02 19:00:44,237 [F5] [INFO] [SPLIT] KRW-AGLD_label.parquet → KRW-AGLD_valid.parquet, shape=(4, 86), dist={0: 4}
2025-06-02 19:00:44,249 [F5] [INFO] [SPLIT] KRW-AGLD_label.parquet → KRW-AGLD_test.parquet, shape=(2, 86), dist={0: 2}
2025-06-02 19:00:44,250 [F5] [INFO] [SPLIT] KRW-AGLD_label.parquet → KRW-AGLD_train.parquet, shape=(14, 86), dist={0: 14}
2025-06-02 19:00:44,261 [F5] [INFO] [SPLIT] KRW-AGLD_label.parquet → KRW-AGLD_valid.parquet, shape=(4, 86), dist={0: 4}
2025-06-02 19:00:44,265 [F5] [INFO] [SPLIT] KRW-AKT_label.parquet → KRW-AKT_train.parquet, shape=(6, 86), dist={0: 6}
2025-06-02 19:00:44,271 [F5] [INFO] [SPLIT] KRW-AGLD_label.parquet → KRW-AGLD_test.parquet, shape=(2, 86), dist={0: 2}
2025-06-02 19:00:44,276 [F5] [INFO] [SPLIT] KRW-AKT_label.parquet → KRW-AKT_valid.parquet, shape=(1, 86), dist={0: 1}
2025-06-02 19:00:44,287 [F5] [INFO] [SPLIT] KRW-AKT_label.parquet → KRW-AKT_test.parquet, shape=(2, 86), dist={0: 2}
2025-06-02 19:00:44,289 [F5] [INFO] [SPLIT] KRW-AKT_label.parquet → KRW-AKT_train.parquet, shape=(6, 86), dist={0: 6}
2025-06-02 19:00:44,299 [F5] [INFO] [SPLIT] KRW-AKT_label.parquet → KRW-AKT_valid.parquet, shape=(1, 86), dist={0: 1}
2025-06-02 19:00:44,304 [F5] [INFO] [SPLIT] KRW-APT_label.parquet → KRW-APT_train.parquet, shape=(14, 86), dist={0: 13, -1: 1}
2025-06-02 19:00:44,308 [F5] [INFO] [SPLIT] KRW-AKT_label.parquet → KRW-AKT_test.parquet, shape=(2, 86), dist={0: 2}
2025-06-02 19:00:44,315 [F5] [INFO] [SPLIT] KRW-APT_label.parquet → KRW-APT_valid.parquet, shape=(4, 86), dist={0: 4}
2025-06-02 19:00:44,325 [F5] [INFO] [SPLIT] KRW-APT_label.parquet → KRW-APT_test.parquet, shape=(3, 86), dist={0: 3}
2025-06-02 19:00:44,325 [F5] [INFO] [SPLIT] KRW-APT_label.parquet → KRW-APT_train.parquet, shape=(14, 86), dist={0: 13, -1: 1}
2025-06-02 19:00:44,336 [F5] [INFO] [SPLIT] KRW-APT_label.parquet → KRW-APT_valid.parquet, shape=(4, 86), dist={0: 4}
2025-06-02 19:00:44,342 [F5] [INFO] [SPLIT] KRW-AQT_label.parquet → KRW-AQT_train.parquet, shape=(15, 86), dist={-1: 9, 1: 6}
2025-06-02 19:00:44,346 [F5] [INFO] [SPLIT] KRW-APT_label.parquet → KRW-APT_test.parquet, shape=(3, 86), dist={0: 3}
2025-06-02 19:00:44,352 [F5] [INFO] [SPLIT] KRW-AQT_label.parquet → KRW-AQT_valid.parquet, shape=(4, 86), dist={1: 2, 0: 2}
2025-06-02 19:00:44,362 [F5] [INFO] [SPLIT] KRW-AQT_label.parquet → KRW-AQT_test.parquet, shape=(3, 86), dist={0: 3}
2025-06-02 19:00:44,363 [F5] [INFO] [SPLIT] KRW-AQT_label.parquet → KRW-AQT_train.parquet, shape=(15, 86), dist={-1: 9, 1: 6}
2025-06-02 19:00:44,372 [F5] [INFO] [SPLIT] KRW-AQT_label.parquet → KRW-AQT_valid.parquet, shape=(4, 86), dist={1: 2, 0: 2}
2025-06-02 19:00:44,377 [F5] [INFO] [SPLIT] KRW-ARB_label.parquet → KRW-ARB_train.parquet, shape=(21, 86), dist={0: 15, -1: 4, 1: 2}
2025-06-02 19:00:44,381 [F5] [INFO] [SPLIT] KRW-AQT_label.parquet → KRW-AQT_test.parquet, shape=(3, 86), dist={0: 3}
2025-06-02 19:00:44,387 [F5] [INFO] [SPLIT] KRW-ARB_label.parquet → KRW-ARB_valid.parquet, shape=(6, 86), dist={0: 6}
2025-06-02 19:00:44,395 [F5] [INFO] [SPLIT] KRW-ARB_label.parquet → KRW-ARB_test.parquet, shape=(3, 86), dist={0: 3}
2025-06-02 19:00:44,396 [F5] [INFO] [SPLIT] KRW-ARB_label.parquet → KRW-ARB_train.parquet, shape=(21, 86), dist={0: 15, -1: 4, 1: 2}
2025-06-02 19:00:44,406 [F5] [INFO] [SPLIT] KRW-ARB_label.parquet → KRW-ARB_valid.parquet, shape=(6, 86), dist={0: 6}
2025-06-02 19:00:44,409 [F5] [INFO] [SPLIT] KRW-ARKM_label.parquet → KRW-ARKM_train.parquet, shape=(0, 86), dist={}
2025-06-02 19:00:44,416 [F5] [INFO] [SPLIT] KRW-ARB_label.parquet → KRW-ARB_test.parquet, shape=(3, 86), dist={0: 3}
2025-06-02 19:00:44,418 [F5] [INFO] [SPLIT] KRW-ARKM_label.parquet → KRW-ARKM_valid.parquet, shape=(0, 86), dist={}
2025-06-02 19:00:44,428 [F5] [INFO] [SPLIT] KRW-ARKM_label.parquet → KRW-ARKM_test.parquet, shape=(1, 86), dist={0: 1}
2025-06-02 19:00:44,431 [F5] [INFO] [SPLIT] KRW-ARKM_label.parquet → KRW-ARKM_train.parquet, shape=(0, 86), dist={}
2025-06-02 19:00:44,439 [F5] [INFO] [SPLIT] KRW-ARKM_label.parquet → KRW-ARKM_valid.parquet, shape=(0, 86), dist={}
2025-06-02 19:00:44,443 [F5] [INFO] [SPLIT] KRW-ARK_label.parquet → KRW-ARK_train.parquet, shape=(0, 86), dist={}
2025-06-02 19:00:44,449 [F5] [INFO] [SPLIT] KRW-ARKM_label.parquet → KRW-ARKM_test.parquet, shape=(1, 86), dist={0: 1}
2025-06-02 19:00:44,451 [F5] [INFO] [SPLIT] KRW-ARK_label.parquet → KRW-ARK_valid.parquet, shape=(0, 86), dist={}
2025-06-02 19:00:44,463 [F5] [INFO] [SPLIT] KRW-ARK_label.parquet → KRW-ARK_test.parquet, shape=(1, 86), dist={0: 1}
2025-06-02 19:00:44,465 [F5] [INFO] [SPLIT] KRW-ARK_label.parquet → KRW-ARK_train.parquet, shape=(0, 86), dist={}
2025-06-02 19:00:44,473 [F5] [INFO] [SPLIT] KRW-ARK_label.parquet → KRW-ARK_valid.parquet, shape=(0, 86), dist={}
2025-06-02 19:00:44,478 [F5] [INFO] [SPLIT] KRW-ATOM_label.parquet → KRW-ATOM_train.parquet, shape=(17, 86), dist={0: 17}
2025-06-02 19:00:44,482 [F5] [INFO] [SPLIT] KRW-ARK_label.parquet → KRW-ARK_test.parquet, shape=(1, 86), dist={0: 1}
2025-06-02 19:00:44,490 [F5] [INFO] [SPLIT] KRW-ATOM_label.parquet → KRW-ATOM_valid.parquet, shape=(5, 86), dist={0: 5}
2025-06-02 19:00:44,500 [F5] [INFO] [SPLIT] KRW-ATOM_label.parquet → KRW-ATOM_train.parquet, shape=(17, 86), dist={0: 17}
2025-06-02 19:00:44,502 [F5] [INFO] [SPLIT] KRW-ATOM_label.parquet → KRW-ATOM_test.parquet, shape=(3, 86), dist={0: 3}
2025-06-02 19:00:44,514 [F5] [INFO] [SPLIT] KRW-ATOM_label.parquet → KRW-ATOM_valid.parquet, shape=(5, 86), dist={0: 5}
2025-06-02 19:00:44,521 [F5] [INFO] [SPLIT] KRW-AUCTION_label.parquet → KRW-AUCTION_train.parquet, shape=(13, 86), dist={0: 13}
2025-06-02 19:00:44,523 [F5] [INFO] [SPLIT] KRW-ATOM_label.parquet → KRW-ATOM_test.parquet, shape=(3, 86), dist={0: 3}
2025-06-02 19:00:44,531 [F5] [INFO] [SPLIT] KRW-AUCTION_label.parquet → KRW-AUCTION_valid.parquet, shape=(3, 86), dist={0: 3}
2025-06-02 19:00:44,539 [F5] [INFO] [SPLIT] KRW-AUCTION_label.parquet → KRW-AUCTION_train.parquet, shape=(13, 86), dist={0: 13}
2025-06-02 19:00:44,540 [F5] [INFO] [SPLIT] KRW-AUCTION_label.parquet → KRW-AUCTION_test.parquet, shape=(3, 86), dist={0: 3}
2025-06-02 19:00:44,552 [F5] [INFO] [SPLIT] KRW-AUCTION_label.parquet → KRW-AUCTION_valid.parquet, shape=(3, 86), dist={0: 3}
2025-06-02 19:00:44,558 [F5] [INFO] [SPLIT] KRW-AXS_label.parquet → KRW-AXS_train.parquet, shape=(26, 86), dist={0: 22, -1: 3, 1: 1}
2025-06-02 19:00:44,563 [F5] [INFO] [SPLIT] KRW-AUCTION_label.parquet → KRW-AUCTION_test.parquet, shape=(3, 86), dist={0: 3}
2025-06-02 19:00:44,573 [F5] [INFO] [SPLIT] KRW-AXS_label.parquet → KRW-AXS_valid.parquet, shape=(7, 86), dist={0: 7}
2025-06-02 19:00:44,583 [F5] [INFO] [SPLIT] KRW-AXS_label.parquet → KRW-AXS_train.parquet, shape=(26, 86), dist={0: 22, -1: 3, 1: 1}
2025-06-02 19:00:44,586 [F5] [INFO] [SPLIT] KRW-AXS_label.parquet → KRW-AXS_test.parquet, shape=(5, 86), dist={0: 5}
2025-06-02 19:00:44,598 [F5] [INFO] [SPLIT] KRW-AXS_label.parquet → KRW-AXS_valid.parquet, shape=(7, 86), dist={0: 7}
2025-06-02 19:00:44,609 [F5] [INFO] [SPLIT] KRW-BERA_label.parquet → KRW-BERA_train.parquet, shape=(6, 86), dist={0: 6}
2025-06-02 19:00:44,620 [F5] [INFO] [SPLIT] KRW-AXS_label.parquet → KRW-AXS_test.parquet, shape=(5, 86), dist={0: 5}
2025-06-02 19:00:44,624 [F5] [INFO] [SPLIT] KRW-BERA_label.parquet → KRW-BERA_valid.parquet, shape=(1, 86), dist={0: 1}
2025-06-02 19:00:44,643 [F5] [INFO] [SPLIT] KRW-BERA_label.parquet → KRW-BERA_test.parquet, shape=(2, 86), dist={0: 2}
2025-06-02 19:00:44,649 [F5] [INFO] [SPLIT] KRW-BERA_label.parquet → KRW-BERA_train.parquet, shape=(6, 86), dist={0: 6}
2025-06-02 19:00:44,667 [F5] [INFO] [SPLIT] KRW-BERA_label.parquet → KRW-BERA_valid.parquet, shape=(1, 86), dist={0: 1}
2025-06-02 19:00:44,669 [F5] [INFO] [SPLIT] KRW-CARV_label.parquet → KRW-CARV_train.parquet, shape=(8, 86), dist={-1: 5, 0: 2, 1: 1}
2025-06-02 19:00:44,680 [F5] [INFO] [SPLIT] KRW-BERA_label.parquet → KRW-BERA_test.parquet, shape=(2, 86), dist={0: 2}
2025-06-02 19:00:44,681 [F5] [INFO] [SPLIT] KRW-CARV_label.parquet → KRW-CARV_valid.parquet, shape=(2, 86), dist={0: 2}
2025-06-02 19:00:44,693 [F5] [INFO] [SPLIT] KRW-CARV_label.parquet → KRW-CARV_test.parquet, shape=(2, 86), dist={0: 2}
2025-06-02 19:00:44,701 [F5] [INFO] [SPLIT] KRW-CARV_label.parquet → KRW-CARV_train.parquet, shape=(8, 86), dist={-1: 5, 0: 2, 1: 1}
2025-06-02 19:00:44,716 [F5] [INFO] [SPLIT] KRW-CBK_label.parquet → KRW-CBK_train.parquet, shape=(11, 86), dist={1: 9, -1: 2}
2025-06-02 19:00:44,719 [F5] [INFO] [SPLIT] KRW-CARV_label.parquet → KRW-CARV_valid.parquet, shape=(2, 86), dist={0: 2}
2025-06-02 19:00:44,730 [F5] [INFO] [SPLIT] KRW-CBK_label.parquet → KRW-CBK_valid.parquet, shape=(3, 86), dist={0: 2, 1: 1}
2025-06-02 19:00:44,732 [F5] [INFO] [SPLIT] KRW-CARV_label.parquet → KRW-CARV_test.parquet, shape=(2, 86), dist={0: 2}
2025-06-02 19:00:44,758 [F5] [INFO] [SPLIT] KRW-CBK_label.parquet → KRW-CBK_test.parquet, shape=(3, 86), dist={0: 3}
2025-06-02 19:00:44,771 [F5] [INFO] [SPLIT] KRW-CBK_label.parquet → KRW-CBK_train.parquet, shape=(11, 86), dist={1: 9, -1: 2}
2025-06-02 19:00:44,787 [F5] [INFO] [SPLIT] KRW-CELO_label.parquet → KRW-CELO_train.parquet, shape=(31, 86), dist={0: 20, -1: 9, 1: 2}
2025-06-02 19:00:44,789 [F5] [INFO] [SPLIT] KRW-CBK_label.parquet → KRW-CBK_valid.parquet, shape=(3, 86), dist={0: 2, 1: 1}
2025-06-02 19:00:44,801 [F5] [INFO] [SPLIT] KRW-CELO_label.parquet → KRW-CELO_valid.parquet, shape=(9, 86), dist={0: 8, 1: 1}
2025-06-02 19:00:44,806 [F5] [INFO] [SPLIT] KRW-CBK_label.parquet → KRW-CBK_test.parquet, shape=(3, 86), dist={0: 3}
2025-06-02 19:00:44,816 [F5] [INFO] [SPLIT] KRW-CELO_label.parquet → KRW-CELO_test.parquet, shape=(5, 86), dist={0: 5}
2025-06-02 19:00:44,826 [F5] [INFO] [SPLIT] KRW-CELO_label.parquet → KRW-CELO_train.parquet, shape=(31, 86), dist={0: 20, -1: 9, 1: 2}
2025-06-02 19:00:44,835 [F5] [INFO] [SPLIT] KRW-COW_label.parquet → KRW-COW_train.parquet, shape=(21, 86), dist={0: 17, -1: 4}
2025-06-02 19:00:44,839 [F5] [INFO] [SPLIT] KRW-CELO_label.parquet → KRW-CELO_valid.parquet, shape=(9, 86), dist={0: 8, 1: 1}
2025-06-02 19:00:44,851 [F5] [INFO] [SPLIT] KRW-COW_label.parquet → KRW-COW_valid.parquet, shape=(6, 86), dist={0: 3, -1: 3}
2025-06-02 19:00:44,852 [F5] [INFO] [SPLIT] KRW-CELO_label.parquet → KRW-CELO_test.parquet, shape=(5, 86), dist={0: 5}
2025-06-02 19:00:44,864 [F5] [INFO] [SPLIT] KRW-COW_label.parquet → KRW-COW_test.parquet, shape=(4, 86), dist={0: 4}
2025-06-02 19:00:44,876 [F5] [INFO] [SPLIT] KRW-COW_label.parquet → KRW-COW_train.parquet, shape=(21, 86), dist={0: 17, -1: 4}
2025-06-02 19:00:44,892 [F5] [INFO] [SPLIT] KRW-COW_label.parquet → KRW-COW_valid.parquet, shape=(6, 86), dist={0: 3, -1: 3}
2025-06-02 19:00:44,898 [F5] [INFO] [SPLIT] KRW-CTC_label.parquet → KRW-CTC_train.parquet, shape=(0, 86), dist={}
2025-06-02 19:00:44,903 [F5] [INFO] [SPLIT] KRW-COW_label.parquet → KRW-COW_test.parquet, shape=(4, 86), dist={0: 4}
2025-06-02 19:00:44,907 [F5] [INFO] [SPLIT] KRW-CTC_label.parquet → KRW-CTC_valid.parquet, shape=(0, 86), dist={}
2025-06-02 19:00:44,919 [F5] [INFO] [SPLIT] KRW-CTC_label.parquet → KRW-CTC_test.parquet, shape=(1, 86), dist={0: 1}
2025-06-02 19:00:44,929 [F5] [INFO] [SPLIT] KRW-CTC_label.parquet → KRW-CTC_train.parquet, shape=(0, 86), dist={}
2025-06-02 19:00:44,936 [F5] [INFO] [SPLIT] KRW-DOT_label.parquet → KRW-DOT_train.parquet, shape=(32, 86), dist={0: 25, 1: 7}
2025-06-02 19:00:44,938 [F5] [INFO] [SPLIT] KRW-CTC_label.parquet → KRW-CTC_valid.parquet, shape=(0, 86), dist={}
2025-06-02 19:00:44,946 [F5] [INFO] [SPLIT] KRW-DOT_label.parquet → KRW-DOT_valid.parquet, shape=(9, 86), dist={0: 9}
2025-06-02 19:00:44,948 [F5] [INFO] [SPLIT] KRW-CTC_label.parquet → KRW-CTC_test.parquet, shape=(1, 86), dist={0: 1}
2025-06-02 19:00:44,956 [F5] [INFO] [SPLIT] KRW-DOT_label.parquet → KRW-DOT_test.parquet, shape=(5, 86), dist={0: 5}
2025-06-02 19:00:44,965 [F5] [INFO] [SPLIT] KRW-DOT_label.parquet → KRW-DOT_train.parquet, shape=(32, 86), dist={0: 25, 1: 7}
2025-06-02 19:00:44,975 [F5] [INFO] [SPLIT] KRW-DRIFT_label.parquet → KRW-DRIFT_train.parquet, shape=(56, 86), dist={0: 37, -1: 14, 1: 5}
2025-06-02 19:00:44,977 [F5] [INFO] [SPLIT] KRW-DOT_label.parquet → KRW-DOT_valid.parquet, shape=(9, 86), dist={0: 9}
2025-06-02 19:00:44,987 [F5] [INFO] [SPLIT] KRW-DRIFT_label.parquet → KRW-DRIFT_valid.parquet, shape=(16, 86), dist={-1: 8, 0: 6, 1: 2}
2025-06-02 19:00:44,988 [F5] [INFO] [SPLIT] KRW-DOT_label.parquet → KRW-DOT_test.parquet, shape=(5, 86), dist={0: 5}
2025-06-02 19:00:44,999 [F5] [INFO] [SPLIT] KRW-DRIFT_label.parquet → KRW-DRIFT_test.parquet, shape=(9, 86), dist={0: 9}
2025-06-02 19:00:45,008 [F5] [INFO] [SPLIT] KRW-DRIFT_label.parquet → KRW-DRIFT_train.parquet, shape=(56, 86), dist={0: 37, -1: 14, 1: 5}
2025-06-02 19:00:45,016 [F5] [INFO] [SPLIT] KRW-EOS_label.parquet → KRW-EOS_train.parquet, shape=(31, 86), dist={-1: 16, 0: 10, 1: 5}
2025-06-02 19:00:45,018 [F5] [INFO] [SPLIT] KRW-DRIFT_label.parquet → KRW-DRIFT_valid.parquet, shape=(16, 86), dist={-1: 8, 0: 6, 1: 2}
2025-06-02 19:00:45,026 [F5] [INFO] [SPLIT] KRW-EOS_label.parquet → KRW-EOS_valid.parquet, shape=(9, 86), dist={0: 8, -1: 1}
2025-06-02 19:00:45,028 [F5] [INFO] [SPLIT] KRW-DRIFT_label.parquet → KRW-DRIFT_test.parquet, shape=(9, 86), dist={0: 9}
2025-06-02 19:00:45,034 [F5] [INFO] [SPLIT] KRW-EOS_label.parquet → KRW-EOS_test.parquet, shape=(5, 86), dist={0: 5}
2025-06-02 19:00:45,044 [F5] [INFO] [SPLIT] KRW-EOS_label.parquet → KRW-EOS_train.parquet, shape=(31, 86), dist={-1: 16, 0: 10, 1: 5}
2025-06-02 19:00:45,052 [F5] [INFO] [SPLIT] KRW-FIL_label.parquet → KRW-FIL_train.parquet, shape=(18, 86), dist={0: 16, -1: 2}
2025-06-02 19:00:45,055 [F5] [INFO] [SPLIT] KRW-EOS_label.parquet → KRW-EOS_valid.parquet, shape=(9, 86), dist={0: 8, -1: 1}
2025-06-02 19:00:45,062 [F5] [INFO] [SPLIT] KRW-FIL_label.parquet → KRW-FIL_valid.parquet, shape=(5, 86), dist={0: 5}
2025-06-02 19:00:45,066 [F5] [INFO] [SPLIT] KRW-EOS_label.parquet → KRW-EOS_test.parquet, shape=(5, 86), dist={0: 5}
2025-06-02 19:00:45,073 [F5] [INFO] [SPLIT] KRW-FIL_label.parquet → KRW-FIL_test.parquet, shape=(3, 86), dist={0: 3}
2025-06-02 19:00:45,081 [F5] [INFO] [SPLIT] KRW-FIL_label.parquet → KRW-FIL_train.parquet, shape=(18, 86), dist={0: 16, -1: 2}
2025-06-02 19:00:45,088 [F5] [INFO] [SPLIT] KRW-FLOW_label.parquet → KRW-FLOW_train.parquet, shape=(21, 86), dist={0: 20, 1: 1}
2025-06-02 19:00:45,091 [F5] [INFO] [SPLIT] KRW-FIL_label.parquet → KRW-FIL_valid.parquet, shape=(5, 86), dist={0: 5}
2025-06-02 19:00:45,097 [F5] [INFO] [SPLIT] KRW-FLOW_label.parquet → KRW-FLOW_valid.parquet, shape=(6, 86), dist={0: 6}
2025-06-02 19:00:45,101 [F5] [INFO] [SPLIT] KRW-FIL_label.parquet → KRW-FIL_test.parquet, shape=(3, 86), dist={0: 3}
2025-06-02 19:00:45,108 [F5] [INFO] [SPLIT] KRW-FLOW_label.parquet → KRW-FLOW_test.parquet, shape=(3, 86), dist={0: 3}
2025-06-02 19:00:45,120 [F5] [INFO] [SPLIT] KRW-FLOW_label.parquet → KRW-FLOW_train.parquet, shape=(21, 86), dist={0: 20, 1: 1}
2025-06-02 19:00:45,125 [F5] [INFO] [SPLIT] KRW-GAS_label.parquet → KRW-GAS_train.parquet, shape=(29, 86), dist={0: 27, -1: 2}
2025-06-02 19:00:45,130 [F5] [INFO] [SPLIT] KRW-FLOW_label.parquet → KRW-FLOW_valid.parquet, shape=(6, 86), dist={0: 6}
2025-06-02 19:00:45,135 [F5] [INFO] [SPLIT] KRW-GAS_label.parquet → KRW-GAS_valid.parquet, shape=(8, 86), dist={0: 8}
2025-06-02 19:00:45,140 [F5] [INFO] [SPLIT] KRW-FLOW_label.parquet → KRW-FLOW_test.parquet, shape=(3, 86), dist={0: 3}
2025-06-02 19:00:45,145 [F5] [INFO] [SPLIT] KRW-GAS_label.parquet → KRW-GAS_test.parquet, shape=(5, 86), dist={0: 5}
2025-06-02 19:00:45,157 [F5] [INFO] [SPLIT] KRW-GAS_label.parquet → KRW-GAS_train.parquet, shape=(29, 86), dist={0: 27, -1: 2}
2025-06-02 19:00:45,171 [F5] [INFO] [SPLIT] KRW-GAS_label.parquet → KRW-GAS_valid.parquet, shape=(8, 86), dist={0: 8}
2025-06-02 19:00:45,173 [F5] [INFO] [SPLIT] KRW-IMX_label.parquet → KRW-IMX_train.parquet, shape=(1004, 86), dist={0: 759, 1: 142, -1: 103}
2025-06-02 19:00:45,184 [F5] [INFO] [SPLIT] KRW-GAS_label.parquet → KRW-GAS_test.parquet, shape=(5, 86), dist={0: 5}
2025-06-02 19:00:45,187 [F5] [INFO] [SPLIT] KRW-IMX_label.parquet → KRW-IMX_valid.parquet, shape=(287, 86), dist={0: 206, -1: 56, 1: 25}
2025-06-02 19:00:45,197 [F5] [INFO] [SPLIT] KRW-IMX_label.parquet → KRW-IMX_test.parquet, shape=(144, 86), dist={0: 114, 1: 22, -1: 8}
2025-06-02 19:00:45,204 [F5] [INFO] [SPLIT] KRW-IMX_label.parquet → KRW-IMX_train.parquet, shape=(1004, 86), dist={0: 759, 1: 142, -1: 103}
2025-06-02 19:00:45,214 [F5] [INFO] [SPLIT] KRW-INJ_label.parquet → KRW-INJ_train.parquet, shape=(2, 86), dist={0: 2}
2025-06-02 19:00:45,216 [F5] [INFO] [SPLIT] KRW-IMX_label.parquet → KRW-IMX_valid.parquet, shape=(287, 86), dist={0: 206, -1: 56, 1: 25}
2025-06-02 19:00:45,222 [F5] [INFO] [SPLIT] KRW-INJ_label.parquet → KRW-INJ_valid.parquet, shape=(0, 86), dist={}
2025-06-02 19:00:45,225 [F5] [INFO] [SPLIT] KRW-IMX_label.parquet → KRW-IMX_test.parquet, shape=(144, 86), dist={0: 114, 1: 22, -1: 8}
2025-06-02 19:00:45,233 [F5] [INFO] [SPLIT] KRW-INJ_label.parquet → KRW-INJ_test.parquet, shape=(1, 86), dist={0: 1}
2025-06-02 19:00:45,243 [F5] [INFO] [SPLIT] KRW-INJ_label.parquet → KRW-INJ_train.parquet, shape=(2, 86), dist={0: 2}
2025-06-02 19:00:45,253 [F5] [INFO] [SPLIT] KRW-INJ_label.parquet → KRW-INJ_valid.parquet, shape=(0, 86), dist={}
2025-06-02 19:00:45,254 [F5] [INFO] [SPLIT] KRW-JTO_label.parquet → KRW-JTO_train.parquet, shape=(1006, 86), dist={0: 708, -1: 153, 1: 145}
2025-06-02 19:00:45,263 [F5] [INFO] [SPLIT] KRW-INJ_label.parquet → KRW-INJ_test.parquet, shape=(1, 86), dist={0: 1}
2025-06-02 19:00:45,265 [F5] [INFO] [SPLIT] KRW-JTO_label.parquet → KRW-JTO_valid.parquet, shape=(287, 86), dist={0: 223, -1: 53, 1: 11}
2025-06-02 19:00:45,276 [F5] [INFO] [SPLIT] KRW-JTO_label.parquet → KRW-JTO_test.parquet, shape=(145, 86), dist={0: 89, 1: 29, -1: 27}
2025-06-02 19:00:45,283 [F5] [INFO] [SPLIT] KRW-JTO_label.parquet → KRW-JTO_train.parquet, shape=(1006, 86), dist={0: 708, -1: 153, 1: 145}
2025-06-02 19:00:45,293 [F5] [INFO] [SPLIT] KRW-JUP_label.parquet → KRW-JUP_train.parquet, shape=(11, 86), dist={0: 5, -1: 5, 1: 1}
2025-06-02 19:00:45,294 [F5] [INFO] [SPLIT] KRW-JTO_label.parquet → KRW-JTO_valid.parquet, shape=(287, 86), dist={0: 223, -1: 53, 1: 11}
2025-06-02 19:00:45,303 [F5] [INFO] [SPLIT] KRW-JUP_label.parquet → KRW-JUP_valid.parquet, shape=(3, 86), dist={0: 3}
2025-06-02 19:00:45,305 [F5] [INFO] [SPLIT] KRW-JTO_label.parquet → KRW-JTO_test.parquet, shape=(145, 86), dist={0: 89, 1: 29, -1: 27}
2025-06-02 19:00:45,313 [F5] [INFO] [SPLIT] KRW-JUP_label.parquet → KRW-JUP_test.parquet, shape=(2, 86), dist={0: 2}
2025-06-02 19:00:45,321 [F5] [INFO] [SPLIT] KRW-JUP_label.parquet → KRW-JUP_train.parquet, shape=(11, 86), dist={0: 5, -1: 5, 1: 1}
2025-06-02 19:00:45,329 [F5] [INFO] [SPLIT] KRW-KAITO_label.parquet → KRW-KAITO_train.parquet, shape=(2, 86), dist={0: 2}
2025-06-02 19:00:45,331 [F5] [INFO] [SPLIT] KRW-JUP_label.parquet → KRW-JUP_valid.parquet, shape=(3, 86), dist={0: 3}
2025-06-02 19:00:45,338 [F5] [INFO] [SPLIT] KRW-KAITO_label.parquet → KRW-KAITO_valid.parquet, shape=(0, 86), dist={}
2025-06-02 19:00:45,341 [F5] [INFO] [SPLIT] KRW-JUP_label.parquet → KRW-JUP_test.parquet, shape=(2, 86), dist={0: 2}
2025-06-02 19:00:45,349 [F5] [INFO] [SPLIT] KRW-KAITO_label.parquet → KRW-KAITO_test.parquet, shape=(2, 86), dist={0: 2}
2025-06-02 19:00:45,358 [F5] [INFO] [SPLIT] KRW-KAITO_label.parquet → KRW-KAITO_train.parquet, shape=(2, 86), dist={0: 2}
2025-06-02 19:00:45,366 [F5] [INFO] [SPLIT] KRW-KAVA_label.parquet → KRW-KAVA_train.parquet, shape=(7, 86), dist={0: 7}
2025-06-02 19:00:45,368 [F5] [INFO] [SPLIT] KRW-KAITO_label.parquet → KRW-KAITO_valid.parquet, shape=(0, 86), dist={}
2025-06-02 19:00:45,377 [F5] [INFO] [SPLIT] KRW-KAVA_label.parquet → KRW-KAVA_valid.parquet, shape=(2, 86), dist={0: 2}
2025-06-02 19:00:45,378 [F5] [INFO] [SPLIT] KRW-KAITO_label.parquet → KRW-KAITO_test.parquet, shape=(2, 86), dist={0: 2}
2025-06-02 19:00:45,387 [F5] [INFO] [SPLIT] KRW-KAVA_label.parquet → KRW-KAVA_test.parquet, shape=(2, 86), dist={0: 2}
2025-06-02 19:00:45,393 [F5] [INFO] [SPLIT] KRW-KAVA_label.parquet → KRW-KAVA_train.parquet, shape=(7, 86), dist={0: 7}
2025-06-02 19:00:45,404 [F5] [INFO] [SPLIT] KRW-LAYER_label.parquet → KRW-LAYER_train.parquet, shape=(45, 86), dist={0: 31, 1: 8, -1: 6}
2025-06-02 19:00:45,405 [F5] [INFO] [SPLIT] KRW-KAVA_label.parquet → KRW-KAVA_valid.parquet, shape=(2, 86), dist={0: 2}
2025-06-02 19:00:45,415 [F5] [INFO] [SPLIT] KRW-KAVA_label.parquet → KRW-KAVA_test.parquet, shape=(2, 86), dist={0: 2}
2025-06-02 19:00:45,416 [F5] [INFO] [SPLIT] KRW-LAYER_label.parquet → KRW-LAYER_valid.parquet, shape=(13, 86), dist={0: 10, -1: 3}
2025-06-02 19:00:45,429 [F5] [INFO] [SPLIT] KRW-LAYER_label.parquet → KRW-LAYER_test.parquet, shape=(7, 86), dist={0: 7}
2025-06-02 19:00:45,436 [F5] [INFO] [SPLIT] KRW-LAYER_label.parquet → KRW-LAYER_train.parquet, shape=(45, 86), dist={0: 31, 1: 8, -1: 6}
2025-06-02 19:00:45,449 [F5] [INFO] [SPLIT] KRW-LINK_label.parquet → KRW-LINK_train.parquet, shape=(41, 86), dist={0: 33, -1: 4, 1: 4}
2025-06-02 19:00:45,449 [F5] [INFO] [SPLIT] KRW-LAYER_label.parquet → KRW-LAYER_valid.parquet, shape=(13, 86), dist={0: 10, -1: 3}
2025-06-02 19:00:45,460 [F5] [INFO] [SPLIT] KRW-LAYER_label.parquet → KRW-LAYER_test.parquet, shape=(7, 86), dist={0: 7}
2025-06-02 19:00:45,460 [F5] [INFO] [SPLIT] KRW-LINK_label.parquet → KRW-LINK_valid.parquet, shape=(11, 86), dist={0: 9, 1: 2}
2025-06-02 19:00:45,472 [F5] [INFO] [SPLIT] KRW-LINK_label.parquet → KRW-LINK_test.parquet, shape=(7, 86), dist={0: 7}
2025-06-02 19:00:45,479 [F5] [INFO] [SPLIT] KRW-LINK_label.parquet → KRW-LINK_train.parquet, shape=(41, 86), dist={0: 33, -1: 4, 1: 4}
2025-06-02 19:00:45,487 [F5] [INFO] [SPLIT] KRW-LSK_label.parquet → KRW-LSK_train.parquet, shape=(0, 86), dist={}
2025-06-02 19:00:45,490 [F5] [INFO] [SPLIT] KRW-LINK_label.parquet → KRW-LINK_valid.parquet, shape=(11, 86), dist={0: 9, 1: 2}
2025-06-02 19:00:45,495 [F5] [INFO] [SPLIT] KRW-LSK_label.parquet → KRW-LSK_valid.parquet, shape=(0, 86), dist={}
2025-06-02 19:00:45,500 [F5] [INFO] [SPLIT] KRW-LINK_label.parquet → KRW-LINK_test.parquet, shape=(7, 86), dist={0: 7}
2025-06-02 19:00:45,505 [F5] [INFO] [SPLIT] KRW-LSK_label.parquet → KRW-LSK_test.parquet, shape=(1, 86), dist={0: 1}
2025-06-02 19:00:45,513 [F5] [INFO] [SPLIT] KRW-LSK_label.parquet → KRW-LSK_train.parquet, shape=(0, 86), dist={}
2025-06-02 19:00:45,518 [F5] [INFO] [SPLIT] KRW-MASK_label.parquet → KRW-MASK_train.parquet, shape=(2, 86), dist={0: 2}
2025-06-02 19:00:45,520 [F5] [INFO] [SPLIT] KRW-LSK_label.parquet → KRW-LSK_valid.parquet, shape=(0, 86), dist={}
2025-06-02 19:00:45,526 [F5] [INFO] [SPLIT] KRW-MASK_label.parquet → KRW-MASK_valid.parquet, shape=(0, 86), dist={}
2025-06-02 19:00:45,529 [F5] [INFO] [SPLIT] KRW-LSK_label.parquet → KRW-LSK_test.parquet, shape=(1, 86), dist={0: 1}
2025-06-02 19:00:45,537 [F5] [INFO] [SPLIT] KRW-MASK_label.parquet → KRW-MASK_test.parquet, shape=(1, 86), dist={0: 1}
2025-06-02 19:00:45,543 [F5] [INFO] [SPLIT] KRW-MASK_label.parquet → KRW-MASK_train.parquet, shape=(2, 86), dist={0: 2}
2025-06-02 19:00:45,552 [F5] [INFO] [SPLIT] KRW-MASK_label.parquet → KRW-MASK_valid.parquet, shape=(0, 86), dist={}
2025-06-02 19:00:45,552 [F5] [INFO] [SPLIT] KRW-ME_label.parquet → KRW-ME_train.parquet, shape=(30, 86), dist={0: 30}
2025-06-02 19:00:45,561 [F5] [INFO] [SPLIT] KRW-MASK_label.parquet → KRW-MASK_test.parquet, shape=(1, 86), dist={0: 1}
2025-06-02 19:00:45,562 [F5] [INFO] [SPLIT] KRW-ME_label.parquet → KRW-ME_valid.parquet, shape=(8, 86), dist={0: 8}
2025-06-02 19:00:45,572 [F5] [INFO] [SPLIT] KRW-ME_label.parquet → KRW-ME_test.parquet, shape=(5, 86), dist={0: 5}
2025-06-02 19:00:45,578 [F5] [INFO] [SPLIT] KRW-ME_label.parquet → KRW-ME_train.parquet, shape=(30, 86), dist={0: 30}
2025-06-02 19:00:45,586 [F5] [INFO] [SPLIT] KRW-MNT_label.parquet → KRW-MNT_train.parquet, shape=(0, 86), dist={}
2025-06-02 19:00:45,587 [F5] [INFO] [SPLIT] KRW-ME_label.parquet → KRW-ME_valid.parquet, shape=(8, 86), dist={0: 8}
2025-06-02 19:00:45,594 [F5] [INFO] [SPLIT] KRW-MNT_label.parquet → KRW-MNT_valid.parquet, shape=(0, 86), dist={}
2025-06-02 19:00:45,597 [F5] [INFO] [SPLIT] KRW-ME_label.parquet → KRW-ME_test.parquet, shape=(5, 86), dist={0: 5}
2025-06-02 19:00:45,604 [F5] [INFO] [SPLIT] KRW-MNT_label.parquet → KRW-MNT_test.parquet, shape=(1, 86), dist={0: 1}
2025-06-02 19:00:45,610 [F5] [INFO] [SPLIT] KRW-MNT_label.parquet → KRW-MNT_train.parquet, shape=(0, 86), dist={}
2025-06-02 19:00:45,618 [F5] [INFO] [SPLIT] KRW-MNT_label.parquet → KRW-MNT_valid.parquet, shape=(0, 86), dist={}
2025-06-02 19:00:45,623 [F5] [INFO] [SPLIT] KRW-MTL_label.parquet → KRW-MTL_train.parquet, shape=(1005, 86), dist={0: 888, 1: 74, -1: 43}
2025-06-02 19:00:45,627 [F5] [INFO] [SPLIT] KRW-MNT_label.parquet → KRW-MNT_test.parquet, shape=(1, 86), dist={0: 1}
2025-06-02 19:00:45,634 [F5] [INFO] [SPLIT] KRW-MTL_label.parquet → KRW-MTL_valid.parquet, shape=(287, 86), dist={0: 253, 1: 18, -1: 16}
2025-06-02 19:00:45,645 [F5] [INFO] [SPLIT] KRW-MTL_label.parquet → KRW-MTL_test.parquet, shape=(144, 86), dist={0: 107, 1: 25, -1: 12}
2025-06-02 19:00:45,646 [F5] [INFO] [SPLIT] KRW-MTL_label.parquet → KRW-MTL_train.parquet, shape=(1005, 86), dist={0: 888, 1: 74, -1: 43}
2025-06-02 19:00:45,658 [F5] [INFO] [SPLIT] KRW-MTL_label.parquet → KRW-MTL_valid.parquet, shape=(287, 86), dist={0: 253, 1: 18, -1: 16}
2025-06-02 19:00:45,662 [F5] [INFO] [SPLIT] KRW-NEAR_label.parquet → KRW-NEAR_train.parquet, shape=(6, 86), dist={0: 6}
2025-06-02 19:00:45,671 [F5] [INFO] [SPLIT] KRW-MTL_label.parquet → KRW-MTL_test.parquet, shape=(144, 86), dist={0: 107, 1: 25, -1: 12}
2025-06-02 19:00:45,674 [F5] [INFO] [SPLIT] KRW-NEAR_label.parquet → KRW-NEAR_valid.parquet, shape=(1, 86), dist={0: 1}
2025-06-02 19:00:45,683 [F5] [INFO] [SPLIT] KRW-NEAR_label.parquet → KRW-NEAR_test.parquet, shape=(2, 86), dist={0: 2}
2025-06-02 19:00:45,687 [F5] [INFO] [SPLIT] KRW-NEAR_label.parquet → KRW-NEAR_train.parquet, shape=(6, 86), dist={0: 6}
2025-06-02 19:00:45,716 [F5] [INFO] [SPLIT] KRW-NEAR_label.parquet → KRW-NEAR_valid.parquet, shape=(1, 86), dist={0: 1}
2025-06-02 19:00:45,718 [F5] [INFO] [SPLIT] KRW-NEO_label.parquet → KRW-NEO_train.parquet, shape=(63, 86), dist={0: 36, -1: 26, 1: 1}
2025-06-02 19:00:45,725 [F5] [INFO] [SPLIT] KRW-NEAR_label.parquet → KRW-NEAR_test.parquet, shape=(2, 86), dist={0: 2}
2025-06-02 19:00:45,727 [F5] [INFO] [SPLIT] KRW-NEO_label.parquet → KRW-NEO_valid.parquet, shape=(18, 86), dist={0: 18}
2025-06-02 19:00:45,737 [F5] [INFO] [SPLIT] KRW-NEO_label.parquet → KRW-NEO_test.parquet, shape=(10, 86), dist={0: 10}
2025-06-02 19:00:45,741 [F5] [INFO] [SPLIT] KRW-NEO_label.parquet → KRW-NEO_train.parquet, shape=(63, 86), dist={0: 36, -1: 26, 1: 1}
2025-06-02 19:00:45,751 [F5] [INFO] [SPLIT] KRW-NEO_label.parquet → KRW-NEO_valid.parquet, shape=(18, 86), dist={0: 18}
2025-06-02 19:00:45,752 [F5] [INFO] [SPLIT] KRW-NXPC_label.parquet → KRW-NXPC_train.parquet, shape=(46, 86), dist={0: 28, -1: 11, 1: 7}
2025-06-02 19:00:45,760 [F5] [INFO] [SPLIT] KRW-NEO_label.parquet → KRW-NEO_test.parquet, shape=(10, 86), dist={0: 10}
2025-06-02 19:00:45,770 [F5] [INFO] [SPLIT] KRW-NXPC_label.parquet → KRW-NXPC_valid.parquet, shape=(13, 86), dist={0: 6, -1: 5, 1: 2}
2025-06-02 19:00:45,774 [F5] [INFO] [SPLIT] KRW-NXPC_label.parquet → KRW-NXPC_train.parquet, shape=(46, 86), dist={0: 28, -1: 11, 1: 7}
2025-06-02 19:00:45,779 [F5] [INFO] [SPLIT] KRW-NXPC_label.parquet → KRW-NXPC_test.parquet, shape=(8, 86), dist={0: 5, -1: 3}
2025-06-02 19:00:45,794 [F5] [INFO] [SPLIT] KRW-NXPC_label.parquet → KRW-NXPC_valid.parquet, shape=(13, 86), dist={0: 6, -1: 5, 1: 2}
2025-06-02 19:00:45,794 [F5] [INFO] [SPLIT] KRW-OM_label.parquet → KRW-OM_train.parquet, shape=(7, 86), dist={1: 5, 0: 2}
2025-06-02 19:00:45,803 [F5] [INFO] [SPLIT] KRW-OM_label.parquet → KRW-OM_valid.parquet, shape=(2, 86), dist={0: 2}
2025-06-02 19:00:45,803 [F5] [INFO] [SPLIT] KRW-NXPC_label.parquet → KRW-NXPC_test.parquet, shape=(8, 86), dist={0: 5, -1: 3}
2025-06-02 19:00:45,812 [F5] [INFO] [SPLIT] KRW-OM_label.parquet → KRW-OM_test.parquet, shape=(1, 86), dist={0: 1}
2025-06-02 19:00:45,817 [F5] [INFO] [SPLIT] KRW-OM_label.parquet → KRW-OM_train.parquet, shape=(7, 86), dist={1: 5, 0: 2}
2025-06-02 19:00:45,826 [F5] [INFO] [SPLIT] KRW-OM_label.parquet → KRW-OM_valid.parquet, shape=(2, 86), dist={0: 2}
2025-06-02 19:00:45,827 [F5] [INFO] [SPLIT] KRW-ONDO_label.parquet → KRW-ONDO_train.parquet, shape=(54, 86), dist={0: 33, -1: 16, 1: 5}
2025-06-02 19:00:45,837 [F5] [INFO] [SPLIT] KRW-OM_label.parquet → KRW-OM_test.parquet, shape=(1, 86), dist={0: 1}
2025-06-02 19:00:45,837 [F5] [INFO] [SPLIT] KRW-ONDO_label.parquet → KRW-ONDO_valid.parquet, shape=(15, 86), dist={0: 15}
2025-06-02 19:00:45,847 [F5] [INFO] [SPLIT] KRW-ONDO_label.parquet → KRW-ONDO_test.parquet, shape=(9, 86), dist={0: 8, 1: 1}
2025-06-02 19:00:45,854 [F5] [INFO] [SPLIT] KRW-ONDO_label.parquet → KRW-ONDO_train.parquet, shape=(54, 86), dist={0: 33, -1: 16, 1: 5}
2025-06-02 19:00:45,865 [F5] [INFO] [SPLIT] KRW-ONDO_label.parquet → KRW-ONDO_valid.parquet, shape=(15, 86), dist={0: 15}
2025-06-02 19:00:45,875 [F5] [INFO] [SPLIT] KRW-ONDO_label.parquet → KRW-ONDO_test.parquet, shape=(9, 86), dist={0: 8, 1: 1}
2025-06-02 19:00:45,884 [F5] [INFO] [SPLIT] KRW-ORCA_label.parquet → KRW-ORCA_train.parquet, shape=(3024, 86), dist={1: 1402, -1: 1078, 0: 544}
2025-06-02 19:00:45,899 [F5] [INFO] [SPLIT] KRW-ORCA_label.parquet → KRW-ORCA_valid.parquet, shape=(864, 86), dist={0: 306, -1: 283, 1: 275}
2025-06-02 19:00:45,909 [F5] [INFO] [SPLIT] KRW-ORCA_label.parquet → KRW-ORCA_train.parquet, shape=(3024, 86), dist={1: 1402, -1: 1078, 0: 544}
2025-06-02 19:00:45,910 [F5] [INFO] [SPLIT] KRW-ORCA_label.parquet → KRW-ORCA_test.parquet, shape=(432, 86), dist={0: 152, 1: 149, -1: 131}
2025-06-02 19:00:45,922 [F5] [INFO] [SPLIT] KRW-ORCA_label.parquet → KRW-ORCA_valid.parquet, shape=(864, 86), dist={0: 306, -1: 283, 1: 275}
2025-06-02 19:00:45,925 [F5] [INFO] [SPLIT] KRW-PENDLE_label.parquet → KRW-PENDLE_train.parquet, shape=(8, 86), dist={0: 8}
2025-06-02 19:00:45,933 [F5] [INFO] [SPLIT] KRW-ORCA_label.parquet → KRW-ORCA_test.parquet, shape=(432, 86), dist={0: 152, 1: 149, -1: 131}
2025-06-02 19:00:45,933 [F5] [INFO] [SPLIT] KRW-PENDLE_label.parquet → KRW-PENDLE_valid.parquet, shape=(2, 86), dist={0: 2}
2025-06-02 19:00:45,943 [F5] [INFO] [SPLIT] KRW-PENDLE_label.parquet → KRW-PENDLE_test.parquet, shape=(2, 86), dist={0: 2}
2025-06-02 19:00:45,948 [F5] [INFO] [SPLIT] KRW-PENDLE_label.parquet → KRW-PENDLE_train.parquet, shape=(8, 86), dist={0: 8}
2025-06-02 19:00:45,957 [F5] [INFO] [SPLIT] KRW-PENDLE_label.parquet → KRW-PENDLE_valid.parquet, shape=(2, 86), dist={0: 2}
2025-06-02 19:00:45,958 [F5] [INFO] [SPLIT] KRW-PUNDIX_label.parquet → KRW-PUNDIX_train.parquet, shape=(40, 86), dist={0: 25, -1: 9, 1: 6}
2025-06-02 19:00:45,968 [F5] [INFO] [SPLIT] KRW-PENDLE_label.parquet → KRW-PENDLE_test.parquet, shape=(2, 86), dist={0: 2}
2025-06-02 19:00:45,969 [F5] [INFO] [SPLIT] KRW-PUNDIX_label.parquet → KRW-PUNDIX_valid.parquet, shape=(11, 86), dist={0: 6, -1: 5}
2025-06-02 19:00:45,981 [F5] [INFO] [SPLIT] KRW-PUNDIX_label.parquet → KRW-PUNDIX_test.parquet, shape=(7, 86), dist={0: 7}
2025-06-02 19:00:45,988 [F5] [INFO] [SPLIT] KRW-PUNDIX_label.parquet → KRW-PUNDIX_train.parquet, shape=(40, 86), dist={0: 25, -1: 9, 1: 6}
2025-06-02 19:00:45,999 [F5] [INFO] [SPLIT] KRW-PUNDIX_label.parquet → KRW-PUNDIX_valid.parquet, shape=(11, 86), dist={0: 6, -1: 5}
2025-06-02 19:00:46,000 [F5] [INFO] [SPLIT] KRW-QTUM_label.parquet → KRW-QTUM_train.parquet, shape=(23, 86), dist={0: 23}
2025-06-02 19:00:46,011 [F5] [INFO] [SPLIT] KRW-PUNDIX_label.parquet → KRW-PUNDIX_test.parquet, shape=(7, 86), dist={0: 7}
2025-06-02 19:00:46,011 [F5] [INFO] [SPLIT] KRW-QTUM_label.parquet → KRW-QTUM_valid.parquet, shape=(6, 86), dist={0: 6}
2025-06-02 19:00:46,021 [F5] [INFO] [SPLIT] KRW-QTUM_label.parquet → KRW-QTUM_test.parquet, shape=(5, 86), dist={0: 5}
2025-06-02 19:00:46,027 [F5] [INFO] [SPLIT] KRW-QTUM_label.parquet → KRW-QTUM_train.parquet, shape=(23, 86), dist={0: 23}
2025-06-02 19:00:46,034 [F5] [INFO] [SPLIT] KRW-RENDER_label.parquet → KRW-RENDER_train.parquet, shape=(0, 86), dist={}
2025-06-02 19:00:46,036 [F5] [INFO] [SPLIT] KRW-QTUM_label.parquet → KRW-QTUM_valid.parquet, shape=(6, 86), dist={0: 6}
2025-06-02 19:00:46,041 [F5] [INFO] [SPLIT] KRW-RENDER_label.parquet → KRW-RENDER_valid.parquet, shape=(0, 86), dist={}
2025-06-02 19:00:46,045 [F5] [INFO] [SPLIT] KRW-QTUM_label.parquet → KRW-QTUM_test.parquet, shape=(5, 86), dist={0: 5}
2025-06-02 19:00:46,050 [F5] [INFO] [SPLIT] KRW-RENDER_label.parquet → KRW-RENDER_test.parquet, shape=(1, 86), dist={0: 1}
2025-06-02 19:00:46,059 [F5] [INFO] [SPLIT] KRW-RENDER_label.parquet → KRW-RENDER_train.parquet, shape=(0, 86), dist={}
2025-06-02 19:00:46,066 [F5] [INFO] [SPLIT] KRW-SAFE_label.parquet → KRW-SAFE_train.parquet, shape=(62, 86), dist={0: 32, -1: 23, 1: 7}
2025-06-02 19:00:46,066 [F5] [INFO] [SPLIT] KRW-RENDER_label.parquet → KRW-RENDER_valid.parquet, shape=(0, 86), dist={}
2025-06-02 19:00:46,075 [F5] [INFO] [SPLIT] KRW-RENDER_label.parquet → KRW-RENDER_test.parquet, shape=(1, 86), dist={0: 1}
2025-06-02 19:00:46,075 [F5] [INFO] [SPLIT] KRW-SAFE_label.parquet → KRW-SAFE_valid.parquet, shape=(18, 86), dist={0: 12, -1: 5, 1: 1}
2025-06-02 19:00:46,085 [F5] [INFO] [SPLIT] KRW-SAFE_label.parquet → KRW-SAFE_test.parquet, shape=(10, 86), dist={0: 6, 1: 4}
2025-06-02 19:00:46,090 [F5] [INFO] [SPLIT] KRW-SAFE_label.parquet → KRW-SAFE_train.parquet, shape=(62, 86), dist={0: 32, -1: 23, 1: 7}
2025-06-02 19:00:46,097 [F5] [INFO] [SPLIT] KRW-STX_label.parquet → KRW-STX_train.parquet, shape=(0, 86), dist={}
2025-06-02 19:00:46,100 [F5] [INFO] [SPLIT] KRW-SAFE_label.parquet → KRW-SAFE_valid.parquet, shape=(18, 86), dist={0: 12, -1: 5, 1: 1}
2025-06-02 19:00:46,105 [F5] [INFO] [SPLIT] KRW-STX_label.parquet → KRW-STX_valid.parquet, shape=(0, 86), dist={}
2025-06-02 19:00:46,109 [F5] [INFO] [SPLIT] KRW-SAFE_label.parquet → KRW-SAFE_test.parquet, shape=(10, 86), dist={0: 6, 1: 4}
2025-06-02 19:00:46,114 [F5] [INFO] [SPLIT] KRW-STX_label.parquet → KRW-STX_test.parquet, shape=(1, 86), dist={0: 1}
2025-06-02 19:00:46,123 [F5] [INFO] [SPLIT] KRW-STX_label.parquet → KRW-STX_train.parquet, shape=(0, 86), dist={}
2025-06-02 19:00:46,130 [F5] [INFO] [SPLIT] KRW-SUI_label.parquet → KRW-SUI_train.parquet, shape=(48, 86), dist={0: 29, -1: 11, 1: 8}
2025-06-02 19:00:46,131 [F5] [INFO] [SPLIT] KRW-STX_label.parquet → KRW-STX_valid.parquet, shape=(0, 86), dist={}
2025-06-02 19:00:46,140 [F5] [INFO] [SPLIT] KRW-SUI_label.parquet → KRW-SUI_valid.parquet, shape=(13, 86), dist={-1: 7, 0: 6}
2025-06-02 19:00:46,140 [F5] [INFO] [SPLIT] KRW-STX_label.parquet → KRW-STX_test.parquet, shape=(1, 86), dist={0: 1}
2025-06-02 19:00:46,150 [F5] [INFO] [SPLIT] KRW-SUI_label.parquet → KRW-SUI_test.parquet, shape=(8, 86), dist={0: 7, -1: 1}
2025-06-02 19:00:46,158 [F5] [INFO] [SPLIT] KRW-SUI_label.parquet → KRW-SUI_train.parquet, shape=(48, 86), dist={0: 29, -1: 11, 1: 8}
2025-06-02 19:00:46,168 [F5] [INFO] [SPLIT] KRW-TAIKO_label.parquet → KRW-TAIKO_train.parquet, shape=(10, 86), dist={1: 5, 0: 3, -1: 2}
2025-06-02 19:00:46,171 [F5] [INFO] [SPLIT] KRW-SUI_label.parquet → KRW-SUI_valid.parquet, shape=(13, 86), dist={-1: 7, 0: 6}
2025-06-02 19:00:46,180 [F5] [INFO] [SPLIT] KRW-TAIKO_label.parquet → KRW-TAIKO_valid.parquet, shape=(3, 86), dist={0: 3}
2025-06-02 19:00:46,184 [F5] [INFO] [SPLIT] KRW-SUI_label.parquet → KRW-SUI_test.parquet, shape=(8, 86), dist={0: 7, -1: 1}
2025-06-02 19:00:46,192 [F5] [INFO] [SPLIT] KRW-TAIKO_label.parquet → KRW-TAIKO_test.parquet, shape=(2, 86), dist={0: 2}
2025-06-02 19:00:46,202 [F5] [INFO] [SPLIT] KRW-TAIKO_label.parquet → KRW-TAIKO_train.parquet, shape=(10, 86), dist={1: 5, 0: 3, -1: 2}
2025-06-02 19:00:46,212 [F5] [INFO] [SPLIT] KRW-TAIKO_label.parquet → KRW-TAIKO_valid.parquet, shape=(3, 86), dist={0: 3}
2025-06-02 19:00:46,213 [F5] [INFO] [SPLIT] KRW-THETA_label.parquet → KRW-THETA_train.parquet, shape=(1008, 86), dist={0: 729, -1: 148, 1: 131}
2025-06-02 19:00:46,222 [F5] [INFO] [SPLIT] KRW-TAIKO_label.parquet → KRW-TAIKO_test.parquet, shape=(2, 86), dist={0: 2}
2025-06-02 19:00:46,223 [F5] [INFO] [SPLIT] KRW-THETA_label.parquet → KRW-THETA_valid.parquet, shape=(288, 86), dist={0: 206, -1: 50, 1: 32}
2025-06-02 19:00:46,237 [F5] [INFO] [SPLIT] KRW-THETA_label.parquet → KRW-THETA_test.parquet, shape=(145, 86), dist={0: 110, 1: 29, -1: 6}
2025-06-02 19:00:46,245 [F5] [INFO] [SPLIT] KRW-THETA_label.parquet → KRW-THETA_train.parquet, shape=(1008, 86), dist={0: 729, -1: 148, 1: 131}
2025-06-02 19:00:46,257 [F5] [INFO] [SPLIT] KRW-THETA_label.parquet → KRW-THETA_valid.parquet, shape=(288, 86), dist={0: 206, -1: 50, 1: 32}
2025-06-02 19:00:46,260 [F5] [INFO] [SPLIT] KRW-TIA_label.parquet → KRW-TIA_train.parquet, shape=(1002, 86), dist={0: 767, 1: 128, -1: 107}
2025-06-02 19:00:46,273 [F5] [INFO] [SPLIT] KRW-THETA_label.parquet → KRW-THETA_test.parquet, shape=(145, 86), dist={0: 110, 1: 29, -1: 6}
2025-06-02 19:00:46,274 [F5] [INFO] [SPLIT] KRW-TIA_label.parquet → KRW-TIA_valid.parquet, shape=(286, 86), dist={0: 189, -1: 52, 1: 45}
2025-06-02 19:00:46,286 [F5] [INFO] [SPLIT] KRW-TIA_label.parquet → KRW-TIA_test.parquet, shape=(144, 86), dist={0: 112, -1: 18, 1: 14}
2025-06-02 19:00:46,298 [F5] [INFO] [SPLIT] KRW-TIA_label.parquet → KRW-TIA_train.parquet, shape=(1002, 86), dist={0: 767, 1: 128, -1: 107}
2025-06-02 19:00:46,306 [F5] [INFO] [SPLIT] KRW-TOKAMAK_label.parquet → KRW-TOKAMAK_train.parquet, shape=(11, 86), dist={1: 9, -1: 2}
2025-06-02 19:00:46,310 [F5] [INFO] [SPLIT] KRW-TIA_label.parquet → KRW-TIA_valid.parquet, shape=(286, 86), dist={0: 189, -1: 52, 1: 45}
2025-06-02 19:00:46,316 [F5] [INFO] [SPLIT] KRW-TOKAMAK_label.parquet → KRW-TOKAMAK_valid.parquet, shape=(3, 86), dist={0: 2, 1: 1}
2025-06-02 19:00:46,323 [F5] [INFO] [SPLIT] KRW-TIA_label.parquet → KRW-TIA_test.parquet, shape=(144, 86), dist={0: 112, -1: 18, 1: 14}
2025-06-02 19:00:46,328 [F5] [INFO] [SPLIT] KRW-TOKAMAK_label.parquet → KRW-TOKAMAK_test.parquet, shape=(3, 86), dist={0: 3}
2025-06-02 19:00:46,340 [F5] [INFO] [SPLIT] KRW-TOKAMAK_label.parquet → KRW-TOKAMAK_train.parquet, shape=(11, 86), dist={1: 9, -1: 2}
2025-06-02 19:00:46,343 [F5] [INFO] [SPLIT] KRW-TRUMP_label.parquet → KRW-TRUMP_train.parquet, shape=(15, 86), dist={0: 12, -1: 3}
2025-06-02 19:00:46,349 [F5] [INFO] [SPLIT] KRW-TOKAMAK_label.parquet → KRW-TOKAMAK_valid.parquet, shape=(3, 86), dist={0: 2, 1: 1}
2025-06-02 19:00:46,352 [F5] [INFO] [SPLIT] KRW-TRUMP_label.parquet → KRW-TRUMP_valid.parquet, shape=(4, 86), dist={0: 4}
2025-06-02 19:00:46,359 [F5] [INFO] [SPLIT] KRW-TOKAMAK_label.parquet → KRW-TOKAMAK_test.parquet, shape=(3, 86), dist={0: 3}
2025-06-02 19:00:46,362 [F5] [INFO] [SPLIT] KRW-TRUMP_label.parquet → KRW-TRUMP_test.parquet, shape=(3, 86), dist={0: 3}
2025-06-02 19:00:46,374 [F5] [INFO] [SPLIT] KRW-TRUMP_label.parquet → KRW-TRUMP_train.parquet, shape=(15, 86), dist={0: 12, -1: 3}
2025-06-02 19:00:46,382 [F5] [INFO] [SPLIT] KRW-UNI_label.parquet → KRW-UNI_train.parquet, shape=(1008, 86), dist={0: 675, -1: 200, 1: 133}
2025-06-02 19:00:46,383 [F5] [INFO] [SPLIT] KRW-TRUMP_label.parquet → KRW-TRUMP_valid.parquet, shape=(4, 86), dist={0: 4}
2025-06-02 19:00:46,393 [F5] [INFO] [SPLIT] KRW-TRUMP_label.parquet → KRW-TRUMP_test.parquet, shape=(3, 86), dist={0: 3}
2025-06-02 19:00:46,394 [F5] [INFO] [SPLIT] KRW-UNI_label.parquet → KRW-UNI_valid.parquet, shape=(288, 86), dist={0: 177, -1: 80, 1: 31}
2025-06-02 19:00:46,406 [F5] [INFO] [SPLIT] KRW-UNI_label.parquet → KRW-UNI_test.parquet, shape=(145, 86), dist={0: 111, 1: 19, -1: 15}
2025-06-02 19:00:46,417 [F5] [INFO] [SPLIT] KRW-UNI_label.parquet → KRW-UNI_train.parquet, shape=(1008, 86), dist={0: 675, -1: 200, 1: 133}
2025-06-02 19:00:46,429 [F5] [INFO] [SPLIT] KRW-USDC_label.parquet → KRW-USDC_train.parquet, shape=(1007, 86), dist={0: 1007}
2025-06-02 19:00:46,431 [F5] [INFO] [SPLIT] KRW-UNI_label.parquet → KRW-UNI_valid.parquet, shape=(288, 86), dist={0: 177, -1: 80, 1: 31}
2025-06-02 19:00:46,443 [F5] [INFO] [SPLIT] KRW-UNI_label.parquet → KRW-UNI_test.parquet, shape=(145, 86), dist={0: 111, 1: 19, -1: 15}
2025-06-02 19:00:46,444 [F5] [INFO] [SPLIT] KRW-USDC_label.parquet → KRW-USDC_valid.parquet, shape=(288, 86), dist={0: 288}
2025-06-02 19:00:46,456 [F5] [INFO] [SPLIT] KRW-USDC_label.parquet → KRW-USDC_test.parquet, shape=(145, 86), dist={0: 145}
2025-06-02 19:00:46,464 [F5] [INFO] [SPLIT] KRW-USDC_label.parquet → KRW-USDC_train.parquet, shape=(1007, 86), dist={0: 1007}
2025-06-02 19:00:46,472 [F5] [INFO] [SPLIT] KRW-USDT_label.parquet → KRW-USDT_train.parquet, shape=(0, 86), dist={}
2025-06-02 19:00:46,475 [F5] [INFO] [SPLIT] KRW-USDC_label.parquet → KRW-USDC_valid.parquet, shape=(288, 86), dist={0: 288}
2025-06-02 19:00:46,479 [F5] [INFO] [SPLIT] KRW-USDT_label.parquet → KRW-USDT_valid.parquet, shape=(0, 86), dist={}
2025-06-02 19:00:46,490 [F5] [INFO] [SPLIT] KRW-USDC_label.parquet → KRW-USDC_test.parquet, shape=(145, 86), dist={0: 145}
2025-06-02 19:00:46,496 [F5] [INFO] [SPLIT] KRW-USDT_label.parquet → KRW-USDT_test.parquet, shape=(1, 86), dist={0: 1}
2025-06-02 19:00:46,512 [F5] [INFO] [SPLIT] KRW-USDT_label.parquet → KRW-USDT_train.parquet, shape=(0, 86), dist={}
2025-06-02 19:00:46,521 [F5] [INFO] [SPLIT] KRW-UXLINK_label.parquet → KRW-UXLINK_train.parquet, shape=(6, 86), dist={0: 4, 1: 1, -1: 1}
2025-06-02 19:00:46,527 [F5] [INFO] [SPLIT] KRW-USDT_label.parquet → KRW-USDT_valid.parquet, shape=(0, 86), dist={}
2025-06-02 19:00:46,536 [F5] [INFO] [SPLIT] KRW-UXLINK_label.parquet → KRW-UXLINK_valid.parquet, shape=(1, 86), dist={0: 1}
2025-06-02 19:00:46,540 [F5] [INFO] [SPLIT] KRW-USDT_label.parquet → KRW-USDT_test.parquet, shape=(1, 86), dist={0: 1}
2025-06-02 19:00:46,547 [F5] [INFO] [SPLIT] KRW-UXLINK_label.parquet → KRW-UXLINK_test.parquet, shape=(2, 86), dist={0: 2}
2025-06-02 19:00:46,556 [F5] [INFO] [SPLIT] KRW-UXLINK_label.parquet → KRW-UXLINK_train.parquet, shape=(6, 86), dist={0: 4, 1: 1, -1: 1}
2025-06-02 19:00:46,562 [F5] [INFO] [SPLIT] KRW-VANA_label.parquet → KRW-VANA_train.parquet, shape=(7, 86), dist={-1: 3, 1: 3, 0: 1}
2025-06-02 19:00:46,565 [F5] [INFO] [SPLIT] KRW-UXLINK_label.parquet → KRW-UXLINK_valid.parquet, shape=(1, 86), dist={0: 1}
2025-06-02 19:00:46,571 [F5] [INFO] [SPLIT] KRW-VANA_label.parquet → KRW-VANA_valid.parquet, shape=(2, 86), dist={0: 2}
2025-06-02 19:00:46,574 [F5] [INFO] [SPLIT] KRW-UXLINK_label.parquet → KRW-UXLINK_test.parquet, shape=(2, 86), dist={0: 2}
2025-06-02 19:00:46,581 [F5] [INFO] [SPLIT] KRW-VANA_label.parquet → KRW-VANA_test.parquet, shape=(2, 86), dist={0: 2}
2025-06-02 19:00:46,590 [F5] [INFO] [SPLIT] KRW-VANA_label.parquet → KRW-VANA_train.parquet, shape=(7, 86), dist={-1: 3, 1: 3, 0: 1}
2025-06-02 19:00:46,596 [F5] [INFO] [SPLIT] KRW-VIRTUAL_label.parquet → KRW-VIRTUAL_train.parquet, shape=(6, 86), dist={0: 5, 1: 1}
2025-06-02 19:00:46,598 [F5] [INFO] [SPLIT] KRW-VANA_label.parquet → KRW-VANA_valid.parquet, shape=(2, 86), dist={0: 2}
2025-06-02 19:00:46,607 [F5] [INFO] [SPLIT] KRW-VIRTUAL_label.parquet → KRW-VIRTUAL_valid.parquet, shape=(1, 86), dist={0: 1}
2025-06-02 19:00:46,608 [F5] [INFO] [SPLIT] KRW-VANA_label.parquet → KRW-VANA_test.parquet, shape=(2, 86), dist={0: 2}
2025-06-02 19:00:46,618 [F5] [INFO] [SPLIT] KRW-VIRTUAL_label.parquet → KRW-VIRTUAL_test.parquet, shape=(2, 86), dist={0: 2}
2025-06-02 19:00:46,625 [F5] [INFO] [SPLIT] KRW-VIRTUAL_label.parquet → KRW-VIRTUAL_train.parquet, shape=(6, 86), dist={0: 5, 1: 1}
2025-06-02 19:00:46,635 [F5] [INFO] [SPLIT] KRW-VIRTUAL_label.parquet → KRW-VIRTUAL_valid.parquet, shape=(1, 86), dist={0: 1}
2025-06-02 19:00:46,640 [F5] [INFO] [SPLIT] KRW-WAL_label.parquet → KRW-WAL_train.parquet, shape=(1006, 86), dist={0: 694, -1: 160, 1: 152}
2025-06-02 19:00:46,646 [F5] [INFO] [SPLIT] KRW-VIRTUAL_label.parquet → KRW-VIRTUAL_test.parquet, shape=(2, 86), dist={0: 2}
2025-06-02 19:00:46,665 [F5] [INFO] [SPLIT] KRW-WAL_label.parquet → KRW-WAL_valid.parquet, shape=(287, 86), dist={0: 204, -1: 49, 1: 34}
2025-06-02 19:00:46,667 [F5] [INFO] [SPLIT] KRW-WAL_label.parquet → KRW-WAL_train.parquet, shape=(1006, 86), dist={0: 694, -1: 160, 1: 152}
2025-06-02 19:00:46,676 [F5] [INFO] [SPLIT] KRW-WAL_label.parquet → KRW-WAL_test.parquet, shape=(145, 86), dist={0: 111, 1: 18, -1: 16}
2025-06-02 19:00:46,689 [F5] [INFO] [SPLIT] KRW-WAL_label.parquet → KRW-WAL_valid.parquet, shape=(287, 86), dist={0: 204, -1: 49, 1: 34}
2025-06-02 19:00:46,692 [F5] [INFO] [SPLIT] KRW-WAVES_label.parquet → KRW-WAVES_train.parquet, shape=(54, 86), dist={0: 45, -1: 5, 1: 4}
2025-06-02 19:00:46,698 [F5] [INFO] [SPLIT] KRW-WAL_label.parquet → KRW-WAL_test.parquet, shape=(145, 86), dist={0: 111, 1: 18, -1: 16}
2025-06-02 19:00:46,701 [F5] [INFO] [SPLIT] KRW-WAVES_label.parquet → KRW-WAVES_valid.parquet, shape=(15, 86), dist={1: 8, 0: 6, -1: 1}
2025-06-02 19:00:46,712 [F5] [INFO] [SPLIT] KRW-WAVES_label.parquet → KRW-WAVES_test.parquet, shape=(9, 86), dist={0: 9}
2025-06-02 19:00:46,714 [F5] [INFO] [SPLIT] KRW-WAVES_label.parquet → KRW-WAVES_train.parquet, shape=(54, 86), dist={0: 45, -1: 5, 1: 4}
2025-06-02 19:00:46,724 [F5] [INFO] [SPLIT] KRW-WAVES_label.parquet → KRW-WAVES_valid.parquet, shape=(15, 86), dist={1: 8, 0: 6, -1: 1}
2025-06-02 19:00:46,727 [F5] [INFO] [SPLIT] KRW-WCT_label.parquet → KRW-WCT_train.parquet, shape=(60, 86), dist={0: 28, -1: 25, 1: 7}
2025-06-02 19:00:46,733 [F5] [INFO] [SPLIT] KRW-WAVES_label.parquet → KRW-WAVES_test.parquet, shape=(9, 86), dist={0: 9}
2025-06-02 19:00:46,736 [F5] [INFO] [SPLIT] KRW-WCT_label.parquet → KRW-WCT_valid.parquet, shape=(17, 86), dist={0: 9, -1: 7, 1: 1}
2025-06-02 19:00:46,746 [F5] [INFO] [SPLIT] KRW-WCT_label.parquet → KRW-WCT_test.parquet, shape=(10, 86), dist={0: 8, 1: 2}
2025-06-02 19:00:46,748 [F5] [INFO] [SPLIT] KRW-WCT_label.parquet → KRW-WCT_train.parquet, shape=(60, 86), dist={0: 28, -1: 25, 1: 7}
2025-06-02 19:00:46,758 [F5] [INFO] [SPLIT] KRW-WCT_label.parquet → KRW-WCT_valid.parquet, shape=(17, 86), dist={0: 9, -1: 7, 1: 1}
2025-06-02 19:00:46,762 [F5] [INFO] [SPLIT] KRW-XRP_label.parquet → KRW-XRP_train.parquet, shape=(7, 86), dist={0: 7}
2025-06-02 19:00:46,769 [F5] [INFO] [SPLIT] KRW-WCT_label.parquet → KRW-WCT_test.parquet, shape=(10, 86), dist={0: 8, 1: 2}
2025-06-02 19:00:46,772 [F5] [INFO] [SPLIT] KRW-XRP_label.parquet → KRW-XRP_valid.parquet, shape=(2, 86), dist={0: 2}
2025-06-02 19:00:46,781 [F5] [INFO] [SPLIT] KRW-XRP_label.parquet → KRW-XRP_test.parquet, shape=(2, 86), dist={0: 2}
2025-06-02 19:00:46,784 [F5] [INFO] [SPLIT] KRW-XRP_label.parquet → KRW-XRP_train.parquet, shape=(7, 86), dist={0: 7}
2025-06-02 19:00:46,793 [F5] [INFO] [SPLIT] KRW-XRP_label.parquet → KRW-XRP_valid.parquet, shape=(2, 86), dist={0: 2}
2025-06-02 19:00:46,800 [F5] [INFO] [SPLIT] KRW-XTZ_label.parquet → KRW-XTZ_train.parquet, shape=(991, 86), dist={0: 855, 1: 76, -1: 60}
2025-06-02 19:00:46,802 [F5] [INFO] [SPLIT] KRW-XRP_label.parquet → KRW-XRP_test.parquet, shape=(2, 86), dist={0: 2}
2025-06-02 19:00:46,811 [F5] [INFO] [SPLIT] KRW-XTZ_label.parquet → KRW-XTZ_valid.parquet, shape=(283, 86), dist={0: 263, -1: 12, 1: 8}
2025-06-02 19:00:46,821 [F5] [INFO] [SPLIT] KRW-XTZ_label.parquet → KRW-XTZ_train.parquet, shape=(991, 86), dist={0: 855, 1: 76, -1: 60}
2025-06-02 19:00:46,821 [F5] [INFO] [SPLIT] KRW-XTZ_label.parquet → KRW-XTZ_test.parquet, shape=(142, 86), dist={0: 122, 1: 11, -1: 9}
2025-06-02 19:00:46,832 [F5] [INFO] [SPLIT] KRW-XTZ_label.parquet → KRW-XTZ_valid.parquet, shape=(283, 86), dist={0: 263, -1: 12, 1: 8}
2025-06-02 19:00:46,836 [F5] [INFO] [SPLIT] KRW-ZRO_label.parquet → KRW-ZRO_train.parquet, shape=(26, 86), dist={0: 21, 1: 5}
2025-06-02 19:00:46,843 [F5] [INFO] [SPLIT] KRW-XTZ_label.parquet → KRW-XTZ_test.parquet, shape=(142, 86), dist={0: 122, 1: 11, -1: 9}
2025-06-02 19:00:46,845 [F5] [INFO] [SPLIT] KRW-ZRO_label.parquet → KRW-ZRO_valid.parquet, shape=(7, 86), dist={0: 6, -1: 1}
2025-06-02 19:00:46,856 [F5] [INFO] [SPLIT] KRW-ZRO_label.parquet → KRW-ZRO_test.parquet, shape=(5, 86), dist={0: 5}
2025-06-02 19:00:46,859 [F5] [INFO] [SPLIT] KRW-ZRO_label.parquet → KRW-ZRO_train.parquet, shape=(26, 86), dist={0: 21, 1: 5}
2025-06-02 19:00:46,869 [F5] [INFO] [SPLIT] KRW-ZRO_label.parquet → KRW-ZRO_valid.parquet, shape=(7, 86), dist={0: 6, -1: 1}
2025-06-02 19:00:46,879 [F5] [INFO] [SPLIT] KRW-ZRO_label.parquet → KRW-ZRO_test.parquet, shape=(5, 86), dist={0: 5}
