2025-06-03 15:20:06,583 [F5] [INFO] 원본 rows: 4389
2025-06-03 15:20:06,584 [F5] [WARNING] 중복 컬럼 존재: ['timestamp']
2025-06-03 15:20:06,646 [F5] [INFO] timestamp 결측 row 제거: 0
2025-06-03 15:20:06,648 [F5] [INFO] 중복 timestamp 제거: 19
2025-06-03 15:20:06,654 [F5] [INFO] 연속성 확보로 추가된 row: 223
2025-06-03 15:20:06,656 [F5] [INFO] 0-range row 제거: 0
2025-06-03 15:20:06,658 [F5] [INFO] 중복 timestamp 제거: 0
2025-06-03 15:20:06,659 [F5] [INFO] 클린 완료 row: 4593
2025-06-03 15:20:06,732 [F5] [INFO] Saved KRW-ADA_clean.parquet
2025-06-03 15:20:06,737 [F5] [INFO] 원본 rows: 4373
2025-06-03 15:20:06,739 [F5] [WARNING] 중복 컬럼 존재: ['timestamp']
2025-06-03 15:20:06,818 [F5] [INFO] timestamp 결측 row 제거: 0
2025-06-03 15:20:06,821 [F5] [INFO] 중복 timestamp 제거: 8
2025-06-03 15:20:06,831 [F5] [INFO] 연속성 확보로 추가된 row: 3886
2025-06-03 15:20:06,835 [F5] [INFO] 0-range row 제거: 0
2025-06-03 15:20:06,838 [F5] [INFO] 중복 timestamp 제거: 0
2025-06-03 15:20:06,841 [F5] [INFO] 클린 완료 row: 8251
2025-06-03 15:20:06,857 [F5] [INFO] Saved KRW-AKT_clean.parquet
2025-06-03 15:20:06,866 [F5] [INFO] 원본 rows: 4345
2025-06-03 15:20:06,867 [F5] [WARNING] 중복 컬럼 존재: ['timestamp']
2025-06-03 15:20:06,918 [F5] [INFO] timestamp 결측 row 제거: 0
2025-06-03 15:20:06,919 [F5] [INFO] 중복 timestamp 제거: 2
2025-06-03 15:20:06,925 [F5] [INFO] 연속성 확보로 추가된 row: 2781
2025-06-03 15:20:06,926 [F5] [INFO] 0-range row 제거: 0
2025-06-03 15:20:06,928 [F5] [INFO] 중복 timestamp 제거: 0
2025-06-03 15:20:06,929 [F5] [INFO] 클린 완료 row: 7124
2025-06-03 15:20:06,938 [F5] [INFO] Saved KRW-APT_clean.parquet
2025-06-03 15:20:06,943 [F5] [INFO] 원본 rows: 4358
2025-06-03 15:20:06,944 [F5] [WARNING] 중복 컬럼 존재: ['timestamp']
2025-06-03 15:20:07,012 [F5] [INFO] timestamp 결측 row 제거: 0
2025-06-03 15:20:07,015 [F5] [INFO] 중복 timestamp 제거: 5
2025-06-03 15:20:07,023 [F5] [INFO] 연속성 확보로 추가된 row: 5650
2025-06-03 15:20:07,024 [F5] [INFO] 0-range row 제거: 0
2025-06-03 15:20:07,028 [F5] [INFO] 중복 timestamp 제거: 0
2025-06-03 15:20:07,029 [F5] [INFO] 클린 완료 row: 10003
2025-06-03 15:20:07,042 [F5] [INFO] Saved KRW-AQT_clean.parquet
2025-06-03 15:20:07,048 [F5] [INFO] 원본 rows: 4380
2025-06-03 15:20:07,049 [F5] [WARNING] 중복 컬럼 존재: ['timestamp']
2025-06-03 15:20:07,117 [F5] [INFO] timestamp 결측 row 제거: 0
2025-06-03 15:20:07,119 [F5] [INFO] 중복 timestamp 제거: 20
2025-06-03 15:20:07,123 [F5] [INFO] 연속성 확보로 추가된 row: 1236
2025-06-03 15:20:07,124 [F5] [INFO] 0-range row 제거: 0
2025-06-03 15:20:07,126 [F5] [INFO] 중복 timestamp 제거: 0
2025-06-03 15:20:07,127 [F5] [INFO] 클린 완료 row: 5596
2025-06-03 15:20:07,134 [F5] [INFO] Saved KRW-ARB_clean.parquet
2025-06-03 15:20:07,139 [F5] [INFO] 원본 rows: 4355
2025-06-03 15:20:07,140 [F5] [WARNING] 중복 컬럼 존재: ['timestamp']
2025-06-03 15:20:07,196 [F5] [INFO] timestamp 결측 row 제거: 0
2025-06-03 15:20:07,196 [F5] [INFO] 중복 timestamp 제거: 11
2025-06-03 15:20:07,203 [F5] [INFO] 연속성 확보로 추가된 row: 3984
2025-06-03 15:20:07,204 [F5] [INFO] 0-range row 제거: 0
2025-06-03 15:20:07,206 [F5] [INFO] 중복 timestamp 제거: 0
2025-06-03 15:20:07,208 [F5] [INFO] 클린 완료 row: 8328
2025-06-03 15:20:07,218 [F5] [INFO] Saved KRW-ARK_clean.parquet
2025-06-03 15:20:07,223 [F5] [INFO] 원본 rows: 4393
2025-06-03 15:20:07,224 [F5] [WARNING] 중복 컬럼 존재: ['timestamp']
2025-06-03 15:20:07,294 [F5] [INFO] timestamp 결측 row 제거: 0
2025-06-03 15:20:07,296 [F5] [INFO] 중복 timestamp 제거: 15
2025-06-03 15:20:07,301 [F5] [INFO] 연속성 확보로 추가된 row: 2407
2025-06-03 15:20:07,302 [F5] [INFO] 0-range row 제거: 0
2025-06-03 15:20:07,305 [F5] [INFO] 중복 timestamp 제거: 0
2025-06-03 15:20:07,306 [F5] [INFO] 클린 완료 row: 6785
2025-06-03 15:20:07,316 [F5] [INFO] Saved KRW-AUCTION_clean.parquet
2025-06-03 15:20:07,322 [F5] [INFO] 원본 rows: 4446
2025-06-03 15:20:07,323 [F5] [WARNING] 중복 컬럼 존재: ['timestamp']
2025-06-03 15:20:07,376 [F5] [INFO] timestamp 결측 row 제거: 0
2025-06-03 15:20:07,378 [F5] [INFO] 중복 timestamp 제거: 30
2025-06-03 15:20:07,383 [F5] [INFO] 연속성 확보로 추가된 row: 1081
2025-06-03 15:20:07,384 [F5] [INFO] 0-range row 제거: 0
2025-06-03 15:20:07,385 [F5] [INFO] 중복 timestamp 제거: 0
2025-06-03 15:20:07,387 [F5] [INFO] 클린 완료 row: 5497
2025-06-03 15:20:07,396 [F5] [INFO] Saved KRW-BERA_clean.parquet
2025-06-03 15:20:07,401 [F5] [INFO] 원본 rows: 4348
2025-06-03 15:20:07,402 [F5] [WARNING] 중복 컬럼 존재: ['timestamp']
2025-06-03 15:20:07,464 [F5] [INFO] timestamp 결측 row 제거: 0
2025-06-03 15:20:07,466 [F5] [INFO] 중복 timestamp 제거: 4
2025-06-03 15:20:07,473 [F5] [INFO] 연속성 확보로 추가된 row: 1794
2025-06-03 15:20:07,475 [F5] [INFO] 0-range row 제거: 0
2025-06-03 15:20:07,477 [F5] [INFO] 중복 timestamp 제거: 0
2025-06-03 15:20:07,478 [F5] [INFO] 클린 완료 row: 6138
2025-06-03 15:20:07,487 [F5] [INFO] Saved KRW-CARV_clean.parquet
2025-06-03 15:20:07,492 [F5] [INFO] 원본 rows: 4374
2025-06-03 15:20:07,493 [F5] [WARNING] 중복 컬럼 존재: ['timestamp']
2025-06-03 15:20:07,541 [F5] [INFO] timestamp 결측 row 제거: 0
2025-06-03 15:20:07,542 [F5] [INFO] 중복 timestamp 제거: 16
2025-06-03 15:20:07,549 [F5] [INFO] 연속성 확보로 추가된 row: 8518
2025-06-03 15:20:07,551 [F5] [INFO] 0-range row 제거: 0
2025-06-03 15:20:07,553 [F5] [INFO] 중복 timestamp 제거: 0
2025-06-03 15:20:07,554 [F5] [INFO] 클린 완료 row: 12876
2025-06-03 15:20:07,566 [F5] [INFO] Saved KRW-CBK_clean.parquet
2025-06-03 15:20:07,571 [F5] [INFO] 원본 rows: 4399
2025-06-03 15:20:07,572 [F5] [WARNING] 중복 컬럼 존재: ['timestamp']
2025-06-03 15:20:07,635 [F5] [INFO] timestamp 결측 row 제거: 0
2025-06-03 15:20:07,636 [F5] [INFO] 중복 timestamp 제거: 13
2025-06-03 15:20:07,640 [F5] [INFO] 연속성 확보로 추가된 row: 1566
2025-06-03 15:20:07,643 [F5] [INFO] 0-range row 제거: 0
2025-06-03 15:20:07,645 [F5] [INFO] 중복 timestamp 제거: 0
2025-06-03 15:20:07,645 [F5] [INFO] 클린 완료 row: 5952
2025-06-03 15:20:07,654 [F5] [INFO] Saved KRW-COW_clean.parquet
2025-06-03 15:20:07,658 [F5] [INFO] 원본 rows: 4385
2025-06-03 15:20:07,659 [F5] [WARNING] 중복 컬럼 존재: ['timestamp']
2025-06-03 15:20:07,710 [F5] [INFO] timestamp 결측 row 제거: 0
2025-06-03 15:20:07,711 [F5] [INFO] 중복 timestamp 제거: 12
2025-06-03 15:20:07,717 [F5] [INFO] 연속성 확보로 추가된 row: 4565
2025-06-03 15:20:07,718 [F5] [INFO] 0-range row 제거: 0
2025-06-03 15:20:07,720 [F5] [INFO] 중복 timestamp 제거: 0
2025-06-03 15:20:07,722 [F5] [INFO] 클린 완료 row: 8938
2025-06-03 15:20:07,732 [F5] [INFO] Saved KRW-CTC_clean.parquet
2025-06-03 15:20:07,738 [F5] [INFO] 원본 rows: 4401
2025-06-03 15:20:07,738 [F5] [WARNING] 중복 컬럼 존재: ['timestamp']
2025-06-03 15:20:07,792 [F5] [INFO] timestamp 결측 row 제거: 0
2025-06-03 15:20:07,794 [F5] [INFO] 중복 timestamp 제거: 15
2025-06-03 15:20:07,799 [F5] [INFO] 연속성 확보로 추가된 row: 2330
2025-06-03 15:20:07,800 [F5] [INFO] 0-range row 제거: 0
2025-06-03 15:20:07,802 [F5] [INFO] 중복 timestamp 제거: 0
2025-06-03 15:20:07,803 [F5] [INFO] 클린 완료 row: 6716
2025-06-03 15:20:07,812 [F5] [INFO] Saved KRW-DOT_clean.parquet
2025-06-03 15:20:07,816 [F5] [INFO] 원본 rows: 4430
2025-06-03 15:20:07,818 [F5] [WARNING] 중복 컬럼 존재: ['timestamp']
2025-06-03 15:20:07,873 [F5] [INFO] timestamp 결측 row 제거: 0
2025-06-03 15:20:07,875 [F5] [INFO] 중복 timestamp 제거: 30
2025-06-03 15:20:07,878 [F5] [INFO] 연속성 확보로 추가된 row: 1906
2025-06-03 15:20:07,880 [F5] [INFO] 0-range row 제거: 0
2025-06-03 15:20:07,882 [F5] [INFO] 중복 timestamp 제거: 0
2025-06-03 15:20:07,883 [F5] [INFO] 클린 완료 row: 6306
2025-06-03 15:20:07,893 [F5] [INFO] Saved KRW-DRIFT_clean.parquet
2025-06-03 15:20:07,899 [F5] [INFO] 원본 rows: 4440
2025-06-03 15:20:07,900 [F5] [WARNING] 중복 컬럼 존재: ['timestamp']
2025-06-03 15:20:07,959 [F5] [INFO] timestamp 결측 row 제거: 0
2025-06-03 15:20:07,961 [F5] [INFO] 중복 timestamp 제거: 21
2025-06-03 15:20:07,966 [F5] [INFO] 연속성 확보로 추가된 row: 1361
2025-06-03 15:20:07,967 [F5] [INFO] 0-range row 제거: 0
2025-06-03 15:20:07,968 [F5] [INFO] 중복 timestamp 제거: 0
2025-06-03 15:20:07,970 [F5] [INFO] 클린 완료 row: 5780
2025-06-03 15:20:07,978 [F5] [INFO] Saved KRW-EOS_clean.parquet
2025-06-03 15:20:07,984 [F5] [INFO] 원본 rows: 4421
2025-06-03 15:20:07,985 [F5] [WARNING] 중복 컬럼 존재: ['timestamp']
2025-06-03 15:20:08,053 [F5] [INFO] timestamp 결측 row 제거: 0
2025-06-03 15:20:08,054 [F5] [INFO] 중복 timestamp 제거: 17
2025-06-03 15:20:08,061 [F5] [INFO] 연속성 확보로 추가된 row: 3040
2025-06-03 15:20:08,062 [F5] [INFO] 0-range row 제거: 0
2025-06-03 15:20:08,064 [F5] [INFO] 중복 timestamp 제거: 0
2025-06-03 15:20:08,066 [F5] [INFO] 클린 완료 row: 7444
2025-06-03 15:20:08,076 [F5] [INFO] Saved KRW-GAS_clean.parquet
2025-06-03 15:20:08,082 [F5] [INFO] 원본 rows: 4421
2025-06-03 15:20:08,083 [F5] [WARNING] 중복 컬럼 존재: ['timestamp']
2025-06-03 15:20:08,147 [F5] [INFO] timestamp 결측 row 제거: 0
2025-06-03 15:20:08,149 [F5] [INFO] 중복 timestamp 제거: 23
2025-06-03 15:20:08,154 [F5] [INFO] 연속성 확보로 추가된 row: 1856
2025-06-03 15:20:08,156 [F5] [INFO] 0-range row 제거: 0
2025-06-03 15:20:08,159 [F5] [INFO] 중복 timestamp 제거: 0
2025-06-03 15:20:08,160 [F5] [INFO] 클린 완료 row: 6254
2025-06-03 15:20:08,172 [F5] [INFO] Saved KRW-INJ_clean.parquet
2025-06-03 15:20:08,179 [F5] [INFO] 원본 rows: 4511
2025-06-03 15:20:08,180 [F5] [WARNING] 중복 컬럼 존재: ['timestamp']
2025-06-03 15:20:08,250 [F5] [INFO] timestamp 결측 row 제거: 0
2025-06-03 15:20:08,251 [F5] [INFO] 중복 timestamp 제거: 53
2025-06-03 15:20:08,258 [F5] [INFO] 연속성 확보로 추가된 row: 1471
2025-06-03 15:20:08,259 [F5] [INFO] 0-range row 제거: 0
2025-06-03 15:20:08,262 [F5] [INFO] 중복 timestamp 제거: 0
2025-06-03 15:20:08,264 [F5] [INFO] 클린 완료 row: 5929
2025-06-03 15:20:08,273 [F5] [INFO] Saved KRW-JUP_clean.parquet
2025-06-03 15:20:08,278 [F5] [INFO] 원본 rows: 4538
2025-06-03 15:20:08,279 [F5] [WARNING] 중복 컬럼 존재: ['timestamp']
2025-06-03 15:20:08,344 [F5] [INFO] timestamp 결측 row 제거: 0
2025-06-03 15:20:08,346 [F5] [INFO] 중복 timestamp 제거: 90
2025-06-03 15:20:08,349 [F5] [INFO] 연속성 확보로 추가된 row: 195
2025-06-03 15:20:08,351 [F5] [INFO] 0-range row 제거: 0
2025-06-03 15:20:08,352 [F5] [INFO] 중복 timestamp 제거: 0
2025-06-03 15:20:08,353 [F5] [INFO] 클린 완료 row: 4643
2025-06-03 15:20:08,364 [F5] [INFO] Saved KRW-KAITO_clean.parquet
2025-06-03 15:20:08,368 [F5] [INFO] 원본 rows: 4572
2025-06-03 15:20:08,369 [F5] [WARNING] 중복 컬럼 존재: ['timestamp']
2025-06-03 15:20:08,430 [F5] [INFO] timestamp 결측 row 제거: 0
2025-06-03 15:20:08,431 [F5] [INFO] 중복 timestamp 제거: 136
2025-06-03 15:20:08,435 [F5] [INFO] 연속성 확보로 추가된 row: 210
2025-06-03 15:20:08,436 [F5] [INFO] 0-range row 제거: 0
2025-06-03 15:20:08,439 [F5] [INFO] 중복 timestamp 제거: 0
2025-06-03 15:20:08,440 [F5] [INFO] 클린 완료 row: 4646
2025-06-03 15:20:08,449 [F5] [INFO] Saved KRW-LAYER_clean.parquet
2025-06-03 15:20:08,453 [F5] [INFO] 원본 rows: 4498
2025-06-03 15:20:08,454 [F5] [WARNING] 중복 컬럼 존재: ['timestamp']
2025-06-03 15:20:08,529 [F5] [INFO] timestamp 결측 row 제거: 0
2025-06-03 15:20:08,530 [F5] [INFO] 중복 timestamp 제거: 58
2025-06-03 15:20:08,535 [F5] [INFO] 연속성 확보로 추가된 row: 784
2025-06-03 15:20:08,537 [F5] [INFO] 0-range row 제거: 0
2025-06-03 15:20:08,542 [F5] [INFO] 중복 timestamp 제거: 0
2025-06-03 15:20:08,543 [F5] [INFO] 클린 완료 row: 5224
2025-06-03 15:20:08,551 [F5] [INFO] Saved KRW-LINK_clean.parquet
2025-06-03 15:20:08,556 [F5] [INFO] 원본 rows: 4642
2025-06-03 15:20:08,558 [F5] [WARNING] 중복 컬럼 존재: ['timestamp']
2025-06-03 15:20:08,622 [F5] [INFO] timestamp 결측 row 제거: 0
2025-06-03 15:20:08,625 [F5] [INFO] 중복 timestamp 제거: 180
2025-06-03 15:20:08,629 [F5] [INFO] 연속성 확보로 추가된 row: 292
2025-06-03 15:20:08,630 [F5] [INFO] 0-range row 제거: 0
2025-06-03 15:20:08,633 [F5] [INFO] 중복 timestamp 제거: 0
2025-06-03 15:20:08,634 [F5] [INFO] 클린 완료 row: 4754
2025-06-03 15:20:08,642 [F5] [INFO] Saved KRW-MASK_clean.parquet
2025-06-03 15:20:08,648 [F5] [INFO] 원본 rows: 4570
2025-06-03 15:20:08,648 [F5] [WARNING] 중복 컬럼 존재: ['timestamp']
2025-06-03 15:20:08,718 [F5] [INFO] timestamp 결측 row 제거: 0
2025-06-03 15:20:08,719 [F5] [INFO] 중복 timestamp 제거: 62
2025-06-03 15:20:08,724 [F5] [INFO] 연속성 확보로 추가된 row: 1617
2025-06-03 15:20:08,726 [F5] [INFO] 0-range row 제거: 0
2025-06-03 15:20:08,728 [F5] [INFO] 중복 timestamp 제거: 0
2025-06-03 15:20:08,730 [F5] [INFO] 클린 완료 row: 6125
2025-06-03 15:20:08,740 [F5] [INFO] Saved KRW-ME_clean.parquet
2025-06-03 15:20:08,745 [F5] [INFO] 원본 rows: 4442
2025-06-03 15:20:08,746 [F5] [WARNING] 중복 컬럼 존재: ['timestamp']
2025-06-03 15:20:08,791 [F5] [INFO] timestamp 결측 row 제거: 0
2025-06-03 15:20:08,793 [F5] [INFO] 중복 timestamp 제거: 36
2025-06-03 15:20:08,797 [F5] [INFO] 연속성 확보로 추가된 row: 970
2025-06-03 15:20:08,799 [F5] [INFO] 0-range row 제거: 0
2025-06-03 15:20:08,801 [F5] [INFO] 중복 timestamp 제거: 0
2025-06-03 15:20:08,802 [F5] [INFO] 클린 완료 row: 5376
2025-06-03 15:20:08,812 [F5] [INFO] Saved KRW-NEAR_clean.parquet
2025-06-03 15:20:08,817 [F5] [INFO] 원본 rows: 4463
2025-06-03 15:20:08,818 [F5] [WARNING] 중복 컬럼 존재: ['timestamp']
2025-06-03 15:20:08,886 [F5] [INFO] timestamp 결측 row 제거: 0
2025-06-03 15:20:08,887 [F5] [INFO] 중복 timestamp 제거: 34
2025-06-03 15:20:08,894 [F5] [INFO] 연속성 확보로 추가된 row: 2200
2025-06-03 15:20:08,895 [F5] [INFO] 0-range row 제거: 0
2025-06-03 15:20:08,897 [F5] [INFO] 중복 timestamp 제거: 0
2025-06-03 15:20:08,899 [F5] [INFO] 클린 완료 row: 6629
2025-06-03 15:20:08,907 [F5] [INFO] Saved KRW-NEO_clean.parquet
2025-06-03 15:20:08,911 [F5] [INFO] 원본 rows: 4918
2025-06-03 15:20:08,913 [F5] [WARNING] 중복 컬럼 존재: ['timestamp']
2025-06-03 15:20:08,971 [F5] [INFO] timestamp 결측 row 제거: 0
2025-06-03 15:20:08,973 [F5] [INFO] 중복 timestamp 제거: 341
2025-06-03 15:20:08,978 [F5] [INFO] 연속성 확보로 추가된 row: 79
2025-06-03 15:20:08,980 [F5] [INFO] 0-range row 제거: 0
2025-06-03 15:20:08,982 [F5] [INFO] 중복 timestamp 제거: 0
2025-06-03 15:20:08,983 [F5] [INFO] 클린 완료 row: 4656
2025-06-03 15:20:08,992 [F5] [INFO] Saved KRW-NXPC_clean.parquet
2025-06-03 15:20:08,998 [F5] [INFO] 원본 rows: 4475
2025-06-03 15:20:08,999 [F5] [WARNING] 중복 컬럼 존재: ['timestamp']
2025-06-03 15:20:09,059 [F5] [INFO] timestamp 결측 row 제거: 0
2025-06-03 15:20:09,061 [F5] [INFO] 중복 timestamp 제거: 48
2025-06-03 15:20:09,065 [F5] [INFO] 연속성 확보로 추가된 row: 882
2025-06-03 15:20:09,066 [F5] [INFO] 0-range row 제거: 0
2025-06-03 15:20:09,068 [F5] [INFO] 중복 timestamp 제거: 0
2025-06-03 15:20:09,069 [F5] [INFO] 클린 완료 row: 5309
2025-06-03 15:20:09,077 [F5] [INFO] Saved KRW-OM_clean.parquet
2025-06-03 15:20:09,082 [F5] [INFO] 원본 rows: 4857
2025-06-03 15:20:09,083 [F5] [WARNING] 중복 컬럼 존재: ['timestamp']
2025-06-03 15:20:09,150 [F5] [INFO] timestamp 결측 row 제거: 0
2025-06-03 15:20:09,152 [F5] [INFO] 중복 timestamp 제거: 285
2025-06-03 15:20:09,155 [F5] [INFO] 연속성 확보로 추가된 row: 234
2025-06-03 15:20:09,156 [F5] [INFO] 0-range row 제거: 0
2025-06-03 15:20:09,158 [F5] [INFO] 중복 timestamp 제거: 0
2025-06-03 15:20:09,159 [F5] [INFO] 클린 완료 row: 4806
2025-06-03 15:20:09,166 [F5] [INFO] Saved KRW-ONDO_clean.parquet
2025-06-03 15:20:09,170 [F5] [INFO] 원본 rows: 4476
2025-06-03 15:20:09,171 [F5] [WARNING] 중복 컬럼 존재: ['timestamp']
2025-06-03 15:20:09,224 [F5] [INFO] timestamp 결측 row 제거: 0
2025-06-03 15:20:09,226 [F5] [INFO] 중복 timestamp 제거: 53
2025-06-03 15:20:09,234 [F5] [INFO] 연속성 확보로 추가된 row: 769
2025-06-03 15:20:09,236 [F5] [INFO] 0-range row 제거: 0
2025-06-03 15:20:09,240 [F5] [INFO] 중복 timestamp 제거: 0
2025-06-03 15:20:09,242 [F5] [INFO] 클린 완료 row: 5192
2025-06-03 15:20:09,251 [F5] [INFO] Saved KRW-ORCA_clean.parquet
2025-06-03 15:20:09,258 [F5] [INFO] 원본 rows: 4417
2025-06-03 15:20:09,259 [F5] [WARNING] 중복 컬럼 존재: ['timestamp']
2025-06-03 15:20:09,328 [F5] [INFO] timestamp 결측 row 제거: 0
2025-06-03 15:20:09,330 [F5] [INFO] 중복 timestamp 제거: 20
2025-06-03 15:20:09,339 [F5] [INFO] 연속성 확보로 추가된 row: 1715
2025-06-03 15:20:09,342 [F5] [INFO] 0-range row 제거: 0
2025-06-03 15:20:09,347 [F5] [INFO] 중복 timestamp 제거: 0
2025-06-03 15:20:09,350 [F5] [INFO] 클린 완료 row: 6112
2025-06-03 15:20:09,362 [F5] [INFO] Saved KRW-PUNDIX_clean.parquet
2025-06-03 15:20:09,368 [F5] [INFO] 원본 rows: 4447
2025-06-03 15:20:09,369 [F5] [WARNING] 중복 컬럼 존재: ['timestamp']
2025-06-03 15:20:09,440 [F5] [INFO] timestamp 결측 row 제거: 0
2025-06-03 15:20:09,442 [F5] [INFO] 중복 timestamp 제거: 35
2025-06-03 15:20:09,448 [F5] [INFO] 연속성 확보로 추가된 row: 910
2025-06-03 15:20:09,449 [F5] [INFO] 0-range row 제거: 0
2025-06-03 15:20:09,451 [F5] [INFO] 중복 timestamp 제거: 0
2025-06-03 15:20:09,453 [F5] [INFO] 클린 완료 row: 5322
2025-06-03 15:20:09,465 [F5] [INFO] Saved KRW-SAFE_clean.parquet
2025-06-03 15:20:09,472 [F5] [INFO] 원본 rows: 4586
2025-06-03 15:20:09,473 [F5] [WARNING] 중복 컬럼 존재: ['timestamp']
2025-06-03 15:20:09,543 [F5] [INFO] timestamp 결측 row 제거: 0
2025-06-03 15:20:09,545 [F5] [INFO] 중복 timestamp 제거: 111
2025-06-03 15:20:09,550 [F5] [INFO] 연속성 확보로 추가된 row: 1110
2025-06-03 15:20:09,551 [F5] [INFO] 0-range row 제거: 0
2025-06-03 15:20:09,554 [F5] [INFO] 중복 timestamp 제거: 0
2025-06-03 15:20:09,555 [F5] [INFO] 클린 완료 row: 5585
2025-06-03 15:20:09,563 [F5] [INFO] Saved KRW-STX_clean.parquet
2025-06-03 15:20:09,568 [F5] [INFO] 원본 rows: 4631
2025-06-03 15:20:09,569 [F5] [WARNING] 중복 컬럼 존재: ['timestamp']
2025-06-03 15:20:09,630 [F5] [INFO] timestamp 결측 row 제거: 0
2025-06-03 15:20:09,632 [F5] [INFO] 중복 timestamp 제거: 141
2025-06-03 15:20:09,637 [F5] [INFO] 연속성 확보로 추가된 row: 153
2025-06-03 15:20:09,638 [F5] [INFO] 0-range row 제거: 0
2025-06-03 15:20:09,641 [F5] [INFO] 중복 timestamp 제거: 0
2025-06-03 15:20:09,641 [F5] [INFO] 클린 완료 row: 4643
2025-06-03 15:20:09,650 [F5] [INFO] Saved KRW-SUI_clean.parquet
2025-06-03 15:20:09,655 [F5] [INFO] 원본 rows: 4499
2025-06-03 15:20:09,656 [F5] [WARNING] 중복 컬럼 존재: ['timestamp']
2025-06-03 15:20:09,708 [F5] [INFO] timestamp 결측 row 제거: 0
2025-06-03 15:20:09,709 [F5] [INFO] 중복 timestamp 제거: 49
2025-06-03 15:20:09,714 [F5] [INFO] 연속성 확보로 추가된 row: 917
2025-06-03 15:20:09,715 [F5] [INFO] 0-range row 제거: 0
2025-06-03 15:20:09,717 [F5] [INFO] 중복 timestamp 제거: 0
2025-06-03 15:20:09,718 [F5] [INFO] 클린 완료 row: 5367
2025-06-03 15:20:09,728 [F5] [INFO] Saved KRW-TAIKO_clean.parquet
2025-06-03 15:20:09,733 [F5] [INFO] 원본 rows: 4560
2025-06-03 15:20:09,734 [F5] [WARNING] 중복 컬럼 존재: ['timestamp']
2025-06-03 15:20:09,798 [F5] [INFO] timestamp 결측 row 제거: 0
2025-06-03 15:20:09,800 [F5] [INFO] 중복 timestamp 제거: 126
2025-06-03 15:20:09,805 [F5] [INFO] 연속성 확보로 추가된 row: 6710
2025-06-03 15:20:09,806 [F5] [INFO] 0-range row 제거: 0
2025-06-03 15:20:09,807 [F5] [INFO] 중복 timestamp 제거: 0
2025-06-03 15:20:09,810 [F5] [INFO] 클린 완료 row: 11144
2025-06-03 15:20:09,820 [F5] [INFO] Saved KRW-TOKAMAK_clean.parquet
2025-06-03 15:20:09,825 [F5] [INFO] 원본 rows: 4613
2025-06-03 15:20:09,826 [F5] [WARNING] 중복 컬럼 존재: ['timestamp']
2025-06-03 15:20:09,877 [F5] [INFO] timestamp 결측 row 제거: 0
2025-06-03 15:20:09,879 [F5] [INFO] 중복 timestamp 제거: 123
2025-06-03 15:20:09,883 [F5] [INFO] 연속성 확보로 추가된 row: 230
2025-06-03 15:20:09,884 [F5] [INFO] 0-range row 제거: 0
2025-06-03 15:20:09,886 [F5] [INFO] 중복 timestamp 제거: 0
2025-06-03 15:20:09,887 [F5] [INFO] 클린 완료 row: 4720
2025-06-03 15:20:09,896 [F5] [INFO] Saved KRW-TRUMP_clean.parquet
2025-06-03 15:20:09,900 [F5] [INFO] 원본 rows: 4823
2025-06-03 15:20:09,901 [F5] [WARNING] 중복 컬럼 존재: ['timestamp']
2025-06-03 15:20:09,963 [F5] [INFO] timestamp 결측 row 제거: 0
2025-06-03 15:20:09,965 [F5] [INFO] 중복 timestamp 제거: 292
2025-06-03 15:20:09,969 [F5] [INFO] 연속성 확보로 추가된 row: 12
2025-06-03 15:20:09,970 [F5] [INFO] 0-range row 제거: 0
2025-06-03 15:20:09,971 [F5] [INFO] 중복 timestamp 제거: 0
2025-06-03 15:20:09,973 [F5] [INFO] 클린 완료 row: 4543
2025-06-03 15:20:09,982 [F5] [INFO] Saved KRW-USDT_clean.parquet
2025-06-03 15:20:09,987 [F5] [INFO] 원본 rows: 4989
2025-06-03 15:20:09,988 [F5] [WARNING] 중복 컬럼 존재: ['timestamp']
2025-06-03 15:20:10,059 [F5] [INFO] timestamp 결측 row 제거: 0
2025-06-03 15:20:10,061 [F5] [INFO] 중복 timestamp 제거: 414
2025-06-03 15:20:10,064 [F5] [INFO] 연속성 확보로 추가된 row: 308
2025-06-03 15:20:10,065 [F5] [INFO] 0-range row 제거: 0
2025-06-03 15:20:10,067 [F5] [INFO] 중복 timestamp 제거: 0
2025-06-03 15:20:10,068 [F5] [INFO] 클린 완료 row: 4883
2025-06-03 15:20:10,075 [F5] [INFO] Saved KRW-UXLINK_clean.parquet
2025-06-03 15:20:10,080 [F5] [INFO] 원본 rows: 4744
2025-06-03 15:20:10,081 [F5] [WARNING] 중복 컬럼 존재: ['timestamp']
2025-06-03 15:20:10,131 [F5] [INFO] timestamp 결측 row 제거: 0
2025-06-03 15:20:10,133 [F5] [INFO] 중복 timestamp 제거: 184
2025-06-03 15:20:10,137 [F5] [INFO] 연속성 확보로 추가된 row: 255
2025-06-03 15:20:10,138 [F5] [INFO] 0-range row 제거: 0
2025-06-03 15:20:10,139 [F5] [INFO] 중복 timestamp 제거: 0
2025-06-03 15:20:10,141 [F5] [INFO] 클린 완료 row: 4815
2025-06-03 15:20:10,149 [F5] [INFO] Saved KRW-VANA_clean.parquet
2025-06-03 15:20:10,154 [F5] [INFO] 원본 rows: 4611
2025-06-03 15:20:10,155 [F5] [WARNING] 중복 컬럼 존재: ['timestamp']
2025-06-03 15:20:10,230 [F5] [INFO] timestamp 결측 row 제거: 0
2025-06-03 15:20:10,231 [F5] [INFO] 중복 timestamp 제거: 153
2025-06-03 15:20:10,235 [F5] [INFO] 연속성 확보로 추가된 row: 55
2025-06-03 15:20:10,236 [F5] [INFO] 0-range row 제거: 0
2025-06-03 15:20:10,238 [F5] [INFO] 중복 timestamp 제거: 0
2025-06-03 15:20:10,238 [F5] [INFO] 클린 완료 row: 4513
2025-06-03 15:20:10,246 [F5] [INFO] Saved KRW-VIRTUAL_clean.parquet
2025-06-03 15:20:10,252 [F5] [INFO] 원본 rows: 4373
2025-06-03 15:20:10,252 [F5] [WARNING] 중복 컬럼 존재: ['timestamp']
2025-06-03 15:20:10,303 [F5] [INFO] timestamp 결측 row 제거: 0
2025-06-03 15:20:10,306 [F5] [INFO] 중복 timestamp 제거: 11
2025-06-03 15:20:10,313 [F5] [INFO] 연속성 확보로 추가된 row: 3157
2025-06-03 15:20:10,315 [F5] [INFO] 0-range row 제거: 0
2025-06-03 15:20:10,317 [F5] [INFO] 중복 timestamp 제거: 0
2025-06-03 15:20:10,318 [F5] [INFO] 클린 완료 row: 7519
2025-06-03 15:20:10,330 [F5] [INFO] Saved KRW-WAVES_clean.parquet
2025-06-03 15:20:10,335 [F5] [INFO] 원본 rows: 4735
2025-06-03 15:20:10,335 [F5] [WARNING] 중복 컬럼 존재: ['timestamp']
2025-06-03 15:20:10,401 [F5] [INFO] timestamp 결측 row 제거: 0
2025-06-03 15:20:10,403 [F5] [INFO] 중복 timestamp 제거: 243
2025-06-03 15:20:10,407 [F5] [INFO] 연속성 확보로 추가된 row: 11
2025-06-03 15:20:10,407 [F5] [INFO] 0-range row 제거: 0
2025-06-03 15:20:10,410 [F5] [INFO] 중복 timestamp 제거: 0
2025-06-03 15:20:10,411 [F5] [INFO] 클린 완료 row: 4503
2025-06-03 15:20:10,418 [F5] [INFO] Saved KRW-WCT_clean.parquet
2025-06-03 15:20:10,423 [F5] [INFO] 원본 rows: 4733
2025-06-03 15:20:10,424 [F5] [WARNING] 중복 컬럼 존재: ['timestamp']
2025-06-03 15:20:10,478 [F5] [INFO] timestamp 결측 row 제거: 0
2025-06-03 15:20:10,480 [F5] [INFO] 중복 timestamp 제거: 241
2025-06-03 15:20:10,484 [F5] [INFO] 연속성 확보로 추가된 row: 9
2025-06-03 15:20:10,485 [F5] [INFO] 0-range row 제거: 0
2025-06-03 15:20:10,487 [F5] [INFO] 중복 timestamp 제거: 0
2025-06-03 15:20:10,489 [F5] [INFO] 클린 완료 row: 4501
2025-06-03 15:20:10,500 [F5] [INFO] Saved KRW-XRP_clean.parquet
