2025-06-04 16:58:06,342 [F5] [INFO] [SETUP] SPLIT_DIR=D:\UPBIT_ML\f5_ml_pipeline\ml_data\05_split
2025-06-04 16:58:06,343 [F5] [INFO] [SETUP] MODEL_DIR=D:\UPBIT_ML\f5_ml_pipeline\ml_data\06_models
2025-06-04 16:58:09,717 [F5] [INFO] [TRAIN] KRW-ADA saved model KRW-ADA_model.pkl and metrics 0.9061224489795918 (label=2 0건)
2025-06-04 16:58:09,992 [F5] [INFO] [TRAIN] KRW-AKT saved model KRW-AKT_model.pkl and metrics 0.6305569749616761 (label=2 0건)
2025-06-04 16:58:10,520 [F5] [INFO] [TRAIN] KRW-APT saved model KRW-APT_model.pkl and metrics 0.8920323325635104 (label=2 0건)
2025-06-04 16:58:10,938 [F5] [INFO] [TRAIN] KRW-AQT saved model KRW-AQT_model.pkl and metrics 0.7019064124783362 (label=2 0건)
2025-06-04 16:58:11,239 [F5] [INFO] [TRAIN] KRW-ARB saved model KRW-ARB_model.pkl and metrics 0.8169705469845723 (label=2 0건)
2025-06-04 16:58:11,497 [F5] [INFO] [TRAIN] KRW-ARK saved model KRW-ARK_model.pkl and metrics 0.6164383561643836 (label=2 0건)
2025-06-04 16:58:12,388 [F5] [INFO] [TRAIN] KRW-AUCTION saved model KRW-AUCTION_model.pkl and metrics 0.9086538461538461 (label=2 0건)
2025-06-04 16:58:12,653 [F5] [INFO] [TRAIN] KRW-BERA saved model KRW-BERA_model.pkl and metrics 0.6642958748221907 (label=2 0건)
2025-06-04 16:58:13,017 [F5] [INFO] [TRAIN] KRW-CARV saved model KRW-CARV_model.pkl and metrics 0.7224755700325733 (label=2 0건)
2025-06-04 16:58:13,477 [F5] [INFO] [TRAIN] KRW-CBK saved model KRW-CBK_model.pkl and metrics 0.7095766828591256 (label=2 0건)
2025-06-04 16:58:13,768 [F5] [INFO] [TRAIN] KRW-COW saved model KRW-COW_model.pkl and metrics 0.6219104876419506 (label=2 0건)
2025-06-04 16:58:14,742 [F5] [INFO] [TRAIN] KRW-CTC saved model KRW-CTC_model.pkl and metrics 0.8372315035799522 (label=2 0건)
2025-06-04 16:58:15,108 [F5] [INFO] [TRAIN] KRW-DOT saved model KRW-DOT_model.pkl and metrics 0.8078787878787879 (label=2 0건)
2025-06-04 16:58:15,509 [F5] [INFO] [TRAIN] KRW-DRIFT saved model KRW-DRIFT_model.pkl and metrics 0.6983418367346939 (label=2 0건)
2025-06-04 16:58:15,871 [F5] [INFO] [TRAIN] KRW-EOS saved model KRW-EOS_model.pkl and metrics 0.7081339712918661 (label=2 0건)
2025-06-04 16:58:16,118 [F5] [INFO] [TRAIN] KRW-ETC saved model KRW-ETC_model.pkl and metrics 0.6630434782608695 (label=2 0건)
2025-06-04 16:58:16,543 [F5] [INFO] [TRAIN] KRW-GAS saved model KRW-GAS_model.pkl and metrics 0.8172701949860725 (label=2 0건)
2025-06-04 16:58:16,842 [F5] [INFO] [TRAIN] KRW-INJ saved model KRW-INJ_model.pkl and metrics 0.6196279666452854 (label=2 0건)
2025-06-04 16:58:17,122 [F5] [INFO] [TRAIN] KRW-JUP saved model KRW-JUP_model.pkl and metrics 0.5532484929671801 (label=2 0건)
2025-06-04 16:58:17,368 [F5] [INFO] [TRAIN] KRW-KAITO saved model KRW-KAITO_model.pkl and metrics 0.4797734627831715 (label=2 0건)
2025-06-04 16:58:17,650 [F5] [INFO] [TRAIN] KRW-LAYER saved model KRW-LAYER_model.pkl and metrics 0.691747572815534 (label=2 0건)
2025-06-04 16:58:18,143 [F5] [INFO] [TRAIN] KRW-LINK saved model KRW-LINK_model.pkl and metrics 0.8556624722427831 (label=2 0건)
2025-06-04 16:58:18,379 [F5] [INFO] [TRAIN] KRW-LPT saved model KRW-LPT_model.pkl and metrics 0.4952178533475027 (label=2 0건)
2025-06-04 16:58:18,868 [F5] [INFO] [TRAIN] KRW-MASK saved model KRW-MASK_model.pkl and metrics 0.6454689984101749 (label=2 0건)
2025-06-04 16:58:19,472 [F5] [INFO] [TRAIN] KRW-ME saved model KRW-ME_model.pkl and metrics 0.70822454308094 (label=2 0건)
2025-06-04 16:58:20,078 [F5] [INFO] [TRAIN] KRW-NEAR saved model KRW-NEAR_model.pkl and metrics 0.8580738595220855 (label=2 0건)
2025-06-04 16:58:20,695 [F5] [INFO] [TRAIN] KRW-NEO saved model KRW-NEO_model.pkl and metrics 0.8939950980392157 (label=2 0건)
2025-06-04 16:58:21,005 [F5] [INFO] [TRAIN] KRW-NXPC saved model KRW-NXPC_model.pkl and metrics 0.6074313408723748 (label=2 0건)
2025-06-04 16:58:21,640 [F5] [INFO] [TRAIN] KRW-OM saved model KRW-OM_model.pkl and metrics 0.6910153396639883 (label=2 0건)
2025-06-04 16:58:21,994 [F5] [INFO] [TRAIN] KRW-ONDO saved model KRW-ONDO_model.pkl and metrics 0.8651419558359621 (label=2 0건)
2025-06-04 16:58:22,760 [F5] [INFO] [TRAIN] KRW-ORCA saved model KRW-ORCA_model.pkl and metrics 0.6795539033457249 (label=2 0건)
2025-06-04 16:58:23,368 [F5] [INFO] [TRAIN] KRW-PENDLE saved model KRW-PENDLE_model.pkl and metrics 0.7942430703624733 (label=2 0건)
2025-06-04 16:58:24,133 [F5] [INFO] [TRAIN] KRW-PUNDIX saved model KRW-PUNDIX_model.pkl and metrics 0.8254901960784313 (label=2 0건)
2025-06-04 16:58:24,621 [F5] [INFO] [TRAIN] KRW-SAFE saved model KRW-SAFE_model.pkl and metrics 0.6987600291757841 (label=2 0건)
2025-06-04 16:58:25,005 [F5] [INFO] [TRAIN] KRW-STX saved model KRW-STX_model.pkl and metrics 0.8125 (label=2 0건)
2025-06-04 16:58:26,417 [F5] [INFO] [TRAIN] KRW-SUI saved model KRW-SUI_model.pkl and metrics 0.8988673139158576 (label=2 0건)
2025-06-04 16:58:26,788 [F5] [INFO] [TRAIN] KRW-TAIKO saved model KRW-TAIKO_model.pkl and metrics 0.7414916727009413 (label=2 0건)
2025-06-04 16:58:27,213 [F5] [INFO] [TRAIN] KRW-TOKAMAK saved model KRW-TOKAMAK_model.pkl and metrics 0.7251577287066246 (label=2 0건)
2025-06-04 16:58:28,427 [F5] [INFO] [TRAIN] KRW-TRUMP saved model KRW-TRUMP_model.pkl and metrics 0.8505195843325339 (label=2 0건)
2025-06-04 16:58:28,742 [F5] [INFO] [TRAIN] KRW-UNI saved model KRW-UNI_model.pkl and metrics 0.6639194139194139 (label=2 0건)
2025-06-04 16:58:29,583 [F5] [INFO] [TRAIN] KRW-USDT saved model KRW-USDT_model.pkl and metrics 1.0 (label=2 0건)
2025-06-04 16:58:29,996 [F5] [INFO] [TRAIN] KRW-UXLINK saved model KRW-UXLINK_model.pkl and metrics 0.7048286604361371 (label=2 0건)
2025-06-04 16:58:30,674 [F5] [INFO] [TRAIN] KRW-VANA saved model KRW-VANA_model.pkl and metrics 0.7149606299212599 (label=2 0건)
2025-06-04 16:58:31,018 [F5] [INFO] [TRAIN] KRW-VIRTUAL saved model KRW-VIRTUAL_model.pkl and metrics 0.6677685950413224 (label=2 0건)
2025-06-04 16:58:31,502 [F5] [INFO] [TRAIN] KRW-WAVES saved model KRW-WAVES_model.pkl and metrics 0.6943062465450525 (label=2 0건)
2025-06-04 16:58:31,725 [F5] [INFO] [TRAIN] KRW-WCT saved model KRW-WCT_model.pkl and metrics 0.4379139072847682 (label=2 0건)
2025-06-04 16:58:32,048 [F5] [INFO] [TRAIN] KRW-XRP saved model KRW-XRP_model.pkl and metrics 0.8980944490472246 (label=2 0건)
