2025-06-04 14:10:10,048 [F5] [INFO] [SELECT] start
2025-06-04 14:10:10,048 [F5] [INFO] [SELECT] scanning summaries in D:\UPBIT_ML\f5_ml_pipeline\ml_data\09_backtest
2025-06-04 14:10:10,048 [F5] [INFO] [SELECT] processing KRW-ADA
2025-06-04 14:10:10,050 [F5] [INFO] [SELECT] added KRW-ADA wr=0.79 roi=0.0009 sharpe=8.62 entries=346
2025-06-04 14:10:10,050 [F5] [INFO] [SELECT] processing KRW-AKT
2025-06-04 14:10:10,051 [F5] [INFO] [SELECT] KRW-AKT skipped
2025-06-04 14:10:10,051 [F5] [INFO] [SELECT] processing KRW-APT
2025-06-04 14:10:10,051 [F5] [INFO] [SELECT] added KRW-APT wr=0.78 roi=0.0009 sharpe=8.30 entries=388
2025-06-04 14:10:10,053 [F5] [INFO] [SELECT] processing KRW-AQT
2025-06-04 14:10:10,053 [F5] [INFO] [SELECT] KRW-AQT skipped
2025-06-04 14:10:10,054 [F5] [INFO] [SELECT] processing KRW-ARB
2025-06-04 14:10:10,054 [F5] [INFO] [SELECT] KRW-ARB skipped
2025-06-04 14:10:10,054 [F5] [INFO] [SELECT] processing KRW-ARK
2025-06-04 14:10:10,054 [F5] [INFO] [SELECT] KRW-ARK skipped
2025-06-04 14:10:10,055 [F5] [INFO] [SELECT] processing KRW-AUCTION
2025-06-04 14:10:10,055 [F5] [INFO] [SELECT] added KRW-AUCTION wr=0.73 roi=0.0006 sharpe=6.34 entries=470
2025-06-04 14:10:10,055 [F5] [INFO] [SELECT] processing KRW-BERA
2025-06-04 14:10:10,056 [F5] [INFO] [SELECT] KRW-BERA skipped
2025-06-04 14:10:10,056 [F5] [INFO] [SELECT] processing KRW-CARV
2025-06-04 14:10:10,057 [F5] [INFO] [SELECT] KRW-CARV skipped
2025-06-04 14:10:10,057 [F5] [INFO] [SELECT] processing KRW-CBK
2025-06-04 14:10:10,057 [F5] [INFO] [SELECT] added KRW-CBK wr=0.77 roi=0.0008 sharpe=11.90 entries=891
2025-06-04 14:10:10,057 [F5] [INFO] [SELECT] processing KRW-COW
2025-06-04 14:10:10,058 [F5] [INFO] [SELECT] KRW-COW skipped
2025-06-04 14:10:10,058 [F5] [INFO] [SELECT] processing KRW-CTC
2025-06-04 14:10:10,059 [F5] [INFO] [SELECT] added KRW-CTC wr=0.78 roi=0.0009 sharpe=9.56 entries=458
2025-06-04 14:10:10,059 [F5] [INFO] [SELECT] processing KRW-DOT
2025-06-04 14:10:10,059 [F5] [INFO] [SELECT] KRW-DOT skipped
2025-06-04 14:10:10,059 [F5] [INFO] [SELECT] processing KRW-DRIFT
2025-06-04 14:10:10,060 [F5] [INFO] [SELECT] KRW-DRIFT skipped
2025-06-04 14:10:10,060 [F5] [INFO] [SELECT] processing KRW-EOS
2025-06-04 14:10:10,060 [F5] [INFO] [SELECT] KRW-EOS skipped
2025-06-04 14:10:10,061 [F5] [INFO] [SELECT] processing KRW-ETC
2025-06-04 14:10:10,061 [F5] [INFO] [SELECT] KRW-ETC skipped
2025-06-04 14:10:10,061 [F5] [INFO] [SELECT] processing KRW-GAS
2025-06-04 14:10:10,062 [F5] [INFO] [SELECT] KRW-GAS skipped
2025-06-04 14:10:10,062 [F5] [INFO] [SELECT] processing KRW-INJ
2025-06-04 14:10:10,062 [F5] [INFO] [SELECT] KRW-INJ skipped
2025-06-04 14:10:10,062 [F5] [INFO] [SELECT] processing KRW-JUP
2025-06-04 14:10:10,063 [F5] [INFO] [SELECT] KRW-JUP skipped
2025-06-04 14:10:10,063 [F5] [INFO] [SELECT] processing KRW-KAITO
2025-06-04 14:10:10,063 [F5] [INFO] [SELECT] KRW-KAITO skipped
2025-06-04 14:10:10,063 [F5] [INFO] [SELECT] processing KRW-LAYER
2025-06-04 14:10:10,064 [F5] [INFO] [SELECT] KRW-LAYER skipped
2025-06-04 14:10:10,064 [F5] [INFO] [SELECT] processing KRW-LINK
2025-06-04 14:10:10,064 [F5] [INFO] [SELECT] added KRW-LINK wr=0.77 roi=0.0008 sharpe=6.94 entries=309
2025-06-04 14:10:10,065 [F5] [INFO] [SELECT] processing KRW-LPT
2025-06-04 14:10:10,065 [F5] [INFO] [SELECT] KRW-LPT skipped
2025-06-04 14:10:10,065 [F5] [INFO] [SELECT] processing KRW-MASK
2025-06-04 14:10:10,065 [F5] [INFO] [SELECT] KRW-MASK skipped
2025-06-04 14:10:10,066 [F5] [INFO] [SELECT] processing KRW-ME
2025-06-04 14:10:10,066 [F5] [INFO] [SELECT] KRW-ME skipped
2025-06-04 14:10:10,066 [F5] [INFO] [SELECT] processing KRW-NEAR
2025-06-04 14:10:10,068 [F5] [INFO] [SELECT] added KRW-NEAR wr=0.80 roi=0.0010 sharpe=9.19 entries=354
2025-06-04 14:10:10,068 [F5] [INFO] [SELECT] processing KRW-NEO
2025-06-04 14:10:10,068 [F5] [INFO] [SELECT] KRW-NEO skipped
2025-06-04 14:10:10,069 [F5] [INFO] [SELECT] processing KRW-NXPC
2025-06-04 14:10:10,069 [F5] [INFO] [SELECT] KRW-NXPC skipped
2025-06-04 14:10:10,069 [F5] [INFO] [SELECT] processing KRW-OM
2025-06-04 14:10:10,069 [F5] [INFO] [SELECT] KRW-OM skipped
2025-06-04 14:10:10,069 [F5] [INFO] [SELECT] processing KRW-ONDO
2025-06-04 14:10:10,070 [F5] [INFO] [SELECT] added KRW-ONDO wr=0.83 roi=0.0012 sharpe=11.37 entries=330
2025-06-04 14:10:10,070 [F5] [INFO] [SELECT] processing KRW-ORCA
2025-06-04 14:10:10,070 [F5] [INFO] [SELECT] KRW-ORCA skipped
2025-06-04 14:10:10,070 [F5] [INFO] [SELECT] processing KRW-PENDLE
2025-06-04 14:10:10,071 [F5] [INFO] [SELECT] added KRW-PENDLE wr=0.75 roi=0.0007 sharpe=8.10 entries=570
2025-06-04 14:10:10,071 [F5] [INFO] [SELECT] processing KRW-PUNDIX
2025-06-04 14:10:10,071 [F5] [INFO] [SELECT] added KRW-PUNDIX wr=0.75 roi=0.0007 sharpe=8.01 entries=542
2025-06-04 14:10:10,071 [F5] [INFO] [SELECT] processing KRW-SAFE
2025-06-04 14:10:10,073 [F5] [INFO] [SELECT] KRW-SAFE skipped
2025-06-04 14:10:10,073 [F5] [INFO] [SELECT] processing KRW-STX
2025-06-04 14:10:10,073 [F5] [INFO] [SELECT] KRW-STX skipped
2025-06-04 14:10:10,074 [F5] [INFO] [SELECT] processing KRW-SUI
2025-06-04 14:10:10,074 [F5] [INFO] [SELECT] added KRW-SUI wr=0.91 roi=0.0016 sharpe=20.01 entries=323
2025-06-04 14:10:10,075 [F5] [INFO] [SELECT] processing KRW-TAIKO
2025-06-04 14:10:10,075 [F5] [INFO] [SELECT] KRW-TAIKO skipped
2025-06-04 14:10:10,075 [F5] [INFO] [SELECT] processing KRW-TOKAMAK
2025-06-04 14:10:10,075 [F5] [INFO] [SELECT] KRW-TOKAMAK skipped
2025-06-04 14:10:10,076 [F5] [INFO] [SELECT] processing KRW-TRUMP
2025-06-04 14:10:10,076 [F5] [INFO] [SELECT] added KRW-TRUMP wr=0.83 roi=0.0012 sharpe=11.63 entries=347
2025-06-04 14:10:10,076 [F5] [INFO] [SELECT] processing KRW-UNI
2025-06-04 14:10:10,077 [F5] [INFO] [SELECT] KRW-UNI skipped
2025-06-04 14:10:10,077 [F5] [INFO] [SELECT] processing KRW-USDT
2025-06-04 14:10:10,077 [F5] [INFO] [SELECT] KRW-USDT skipped
2025-06-04 14:10:10,077 [F5] [INFO] [SELECT] processing KRW-UXLINK
2025-06-04 14:10:10,078 [F5] [INFO] [SELECT] KRW-UXLINK skipped
2025-06-04 14:10:10,078 [F5] [INFO] [SELECT] processing KRW-VANA
2025-06-04 14:10:10,078 [F5] [INFO] [SELECT] KRW-VANA skipped
2025-06-04 14:10:10,079 [F5] [INFO] [SELECT] processing KRW-VIRTUAL
2025-06-04 14:10:10,079 [F5] [INFO] [SELECT] KRW-VIRTUAL skipped
2025-06-04 14:10:10,079 [F5] [INFO] [SELECT] processing KRW-WAVES
2025-06-04 14:10:10,080 [F5] [INFO] [SELECT] added KRW-WAVES wr=0.84 roi=0.0012 sharpe=15.88 entries=611
2025-06-04 14:10:10,080 [F5] [INFO] [SELECT] processing KRW-WCT
2025-06-04 14:10:10,080 [F5] [INFO] [SELECT] KRW-WCT skipped
2025-06-04 14:10:10,080 [F5] [INFO] [SELECT] processing KRW-XRP
2025-06-04 14:10:10,081 [F5] [INFO] [SELECT] added KRW-XRP wr=0.91 roi=0.0006 sharpe=7.28 entries=175
2025-06-04 14:10:10,081 [F5] [INFO] [SELECT] 14 candidates
2025-06-04 14:10:10,082 [F5] [INFO] [SELECT] wrote D:\UPBIT_ML\f5_ml_pipeline\ml_data\10_selected\selected_strategies.json with 14 entries: ['KRW-SUI', 'KRW-WAVES', 'KRW-CBK', 'KRW-TRUMP', 'KRW-ONDO', 'KRW-CTC', 'KRW-NEAR', 'KRW-ADA', 'KRW-APT', 'KRW-PENDLE', 'KRW-PUNDIX', 'KRW-XRP', 'KRW-LINK', 'KRW-AUCTION']
2025-06-04 14:10:10,083 [F5] [INFO] [SELECT] monitoring list updated: D:\UPBIT_ML\config\f5_f1_monitoring_list.json
2025-06-04 14:10:10,083 [F5] [INFO] [SELECT] 14 strategies saved
2025-06-04 14:10:10,083 [F5] [INFO] [SELECT] symbols: ['KRW-SUI', 'KRW-WAVES', 'KRW-CBK', 'KRW-TRUMP', 'KRW-ONDO', 'KRW-CTC', 'KRW-NEAR', 'KRW-ADA', 'KRW-APT', 'KRW-PENDLE', 'KRW-PUNDIX', 'KRW-XRP', 'KRW-LINK', 'KRW-AUCTION']
2025-06-04 14:10:10,083 [F5] [INFO] [SELECT] done
2025-06-04 14:15:36,341 [F5] [INFO] [SELECT] start
2025-06-04 14:15:36,342 [F5] [INFO] [SELECT] scanning summaries in D:\UPBIT_ML\f5_ml_pipeline\ml_data\09_backtest
2025-06-04 14:15:36,344 [F5] [INFO] [SELECT] processing KRW-ADA
2025-06-04 14:15:36,347 [F5] [INFO] [SELECT] added KRW-ADA wr=0.81 roi=0.0010 sharpe=9.75 entries=343
2025-06-04 14:15:36,347 [F5] [INFO] [SELECT] processing KRW-AKT
2025-06-04 14:15:36,348 [F5] [INFO] [SELECT] KRW-AKT skipped
2025-06-04 14:15:36,349 [F5] [INFO] [SELECT] processing KRW-APT
2025-06-04 14:15:36,350 [F5] [INFO] [SELECT] added KRW-APT wr=0.79 roi=0.0009 sharpe=9.06 entries=387
2025-06-04 14:15:36,350 [F5] [INFO] [SELECT] processing KRW-AQT
2025-06-04 14:15:36,351 [F5] [INFO] [SELECT] KRW-AQT skipped
2025-06-04 14:15:36,351 [F5] [INFO] [SELECT] processing KRW-ARB
2025-06-04 14:15:36,352 [F5] [INFO] [SELECT] KRW-ARB skipped
2025-06-04 14:15:36,352 [F5] [INFO] [SELECT] processing KRW-ARK
2025-06-04 14:15:36,352 [F5] [INFO] [SELECT] KRW-ARK skipped
2025-06-04 14:15:36,353 [F5] [INFO] [SELECT] processing KRW-AUCTION
2025-06-04 14:15:36,355 [F5] [INFO] [SELECT] added KRW-AUCTION wr=0.73 roi=0.0007 sharpe=6.38 entries=471
2025-06-04 14:15:36,355 [F5] [INFO] [SELECT] processing KRW-BERA
2025-06-04 14:15:36,356 [F5] [INFO] [SELECT] KRW-BERA skipped
2025-06-04 14:15:36,356 [F5] [INFO] [SELECT] processing KRW-CARV
2025-06-04 14:15:36,357 [F5] [INFO] [SELECT] KRW-CARV skipped
2025-06-04 14:15:36,357 [F5] [INFO] [SELECT] processing KRW-CBK
2025-06-04 14:15:36,358 [F5] [INFO] [SELECT] added KRW-CBK wr=0.77 roi=0.0008 sharpe=11.90 entries=891
2025-06-04 14:15:36,359 [F5] [INFO] [SELECT] processing KRW-COW
2025-06-04 14:15:36,359 [F5] [INFO] [SELECT] KRW-COW skipped
2025-06-04 14:15:36,360 [F5] [INFO] [SELECT] processing KRW-CTC
2025-06-04 14:15:36,361 [F5] [INFO] [SELECT] added KRW-CTC wr=0.73 roi=0.0007 sharpe=6.64 entries=487
2025-06-04 14:15:36,361 [F5] [INFO] [SELECT] processing KRW-DOT
2025-06-04 14:15:36,362 [F5] [INFO] [SELECT] KRW-DOT skipped
2025-06-04 14:15:36,362 [F5] [INFO] [SELECT] processing KRW-DRIFT
2025-06-04 14:15:36,363 [F5] [INFO] [SELECT] KRW-DRIFT skipped
2025-06-04 14:15:36,363 [F5] [INFO] [SELECT] processing KRW-EOS
2025-06-04 14:15:36,364 [F5] [INFO] [SELECT] KRW-EOS skipped
2025-06-04 14:15:36,365 [F5] [INFO] [SELECT] processing KRW-ETC
2025-06-04 14:15:36,366 [F5] [INFO] [SELECT] KRW-ETC skipped
2025-06-04 14:15:36,366 [F5] [INFO] [SELECT] processing KRW-GAS
2025-06-04 14:15:36,367 [F5] [INFO] [SELECT] KRW-GAS skipped
2025-06-04 14:15:36,367 [F5] [INFO] [SELECT] processing KRW-INJ
2025-06-04 14:15:36,369 [F5] [INFO] [SELECT] KRW-INJ skipped
2025-06-04 14:15:36,370 [F5] [INFO] [SELECT] processing KRW-JUP
2025-06-04 14:15:36,371 [F5] [INFO] [SELECT] KRW-JUP skipped
2025-06-04 14:15:36,372 [F5] [INFO] [SELECT] processing KRW-KAITO
2025-06-04 14:15:36,374 [F5] [INFO] [SELECT] KRW-KAITO skipped
2025-06-04 14:15:36,375 [F5] [INFO] [SELECT] processing KRW-LAYER
2025-06-04 14:15:36,376 [F5] [INFO] [SELECT] KRW-LAYER skipped
2025-06-04 14:15:36,376 [F5] [INFO] [SELECT] processing KRW-LINK
2025-06-04 14:15:36,377 [F5] [INFO] [SELECT] KRW-LINK skipped
2025-06-04 14:15:36,378 [F5] [INFO] [SELECT] processing KRW-LPT
2025-06-04 14:15:36,379 [F5] [INFO] [SELECT] KRW-LPT skipped
2025-06-04 14:15:36,379 [F5] [INFO] [SELECT] processing KRW-MASK
2025-06-04 14:15:36,380 [F5] [INFO] [SELECT] KRW-MASK skipped
2025-06-04 14:15:36,380 [F5] [INFO] [SELECT] processing KRW-ME
2025-06-04 14:15:36,381 [F5] [INFO] [SELECT] KRW-ME skipped
2025-06-04 14:15:36,382 [F5] [INFO] [SELECT] processing KRW-NEAR
2025-06-04 14:15:36,383 [F5] [INFO] [SELECT] added KRW-NEAR wr=0.76 roi=0.0008 sharpe=6.98 entries=365
2025-06-04 14:15:36,383 [F5] [INFO] [SELECT] processing KRW-NEO
2025-06-04 14:15:36,384 [F5] [INFO] [SELECT] KRW-NEO skipped
2025-06-04 14:15:36,384 [F5] [INFO] [SELECT] processing KRW-NXPC
2025-06-04 14:15:36,386 [F5] [INFO] [SELECT] KRW-NXPC skipped
2025-06-04 14:15:36,386 [F5] [INFO] [SELECT] processing KRW-OM
2025-06-04 14:15:36,388 [F5] [INFO] [SELECT] KRW-OM skipped
2025-06-04 14:15:36,388 [F5] [INFO] [SELECT] processing KRW-ONDO
2025-06-04 14:15:36,389 [F5] [INFO] [SELECT] added KRW-ONDO wr=0.81 roi=0.0011 sharpe=10.15 entries=347
2025-06-04 14:15:36,390 [F5] [INFO] [SELECT] processing KRW-ORCA
2025-06-04 14:15:36,390 [F5] [INFO] [SELECT] KRW-ORCA skipped
2025-06-04 14:15:36,391 [F5] [INFO] [SELECT] processing KRW-PENDLE
2025-06-04 14:15:36,392 [F5] [INFO] [SELECT] added KRW-PENDLE wr=0.75 roi=0.0007 sharpe=8.10 entries=570
2025-06-04 14:15:36,392 [F5] [INFO] [SELECT] processing KRW-PUNDIX
2025-06-04 14:15:36,393 [F5] [INFO] [SELECT] KRW-PUNDIX skipped
2025-06-04 14:15:36,393 [F5] [INFO] [SELECT] processing KRW-SAFE
2025-06-04 14:15:36,395 [F5] [INFO] [SELECT] KRW-SAFE skipped
2025-06-04 14:15:36,395 [F5] [INFO] [SELECT] processing KRW-STX
2025-06-04 14:15:36,397 [F5] [INFO] [SELECT] KRW-STX skipped
2025-06-04 14:15:36,398 [F5] [INFO] [SELECT] processing KRW-SUI
2025-06-04 14:15:36,399 [F5] [INFO] [SELECT] added KRW-SUI wr=0.93 roi=0.0016 sharpe=22.07 entries=308
2025-06-04 14:15:36,400 [F5] [INFO] [SELECT] processing KRW-TAIKO
2025-06-04 14:15:36,400 [F5] [INFO] [SELECT] KRW-TAIKO skipped
2025-06-04 14:15:36,401 [F5] [INFO] [SELECT] processing KRW-TOKAMAK
2025-06-04 14:15:36,401 [F5] [INFO] [SELECT] KRW-TOKAMAK skipped
2025-06-04 14:15:36,401 [F5] [INFO] [SELECT] processing KRW-TRUMP
2025-06-04 14:15:36,402 [F5] [INFO] [SELECT] added KRW-TRUMP wr=0.89 roi=0.0015 sharpe=17.16 entries=324
2025-06-04 14:15:36,403 [F5] [INFO] [SELECT] processing KRW-UNI
2025-06-04 14:15:36,403 [F5] [INFO] [SELECT] KRW-UNI skipped
2025-06-04 14:15:36,403 [F5] [INFO] [SELECT] processing KRW-USDT
2025-06-04 14:15:36,404 [F5] [INFO] [SELECT] KRW-USDT skipped
2025-06-04 14:15:36,404 [F5] [INFO] [SELECT] processing KRW-UXLINK
2025-06-04 14:15:36,405 [F5] [INFO] [SELECT] KRW-UXLINK skipped
2025-06-04 14:15:36,405 [F5] [INFO] [SELECT] processing KRW-VANA
2025-06-04 14:15:36,406 [F5] [INFO] [SELECT] KRW-VANA skipped
2025-06-04 14:15:36,406 [F5] [INFO] [SELECT] processing KRW-VIRTUAL
2025-06-04 14:15:36,406 [F5] [INFO] [SELECT] KRW-VIRTUAL skipped
2025-06-04 14:15:36,408 [F5] [INFO] [SELECT] processing KRW-WAVES
2025-06-04 14:15:36,408 [F5] [INFO] [SELECT] added KRW-WAVES wr=0.79 roi=0.0010 sharpe=11.88 entries=642
2025-06-04 14:15:36,409 [F5] [INFO] [SELECT] processing KRW-WCT
2025-06-04 14:15:36,409 [F5] [INFO] [SELECT] KRW-WCT skipped
2025-06-04 14:15:36,409 [F5] [INFO] [SELECT] processing KRW-XRP
2025-06-04 14:15:36,410 [F5] [INFO] [SELECT] added KRW-XRP wr=0.87 roi=0.0005 sharpe=5.02 entries=182
2025-06-04 14:15:36,410 [F5] [INFO] [SELECT] 12 candidates
2025-06-04 14:15:36,412 [F5] [INFO] [SELECT] wrote D:\UPBIT_ML\f5_ml_pipeline\ml_data\10_selected\selected_strategies.json with 12 entries: ['KRW-SUI', 'KRW-TRUMP', 'KRW-CBK', 'KRW-WAVES', 'KRW-ONDO', 'KRW-ADA', 'KRW-APT', 'KRW-PENDLE', 'KRW-NEAR', 'KRW-CTC', 'KRW-AUCTION', 'KRW-XRP']
2025-06-04 14:15:36,413 [F5] [INFO] [SELECT] monitoring list updated: D:\UPBIT_ML\config\f5_f1_monitoring_list.json
2025-06-04 14:15:36,414 [F5] [INFO] [SELECT] 12 strategies saved
2025-06-04 14:15:36,414 [F5] [INFO] [SELECT] symbols: ['KRW-SUI', 'KRW-TRUMP', 'KRW-CBK', 'KRW-WAVES', 'KRW-ONDO', 'KRW-ADA', 'KRW-APT', 'KRW-PENDLE', 'KRW-NEAR', 'KRW-CTC', 'KRW-AUCTION', 'KRW-XRP']
2025-06-04 14:15:36,414 [F5] [INFO] [SELECT] done
2025-06-04 14:23:26,818 [F5] [INFO] [SELECT] start
2025-06-04 14:23:26,818 [F5] [INFO] [SELECT] scanning summaries in D:\UPBIT_ML\f5_ml_pipeline\ml_data\09_backtest
2025-06-04 14:23:26,819 [F5] [INFO] [SELECT] processing KRW-ADA
2025-06-04 14:23:26,820 [F5] [INFO] [SELECT] added KRW-ADA wr=0.84 roi=0.0012 sharpe=11.65 entries=335
2025-06-04 14:23:26,821 [F5] [INFO] [SELECT] processing KRW-AKT
2025-06-04 14:23:26,821 [F5] [INFO] [SELECT] KRW-AKT skipped
2025-06-04 14:23:26,821 [F5] [INFO] [SELECT] processing KRW-APT
2025-06-04 14:23:26,822 [F5] [INFO] [SELECT] added KRW-APT wr=0.79 roi=0.0009 sharpe=8.92 entries=384
2025-06-04 14:23:26,822 [F5] [INFO] [SELECT] processing KRW-AQT
2025-06-04 14:23:26,822 [F5] [INFO] [SELECT] KRW-AQT skipped
2025-06-04 14:23:26,822 [F5] [INFO] [SELECT] processing KRW-ARB
2025-06-04 14:23:26,824 [F5] [INFO] [SELECT] KRW-ARB skipped
2025-06-04 14:23:26,824 [F5] [INFO] [SELECT] processing KRW-ARK
2025-06-04 14:23:26,824 [F5] [INFO] [SELECT] added KRW-ARK wr=0.73 roi=0.0007 sharpe=6.28 entries=441
2025-06-04 14:23:26,825 [F5] [INFO] [SELECT] processing KRW-AUCTION
2025-06-04 14:23:26,826 [F5] [INFO] [SELECT] added KRW-AUCTION wr=0.80 roi=0.0010 sharpe=10.23 entries=445
2025-06-04 14:23:26,826 [F5] [INFO] [SELECT] processing KRW-BERA
2025-06-04 14:23:26,826 [F5] [INFO] [SELECT] KRW-BERA skipped
2025-06-04 14:23:26,827 [F5] [INFO] [SELECT] processing KRW-CARV
2025-06-04 14:23:26,828 [F5] [INFO] [SELECT] KRW-CARV skipped
2025-06-04 14:23:26,828 [F5] [INFO] [SELECT] processing KRW-CBK
2025-06-04 14:23:26,829 [F5] [INFO] [SELECT] added KRW-CBK wr=0.75 roi=0.0007 sharpe=10.05 entries=901
2025-06-04 14:23:26,829 [F5] [INFO] [SELECT] processing KRW-COW
2025-06-04 14:23:26,830 [F5] [INFO] [SELECT] KRW-COW skipped
2025-06-04 14:23:26,830 [F5] [INFO] [SELECT] processing KRW-CTC
2025-06-04 14:23:26,830 [F5] [INFO] [SELECT] added KRW-CTC wr=0.73 roi=0.0007 sharpe=6.71 entries=489
2025-06-04 14:23:26,831 [F5] [INFO] [SELECT] processing KRW-DOT
2025-06-04 14:23:26,831 [F5] [INFO] [SELECT] KRW-DOT skipped
2025-06-04 14:23:26,831 [F5] [INFO] [SELECT] processing KRW-DRIFT
2025-06-04 14:23:26,832 [F5] [INFO] [SELECT] KRW-DRIFT skipped
2025-06-04 14:23:26,832 [F5] [INFO] [SELECT] processing KRW-EOS
2025-06-04 14:23:26,832 [F5] [INFO] [SELECT] KRW-EOS skipped
2025-06-04 14:23:26,832 [F5] [INFO] [SELECT] processing KRW-ETC
2025-06-04 14:23:26,833 [F5] [INFO] [SELECT] KRW-ETC skipped
2025-06-04 14:23:26,833 [F5] [INFO] [SELECT] processing KRW-GAS
2025-06-04 14:23:26,834 [F5] [INFO] [SELECT] KRW-GAS skipped
2025-06-04 14:23:26,834 [F5] [INFO] [SELECT] processing KRW-INJ
2025-06-04 14:23:26,834 [F5] [INFO] [SELECT] KRW-INJ skipped
2025-06-04 14:23:26,835 [F5] [INFO] [SELECT] processing KRW-JUP
2025-06-04 14:23:26,835 [F5] [INFO] [SELECT] KRW-JUP skipped
2025-06-04 14:23:26,835 [F5] [INFO] [SELECT] processing KRW-KAITO
2025-06-04 14:23:26,835 [F5] [INFO] [SELECT] KRW-KAITO skipped
2025-06-04 14:23:26,836 [F5] [INFO] [SELECT] processing KRW-LAYER
2025-06-04 14:23:26,836 [F5] [INFO] [SELECT] KRW-LAYER skipped
2025-06-04 14:23:26,836 [F5] [INFO] [SELECT] processing KRW-LINK
2025-06-04 14:23:26,837 [F5] [INFO] [SELECT] added KRW-LINK wr=0.82 roi=0.0011 sharpe=10.10 entries=315
2025-06-04 14:23:26,837 [F5] [INFO] [SELECT] processing KRW-LPT
2025-06-04 14:23:26,838 [F5] [INFO] [SELECT] KRW-LPT skipped
2025-06-04 14:23:26,838 [F5] [INFO] [SELECT] processing KRW-MASK
2025-06-04 14:23:26,838 [F5] [INFO] [SELECT] KRW-MASK skipped
2025-06-04 14:23:26,839 [F5] [INFO] [SELECT] processing KRW-ME
2025-06-04 14:23:26,839 [F5] [INFO] [SELECT] KRW-ME skipped
2025-06-04 14:23:26,839 [F5] [INFO] [SELECT] processing KRW-NEAR
2025-06-04 14:23:26,840 [F5] [INFO] [SELECT] added KRW-NEAR wr=0.82 roi=0.0011 sharpe=10.41 entries=352
2025-06-04 14:23:26,840 [F5] [INFO] [SELECT] processing KRW-NEO
2025-06-04 14:23:26,841 [F5] [INFO] [SELECT] KRW-NEO skipped
2025-06-04 14:23:26,842 [F5] [INFO] [SELECT] processing KRW-NXPC
2025-06-04 14:23:26,842 [F5] [INFO] [SELECT] KRW-NXPC skipped
2025-06-04 14:23:26,843 [F5] [INFO] [SELECT] processing KRW-OM
2025-06-04 14:23:26,843 [F5] [INFO] [SELECT] KRW-OM skipped
2025-06-04 14:23:26,844 [F5] [INFO] [SELECT] processing KRW-ONDO
2025-06-04 14:23:26,844 [F5] [INFO] [SELECT] added KRW-ONDO wr=0.87 roi=0.0013 sharpe=14.50 entries=334
2025-06-04 14:23:26,844 [F5] [INFO] [SELECT] processing KRW-ORCA
2025-06-04 14:23:26,846 [F5] [INFO] [SELECT] KRW-ORCA skipped
2025-06-04 14:23:26,846 [F5] [INFO] [SELECT] processing KRW-PENDLE
2025-06-04 14:23:26,847 [F5] [INFO] [SELECT] added KRW-PENDLE wr=0.75 roi=0.0007 sharpe=8.10 entries=570
2025-06-04 14:23:26,847 [F5] [INFO] [SELECT] processing KRW-PUNDIX
2025-06-04 14:23:26,848 [F5] [INFO] [SELECT] KRW-PUNDIX skipped
2025-06-04 14:23:26,848 [F5] [INFO] [SELECT] processing KRW-SAFE
2025-06-04 14:23:26,848 [F5] [INFO] [SELECT] KRW-SAFE skipped
2025-06-04 14:23:26,849 [F5] [INFO] [SELECT] processing KRW-STX
2025-06-04 14:23:26,849 [F5] [INFO] [SELECT] KRW-STX skipped
2025-06-04 14:23:26,850 [F5] [INFO] [SELECT] processing KRW-SUI
2025-06-04 14:23:26,850 [F5] [INFO] [SELECT] added KRW-SUI wr=0.90 roi=0.0015 sharpe=17.91 entries=308
2025-06-04 14:23:26,851 [F5] [INFO] [SELECT] processing KRW-TAIKO
2025-06-04 14:23:26,851 [F5] [INFO] [SELECT] KRW-TAIKO skipped
2025-06-04 14:23:26,853 [F5] [INFO] [SELECT] processing KRW-TOKAMAK
2025-06-04 14:23:26,853 [F5] [INFO] [SELECT] KRW-TOKAMAK skipped
2025-06-04 14:23:26,854 [F5] [INFO] [SELECT] processing KRW-TRUMP
2025-06-04 14:23:26,854 [F5] [INFO] [SELECT] added KRW-TRUMP wr=0.90 roi=0.0015 sharpe=18.35 entries=327
2025-06-04 14:23:26,854 [F5] [INFO] [SELECT] processing KRW-UNI
2025-06-04 14:23:26,855 [F5] [INFO] [SELECT] KRW-UNI skipped
2025-06-04 14:23:26,855 [F5] [INFO] [SELECT] processing KRW-USDT
2025-06-04 14:23:26,856 [F5] [INFO] [SELECT] KRW-USDT skipped
2025-06-04 14:23:26,856 [F5] [INFO] [SELECT] processing KRW-UXLINK
2025-06-04 14:23:26,856 [F5] [INFO] [SELECT] KRW-UXLINK skipped
2025-06-04 14:23:26,857 [F5] [INFO] [SELECT] processing KRW-VANA
2025-06-04 14:23:26,857 [F5] [INFO] [SELECT] KRW-VANA skipped
2025-06-04 14:23:26,857 [F5] [INFO] [SELECT] processing KRW-VIRTUAL
2025-06-04 14:23:26,858 [F5] [INFO] [SELECT] KRW-VIRTUAL skipped
2025-06-04 14:23:26,858 [F5] [INFO] [SELECT] processing KRW-WAVES
2025-06-04 14:23:26,859 [F5] [INFO] [SELECT] added KRW-WAVES wr=0.84 roi=0.0012 sharpe=15.85 entries=606
2025-06-04 14:23:26,859 [F5] [INFO] [SELECT] processing KRW-WCT
2025-06-04 14:23:26,859 [F5] [INFO] [SELECT] KRW-WCT skipped
2025-06-04 14:23:26,859 [F5] [INFO] [SELECT] processing KRW-XRP
2025-06-04 14:23:26,860 [F5] [INFO] [SELECT] KRW-XRP skipped
2025-06-04 14:23:26,860 [F5] [INFO] [SELECT] 13 candidates
2025-06-04 14:23:26,861 [F5] [INFO] [SELECT] wrote D:\UPBIT_ML\f5_ml_pipeline\ml_data\10_selected\selected_strategies.json with 13 entries: ['KRW-TRUMP', 'KRW-SUI', 'KRW-WAVES', 'KRW-ONDO', 'KRW-ADA', 'KRW-NEAR', 'KRW-AUCTION', 'KRW-LINK', 'KRW-CBK', 'KRW-APT', 'KRW-PENDLE', 'KRW-CTC', 'KRW-ARK']
2025-06-04 14:23:26,862 [F5] [INFO] [SELECT] monitoring list updated: D:\UPBIT_ML\config\f5_f1_monitoring_list.json
2025-06-04 14:23:26,863 [F5] [INFO] [SELECT] 13 strategies saved
2025-06-04 14:23:26,863 [F5] [INFO] [SELECT] symbols: ['KRW-TRUMP', 'KRW-SUI', 'KRW-WAVES', 'KRW-ONDO', 'KRW-ADA', 'KRW-NEAR', 'KRW-AUCTION', 'KRW-LINK', 'KRW-CBK', 'KRW-APT', 'KRW-PENDLE', 'KRW-CTC', 'KRW-ARK']
2025-06-04 14:23:26,863 [F5] [INFO] [SELECT] done
