2025-06-04 19:43:22,711 [F2] [F3] execute_buy_list start
2025-06-04 19:43:22,712 [F2] [F3] Targets: []
2025-06-04 19:43:22,712 [F2] [F3] No buy candidates found
2025-06-04 19:43:25,779 [F2] [F3] execute_buy_list start
2025-06-04 19:43:25,782 [F2] [F3] Targets: []
2025-06-04 19:43:25,782 [F2] [F3] No buy candidates found
2025-06-04 19:43:37,724 [F2] [F3] execute_buy_list start
2025-06-04 19:43:37,725 [F2] [F3] Targets: []
2025-06-04 19:43:37,725 [F2] [F3] No buy candidates found
2025-06-04 19:43:40,801 [F2] [F3] execute_buy_list start
2025-06-04 19:43:40,802 [F2] [F3] Targets: []
2025-06-04 19:43:40,802 [F2] [F3] No buy candidates found
2025-06-04 19:43:52,739 [F2] [F3] execute_buy_list start
2025-06-04 19:43:52,740 [F2] [F3] Targets: []
2025-06-04 19:43:52,741 [F2] [F3] No buy candidates found
2025-06-04 19:43:55,822 [F2] [F3] execute_buy_list start
2025-06-04 19:43:55,824 [F2] [F3] Targets: []
2025-06-04 19:43:55,824 [F2] [F3] No buy candidates found
2025-06-04 19:44:07,764 [F2] [F3] execute_buy_list start
2025-06-04 19:44:07,765 [F2] [F3] Targets: []
2025-06-04 19:44:07,766 [F2] [F3] No buy candidates found
2025-06-04 19:44:10,833 [F2] [F3] execute_buy_list start
2025-06-04 19:44:10,833 [F2] [F3] Targets: []
2025-06-04 19:44:10,833 [F2] [F3] No buy candidates found
2025-06-04 19:44:22,786 [F2] [F3] execute_buy_list start
2025-06-04 19:44:22,786 [F2] [F3] Targets: []
2025-06-04 19:44:22,786 [F2] [F3] No buy candidates found
2025-06-04 19:44:25,854 [F2] [F3] execute_buy_list start
2025-06-04 19:44:25,855 [F2] [F3] Targets: []
2025-06-04 19:44:25,856 [F2] [F3] No buy candidates found
2025-06-04 19:44:37,799 [F2] [F3] execute_buy_list start
2025-06-04 19:44:37,799 [F2] [F3] Targets: []
2025-06-04 19:44:37,800 [F2] [F3] No buy candidates found
2025-06-04 19:44:40,870 [F2] [F3] execute_buy_list start
2025-06-04 19:44:40,872 [F2] [F3] Targets: []
2025-06-04 19:44:40,872 [F2] [F3] No buy candidates found
2025-06-04 19:44:52,814 [F2] [F3] execute_buy_list start
2025-06-04 19:44:52,815 [F2] [F3] Targets: []
2025-06-04 19:44:52,815 [F2] [F3] No buy candidates found
2025-06-04 19:44:55,881 [F2] [F3] execute_buy_list start
2025-06-04 19:44:55,881 [F2] [F3] Targets: []
2025-06-04 19:44:55,881 [F2] [F3] No buy candidates found
2025-06-04 19:45:07,827 [F2] [F3] execute_buy_list start
2025-06-04 19:45:07,827 [F2] [F3] Targets: []
2025-06-04 19:45:07,827 [F2] [F3] No buy candidates found
2025-06-04 19:45:10,902 [F2] [F3] execute_buy_list start
2025-06-04 19:45:10,902 [F2] [F3] Targets: []
2025-06-04 19:45:10,902 [F2] [F3] No buy candidates found
2025-06-04 19:45:27,239 [F2] [F3] execute_buy_list start
2025-06-04 19:45:27,240 [F2] [F3] Targets: []
2025-06-04 19:45:27,240 [F2] [F3] No buy candidates found
2025-06-04 19:45:30,665 [F2] [F3] execute_buy_list start
2025-06-04 19:45:30,667 [F2] [F3] Targets: []
2025-06-04 19:45:30,667 [F2] [F3] No buy candidates found
2025-06-04 19:45:44,960 [F2] [F3] execute_buy_list start
2025-06-04 19:45:44,961 [F2] [F3] Targets: []
2025-06-04 19:45:44,961 [F2] [F3] No buy candidates found
2025-06-04 19:45:48,447 [F2] [F3] execute_buy_list start
2025-06-04 19:45:48,449 [F2] [F3] Targets: []
2025-06-04 19:45:48,449 [F2] [F3] No buy candidates found
2025-06-04 19:46:02,530 [F2] [F3] execute_buy_list start
2025-06-04 19:46:02,531 [F2] [F3] Targets: []
2025-06-04 19:46:02,532 [F2] [F3] No buy candidates found
2025-06-04 19:46:06,400 [F2] [F3] execute_buy_list start
2025-06-04 19:46:06,402 [F2] [F3] Targets: []
2025-06-04 19:46:06,402 [F2] [F3] No buy candidates found
2025-06-04 19:46:20,158 [F2] [F3] execute_buy_list start
2025-06-04 19:46:20,159 [F2] [F3] Targets: []
2025-06-04 19:46:20,159 [F2] [F3] No buy candidates found
2025-06-04 19:46:24,403 [F2] [F3] execute_buy_list start
2025-06-04 19:46:24,404 [F2] [F3] Targets: []
2025-06-04 19:46:24,405 [F2] [F3] No buy candidates found
2025-06-04 19:46:37,846 [F2] [F3] execute_buy_list start
2025-06-04 19:46:37,847 [F2] [F3] Targets: []
2025-06-04 19:46:37,848 [F2] [F3] No buy candidates found
2025-06-04 19:46:42,101 [F2] [F3] execute_buy_list start
2025-06-04 19:46:42,103 [F2] [F3] Targets: []
2025-06-04 19:46:42,103 [F2] [F3] No buy candidates found
2025-06-04 19:46:55,669 [F2] [F3] execute_buy_list start
2025-06-04 19:46:55,670 [F2] [F3] Targets: []
2025-06-04 19:46:55,670 [F2] [F3] No buy candidates found
2025-06-04 19:46:59,932 [F2] [F3] execute_buy_list start
2025-06-04 19:46:59,934 [F2] [F3] Targets: []
2025-06-04 19:46:59,934 [F2] [F3] No buy candidates found
2025-06-04 19:47:13,444 [F2] [F3] execute_buy_list start
2025-06-04 19:47:13,445 [F2] [F3] Targets: []
2025-06-04 19:47:13,445 [F2] [F3] No buy candidates found
2025-06-04 19:47:17,931 [F2] [F3] execute_buy_list start
2025-06-04 19:47:17,933 [F2] [F3] Targets: []
2025-06-04 19:47:17,933 [F2] [F3] No buy candidates found
2025-06-04 19:47:31,169 [F2] [F3] execute_buy_list start
2025-06-04 19:47:31,170 [F2] [F3] Targets: []
2025-06-04 19:47:31,170 [F2] [F3] No buy candidates found
2025-06-04 19:47:36,463 [F2] [F3] execute_buy_list start
2025-06-04 19:47:36,464 [F2] [F3] Targets: []
2025-06-04 19:47:36,465 [F2] [F3] No buy candidates found
2025-06-04 19:47:48,802 [F2] [F3] execute_buy_list start
2025-06-04 19:47:48,803 [F2] [F3] Targets: []
2025-06-04 19:47:48,804 [F2] [F3] No buy candidates found
2025-06-04 19:47:54,500 [F2] [F3] execute_buy_list start
2025-06-04 19:47:54,501 [F2] [F3] Targets: []
2025-06-04 19:47:54,501 [F2] [F3] No buy candidates found
2025-06-04 19:48:06,664 [F2] [F3] execute_buy_list start
2025-06-04 19:48:06,665 [F2] [F3] Targets: []
2025-06-04 19:48:06,665 [F2] [F3] No buy candidates found
2025-06-04 19:48:12,408 [F2] [F3] execute_buy_list start
2025-06-04 19:48:12,409 [F2] [F3] Targets: []
2025-06-04 19:48:12,409 [F2] [F3] No buy candidates found
2025-06-04 19:48:24,522 [F2] [F3] execute_buy_list start
2025-06-04 19:48:24,523 [F2] [F3] Targets: []
2025-06-04 19:48:24,524 [F2] [F3] No buy candidates found
2025-06-04 19:48:30,340 [F2] [F3] execute_buy_list start
2025-06-04 19:48:30,341 [F2] [F3] Targets: []
2025-06-04 19:48:30,341 [F2] [F3] No buy candidates found
2025-06-04 19:48:42,339 [F2] [F3] execute_buy_list start
2025-06-04 19:48:42,341 [F2] [F3] Targets: []
2025-06-04 19:48:42,341 [F2] [F3] No buy candidates found
2025-06-04 19:48:48,408 [F2] [F3] execute_buy_list start
2025-06-04 19:48:48,409 [F2] [F3] Targets: []
2025-06-04 19:48:48,410 [F2] [F3] No buy candidates found
2025-06-04 19:49:01,434 [F2] [F3] execute_buy_list start
2025-06-04 19:49:01,435 [F2] [F3] Targets: []
2025-06-04 19:49:01,436 [F2] [F3] No buy candidates found
2025-06-04 19:49:08,020 [F2] [F3] execute_buy_list start
2025-06-04 19:49:08,021 [F2] [F3] Targets: []
2025-06-04 19:49:08,022 [F2] [F3] No buy candidates found
2025-06-04 19:49:19,855 [F2] [F3] execute_buy_list start
2025-06-04 19:49:19,856 [F2] [F3] Targets: ['KRW-WAVES']
2025-06-04 19:49:19,923 [F2] [F3] Ticker prices: {'KRW-WAVES': 1556.0}
2025-06-04 19:49:19,924 [F2] [F3] Executing buy for KRW-WAVES at 1556.0
2025-06-04 19:49:26,113 [F2] [F3] execute_buy_list start
2025-06-04 19:49:26,114 [F2] [F3] Targets: []
2025-06-04 19:49:26,115 [F2] [F3] No buy candidates found
2025-06-04 19:49:44,354 [F2] [F3] execute_buy_list start
2025-06-04 19:49:44,360 [F2] [F3] Targets: ['KRW-WAVES']
2025-06-04 19:49:44,435 [F2] [F3] Ticker prices: {'KRW-WAVES': 1561.0}
2025-06-04 19:49:44,436 [F2] [F3] Executing buy for KRW-WAVES at 1561.0
2025-06-04 19:49:51,433 [F2] [F3] Updated buy_count for KRW-WAVES
2025-06-04 19:49:51,433 [F2] [F3] Executed buys: ['KRW-WAVES']
2025-06-04 19:50:09,264 [F2] [F3] execute_buy_list start
2025-06-04 19:50:09,265 [F2] [F3] Targets: []
2025-06-04 19:50:09,266 [F2] [F3] No buy candidates found
2025-06-04 19:50:16,057 [F2] [F3] Updated buy_count for KRW-WAVES
2025-06-04 19:50:16,057 [F2] [F3] Executed buys: ['KRW-WAVES']
2025-06-04 19:50:27,347 [F2] [F3] execute_buy_list start
2025-06-04 19:50:27,347 [F2] [F3] Targets: []
2025-06-04 19:50:27,348 [F2] [F3] No buy candidates found
2025-06-04 19:50:33,685 [F2] [F3] execute_buy_list start
2025-06-04 19:50:33,686 [F2] [F3] Targets: []
2025-06-04 19:50:33,687 [F2] [F3] No buy candidates found
2025-06-04 19:50:44,947 [F2] [F3] execute_buy_list start
2025-06-04 19:50:44,947 [F2] [F3] Targets: []
2025-06-04 19:50:44,948 [F2] [F3] No buy candidates found
2025-06-04 19:50:51,309 [F2] [F3] execute_buy_list start
2025-06-04 19:50:51,311 [F2] [F3] Targets: []
2025-06-04 19:50:51,312 [F2] [F3] No buy candidates found
2025-06-04 19:51:02,472 [F2] [F3] execute_buy_list start
2025-06-04 19:51:02,474 [F2] [F3] Targets: []
2025-06-04 19:51:02,474 [F2] [F3] No buy candidates found
2025-06-04 19:51:09,163 [F2] [F3] execute_buy_list start
2025-06-04 19:51:09,165 [F2] [F3] Targets: []
2025-06-04 19:51:09,165 [F2] [F3] No buy candidates found
2025-06-04 19:51:20,218 [F2] [F3] execute_buy_list start
2025-06-04 19:51:20,219 [F2] [F3] Targets: []
2025-06-04 19:51:20,219 [F2] [F3] No buy candidates found
2025-06-04 19:51:26,828 [F2] [F3] execute_buy_list start
2025-06-04 19:51:26,829 [F2] [F3] Targets: []
2025-06-04 19:51:26,830 [F2] [F3] No buy candidates found
2025-06-04 19:51:37,789 [F2] [F3] execute_buy_list start
2025-06-04 19:51:37,790 [F2] [F3] Targets: []
2025-06-04 19:51:37,790 [F2] [F3] No buy candidates found
2025-06-04 19:51:44,469 [F2] [F3] execute_buy_list start
2025-06-04 19:51:44,470 [F2] [F3] Targets: []
2025-06-04 19:51:44,470 [F2] [F3] No buy candidates found
2025-06-04 19:51:55,336 [F2] [F3] execute_buy_list start
2025-06-04 19:51:55,338 [F2] [F3] Targets: []
2025-06-04 19:51:55,339 [F2] [F3] No buy candidates found
2025-06-04 19:52:02,031 [F2] [F3] execute_buy_list start
2025-06-04 19:52:02,032 [F2] [F3] Targets: []
2025-06-04 19:52:02,032 [F2] [F3] No buy candidates found
2025-06-04 19:52:12,879 [F2] [F3] execute_buy_list start
2025-06-04 19:52:12,881 [F2] [F3] Targets: []
2025-06-04 19:52:12,881 [F2] [F3] No buy candidates found
2025-06-04 19:52:19,782 [F2] [F3] execute_buy_list start
2025-06-04 19:52:19,784 [F2] [F3] Targets: []
2025-06-04 19:52:19,785 [F2] [F3] No buy candidates found
2025-06-04 19:52:30,400 [F2] [F3] execute_buy_list start
2025-06-04 19:52:30,402 [F2] [F3] Targets: []
2025-06-04 19:52:30,402 [F2] [F3] No buy candidates found
2025-06-04 19:52:37,356 [F2] [F3] execute_buy_list start
2025-06-04 19:52:37,358 [F2] [F3] Targets: []
2025-06-04 19:52:37,358 [F2] [F3] No buy candidates found
2025-06-04 19:52:47,922 [F2] [F3] execute_buy_list start
2025-06-04 19:52:47,923 [F2] [F3] Targets: []
2025-06-04 19:52:47,923 [F2] [F3] No buy candidates found
2025-06-04 19:52:54,984 [F2] [F3] execute_buy_list start
2025-06-04 19:52:54,986 [F2] [F3] Targets: []
2025-06-04 19:52:54,986 [F2] [F3] No buy candidates found
2025-06-04 19:53:05,490 [F2] [F3] execute_buy_list start
2025-06-04 19:53:05,491 [F2] [F3] Targets: []
2025-06-04 19:53:05,492 [F2] [F3] No buy candidates found
2025-06-04 19:53:12,859 [F2] [F3] execute_buy_list start
2025-06-04 19:53:12,860 [F2] [F3] Targets: []
2025-06-04 19:53:12,860 [F2] [F3] No buy candidates found
2025-06-04 19:53:23,617 [F2] [F3] execute_buy_list start
2025-06-04 19:53:23,618 [F2] [F3] Targets: []
2025-06-04 19:53:23,619 [F2] [F3] No buy candidates found
2025-06-04 19:53:30,435 [F2] [F3] execute_buy_list start
2025-06-04 19:53:30,436 [F2] [F3] Targets: []
2025-06-04 19:53:30,437 [F2] [F3] No buy candidates found
2025-06-04 19:53:41,111 [F2] [F3] execute_buy_list start
2025-06-04 19:53:41,112 [F2] [F3] Targets: []
2025-06-04 19:53:41,112 [F2] [F3] No buy candidates found
2025-06-04 19:53:48,029 [F2] [F3] execute_buy_list start
2025-06-04 19:53:48,030 [F2] [F3] Targets: []
2025-06-04 19:53:48,031 [F2] [F3] No buy candidates found
2025-06-04 19:53:58,578 [F2] [F3] execute_buy_list start
2025-06-04 19:53:58,579 [F2] [F3] Targets: []
2025-06-04 19:53:58,579 [F2] [F3] No buy candidates found
2025-06-04 19:54:05,659 [F2] [F3] execute_buy_list start
2025-06-04 19:54:05,660 [F2] [F3] Targets: []
2025-06-04 19:54:05,661 [F2] [F3] No buy candidates found
2025-06-04 19:54:16,275 [F2] [F3] execute_buy_list start
2025-06-04 19:54:16,276 [F2] [F3] Targets: []
2025-06-04 19:54:16,277 [F2] [F3] No buy candidates found
2025-06-04 19:54:23,261 [F2] [F3] execute_buy_list start
2025-06-04 19:54:23,262 [F2] [F3] Targets: []
2025-06-04 19:54:23,263 [F2] [F3] No buy candidates found
2025-06-04 19:54:33,677 [F2] [F3] execute_buy_list start
2025-06-04 19:54:33,678 [F2] [F3] Targets: []
2025-06-04 19:54:33,678 [F2] [F3] No buy candidates found
2025-06-04 19:54:40,778 [F2] [F3] execute_buy_list start
2025-06-04 19:54:40,779 [F2] [F3] Targets: []
2025-06-04 19:54:40,779 [F2] [F3] No buy candidates found
2025-06-04 19:54:51,160 [F2] [F3] execute_buy_list start
2025-06-04 19:54:51,161 [F2] [F3] Targets: []
2025-06-04 19:54:51,162 [F2] [F3] No buy candidates found
2025-06-04 19:54:58,419 [F2] [F3] execute_buy_list start
2025-06-04 19:54:58,421 [F2] [F3] Targets: []
2025-06-04 19:54:58,421 [F2] [F3] No buy candidates found
2025-06-04 19:55:08,707 [F2] [F3] execute_buy_list start
2025-06-04 19:55:08,708 [F2] [F3] Targets: []
2025-06-04 19:55:08,708 [F2] [F3] No buy candidates found
2025-06-04 19:55:16,458 [F2] [F3] execute_buy_list start
2025-06-04 19:55:16,460 [F2] [F3] Targets: []
2025-06-04 19:55:16,460 [F2] [F3] No buy candidates found
2025-06-04 19:55:26,458 [F2] [F3] execute_buy_list start
2025-06-04 19:55:26,459 [F2] [F3] Targets: []
2025-06-04 19:55:26,459 [F2] [F3] No buy candidates found
2025-06-04 19:55:34,291 [F2] [F3] execute_buy_list start
2025-06-04 19:55:34,292 [F2] [F3] Targets: []
2025-06-04 19:55:34,293 [F2] [F3] No buy candidates found
2025-06-04 19:55:44,906 [F2] [F3] execute_buy_list start
2025-06-04 19:55:44,907 [F2] [F3] Targets: []
2025-06-04 19:55:44,908 [F2] [F3] No buy candidates found
2025-06-04 19:55:53,585 [F2] [F3] execute_buy_list start
2025-06-04 19:55:53,586 [F2] [F3] Targets: ['KRW-ARB']
2025-06-04 19:55:53,658 [F2] [F3] Ticker prices: {'KRW-ARB': 505.3}
2025-06-04 19:55:53,659 [F2] [F3] Executing buy for KRW-ARB at 505.3
2025-06-04 19:56:03,991 [F2] [F3] execute_buy_list start
2025-06-04 19:56:03,993 [F2] [F3] Targets: ['KRW-ARB']
2025-06-04 19:56:04,063 [F2] [F3] Ticker prices: {'KRW-ARB': 505.3}
2025-06-04 19:56:04,064 [F2] [F3] Executing buy for KRW-ARB at 505.3
2025-06-04 19:56:25,138 [F2] [F3] Updated buy_count for KRW-ARB
2025-06-04 19:56:25,138 [F2] [F3] Executed buys: ['KRW-ARB']
2025-06-04 19:56:35,502 [F2] [F3] Updated buy_count for KRW-ARB
2025-06-04 19:56:35,502 [F2] [F3] Executed buys: ['KRW-ARB']
2025-06-04 19:56:43,025 [F2] [F3] execute_buy_list start
2025-06-04 19:56:43,027 [F2] [F3] Targets: []
2025-06-04 19:56:43,027 [F2] [F3] No buy candidates found
2025-06-04 19:56:53,277 [F2] [F3] execute_buy_list start
2025-06-04 19:56:53,278 [F2] [F3] Targets: []
2025-06-04 19:56:53,278 [F2] [F3] No buy candidates found
2025-06-04 19:57:00,879 [F2] [F3] execute_buy_list start
2025-06-04 19:57:00,880 [F2] [F3] Targets: []
2025-06-04 19:57:00,881 [F2] [F3] No buy candidates found
2025-06-04 19:57:11,308 [F2] [F3] execute_buy_list start
2025-06-04 19:57:11,311 [F2] [F3] Targets: []
2025-06-04 19:57:11,314 [F2] [F3] No buy candidates found
2025-06-04 19:57:18,587 [F2] [F3] execute_buy_list start
2025-06-04 19:57:18,588 [F2] [F3] Targets: []
2025-06-04 19:57:18,589 [F2] [F3] No buy candidates found
2025-06-04 19:57:28,723 [F2] [F3] execute_buy_list start
2025-06-04 19:57:28,724 [F2] [F3] Targets: []
2025-06-04 19:57:28,724 [F2] [F3] No buy candidates found
2025-06-04 19:57:36,104 [F2] [F3] execute_buy_list start
2025-06-04 19:57:36,106 [F2] [F3] Targets: []
2025-06-04 19:57:36,106 [F2] [F3] No buy candidates found
2025-06-04 19:57:46,072 [F2] [F3] execute_buy_list start
2025-06-04 19:57:46,074 [F2] [F3] Targets: []
2025-06-04 19:57:46,075 [F2] [F3] No buy candidates found
2025-06-04 19:57:53,663 [F2] [F3] execute_buy_list start
2025-06-04 19:57:53,664 [F2] [F3] Targets: []
2025-06-04 19:57:53,665 [F2] [F3] No buy candidates found
2025-06-04 19:58:04,495 [F2] [F3] execute_buy_list start
2025-06-04 19:58:04,496 [F2] [F3] Targets: []
2025-06-04 19:58:04,496 [F2] [F3] No buy candidates found
2025-06-04 19:58:11,331 [F2] [F3] execute_buy_list start
2025-06-04 19:58:11,332 [F2] [F3] Targets: []
2025-06-04 19:58:11,333 [F2] [F3] No buy candidates found
2025-06-04 19:58:21,919 [F2] [F3] execute_buy_list start
2025-06-04 19:58:21,920 [F2] [F3] Targets: []
2025-06-04 19:58:21,920 [F2] [F3] No buy candidates found
2025-06-04 19:58:28,717 [F2] [F3] execute_buy_list start
2025-06-04 19:58:28,718 [F2] [F3] Targets: []
2025-06-04 19:58:28,719 [F2] [F3] No buy candidates found
2025-06-04 19:58:39,226 [F2] [F3] execute_buy_list start
2025-06-04 19:58:39,227 [F2] [F3] Targets: []
2025-06-04 19:58:39,227 [F2] [F3] No buy candidates found
2025-06-04 19:58:46,123 [F2] [F3] execute_buy_list start
2025-06-04 19:58:46,125 [F2] [F3] Targets: []
2025-06-04 19:58:46,125 [F2] [F3] No buy candidates found
2025-06-04 19:58:56,529 [F2] [F3] execute_buy_list start
2025-06-04 19:58:56,530 [F2] [F3] Targets: []
2025-06-04 19:58:56,531 [F2] [F3] No buy candidates found
2025-06-04 19:59:03,580 [F2] [F3] execute_buy_list start
2025-06-04 19:59:03,581 [F2] [F3] Targets: []
2025-06-04 19:59:03,581 [F2] [F3] No buy candidates found
2025-06-04 19:59:13,902 [F2] [F3] execute_buy_list start
2025-06-04 19:59:13,904 [F2] [F3] Targets: []
2025-06-04 19:59:13,904 [F2] [F3] No buy candidates found
2025-06-04 19:59:21,128 [F2] [F3] execute_buy_list start
2025-06-04 19:59:21,129 [F2] [F3] Targets: []
2025-06-04 19:59:21,129 [F2] [F3] No buy candidates found
2025-06-04 19:59:31,232 [F2] [F3] execute_buy_list start
2025-06-04 19:59:31,232 [F2] [F3] Targets: []
2025-06-04 19:59:31,233 [F2] [F3] No buy candidates found
2025-06-04 19:59:38,580 [F2] [F3] execute_buy_list start
2025-06-04 19:59:38,582 [F2] [F3] Targets: []
2025-06-04 19:59:38,583 [F2] [F3] No buy candidates found
2025-06-04 19:59:48,588 [F2] [F3] execute_buy_list start
2025-06-04 19:59:48,589 [F2] [F3] Targets: []
2025-06-04 19:59:48,590 [F2] [F3] No buy candidates found
2025-06-04 19:59:56,037 [F2] [F3] execute_buy_list start
2025-06-04 19:59:56,038 [F2] [F3] Targets: []
2025-06-04 19:59:56,039 [F2] [F3] No buy candidates found
2025-06-04 20:00:06,062 [F2] [F3] execute_buy_list start
2025-06-04 20:00:06,063 [F2] [F3] Targets: []
2025-06-04 20:00:06,064 [F2] [F3] No buy candidates found
2025-06-04 20:00:13,623 [F2] [F3] execute_buy_list start
2025-06-04 20:00:13,625 [F2] [F3] Targets: []
2025-06-04 20:00:13,625 [F2] [F3] No buy candidates found
2025-06-04 20:00:23,486 [F2] [F3] execute_buy_list start
2025-06-04 20:00:23,487 [F2] [F3] Targets: []
2025-06-04 20:00:23,487 [F2] [F3] No buy candidates found
2025-06-04 20:00:31,221 [F2] [F3] execute_buy_list start
2025-06-04 20:00:31,222 [F2] [F3] Targets: []
2025-06-04 20:00:31,222 [F2] [F3] No buy candidates found
2025-06-04 20:00:41,113 [F2] [F3] execute_buy_list start
2025-06-04 20:00:41,114 [F2] [F3] Targets: []
2025-06-04 20:00:41,114 [F2] [F3] No buy candidates found
2025-06-04 20:00:48,847 [F2] [F3] execute_buy_list start
2025-06-04 20:00:48,847 [F2] [F3] Targets: []
2025-06-04 20:00:48,849 [F2] [F3] No buy candidates found
2025-06-04 20:00:59,710 [F2] [F3] execute_buy_list start
2025-06-04 20:00:59,711 [F2] [F3] Targets: []
2025-06-04 20:00:59,712 [F2] [F3] No buy candidates found
2025-06-04 20:01:07,887 [F2] [F3] execute_buy_list start
2025-06-04 20:01:07,888 [F2] [F3] Targets: []
2025-06-04 20:01:07,890 [F2] [F3] No buy candidates found
2025-06-04 20:01:18,327 [F2] [F3] execute_buy_list start
2025-06-04 20:01:18,328 [F2] [F3] Targets: []
2025-06-04 20:01:18,328 [F2] [F3] No buy candidates found
2025-06-04 20:01:25,621 [F2] [F3] execute_buy_list start
2025-06-04 20:01:25,622 [F2] [F3] Targets: []
2025-06-04 20:01:25,623 [F2] [F3] No buy candidates found
2025-06-04 20:01:36,053 [F2] [F3] execute_buy_list start
2025-06-04 20:01:36,054 [F2] [F3] Targets: []
2025-06-04 20:01:36,054 [F2] [F3] No buy candidates found
2025-06-04 20:01:43,583 [F2] [F3] execute_buy_list start
2025-06-04 20:01:43,585 [F2] [F3] Targets: []
2025-06-04 20:01:43,585 [F2] [F3] No buy candidates found
2025-06-04 20:01:53,808 [F2] [F3] execute_buy_list start
2025-06-04 20:01:53,810 [F2] [F3] Targets: []
2025-06-04 20:01:53,810 [F2] [F3] No buy candidates found
2025-06-04 20:02:01,262 [F2] [F3] execute_buy_list start
2025-06-04 20:02:01,263 [F2] [F3] Targets: []
2025-06-04 20:02:01,265 [F2] [F3] No buy candidates found
2025-06-04 20:02:11,528 [F2] [F3] execute_buy_list start
2025-06-04 20:02:11,530 [F2] [F3] Targets: []
2025-06-04 20:02:11,530 [F2] [F3] No buy candidates found
2025-06-04 20:02:19,138 [F2] [F3] execute_buy_list start
2025-06-04 20:02:19,139 [F2] [F3] Targets: []
2025-06-04 20:02:19,139 [F2] [F3] No buy candidates found
2025-06-04 20:02:29,227 [F2] [F3] execute_buy_list start
2025-06-04 20:02:29,228 [F2] [F3] Targets: []
2025-06-04 20:02:29,228 [F2] [F3] No buy candidates found
2025-06-04 20:02:36,378 [F2] [F3] execute_buy_list start
2025-06-04 20:02:36,379 [F2] [F3] Targets: []
2025-06-04 20:02:36,379 [F2] [F3] No buy candidates found
2025-06-04 20:02:46,316 [F2] [F3] execute_buy_list start
2025-06-04 20:02:46,317 [F2] [F3] Targets: ['KRW-WAVES']
2025-06-04 20:02:46,382 [F2] [F3] Ticker prices: {'KRW-WAVES': 1562.0}
2025-06-04 20:02:46,383 [F2] [F3] Executing buy for KRW-WAVES at 1562.0
2025-06-04 20:02:53,523 [F2] [F3] execute_buy_list start
2025-06-04 20:02:53,525 [F2] [F3] Targets: ['KRW-WAVES']
2025-06-04 20:02:53,606 [F2] [F3] Ticker prices: {'KRW-WAVES': 1562.0}
2025-06-04 20:02:53,607 [F2] [F3] Executing buy for KRW-WAVES at 1562.0
2025-06-04 20:03:17,794 [F2] [F3] Updated buy_count for KRW-WAVES
2025-06-04 20:03:17,794 [F2] [F3] Executed buys: ['KRW-WAVES']
2025-06-04 20:03:24,989 [F2] [F3] Updated buy_count for KRW-WAVES
2025-06-04 20:03:24,989 [F2] [F3] Executed buys: ['KRW-WAVES']
2025-06-04 20:03:34,774 [F2] [F3] execute_buy_list start
2025-06-04 20:03:34,774 [F2] [F3] Targets: []
2025-06-04 20:03:34,775 [F2] [F3] No buy candidates found
2025-06-04 20:03:42,456 [F2] [F3] execute_buy_list start
2025-06-04 20:03:42,457 [F2] [F3] Targets: []
2025-06-04 20:03:42,457 [F2] [F3] No buy candidates found
2025-06-04 20:03:51,967 [F2] [F3] execute_buy_list start
2025-06-04 20:03:51,968 [F2] [F3] Targets: []
2025-06-04 20:03:51,968 [F2] [F3] No buy candidates found
2025-06-04 20:03:59,829 [F2] [F3] execute_buy_list start
2025-06-04 20:03:59,830 [F2] [F3] Targets: []
2025-06-04 20:03:59,831 [F2] [F3] No buy candidates found
2025-06-04 20:04:09,745 [F2] [F3] execute_buy_list start
2025-06-04 20:04:09,746 [F2] [F3] Targets: ['KRW-CBK']
2025-06-04 20:04:09,808 [F2] [F3] Ticker prices: {'KRW-CBK': 700.3}
2025-06-04 20:04:09,809 [F2] [F3] Executing buy for KRW-CBK at 700.3
2025-06-04 20:04:17,433 [F2] [F3] execute_buy_list start
2025-06-04 20:04:17,434 [F2] [F3] Targets: ['KRW-CBK']
2025-06-04 20:04:17,496 [F2] [F3] Ticker prices: {'KRW-CBK': 700.3}
2025-06-04 20:04:17,497 [F2] [F3] Executing buy for KRW-CBK at 700.3
2025-06-04 20:04:41,290 [F2] [F3] Updated buy_count for KRW-CBK
2025-06-04 20:04:41,290 [F2] [F3] Executed buys: ['KRW-CBK']
2025-06-04 20:04:48,929 [F2] [F3] Updated buy_count for KRW-CBK
2025-06-04 20:04:48,929 [F2] [F3] Executed buys: ['KRW-CBK']
2025-06-04 20:04:58,779 [F2] [F3] execute_buy_list start
2025-06-04 20:04:58,780 [F2] [F3] Targets: []
2025-06-04 20:04:58,780 [F2] [F3] No buy candidates found
2025-06-04 20:05:06,421 [F2] [F3] execute_buy_list start
2025-06-04 20:05:06,422 [F2] [F3] Targets: []
2025-06-04 20:05:06,422 [F2] [F3] No buy candidates found
2025-06-04 20:05:16,364 [F2] [F3] execute_buy_list start
2025-06-04 20:05:16,364 [F2] [F3] Targets: []
2025-06-04 20:05:16,365 [F2] [F3] No buy candidates found
2025-06-04 20:05:23,718 [F2] [F3] execute_buy_list start
2025-06-04 20:05:23,720 [F2] [F3] Targets: []
2025-06-04 20:05:23,720 [F2] [F3] No buy candidates found
2025-06-04 20:05:33,708 [F2] [F3] execute_buy_list start
2025-06-04 20:05:33,710 [F2] [F3] Targets: []
2025-06-04 20:05:33,710 [F2] [F3] No buy candidates found
2025-06-04 20:05:41,048 [F2] [F3] execute_buy_list start
2025-06-04 20:05:41,049 [F2] [F3] Targets: []
2025-06-04 20:05:41,049 [F2] [F3] No buy candidates found
2025-06-04 20:05:51,074 [F2] [F3] execute_buy_list start
2025-06-04 20:05:51,076 [F2] [F3] Targets: []
2025-06-04 20:05:51,076 [F2] [F3] No buy candidates found
2025-06-04 20:05:58,557 [F2] [F3] execute_buy_list start
2025-06-04 20:05:58,559 [F2] [F3] Targets: []
2025-06-04 20:05:58,559 [F2] [F3] No buy candidates found
2025-06-04 20:06:08,342 [F2] [F3] execute_buy_list start
2025-06-04 20:06:08,342 [F2] [F3] Targets: []
2025-06-04 20:06:08,343 [F2] [F3] No buy candidates found
2025-06-04 20:06:15,814 [F2] [F3] execute_buy_list start
2025-06-04 20:06:15,815 [F2] [F3] Targets: []
2025-06-04 20:06:15,816 [F2] [F3] No buy candidates found
2025-06-04 20:06:25,401 [F2] [F3] execute_buy_list start
2025-06-04 20:06:25,402 [F2] [F3] Targets: []
2025-06-04 20:06:25,403 [F2] [F3] No buy candidates found
2025-06-04 20:06:33,107 [F2] [F3] execute_buy_list start
2025-06-04 20:06:33,108 [F2] [F3] Targets: []
2025-06-04 20:06:33,108 [F2] [F3] No buy candidates found
2025-06-04 20:06:42,612 [F2] [F3] execute_buy_list start
2025-06-04 20:06:42,613 [F2] [F3] Targets: []
2025-06-04 20:06:42,614 [F2] [F3] No buy candidates found
2025-06-04 20:06:50,398 [F2] [F3] execute_buy_list start
2025-06-04 20:06:50,399 [F2] [F3] Targets: []
2025-06-04 20:06:50,400 [F2] [F3] No buy candidates found
2025-06-04 20:06:59,719 [F2] [F3] execute_buy_list start
2025-06-04 20:06:59,719 [F2] [F3] Targets: []
2025-06-04 20:06:59,719 [F2] [F3] No buy candidates found
2025-06-04 20:07:07,877 [F2] [F3] execute_buy_list start
2025-06-04 20:07:07,879 [F2] [F3] Targets: []
2025-06-04 20:07:07,879 [F2] [F3] No buy candidates found
2025-06-04 20:07:17,269 [F2] [F3] execute_buy_list start
2025-06-04 20:07:17,270 [F2] [F3] Targets: []
2025-06-04 20:07:17,271 [F2] [F3] No buy candidates found
2025-06-04 20:07:25,494 [F2] [F3] execute_buy_list start
2025-06-04 20:07:25,495 [F2] [F3] Targets: []
2025-06-04 20:07:25,495 [F2] [F3] No buy candidates found
2025-06-04 20:07:34,791 [F2] [F3] execute_buy_list start
2025-06-04 20:07:34,793 [F2] [F3] Targets: []
2025-06-04 20:07:34,794 [F2] [F3] No buy candidates found
2025-06-04 20:07:43,396 [F2] [F3] execute_buy_list start
2025-06-04 20:07:43,397 [F2] [F3] Targets: []
2025-06-04 20:07:43,398 [F2] [F3] No buy candidates found
2025-06-04 20:07:53,088 [F2] [F3] execute_buy_list start
2025-06-04 20:07:53,089 [F2] [F3] Targets: []
2025-06-04 20:07:53,090 [F2] [F3] No buy candidates found
2025-06-04 20:08:02,368 [F2] [F3] execute_buy_list start
2025-06-04 20:08:02,371 [F2] [F3] Targets: []
2025-06-04 20:08:02,371 [F2] [F3] No buy candidates found
2025-06-04 20:08:11,483 [F2] [F3] execute_buy_list start
2025-06-04 20:08:11,484 [F2] [F3] Targets: []
2025-06-04 20:08:11,485 [F2] [F3] No buy candidates found
2025-06-04 20:08:20,253 [F2] [F3] execute_buy_list start
2025-06-04 20:08:20,254 [F2] [F3] Targets: []
2025-06-04 20:08:20,255 [F2] [F3] No buy candidates found
2025-06-04 20:08:29,127 [F2] [F3] execute_buy_list start
2025-06-04 20:08:29,129 [F2] [F3] Targets: []
2025-06-04 20:08:29,130 [F2] [F3] No buy candidates found
2025-06-04 20:08:38,446 [F2] [F3] execute_buy_list start
2025-06-04 20:08:38,448 [F2] [F3] Targets: []
2025-06-04 20:08:38,448 [F2] [F3] No buy candidates found
2025-06-04 20:08:46,832 [F2] [F3] execute_buy_list start
2025-06-04 20:08:46,833 [F2] [F3] Targets: []
2025-06-04 20:08:46,834 [F2] [F3] No buy candidates found
2025-06-04 20:08:56,036 [F2] [F3] execute_buy_list start
2025-06-04 20:08:56,038 [F2] [F3] Targets: []
2025-06-04 20:08:56,038 [F2] [F3] No buy candidates found
2025-06-04 20:09:04,277 [F2] [F3] execute_buy_list start
2025-06-04 20:09:04,278 [F2] [F3] Targets: []
2025-06-04 20:09:04,278 [F2] [F3] No buy candidates found
2025-06-04 20:09:13,797 [F2] [F3] execute_buy_list start
2025-06-04 20:09:13,798 [F2] [F3] Targets: []
2025-06-04 20:09:13,798 [F2] [F3] No buy candidates found
2025-06-04 20:09:21,798 [F2] [F3] execute_buy_list start
2025-06-04 20:09:21,799 [F2] [F3] Targets: []
2025-06-04 20:09:21,800 [F2] [F3] No buy candidates found
2025-06-04 20:09:31,883 [F2] [F3] execute_buy_list start
2025-06-04 20:09:31,883 [F2] [F3] Targets: []
2025-06-04 20:09:31,884 [F2] [F3] No buy candidates found
2025-06-04 20:09:39,387 [F2] [F3] execute_buy_list start
2025-06-04 20:09:39,388 [F2] [F3] Targets: []
2025-06-04 20:09:39,388 [F2] [F3] No buy candidates found
2025-06-04 20:09:49,567 [F2] [F3] execute_buy_list start
2025-06-04 20:09:49,569 [F2] [F3] Targets: []
2025-06-04 20:09:49,569 [F2] [F3] No buy candidates found
2025-06-04 20:09:56,929 [F2] [F3] execute_buy_list start
2025-06-04 20:09:56,930 [F2] [F3] Targets: []
2025-06-04 20:09:56,931 [F2] [F3] No buy candidates found
2025-06-04 20:10:07,212 [F2] [F3] execute_buy_list start
2025-06-04 20:10:07,213 [F2] [F3] Targets: []
2025-06-04 20:10:07,213 [F2] [F3] No buy candidates found
2025-06-04 20:10:14,487 [F2] [F3] execute_buy_list start
2025-06-04 20:10:14,487 [F2] [F3] Targets: []
2025-06-04 20:10:14,487 [F2] [F3] No buy candidates found
2025-06-04 20:10:25,188 [F2] [F3] execute_buy_list start
2025-06-04 20:10:25,189 [F2] [F3] Targets: []
2025-06-04 20:10:25,189 [F2] [F3] No buy candidates found
2025-06-04 20:10:32,201 [F2] [F3] execute_buy_list start
2025-06-04 20:10:32,202 [F2] [F3] Targets: []
2025-06-04 20:10:32,203 [F2] [F3] No buy candidates found
2025-06-04 20:10:42,880 [F2] [F3] execute_buy_list start
2025-06-04 20:10:42,882 [F2] [F3] Targets: []
2025-06-04 20:10:42,882 [F2] [F3] No buy candidates found
2025-06-04 20:10:50,268 [F2] [F3] execute_buy_list start
2025-06-04 20:10:50,269 [F2] [F3] Targets: []
2025-06-04 20:10:50,270 [F2] [F3] No buy candidates found
2025-06-04 20:11:00,805 [F2] [F3] execute_buy_list start
2025-06-04 20:11:00,806 [F2] [F3] Targets: []
2025-06-04 20:11:00,807 [F2] [F3] No buy candidates found
2025-06-04 20:11:08,056 [F2] [F3] execute_buy_list start
2025-06-04 20:11:08,056 [F2] [F3] Targets: []
2025-06-04 20:11:08,056 [F2] [F3] No buy candidates found
2025-06-04 20:11:18,597 [F2] [F3] execute_buy_list start
2025-06-04 20:11:18,600 [F2] [F3] Targets: []
2025-06-04 20:11:18,601 [F2] [F3] No buy candidates found
2025-06-04 20:11:25,806 [F2] [F3] execute_buy_list start
2025-06-04 20:11:25,808 [F2] [F3] Targets: []
2025-06-04 20:11:25,808 [F2] [F3] No buy candidates found
2025-06-04 20:11:36,314 [F2] [F3] execute_buy_list start
2025-06-04 20:11:36,315 [F2] [F3] Targets: []
2025-06-04 20:11:36,315 [F2] [F3] No buy candidates found
2025-06-04 20:11:43,585 [F2] [F3] execute_buy_list start
2025-06-04 20:11:43,587 [F2] [F3] Targets: []
2025-06-04 20:11:43,587 [F2] [F3] No buy candidates found
2025-06-04 20:11:54,019 [F2] [F3] execute_buy_list start
2025-06-04 20:11:54,020 [F2] [F3] Targets: []
2025-06-04 20:11:54,021 [F2] [F3] No buy candidates found
2025-06-04 20:12:01,102 [F2] [F3] execute_buy_list start
2025-06-04 20:12:01,103 [F2] [F3] Targets: []
2025-06-04 20:12:01,104 [F2] [F3] No buy candidates found
2025-06-04 20:12:11,533 [F2] [F3] execute_buy_list start
2025-06-04 20:12:11,534 [F2] [F3] Targets: []
2025-06-04 20:12:11,535 [F2] [F3] No buy candidates found
2025-06-04 20:12:18,502 [F2] [F3] execute_buy_list start
2025-06-04 20:12:18,503 [F2] [F3] Targets: []
2025-06-04 20:12:18,504 [F2] [F3] No buy candidates found
2025-06-04 20:12:29,182 [F2] [F3] execute_buy_list start
2025-06-04 20:12:29,183 [F2] [F3] Targets: []
2025-06-04 20:12:29,183 [F2] [F3] No buy candidates found
2025-06-04 20:12:37,105 [F2] [F3] execute_buy_list start
2025-06-04 20:12:37,106 [F2] [F3] Targets: []
2025-06-04 20:12:37,107 [F2] [F3] No buy candidates found
2025-06-04 20:12:47,362 [F2] [F3] execute_buy_list start
2025-06-04 20:12:47,363 [F2] [F3] Targets: []
2025-06-04 20:12:47,365 [F2] [F3] No buy candidates found
2025-06-04 20:12:55,275 [F2] [F3] execute_buy_list start
2025-06-04 20:12:55,276 [F2] [F3] Targets: []
2025-06-04 20:12:55,277 [F2] [F3] No buy candidates found
2025-06-04 20:13:06,403 [F2] [F3] execute_buy_list start
2025-06-04 20:13:06,404 [F2] [F3] Targets: []
2025-06-04 20:13:06,405 [F2] [F3] No buy candidates found
2025-06-04 20:13:14,566 [F2] [F3] execute_buy_list start
2025-06-04 20:13:14,567 [F2] [F3] Targets: []
2025-06-04 20:13:14,568 [F2] [F3] No buy candidates found
2025-06-04 20:13:25,669 [F2] [F3] execute_buy_list start
2025-06-04 20:13:25,670 [F2] [F3] Targets: []
2025-06-04 20:13:25,671 [F2] [F3] No buy candidates found
2025-06-04 20:13:33,188 [F2] [F3] execute_buy_list start
2025-06-04 20:13:33,189 [F2] [F3] Targets: []
2025-06-04 20:13:33,190 [F2] [F3] No buy candidates found
2025-06-04 20:13:44,131 [F2] [F3] execute_buy_list start
2025-06-04 20:13:44,132 [F2] [F3] Targets: []
2025-06-04 20:13:44,133 [F2] [F3] No buy candidates found
2025-06-04 20:13:51,728 [F2] [F3] execute_buy_list start
2025-06-04 20:13:51,729 [F2] [F3] Targets: []
2025-06-04 20:13:51,730 [F2] [F3] No buy candidates found
2025-06-04 20:14:02,599 [F2] [F3] execute_buy_list start
2025-06-04 20:14:02,601 [F2] [F3] Targets: []
2025-06-04 20:14:02,601 [F2] [F3] No buy candidates found
2025-06-04 20:14:10,227 [F2] [F3] execute_buy_list start
2025-06-04 20:14:10,228 [F2] [F3] Targets: []
2025-06-04 20:14:10,229 [F2] [F3] No buy candidates found
2025-06-04 20:14:20,920 [F2] [F3] execute_buy_list start
2025-06-04 20:14:20,921 [F2] [F3] Targets: []
2025-06-04 20:14:20,922 [F2] [F3] No buy candidates found
2025-06-04 20:14:28,558 [F2] [F3] execute_buy_list start
2025-06-04 20:14:28,559 [F2] [F3] Targets: []
2025-06-04 20:14:28,560 [F2] [F3] No buy candidates found
2025-06-04 20:14:39,022 [F2] [F3] execute_buy_list start
2025-06-04 20:14:39,023 [F2] [F3] Targets: []
2025-06-04 20:14:39,023 [F2] [F3] No buy candidates found
2025-06-04 20:14:46,291 [F2] [F3] execute_buy_list start
2025-06-04 20:14:46,292 [F2] [F3] Targets: []
2025-06-04 20:14:46,292 [F2] [F3] No buy candidates found
2025-06-04 20:14:56,856 [F2] [F3] execute_buy_list start
2025-06-04 20:14:56,857 [F2] [F3] Targets: []
2025-06-04 20:14:56,857 [F2] [F3] No buy candidates found
2025-06-04 20:15:04,141 [F2] [F3] execute_buy_list start
2025-06-04 20:15:04,142 [F2] [F3] Targets: []
2025-06-04 20:15:04,143 [F2] [F3] No buy candidates found
2025-06-04 20:15:14,671 [F2] [F3] execute_buy_list start
2025-06-04 20:15:14,672 [F2] [F3] Targets: []
2025-06-04 20:15:14,673 [F2] [F3] No buy candidates found
2025-06-04 20:15:21,908 [F2] [F3] execute_buy_list start
2025-06-04 20:15:21,911 [F2] [F3] Targets: []
2025-06-04 20:15:21,911 [F2] [F3] No buy candidates found
2025-06-04 20:15:32,383 [F2] [F3] execute_buy_list start
2025-06-04 20:15:32,384 [F2] [F3] Targets: []
2025-06-04 20:15:32,384 [F2] [F3] No buy candidates found
2025-06-04 20:15:39,642 [F2] [F3] execute_buy_list start
2025-06-04 20:15:39,643 [F2] [F3] Targets: []
2025-06-04 20:15:39,644 [F2] [F3] No buy candidates found
2025-06-04 20:15:50,061 [F2] [F3] execute_buy_list start
2025-06-04 20:15:50,062 [F2] [F3] Targets: []
2025-06-04 20:15:50,063 [F2] [F3] No buy candidates found
2025-06-04 20:15:57,359 [F2] [F3] execute_buy_list start
2025-06-04 20:15:57,360 [F2] [F3] Targets: []
2025-06-04 20:15:57,361 [F2] [F3] No buy candidates found
2025-06-04 20:16:07,621 [F2] [F3] execute_buy_list start
2025-06-04 20:16:07,622 [F2] [F3] Targets: []
2025-06-04 20:16:07,622 [F2] [F3] No buy candidates found
2025-06-04 20:16:14,901 [F2] [F3] execute_buy_list start
2025-06-04 20:16:14,902 [F2] [F3] Targets: []
2025-06-04 20:16:14,902 [F2] [F3] No buy candidates found
2025-06-04 20:16:25,188 [F2] [F3] execute_buy_list start
2025-06-04 20:16:25,190 [F2] [F3] Targets: []
2025-06-04 20:16:25,191 [F2] [F3] No buy candidates found
2025-06-04 20:16:32,460 [F2] [F3] execute_buy_list start
2025-06-04 20:16:32,460 [F2] [F3] Targets: []
2025-06-04 20:16:32,461 [F2] [F3] No buy candidates found
2025-06-04 20:16:42,623 [F2] [F3] execute_buy_list start
2025-06-04 20:16:42,624 [F2] [F3] Targets: []
2025-06-04 20:16:42,624 [F2] [F3] No buy candidates found
2025-06-04 20:16:50,092 [F2] [F3] execute_buy_list start
2025-06-04 20:16:50,093 [F2] [F3] Targets: []
2025-06-04 20:16:50,093 [F2] [F3] No buy candidates found
2025-06-04 20:17:00,187 [F2] [F3] execute_buy_list start
2025-06-04 20:17:00,189 [F2] [F3] Targets: []
2025-06-04 20:17:00,189 [F2] [F3] No buy candidates found
2025-06-04 20:17:07,920 [F2] [F3] execute_buy_list start
2025-06-04 20:17:07,921 [F2] [F3] Targets: []
2025-06-04 20:17:07,922 [F2] [F3] No buy candidates found
2025-06-04 20:17:17,927 [F2] [F3] execute_buy_list start
2025-06-04 20:17:17,928 [F2] [F3] Targets: []
2025-06-04 20:17:17,929 [F2] [F3] No buy candidates found
2025-06-04 20:17:25,311 [F2] [F3] execute_buy_list start
2025-06-04 20:17:25,313 [F2] [F3] Targets: []
2025-06-04 20:17:25,313 [F2] [F3] No buy candidates found
2025-06-04 20:17:35,556 [F2] [F3] execute_buy_list start
2025-06-04 20:17:35,557 [F2] [F3] Targets: []
2025-06-04 20:17:35,557 [F2] [F3] No buy candidates found
2025-06-04 20:17:42,803 [F2] [F3] execute_buy_list start
2025-06-04 20:17:42,805 [F2] [F3] Targets: []
2025-06-04 20:17:42,805 [F2] [F3] No buy candidates found
2025-06-04 20:17:53,028 [F2] [F3] execute_buy_list start
2025-06-04 20:17:53,030 [F2] [F3] Targets: []
2025-06-04 20:17:53,030 [F2] [F3] No buy candidates found
2025-06-04 20:18:00,160 [F2] [F3] execute_buy_list start
2025-06-04 20:18:00,162 [F2] [F3] Targets: []
2025-06-04 20:18:00,162 [F2] [F3] No buy candidates found
2025-06-04 20:18:11,542 [F2] [F3] execute_buy_list start
2025-06-04 20:18:11,546 [F2] [F3] Targets: []
2025-06-04 20:18:11,548 [F2] [F3] No buy candidates found
2025-06-04 20:18:17,990 [F2] [F3] execute_buy_list start
2025-06-04 20:18:17,992 [F2] [F3] Targets: []
2025-06-04 20:18:17,993 [F2] [F3] No buy candidates found
2025-06-04 20:18:29,035 [F2] [F3] execute_buy_list start
2025-06-04 20:18:29,038 [F2] [F3] Targets: []
2025-06-04 20:18:29,039 [F2] [F3] No buy candidates found
2025-06-04 20:18:35,545 [F2] [F3] execute_buy_list start
2025-06-04 20:18:35,546 [F2] [F3] Targets: []
2025-06-04 20:18:35,547 [F2] [F3] No buy candidates found
2025-06-04 20:18:46,532 [F2] [F3] execute_buy_list start
2025-06-04 20:18:46,533 [F2] [F3] Targets: ['KRW-NEAR']
2025-06-04 20:18:46,613 [F2] [F3] Ticker prices: {'KRW-NEAR': 3513.0}
2025-06-04 20:18:46,615 [F2] [F3] Executing buy for KRW-NEAR at 3513.0
2025-06-04 20:18:53,056 [F2] [F3] execute_buy_list start
2025-06-04 20:18:53,057 [F2] [F3] Targets: ['KRW-NEAR']
2025-06-04 20:18:53,152 [F2] [F3] Ticker prices: {'KRW-NEAR': 3513.0}
2025-06-04 20:18:53,153 [F2] [F3] Executing buy for KRW-NEAR at 3513.0
2025-06-04 20:19:49,105 [F2] [F3] Updated buy_count for KRW-NEAR
2025-06-04 20:19:49,105 [F2] [F3] Executed buys: ['KRW-NEAR']
2025-06-04 20:19:55,540 [F2] [F3] Updated buy_count for KRW-NEAR
2025-06-04 20:19:55,540 [F2] [F3] Executed buys: ['KRW-NEAR']
2025-06-04 20:20:08,199 [F2] [F3] execute_buy_list start
2025-06-04 20:20:08,200 [F2] [F3] Targets: []
2025-06-04 20:20:08,201 [F2] [F3] No buy candidates found
2025-06-04 20:20:14,522 [F2] [F3] execute_buy_list start
2025-06-04 20:20:14,524 [F2] [F3] Targets: []
2025-06-04 20:20:14,524 [F2] [F3] No buy candidates found
2025-06-04 20:20:27,425 [F2] [F3] execute_buy_list start
2025-06-04 20:20:27,427 [F2] [F3] Targets: ['KRW-NEO']
2025-06-04 20:20:27,495 [F2] [F3] Ticker prices: {'KRW-NEO': 8587.0}
2025-06-04 20:20:27,496 [F2] [F3] Executing buy for KRW-NEO at 8587.0
2025-06-04 20:20:33,158 [F2] [F3] execute_buy_list start
2025-06-04 20:20:33,159 [F2] [F3] Targets: ['KRW-NEO']
2025-06-04 20:20:33,223 [F2] [F3] Ticker prices: {'KRW-NEO': 8587.0}
2025-06-04 20:20:33,224 [F2] [F3] Executing buy for KRW-NEO at 8587.0
2025-06-04 20:21:28,920 [F2] [F3] Updated buy_count for KRW-NEO
2025-06-04 20:21:28,920 [F2] [F3] Executed buys: ['KRW-NEO']
2025-06-04 20:21:34,661 [F2] [F3] Updated buy_count for KRW-NEO
2025-06-04 20:21:34,661 [F2] [F3] Executed buys: ['KRW-NEO']
2025-06-04 20:21:47,663 [F2] [F3] execute_buy_list start
2025-06-04 20:21:47,665 [F2] [F3] Targets: []
2025-06-04 20:21:47,666 [F2] [F3] No buy candidates found
2025-06-04 20:21:53,150 [F2] [F3] execute_buy_list start
2025-06-04 20:21:53,152 [F2] [F3] Targets: []
2025-06-04 20:21:53,152 [F2] [F3] No buy candidates found
2025-06-04 20:22:06,502 [F2] [F3] execute_buy_list start
2025-06-04 20:22:06,504 [F2] [F3] Targets: []
2025-06-04 20:22:06,505 [F2] [F3] No buy candidates found
2025-06-04 20:22:12,064 [F2] [F3] execute_buy_list start
2025-06-04 20:22:12,066 [F2] [F3] Targets: []
2025-06-04 20:22:12,066 [F2] [F3] No buy candidates found
2025-06-04 20:22:24,912 [F2] [F3] execute_buy_list start
2025-06-04 20:22:24,914 [F2] [F3] Targets: []
2025-06-04 20:22:24,914 [F2] [F3] No buy candidates found
2025-06-04 20:22:30,643 [F2] [F3] execute_buy_list start
2025-06-04 20:22:30,644 [F2] [F3] Targets: []
2025-06-04 20:22:30,645 [F2] [F3] No buy candidates found
2025-06-04 20:22:43,848 [F2] [F3] execute_buy_list start
2025-06-04 20:22:43,849 [F2] [F3] Targets: []
2025-06-04 20:22:43,850 [F2] [F3] No buy candidates found
2025-06-04 20:22:49,295 [F2] [F3] execute_buy_list start
2025-06-04 20:22:49,297 [F2] [F3] Targets: []
2025-06-04 20:22:49,297 [F2] [F3] No buy candidates found
2025-06-04 20:23:02,779 [F2] [F3] execute_buy_list start
2025-06-04 20:23:02,781 [F2] [F3] Targets: []
2025-06-04 20:23:02,781 [F2] [F3] No buy candidates found
2025-06-04 20:23:08,346 [F2] [F3] execute_buy_list start
2025-06-04 20:23:08,347 [F2] [F3] Targets: []
2025-06-04 20:23:08,348 [F2] [F3] No buy candidates found
2025-06-04 20:23:21,331 [F2] [F3] execute_buy_list start
2025-06-04 20:23:21,333 [F2] [F3] Targets: []
2025-06-04 20:23:21,333 [F2] [F3] No buy candidates found
2025-06-04 20:23:26,721 [F2] [F3] execute_buy_list start
2025-06-04 20:23:26,723 [F2] [F3] Targets: []
2025-06-04 20:23:26,724 [F2] [F3] No buy candidates found
2025-06-04 20:23:39,586 [F2] [F3] execute_buy_list start
2025-06-04 20:23:39,587 [F2] [F3] Targets: []
2025-06-04 20:23:39,588 [F2] [F3] No buy candidates found
2025-06-04 20:23:44,938 [F2] [F3] execute_buy_list start
2025-06-04 20:23:44,939 [F2] [F3] Targets: []
2025-06-04 20:23:44,940 [F2] [F3] No buy candidates found
2025-06-04 20:23:57,687 [F2] [F3] execute_buy_list start
2025-06-04 20:23:57,689 [F2] [F3] Targets: []
2025-06-04 20:23:57,689 [F2] [F3] No buy candidates found
2025-06-04 20:24:03,081 [F2] [F3] execute_buy_list start
2025-06-04 20:24:03,082 [F2] [F3] Targets: []
2025-06-04 20:24:03,083 [F2] [F3] No buy candidates found
2025-06-04 20:24:17,163 [F2] [F3] execute_buy_list start
2025-06-04 20:24:17,165 [F2] [F3] Targets: []
2025-06-04 20:24:17,165 [F2] [F3] No buy candidates found
2025-06-04 20:24:22,381 [F2] [F3] execute_buy_list start
2025-06-04 20:24:22,382 [F2] [F3] Targets: []
2025-06-04 20:24:22,383 [F2] [F3] No buy candidates found
2025-06-04 20:24:35,260 [F2] [F3] execute_buy_list start
2025-06-04 20:24:35,261 [F2] [F3] Targets: []
2025-06-04 20:24:35,263 [F2] [F3] No buy candidates found
2025-06-04 20:24:41,185 [F2] [F3] execute_buy_list start
2025-06-04 20:24:41,188 [F2] [F3] Targets: []
2025-06-04 20:24:41,189 [F2] [F3] No buy candidates found
2025-06-04 20:24:53,239 [F2] [F3] execute_buy_list start
2025-06-04 20:24:53,240 [F2] [F3] Targets: []
2025-06-04 20:24:53,241 [F2] [F3] No buy candidates found
2025-06-04 20:25:00,083 [F2] [F3] execute_buy_list start
2025-06-04 20:25:00,085 [F2] [F3] Targets: []
2025-06-04 20:25:00,085 [F2] [F3] No buy candidates found
2025-06-04 20:25:12,154 [F2] [F3] execute_buy_list start
2025-06-04 20:25:12,155 [F2] [F3] Targets: []
2025-06-04 20:25:12,156 [F2] [F3] No buy candidates found
2025-06-04 20:25:19,993 [F2] [F3] execute_buy_list start
2025-06-04 20:25:19,995 [F2] [F3] Targets: []
2025-06-04 20:25:19,995 [F2] [F3] No buy candidates found
2025-06-04 20:25:32,204 [F2] [F3] execute_buy_list start
2025-06-04 20:25:32,206 [F2] [F3] Targets: []
2025-06-04 20:25:32,207 [F2] [F3] No buy candidates found
2025-06-04 20:25:40,060 [F2] [F3] execute_buy_list start
2025-06-04 20:25:40,063 [F2] [F3] Targets: []
2025-06-04 20:25:40,063 [F2] [F3] No buy candidates found
2025-06-04 20:25:52,436 [F2] [F3] execute_buy_list start
2025-06-04 20:25:52,438 [F2] [F3] Targets: []
2025-06-04 20:25:52,439 [F2] [F3] No buy candidates found
2025-06-04 20:26:00,164 [F2] [F3] execute_buy_list start
2025-06-04 20:26:00,166 [F2] [F3] Targets: []
2025-06-04 20:26:00,166 [F2] [F3] No buy candidates found
2025-06-04 20:26:11,953 [F2] [F3] execute_buy_list start
2025-06-04 20:26:11,954 [F2] [F3] Targets: []
2025-06-04 20:26:11,955 [F2] [F3] No buy candidates found
2025-06-04 20:26:19,270 [F2] [F3] execute_buy_list start
2025-06-04 20:26:19,275 [F2] [F3] Targets: []
2025-06-04 20:26:19,275 [F2] [F3] No buy candidates found
2025-06-04 20:26:31,225 [F2] [F3] execute_buy_list start
2025-06-04 20:26:31,227 [F2] [F3] Targets: []
2025-06-04 20:26:31,228 [F2] [F3] No buy candidates found
2025-06-04 20:26:38,279 [F2] [F3] execute_buy_list start
2025-06-04 20:26:38,280 [F2] [F3] Targets: []
2025-06-04 20:26:38,281 [F2] [F3] No buy candidates found
2025-06-04 20:26:50,374 [F2] [F3] execute_buy_list start
2025-06-04 20:26:50,375 [F2] [F3] Targets: []
2025-06-04 20:26:50,376 [F2] [F3] No buy candidates found
2025-06-04 20:26:57,100 [F2] [F3] execute_buy_list start
2025-06-04 20:26:57,101 [F2] [F3] Targets: []
2025-06-04 20:26:57,102 [F2] [F3] No buy candidates found
2025-06-04 20:27:09,460 [F2] [F3] execute_buy_list start
2025-06-04 20:27:09,461 [F2] [F3] Targets: []
2025-06-04 20:27:09,462 [F2] [F3] No buy candidates found
2025-06-04 20:27:15,924 [F2] [F3] execute_buy_list start
2025-06-04 20:27:15,925 [F2] [F3] Targets: []
2025-06-04 20:27:15,925 [F2] [F3] No buy candidates found
2025-06-04 20:27:28,425 [F2] [F3] execute_buy_list start
2025-06-04 20:27:28,427 [F2] [F3] Targets: []
2025-06-04 20:27:28,427 [F2] [F3] No buy candidates found
2025-06-04 20:27:34,809 [F2] [F3] execute_buy_list start
2025-06-04 20:27:34,811 [F2] [F3] Targets: []
2025-06-04 20:27:34,811 [F2] [F3] No buy candidates found
2025-06-04 20:27:46,219 [F2] [F3] execute_buy_list start
2025-06-04 20:27:46,220 [F2] [F3] Targets: []
2025-06-04 20:27:46,221 [F2] [F3] No buy candidates found
2025-06-04 20:27:52,523 [F2] [F3] execute_buy_list start
2025-06-04 20:27:52,523 [F2] [F3] Targets: []
2025-06-04 20:27:52,525 [F2] [F3] No buy candidates found
2025-06-04 20:28:04,219 [F2] [F3] execute_buy_list start
2025-06-04 20:28:04,220 [F2] [F3] Targets: []
2025-06-04 20:28:04,221 [F2] [F3] No buy candidates found
2025-06-04 20:28:10,794 [F2] [F3] execute_buy_list start
2025-06-04 20:28:10,795 [F2] [F3] Targets: []
2025-06-04 20:28:10,796 [F2] [F3] No buy candidates found
2025-06-04 20:28:22,090 [F2] [F3] execute_buy_list start
2025-06-04 20:28:22,091 [F2] [F3] Targets: []
2025-06-04 20:28:22,092 [F2] [F3] No buy candidates found
2025-06-04 20:28:28,588 [F2] [F3] execute_buy_list start
2025-06-04 20:28:28,591 [F2] [F3] Targets: []
2025-06-04 20:28:28,591 [F2] [F3] No buy candidates found
2025-06-04 20:28:39,978 [F2] [F3] execute_buy_list start
2025-06-04 20:28:39,980 [F2] [F3] Targets: []
2025-06-04 20:28:39,980 [F2] [F3] No buy candidates found
2025-06-04 20:28:46,501 [F2] [F3] execute_buy_list start
2025-06-04 20:28:46,502 [F2] [F3] Targets: []
2025-06-04 20:28:46,502 [F2] [F3] No buy candidates found
2025-06-04 20:28:57,925 [F2] [F3] execute_buy_list start
2025-06-04 20:28:57,927 [F2] [F3] Targets: []
2025-06-04 20:28:57,927 [F2] [F3] No buy candidates found
2025-06-04 20:29:04,297 [F2] [F3] execute_buy_list start
2025-06-04 20:29:04,298 [F2] [F3] Targets: []
2025-06-04 20:29:04,298 [F2] [F3] No buy candidates found
2025-06-04 20:29:15,882 [F2] [F3] execute_buy_list start
2025-06-04 20:29:15,883 [F2] [F3] Targets: []
2025-06-04 20:29:15,883 [F2] [F3] No buy candidates found
2025-06-04 20:29:22,027 [F2] [F3] execute_buy_list start
2025-06-04 20:29:22,027 [F2] [F3] Targets: []
2025-06-04 20:29:22,028 [F2] [F3] No buy candidates found
2025-06-04 20:29:33,731 [F2] [F3] execute_buy_list start
2025-06-04 20:29:33,733 [F2] [F3] Targets: []
2025-06-04 20:29:33,735 [F2] [F3] No buy candidates found
2025-06-04 20:29:39,814 [F2] [F3] execute_buy_list start
2025-06-04 20:29:39,815 [F2] [F3] Targets: []
2025-06-04 20:29:39,816 [F2] [F3] No buy candidates found
2025-06-04 20:29:51,712 [F2] [F3] execute_buy_list start
2025-06-04 20:29:51,714 [F2] [F3] Targets: []
2025-06-04 20:29:51,714 [F2] [F3] No buy candidates found
2025-06-04 20:29:57,519 [F2] [F3] execute_buy_list start
2025-06-04 20:29:57,519 [F2] [F3] Targets: []
2025-06-04 20:29:57,520 [F2] [F3] No buy candidates found
2025-06-04 20:30:09,530 [F2] [F3] execute_buy_list start
2025-06-04 20:30:09,532 [F2] [F3] Targets: []
2025-06-04 20:30:09,532 [F2] [F3] No buy candidates found
2025-06-04 20:30:15,490 [F2] [F3] execute_buy_list start
2025-06-04 20:30:15,492 [F2] [F3] Targets: []
2025-06-04 20:30:15,493 [F2] [F3] No buy candidates found
2025-06-04 20:30:27,245 [F2] [F3] execute_buy_list start
2025-06-04 20:30:27,246 [F2] [F3] Targets: []
2025-06-04 20:30:27,247 [F2] [F3] No buy candidates found
2025-06-04 20:30:33,164 [F2] [F3] execute_buy_list start
2025-06-04 20:30:33,164 [F2] [F3] Targets: []
2025-06-04 20:30:33,166 [F2] [F3] No buy candidates found
2025-06-04 20:30:45,053 [F2] [F3] execute_buy_list start
2025-06-04 20:30:45,054 [F2] [F3] Targets: []
2025-06-04 20:30:45,054 [F2] [F3] No buy candidates found
2025-06-04 20:30:50,936 [F2] [F3] execute_buy_list start
2025-06-04 20:30:50,937 [F2] [F3] Targets: []
2025-06-04 20:30:50,937 [F2] [F3] No buy candidates found
2025-06-04 20:31:02,835 [F2] [F3] execute_buy_list start
2025-06-04 20:31:02,836 [F2] [F3] Targets: []
2025-06-04 20:31:02,837 [F2] [F3] No buy candidates found
2025-06-04 20:31:09,377 [F2] [F3] execute_buy_list start
2025-06-04 20:31:09,378 [F2] [F3] Targets: []
2025-06-04 20:31:09,379 [F2] [F3] No buy candidates found
2025-06-04 20:31:21,338 [F2] [F3] execute_buy_list start
2025-06-04 20:31:21,339 [F2] [F3] Targets: []
2025-06-04 20:31:21,340 [F2] [F3] No buy candidates found
2025-06-04 20:31:27,293 [F2] [F3] execute_buy_list start
2025-06-04 20:31:27,294 [F2] [F3] Targets: []
2025-06-04 20:31:27,295 [F2] [F3] No buy candidates found
2025-06-04 20:31:39,454 [F2] [F3] execute_buy_list start
2025-06-04 20:31:39,455 [F2] [F3] Targets: []
2025-06-04 20:31:39,455 [F2] [F3] No buy candidates found
2025-06-04 20:31:45,299 [F2] [F3] execute_buy_list start
2025-06-04 20:31:45,300 [F2] [F3] Targets: []
2025-06-04 20:31:45,300 [F2] [F3] No buy candidates found
2025-06-04 20:31:57,536 [F2] [F3] execute_buy_list start
2025-06-04 20:31:57,538 [F2] [F3] Targets: []
2025-06-04 20:31:57,539 [F2] [F3] No buy candidates found
2025-06-04 20:32:03,317 [F2] [F3] execute_buy_list start
2025-06-04 20:32:03,319 [F2] [F3] Targets: []
2025-06-04 20:32:03,319 [F2] [F3] No buy candidates found
2025-06-04 20:32:16,360 [F2] [F3] execute_buy_list start
2025-06-04 20:32:16,362 [F2] [F3] Targets: []
2025-06-04 20:32:16,362 [F2] [F3] No buy candidates found
2025-06-04 20:32:22,004 [F2] [F3] execute_buy_list start
2025-06-04 20:32:22,005 [F2] [F3] Targets: []
2025-06-04 20:32:22,006 [F2] [F3] No buy candidates found
2025-06-04 20:32:34,838 [F2] [F3] execute_buy_list start
2025-06-04 20:32:34,839 [F2] [F3] Targets: []
2025-06-04 20:32:34,839 [F2] [F3] No buy candidates found
2025-06-04 20:32:40,962 [F2] [F3] execute_buy_list start
2025-06-04 20:32:40,963 [F2] [F3] Targets: []
2025-06-04 20:32:40,964 [F2] [F3] No buy candidates found
2025-06-04 20:32:54,832 [F2] [F3] execute_buy_list start
2025-06-04 20:32:54,834 [F2] [F3] Targets: []
2025-06-04 20:32:54,834 [F2] [F3] No buy candidates found
2025-06-04 20:33:00,581 [F2] [F3] execute_buy_list start
2025-06-04 20:33:00,584 [F2] [F3] Targets: []
2025-06-04 20:33:00,585 [F2] [F3] No buy candidates found
2025-06-04 20:33:14,634 [F2] [F3] execute_buy_list start
2025-06-04 20:33:14,635 [F2] [F3] Targets: []
2025-06-04 20:33:14,637 [F2] [F3] No buy candidates found
2025-06-04 20:33:20,098 [F2] [F3] execute_buy_list start
2025-06-04 20:33:20,099 [F2] [F3] Targets: []
2025-06-04 20:33:20,099 [F2] [F3] No buy candidates found
