2025-06-04 08:05:11,295 [F2] [INFO] [RUN] starting buy signal scan
2025-06-04 08:05:11,296 [F2] [INFO] [SETUP] DATA_ROOT=D:\UPBIT_ML\f2_ml_buy_signal\f2_data
2025-06-04 08:05:11,297 [F2] [INFO] [SETUP] MODEL_DIR=D:\UPBIT_ML\f2_ml_buy_signal\f2_data\06_data
2025-06-04 08:05:11,298 [F2] [INFO] [RUN] loaded f5_f1_monitoring_list.json: []
2025-06-04 08:05:11,299 [F2] [INFO] [RUN] existing buy_list=[]
2025-06-04 08:05:11,300 [F2] [INFO] [RUN] existing sell_list=['KRW-ETHW', 'KRW-ETHF', 'KRW-XCORE', 'KRW-SUI']
2025-06-04 08:05:11,302 [F2] [INFO] [RUN] cleared buy_list
2025-06-04 08:05:11,303 [F2] [INFO] [RUN] finished. 0 coins to buy
2025-06-04 08:05:15,023 [F2] [INFO] [RUN] starting buy signal scan
2025-06-04 08:05:15,025 [F2] [INFO] [SETUP] DATA_ROOT=D:\UPBIT_ML\f2_ml_buy_signal\f2_data
2025-06-04 08:05:15,025 [F2] [INFO] [SETUP] MODEL_DIR=D:\UPBIT_ML\f2_ml_buy_signal\f2_data\06_data
2025-06-04 08:05:15,026 [F2] [INFO] [RUN] loaded f5_f1_monitoring_list.json: []
2025-06-04 08:05:15,026 [F2] [INFO] [RUN] existing buy_list=[]
2025-06-04 08:05:15,027 [F2] [INFO] [RUN] existing sell_list=['KRW-ETHW', 'KRW-ETHF', 'KRW-XCORE', 'KRW-SUI']
2025-06-04 08:05:15,029 [F2] [INFO] [RUN] cleared buy_list
2025-06-04 08:05:15,029 [F2] [INFO] [RUN] finished. 0 coins to buy
2025-06-04 08:05:26,313 [F2] [INFO] [RUN] starting buy signal scan
2025-06-04 08:05:26,313 [F2] [INFO] [SETUP] DATA_ROOT=D:\UPBIT_ML\f2_ml_buy_signal\f2_data
2025-06-04 08:05:26,314 [F2] [INFO] [SETUP] MODEL_DIR=D:\UPBIT_ML\f2_ml_buy_signal\f2_data\06_data
2025-06-04 08:05:26,315 [F2] [INFO] [RUN] loaded f5_f1_monitoring_list.json: ['KRW-TRUMP', 'KRW-SUI', 'KRW-XRP', 'KRW-CTC', 'KRW-NEAR', 'KRW-CBK', 'KRW-ADA', 'KRW-WAVES', 'KRW-AUCTION', 'KRW-LINK', 'KRW-PENDLE', 'KRW-ARK', 'KRW-ONDO', 'KRW-STX']
2025-06-04 08:05:26,315 [F2] [INFO] [RUN] existing buy_list=[]
2025-06-04 08:05:26,315 [F2] [INFO] [RUN] existing sell_list=['KRW-ETHW', 'KRW-ETHF', 'KRW-XCORE', 'KRW-SUI']
2025-06-04 08:05:26,406 [F2] [INFO] [FETCH] KRW-TRUMP count=60
2025-06-04 08:05:26,482 [F2] [INFO] [FETCH] KRW-TRUMP rows=60
2025-06-04 08:05:26,490 [F2] [INFO] [FETCH] saved KRW-TRUMP.parquet
2025-06-04 08:05:28,202 [F2] [INFO] [CHECK] KRW-TRUMP prob=0.0180
2025-06-04 08:05:28,209 [F2] [INFO] [KRW-TRUMP] buy=False rsi=False trend=False
2025-06-04 08:05:28,219 [F2] [INFO] [FETCH] KRW-SUI count=60
2025-06-04 08:05:28,296 [F2] [INFO] [FETCH] KRW-SUI rows=60
2025-06-04 08:05:28,319 [F2] [INFO] [FETCH] saved KRW-SUI.parquet
2025-06-04 08:05:28,449 [F2] [INFO] [CHECK] KRW-SUI prob=0.1850
2025-06-04 08:05:28,464 [F2] [INFO] [KRW-SUI] buy=False rsi=False trend=False
2025-06-04 08:05:28,472 [F2] [INFO] [FETCH] KRW-XRP count=60
2025-06-04 08:05:28,548 [F2] [INFO] [FETCH] KRW-XRP rows=60
2025-06-04 08:05:28,559 [F2] [INFO] [FETCH] saved KRW-XRP.parquet
2025-06-04 08:05:28,647 [F2] [INFO] [CHECK] KRW-XRP prob=0.0293
2025-06-04 08:05:28,658 [F2] [INFO] [KRW-XRP] buy=False rsi=True trend=False
2025-06-04 08:05:28,663 [F2] [INFO] [FETCH] KRW-CTC count=60
2025-06-04 08:05:28,741 [F2] [INFO] [FETCH] KRW-CTC rows=60
2025-06-04 08:05:28,750 [F2] [INFO] [FETCH] saved KRW-CTC.parquet
2025-06-04 08:05:28,856 [F2] [INFO] [CHECK] KRW-CTC prob=0.0557
2025-06-04 08:05:28,872 [F2] [INFO] [KRW-CTC] buy=False rsi=False trend=True
2025-06-04 08:05:28,879 [F2] [INFO] [FETCH] KRW-NEAR count=60
2025-06-04 08:05:29,051 [F2] [INFO] [FETCH] KRW-NEAR rows=60
2025-06-04 08:05:29,055 [F2] [INFO] [FETCH] saved KRW-NEAR.parquet
2025-06-04 08:05:29,114 [F2] [INFO] [CHECK] KRW-NEAR prob=0.0683
2025-06-04 08:05:29,120 [F2] [INFO] [KRW-NEAR] buy=False rsi=False trend=False
2025-06-04 08:05:29,126 [F2] [INFO] [FETCH] KRW-CBK count=60
2025-06-04 08:05:29,312 [F2] [INFO] [FETCH] KRW-CBK rows=60
2025-06-04 08:05:29,331 [F2] [INFO] [FETCH] saved KRW-CBK.parquet
2025-06-04 08:05:29,395 [F2] [INFO] [CHECK] KRW-CBK prob=0.5432
2025-06-04 08:05:29,401 [F2] [INFO] [KRW-CBK] buy=True rsi=True trend=True
2025-06-04 08:05:29,406 [F2] [INFO] [FETCH] KRW-ADA count=60
2025-06-04 08:05:29,466 [F2] [INFO] [FETCH] KRW-ADA rows=60
2025-06-04 08:05:29,474 [F2] [INFO] [FETCH] saved KRW-ADA.parquet
2025-06-04 08:05:29,568 [F2] [INFO] [CHECK] KRW-ADA prob=0.0413
2025-06-04 08:05:29,573 [F2] [INFO] [KRW-ADA] buy=False rsi=True trend=True
2025-06-04 08:05:29,580 [F2] [INFO] [FETCH] KRW-WAVES count=60
2025-06-04 08:05:29,654 [F2] [INFO] [FETCH] KRW-WAVES rows=60
2025-06-04 08:05:29,660 [F2] [INFO] [FETCH] saved KRW-WAVES.parquet
2025-06-04 08:05:29,746 [F2] [INFO] [CHECK] KRW-WAVES prob=0.3023
2025-06-04 08:05:29,754 [F2] [INFO] [KRW-WAVES] buy=False rsi=False trend=False
2025-06-04 08:05:29,763 [F2] [INFO] [FETCH] KRW-AUCTION count=60
2025-06-04 08:05:29,843 [F2] [INFO] [FETCH] KRW-AUCTION rows=60
2025-06-04 08:05:29,852 [F2] [INFO] [FETCH] saved KRW-AUCTION.parquet
2025-06-04 08:05:29,938 [F2] [INFO] [CHECK] KRW-AUCTION prob=0.4596
2025-06-04 08:05:29,945 [F2] [INFO] [KRW-AUCTION] buy=False rsi=False trend=True
2025-06-04 08:05:29,952 [F2] [INFO] [FETCH] KRW-LINK count=60
2025-06-04 08:05:30,023 [F2] [INFO] [FETCH] KRW-LINK rows=60
2025-06-04 08:05:30,031 [F2] [INFO] [FETCH] saved KRW-LINK.parquet
2025-06-04 08:05:30,034 [F2] [INFO] [RUN] starting buy signal scan
2025-06-04 08:05:30,034 [F2] [INFO] [SETUP] DATA_ROOT=D:\UPBIT_ML\f2_ml_buy_signal\f2_data
2025-06-04 08:05:30,035 [F2] [INFO] [SETUP] MODEL_DIR=D:\UPBIT_ML\f2_ml_buy_signal\f2_data\06_data
2025-06-04 08:05:30,037 [F2] [INFO] [RUN] loaded f5_f1_monitoring_list.json: ['KRW-TRUMP', 'KRW-SUI', 'KRW-XRP', 'KRW-CTC', 'KRW-NEAR', 'KRW-CBK', 'KRW-ADA', 'KRW-WAVES', 'KRW-AUCTION', 'KRW-LINK', 'KRW-PENDLE', 'KRW-ARK', 'KRW-ONDO', 'KRW-STX']
2025-06-04 08:05:30,038 [F2] [INFO] [RUN] existing buy_list=[]
2025-06-04 08:05:30,040 [F2] [INFO] [RUN] existing sell_list=['KRW-ETHW', 'KRW-ETHF', 'KRW-XCORE', 'KRW-SUI']
2025-06-04 08:05:30,143 [F2] [INFO] [CHECK] KRW-LINK prob=0.1547
2025-06-04 08:05:30,146 [F2] [INFO] [FETCH] KRW-TRUMP count=60
2025-06-04 08:05:30,153 [F2] [INFO] [KRW-LINK] buy=False rsi=False trend=False
2025-06-04 08:05:30,160 [F2] [INFO] [FETCH] KRW-PENDLE count=60
2025-06-04 08:05:30,239 [F2] [INFO] [FETCH] KRW-TRUMP rows=60
2025-06-04 08:05:30,243 [F2] [INFO] [FETCH] KRW-PENDLE rows=60
2025-06-04 08:05:30,251 [F2] [INFO] [FETCH] saved KRW-PENDLE.parquet
2025-06-04 08:05:30,256 [F2] [INFO] [FETCH] saved KRW-TRUMP.parquet
2025-06-04 08:05:30,371 [F2] [INFO] [CHECK] KRW-PENDLE prob=0.2593
2025-06-04 08:05:30,381 [F2] [INFO] [KRW-PENDLE] buy=False rsi=False trend=True
2025-06-04 08:05:30,394 [F2] [INFO] [FETCH] KRW-ARK count=60
2025-06-04 08:05:30,471 [F2] [INFO] [FETCH] KRW-ARK rows=60
2025-06-04 08:05:30,494 [F2] [INFO] [FETCH] saved KRW-ARK.parquet
2025-06-04 08:05:30,563 [F2] [INFO] [CHECK] KRW-ARK prob=0.2183
2025-06-04 08:05:30,573 [F2] [INFO] [KRW-ARK] buy=False rsi=True trend=True
2025-06-04 08:05:30,578 [F2] [INFO] [FETCH] KRW-ONDO count=60
2025-06-04 08:05:30,670 [F2] [INFO] [FETCH] KRW-ONDO rows=60
2025-06-04 08:05:30,677 [F2] [INFO] [FETCH] saved KRW-ONDO.parquet
2025-06-04 08:05:30,761 [F2] [INFO] [CHECK] KRW-ONDO prob=0.3995
2025-06-04 08:05:30,769 [F2] [INFO] [KRW-ONDO] buy=False rsi=False trend=False
2025-06-04 08:05:30,774 [F2] [INFO] [FETCH] KRW-STX count=60
2025-06-04 08:05:30,847 [F2] [INFO] [FETCH] KRW-STX rows=60
2025-06-04 08:05:30,853 [F2] [INFO] [FETCH] saved KRW-STX.parquet
2025-06-04 08:05:30,933 [F2] [INFO] [CHECK] KRW-STX prob=0.5839
2025-06-04 08:05:30,940 [F2] [INFO] [KRW-STX] buy=True rsi=False trend=False
2025-06-04 08:05:30,942 [F2] [INFO] [RUN] saved buy_list=[{'symbol': 'KRW-TRUMP', 'ml_signal': 0, 'rsi_sel': 0, 'trend_sel': 0, 'buy_signal': 0, 'buy_count': 0, 'pending': 0}, {'symbol': 'KRW-SUI', 'ml_signal': 0, 'rsi_sel': 0, 'trend_sel': 0, 'buy_signal': 0, 'buy_count': 1, 'pending': 0}, {'symbol': 'KRW-XRP', 'ml_signal': 0, 'rsi_sel': 1, 'trend_sel': 0, 'buy_signal': 0, 'buy_count': 0, 'pending': 0}, {'symbol': 'KRW-CTC', 'ml_signal': 0, 'rsi_sel': 0, 'trend_sel': 1, 'buy_signal': 0, 'buy_count': 0, 'pending': 0}, {'symbol': 'KRW-NEAR', 'ml_signal': 0, 'rsi_sel': 0, 'trend_sel': 0, 'buy_signal': 0, 'buy_count': 0, 'pending': 0}, {'symbol': 'KRW-CBK', 'ml_signal': 1, 'rsi_sel': 1, 'trend_sel': 1, 'buy_signal': 1, 'buy_count': 0, 'pending': 0}, {'symbol': 'KRW-ADA', 'ml_signal': 0, 'rsi_sel': 1, 'trend_sel': 1, 'buy_signal': 0, 'buy_count': 0, 'pending': 0}, {'symbol': 'KRW-WAVES', 'ml_signal': 0, 'rsi_sel': 0, 'trend_sel': 0, 'buy_signal': 0, 'buy_count': 0, 'pending': 0}, {'symbol': 'KRW-AUCTION', 'ml_signal': 0, 'rsi_sel': 0, 'trend_sel': 1, 'buy_signal': 0, 'buy_count': 0, 'pending': 0}, {'symbol': 'KRW-LINK', 'ml_signal': 0, 'rsi_sel': 0, 'trend_sel': 0, 'buy_signal': 0, 'buy_count': 0, 'pending': 0}, {'symbol': 'KRW-PENDLE', 'ml_signal': 0, 'rsi_sel': 0, 'trend_sel': 1, 'buy_signal': 0, 'buy_count': 0, 'pending': 0}, {'symbol': 'KRW-ARK', 'ml_signal': 0, 'rsi_sel': 1, 'trend_sel': 1, 'buy_signal': 0, 'buy_count': 0, 'pending': 0}, {'symbol': 'KRW-ONDO', 'ml_signal': 0, 'rsi_sel': 0, 'trend_sel': 0, 'buy_signal': 0, 'buy_count': 0, 'pending': 0}, {'symbol': 'KRW-STX', 'ml_signal': 1, 'rsi_sel': 0, 'trend_sel': 0, 'buy_signal': 0, 'buy_count': 0, 'pending': 0}]
2025-06-04 08:05:30,943 [F2] [INFO] [RUN] finished. 1 coins to buy
2025-06-04 08:05:30,951 [F2] [INFO] [CLEANUP] removed D:\UPBIT_ML\f2_ml_buy_signal\f2_data
2025-06-04 08:05:32,154 [F2] [INFO] [CHECK] KRW-TRUMP prob=0.0180
2025-06-04 08:05:32,160 [F2] [INFO] [KRW-TRUMP] buy=False rsi=False trend=False
2025-06-04 08:05:32,171 [F2] [INFO] [FETCH] KRW-SUI count=60
2025-06-04 08:05:32,244 [F2] [INFO] [FETCH] KRW-SUI rows=60
2025-06-04 08:05:32,266 [F2] [INFO] [FETCH] saved KRW-SUI.parquet
2025-06-04 08:05:32,329 [F2] [INFO] [CHECK] KRW-SUI prob=0.1018
2025-06-04 08:05:32,337 [F2] [INFO] [KRW-SUI] buy=False rsi=False trend=False
2025-06-04 08:05:32,342 [F2] [INFO] [FETCH] KRW-XRP count=60
2025-06-04 08:05:32,420 [F2] [INFO] [FETCH] KRW-XRP rows=60
2025-06-04 08:05:32,428 [F2] [INFO] [FETCH] saved KRW-XRP.parquet
2025-06-04 08:05:32,530 [F2] [INFO] [CHECK] KRW-XRP prob=0.0293
2025-06-04 08:05:32,541 [F2] [INFO] [KRW-XRP] buy=False rsi=True trend=False
2025-06-04 08:05:32,551 [F2] [INFO] [FETCH] KRW-CTC count=60
2025-06-04 08:05:32,691 [F2] [INFO] [FETCH] KRW-CTC rows=60
2025-06-04 08:05:32,710 [F2] [INFO] [FETCH] saved KRW-CTC.parquet
2025-06-04 08:05:32,796 [F2] [INFO] [CHECK] KRW-CTC prob=0.0557
2025-06-04 08:05:32,805 [F2] [INFO] [KRW-CTC] buy=False rsi=False trend=True
2025-06-04 08:05:32,812 [F2] [INFO] [FETCH] KRW-NEAR count=60
2025-06-04 08:05:32,951 [F2] [INFO] [FETCH] KRW-NEAR rows=60
2025-06-04 08:05:32,969 [F2] [INFO] [FETCH] saved KRW-NEAR.parquet
2025-06-04 08:05:33,064 [F2] [INFO] [CHECK] KRW-NEAR prob=0.0683
2025-06-04 08:05:33,072 [F2] [INFO] [KRW-NEAR] buy=False rsi=False trend=False
2025-06-04 08:05:33,077 [F2] [INFO] [FETCH] KRW-CBK count=60
2025-06-04 08:05:33,205 [F2] [INFO] [FETCH] KRW-CBK rows=60
2025-06-04 08:05:33,227 [F2] [INFO] [FETCH] saved KRW-CBK.parquet
2025-06-04 08:05:33,321 [F2] [INFO] [CHECK] KRW-CBK prob=0.5432
2025-06-04 08:05:33,331 [F2] [INFO] [KRW-CBK] buy=True rsi=True trend=True
2025-06-04 08:05:33,337 [F2] [INFO] [FETCH] KRW-ADA count=60
2025-06-04 08:05:33,410 [F2] [INFO] [FETCH] KRW-ADA rows=60
2025-06-04 08:05:33,418 [F2] [INFO] [FETCH] saved KRW-ADA.parquet
2025-06-04 08:05:33,510 [F2] [INFO] [CHECK] KRW-ADA prob=0.0413
2025-06-04 08:05:33,517 [F2] [INFO] [KRW-ADA] buy=False rsi=True trend=True
2025-06-04 08:05:33,527 [F2] [INFO] [FETCH] KRW-WAVES count=60
2025-06-04 08:05:33,604 [F2] [INFO] [FETCH] KRW-WAVES rows=60
2025-06-04 08:05:33,613 [F2] [INFO] [FETCH] saved KRW-WAVES.parquet
2025-06-04 08:05:33,695 [F2] [INFO] [CHECK] KRW-WAVES prob=0.3023
2025-06-04 08:05:33,701 [F2] [INFO] [KRW-WAVES] buy=False rsi=False trend=False
2025-06-04 08:05:33,707 [F2] [INFO] [FETCH] KRW-AUCTION count=60
2025-06-04 08:05:33,774 [F2] [INFO] [FETCH] KRW-AUCTION rows=60
2025-06-04 08:05:33,781 [F2] [INFO] [FETCH] saved KRW-AUCTION.parquet
2025-06-04 08:05:33,851 [F2] [INFO] [CHECK] KRW-AUCTION prob=0.4596
2025-06-04 08:05:33,859 [F2] [INFO] [KRW-AUCTION] buy=False rsi=False trend=True
2025-06-04 08:05:33,865 [F2] [INFO] [FETCH] KRW-LINK count=60
2025-06-04 08:05:33,994 [F2] [INFO] [FETCH] KRW-LINK rows=60
2025-06-04 08:05:34,012 [F2] [INFO] [FETCH] saved KRW-LINK.parquet
2025-06-04 08:05:34,067 [F2] [INFO] [CHECK] KRW-LINK prob=0.1547
2025-06-04 08:05:34,073 [F2] [INFO] [KRW-LINK] buy=False rsi=False trend=False
2025-06-04 08:05:34,080 [F2] [INFO] [FETCH] KRW-PENDLE count=60
2025-06-04 08:05:34,153 [F2] [INFO] [FETCH] KRW-PENDLE rows=60
2025-06-04 08:05:34,161 [F2] [INFO] [FETCH] saved KRW-PENDLE.parquet
2025-06-04 08:05:34,238 [F2] [INFO] [CHECK] KRW-PENDLE prob=0.2593
2025-06-04 08:05:34,244 [F2] [INFO] [KRW-PENDLE] buy=False rsi=False trend=True
2025-06-04 08:05:34,250 [F2] [INFO] [FETCH] KRW-ARK count=60
2025-06-04 08:05:34,378 [F2] [INFO] [FETCH] KRW-ARK rows=60
2025-06-04 08:05:34,382 [F2] [INFO] [FETCH] saved KRW-ARK.parquet
2025-06-04 08:05:34,449 [F2] [INFO] [CHECK] KRW-ARK prob=0.2183
2025-06-04 08:05:34,458 [F2] [INFO] [KRW-ARK] buy=False rsi=True trend=True
2025-06-04 08:05:34,462 [F2] [INFO] [FETCH] KRW-ONDO count=60
2025-06-04 08:05:34,537 [F2] [INFO] [FETCH] KRW-ONDO rows=60
2025-06-04 08:05:34,546 [F2] [INFO] [FETCH] saved KRW-ONDO.parquet
2025-06-04 08:05:34,637 [F2] [INFO] [CHECK] KRW-ONDO prob=0.3995
2025-06-04 08:05:34,645 [F2] [INFO] [KRW-ONDO] buy=False rsi=False trend=False
2025-06-04 08:05:34,650 [F2] [INFO] [FETCH] KRW-STX count=60
2025-06-04 08:05:34,751 [F2] [INFO] [FETCH] KRW-STX rows=60
2025-06-04 08:05:34,768 [F2] [INFO] [FETCH] saved KRW-STX.parquet
2025-06-04 08:05:34,844 [F2] [INFO] [CHECK] KRW-STX prob=0.5839
2025-06-04 08:05:34,850 [F2] [INFO] [KRW-STX] buy=True rsi=False trend=False
2025-06-04 08:05:34,852 [F2] [INFO] [RUN] saved buy_list=[{'symbol': 'KRW-TRUMP', 'ml_signal': 0, 'rsi_sel': 0, 'trend_sel': 0, 'buy_signal': 0, 'buy_count': 0, 'pending': 0}, {'symbol': 'KRW-SUI', 'ml_signal': 0, 'rsi_sel': 0, 'trend_sel': 0, 'buy_signal': 0, 'buy_count': 1, 'pending': 0}, {'symbol': 'KRW-XRP', 'ml_signal': 0, 'rsi_sel': 1, 'trend_sel': 0, 'buy_signal': 0, 'buy_count': 0, 'pending': 0}, {'symbol': 'KRW-CTC', 'ml_signal': 0, 'rsi_sel': 0, 'trend_sel': 1, 'buy_signal': 0, 'buy_count': 0, 'pending': 0}, {'symbol': 'KRW-NEAR', 'ml_signal': 0, 'rsi_sel': 0, 'trend_sel': 0, 'buy_signal': 0, 'buy_count': 0, 'pending': 0}, {'symbol': 'KRW-CBK', 'ml_signal': 1, 'rsi_sel': 1, 'trend_sel': 1, 'buy_signal': 1, 'buy_count': 0, 'pending': 0}, {'symbol': 'KRW-ADA', 'ml_signal': 0, 'rsi_sel': 1, 'trend_sel': 1, 'buy_signal': 0, 'buy_count': 0, 'pending': 0}, {'symbol': 'KRW-WAVES', 'ml_signal': 0, 'rsi_sel': 0, 'trend_sel': 0, 'buy_signal': 0, 'buy_count': 0, 'pending': 0}, {'symbol': 'KRW-AUCTION', 'ml_signal': 0, 'rsi_sel': 0, 'trend_sel': 1, 'buy_signal': 0, 'buy_count': 0, 'pending': 0}, {'symbol': 'KRW-LINK', 'ml_signal': 0, 'rsi_sel': 0, 'trend_sel': 0, 'buy_signal': 0, 'buy_count': 0, 'pending': 0}, {'symbol': 'KRW-PENDLE', 'ml_signal': 0, 'rsi_sel': 0, 'trend_sel': 1, 'buy_signal': 0, 'buy_count': 0, 'pending': 0}, {'symbol': 'KRW-ARK', 'ml_signal': 0, 'rsi_sel': 1, 'trend_sel': 1, 'buy_signal': 0, 'buy_count': 0, 'pending': 0}, {'symbol': 'KRW-ONDO', 'ml_signal': 0, 'rsi_sel': 0, 'trend_sel': 0, 'buy_signal': 0, 'buy_count': 0, 'pending': 0}, {'symbol': 'KRW-STX', 'ml_signal': 1, 'rsi_sel': 0, 'trend_sel': 0, 'buy_signal': 0, 'buy_count': 0, 'pending': 0}]
2025-06-04 08:05:34,853 [F2] [INFO] [RUN] finished. 1 coins to buy
2025-06-04 08:05:34,861 [F2] [INFO] [CLEANUP] removed D:\UPBIT_ML\f2_ml_buy_signal\f2_data
