2025-06-04 19:43:21,445 [F3] [F3] Telegram sent: 200
2025-06-04 19:43:23,720 [F3] [F3] Telegram sent: 200
2025-06-04 19:43:24,627 [F3] [F3] Telegram sent: 200
2025-06-04 19:45:15,853 [F3] [F3] Telegram sent: 200
2025-06-04 19:48:26,804 [F3] [F3] Telegram sent: 200
2025-06-04 19:49:21,068 [F3] [F3] Telegram sent: 200
2025-06-04 19:49:45,694 [F3] [F3] Telegram sent: 200
2025-06-04 19:49:51,429 [F3] [F3] Exception in place_order: Buy amount 4.4987146529562985 below minimum 5000.0
2025-06-04 19:50:16,053 [F3] [F3] Exception in place_order: Buy amount 4.484304932735426 below minimum 5000.0
2025-06-04 19:50:27,235 [F3] [F3] Telegram sent: 200
2025-06-04 19:55:16,883 [F3] [F3] Telegram sent: 200
2025-06-04 19:55:54,738 [F3] [F3] Telegram sent: 200
2025-06-04 19:56:05,120 [F3] [F3] Telegram sent: 200
2025-06-04 19:56:25,136 [F3] [F3] Exception in place_order: Buy amount 13.861386138613861 below minimum 5000.0
2025-06-04 19:56:35,483 [F3] [F3] Exception in place_order: Buy amount 13.855898653998416 below minimum 5000.0
2025-06-04 19:57:15,244 [F3] [F3] Telegram sent: 200
2025-06-04 20:00:28,531 [F3] [F3] Telegram sent: 200
2025-06-04 20:02:31,616 [F3] [F3] Telegram sent: 200
2025-06-04 20:02:47,436 [F3] [F3] Telegram sent: 200
2025-06-04 20:02:54,695 [F3] [F3] Telegram sent: 200
2025-06-04 20:03:17,788 [F3] [F3] Exception in place_order: Buy amount 4.492939666238768 below minimum 5000.0
2025-06-04 20:03:24,986 [F3] [F3] Exception in place_order: Buy amount 4.484304932735426 below minimum 5000.0
2025-06-04 20:04:10,906 [F3] [F3] Telegram sent: 200
2025-06-04 20:04:18,609 [F3] [F3] Telegram sent: 200
2025-06-04 20:04:41,285 [F3] [F3] Exception in place_order: Buy amount 9.995716121662145 below minimum 5000.0
2025-06-04 20:04:48,926 [F3] [F3] Exception in place_order: Buy amount 9.995716121662145 below minimum 5000.0
2025-06-04 20:07:16,358 [F3] [F3] Telegram sent: 200
2025-06-04 20:09:26,500 [F3] [F3] Telegram sent: 200
2025-06-04 20:12:32,708 [F3] [F3] Telegram sent: 200
2025-06-04 20:14:52,558 [F3] [F3] Telegram sent: 200
2025-06-04 20:18:47,714 [F3] [F3] Telegram sent: 200
2025-06-04 20:18:54,179 [F3] [F3] Telegram sent: 200
2025-06-04 20:19:27,613 [F3] [F3] Telegram sent: 200
2025-06-04 20:19:49,104 [F3] [F3] Telegram sent: 200
2025-06-04 20:19:55,540 [F3] [F3] Telegram sent: 200
2025-06-04 20:20:28,563 [F3] [F3] Telegram sent: 200
2025-06-04 20:20:34,327 [F3] [F3] Telegram sent: 200
2025-06-04 20:21:28,914 [F3] [F3] Exception in place_order: Buy amount 0.8158508158508159 below minimum 5000.0
2025-06-04 20:21:34,656 [F3] [F3] Exception in place_order: Buy amount 0.8158508158508159 below minimum 5000.0
2025-06-04 20:21:53,986 [F3] [F3] Exception in place_order: 400 Client Error: Bad Request for url: https://api.upbit.com/v1/orders?market=KRW-NEAR&side=ask&ord_type=limit&volume=3.98633256&price=3565 - {"error":{"name":"insufficient_funds_ask","message":"주문 가능한 금액(NEAR)이 부족합니다."}}
2025-06-04 20:21:55,220 [F3] [F3] Exception in place_order: 400 Client Error: Bad Request for url: https://api.upbit.com/v1/orders?market=KRW-NEAR&side=ask&ord_type=limit&volume=3.98633256&price=3565 - {"error":{"name":"insufficient_funds_ask","message":"주문 가능한 금액(NEAR)이 부족합니다."}}
2025-06-04 20:21:56,447 [F3] [F3] Exception in place_order: 400 Client Error: Bad Request for url: https://api.upbit.com/v1/orders?market=KRW-NEAR&side=ask&ord_type=limit&volume=3.98633256&price=3565 - {"error":{"message":"주문 가능한 금액(NEAR)이 부족합니다.","name":"insufficient_funds_ask"}}
2025-06-04 20:21:57,722 [F3] [F3] Exception in place_order: 400 Client Error: Bad Request for url: https://api.upbit.com/v1/orders?market=KRW-NEAR&side=ask&ord_type=limit&volume=3.98633256&price=3565 - {"error":{"message":"주문 가능한 금액(NEAR)이 부족합니다.","name":"insufficient_funds_ask"}}
2025-06-04 20:21:58,983 [F3] [F3] Exception in place_order: 400 Client Error: Bad Request for url: https://api.upbit.com/v1/orders?market=KRW-NEAR&side=ask&ord_type=limit&volume=3.98633256&price=3565 - {"error":{"message":"주문 가능한 금액(NEAR)이 부족합니다.","name":"insufficient_funds_ask"}}
2025-06-04 20:22:00,234 [F3] [F3] Exception in place_order: 400 Client Error: Bad Request for url: https://api.upbit.com/v1/orders?market=KRW-NEAR&side=ask&ord_type=limit&volume=3.98633256&price=3565 - {"error":{"name":"insufficient_funds_ask","message":"주문 가능한 금액(NEAR)이 부족합니다."}}
2025-06-04 20:22:01,480 [F3] [F3] Exception in place_order: 400 Client Error: Bad Request for url: https://api.upbit.com/v1/orders?market=KRW-NEAR&side=ask&ord_type=limit&volume=3.98633256&price=3565 - {"error":{"message":"주문 가능한 금액(NEAR)이 부족합니다.","name":"insufficient_funds_ask"}}
2025-06-04 20:22:02,709 [F3] [F3] Exception in place_order: 400 Client Error: Bad Request for url: https://api.upbit.com/v1/orders?market=KRW-NEAR&side=ask&ord_type=limit&volume=3.98633256&price=3565 - {"error":{"name":"insufficient_funds_ask","message":"주문 가능한 금액(NEAR)이 부족합니다."}}
2025-06-04 20:22:03,989 [F3] [F3] Exception in place_order: 400 Client Error: Bad Request for url: https://api.upbit.com/v1/orders?market=KRW-NEAR&side=ask&ord_type=limit&volume=3.98633256&price=3565 - {"error":{"message":"주문 가능한 금액(NEAR)이 부족합니다.","name":"insufficient_funds_ask"}}
2025-06-04 20:22:05,245 [F3] [F3] Exception in place_order: 400 Client Error: Bad Request for url: https://api.upbit.com/v1/orders?market=KRW-NEAR&side=ask&ord_type=limit&volume=3.98633256&price=3565 - {"error":{"name":"insufficient_funds_ask","message":"주문 가능한 금액(NEAR)이 부족합니다."}}
2025-06-04 20:22:06,489 [F3] [F3] Exception in place_order: 400 Client Error: Bad Request for url: https://api.upbit.com/v1/orders?market=KRW-NEAR&side=ask&ord_type=limit&volume=3.98633256&price=3565 - {"error":{"message":"주문 가능한 금액(NEAR)이 부족합니다.","name":"insufficient_funds_ask"}}
2025-06-04 20:22:06,722 [F3] [F3] Telegram sent: 200
2025-06-04 20:22:07,734 [F3] [F3] Exception in place_order: 400 Client Error: Bad Request for url: https://api.upbit.com/v1/orders?market=KRW-NEAR&side=ask&ord_type=limit&volume=3.98633256&price=3565 - {"error":{"name":"insufficient_funds_ask","message":"주문 가능한 금액(NEAR)이 부족합니다."}}
2025-06-04 20:22:09,064 [F3] [F3] Exception in place_order: 400 Client Error: Bad Request for url: https://api.upbit.com/v1/orders?market=KRW-NEAR&side=ask&ord_type=limit&volume=3.98633256&price=3565 - {"error":{"message":"주문 가능한 금액(NEAR)이 부족합니다.","name":"insufficient_funds_ask"}}
2025-06-04 20:22:10,417 [F3] [F3] Exception in place_order: 400 Client Error: Bad Request for url: https://api.upbit.com/v1/orders?market=KRW-NEAR&side=ask&ord_type=limit&volume=3.98633256&price=3565 - {"error":{"name":"insufficient_funds_ask","message":"주문 가능한 금액(NEAR)이 부족합니다."}}
2025-06-04 20:22:11,845 [F3] [F3] Exception in place_order: 400 Client Error: Bad Request for url: https://api.upbit.com/v1/orders?market=KRW-NEAR&side=ask&ord_type=limit&volume=3.98633256&price=3565 - {"error":{"message":"주문 가능한 금액(NEAR)이 부족합니다.","name":"insufficient_funds_ask"}}
2025-06-04 20:22:13,066 [F3] [F3] Exception in place_order: 400 Client Error: Bad Request for url: https://api.upbit.com/v1/orders?market=KRW-NEAR&side=ask&ord_type=limit&volume=3.98633256&price=3565 - {"error":{"name":"insufficient_funds_ask","message":"주문 가능한 금액(NEAR)이 부족합니다."}}
2025-06-04 20:22:14,294 [F3] [F3] Exception in place_order: 400 Client Error: Bad Request for url: https://api.upbit.com/v1/orders?market=KRW-NEAR&side=ask&ord_type=limit&volume=3.98633256&price=3565 - {"error":{"message":"주문 가능한 금액(NEAR)이 부족합니다.","name":"insufficient_funds_ask"}}
2025-06-04 20:22:15,508 [F3] [F3] Exception in place_order: 400 Client Error: Bad Request for url: https://api.upbit.com/v1/orders?market=KRW-NEAR&side=ask&ord_type=limit&volume=3.98633256&price=3565 - {"error":{"name":"insufficient_funds_ask","message":"주문 가능한 금액(NEAR)이 부족합니다."}}
2025-06-04 20:22:16,737 [F3] [F3] Exception in place_order: 400 Client Error: Bad Request for url: https://api.upbit.com/v1/orders?market=KRW-NEAR&side=ask&ord_type=limit&volume=3.98633256&price=3565 - {"error":{"message":"주문 가능한 금액(NEAR)이 부족합니다.","name":"insufficient_funds_ask"}}
2025-06-04 20:22:17,961 [F3] [F3] Exception in place_order: 400 Client Error: Bad Request for url: https://api.upbit.com/v1/orders?market=KRW-NEAR&side=ask&ord_type=limit&volume=3.98633256&price=3565 - {"error":{"message":"주문 가능한 금액(NEAR)이 부족합니다.","name":"insufficient_funds_ask"}}
2025-06-04 20:22:19,161 [F3] [F3] Exception in place_order: 400 Client Error: Bad Request for url: https://api.upbit.com/v1/orders?market=KRW-NEAR&side=ask&ord_type=limit&volume=3.98633256&price=3565 - {"error":{"message":"주문 가능한 금액(NEAR)이 부족합니다.","name":"insufficient_funds_ask"}}
2025-06-04 20:22:20,396 [F3] [F3] Exception in place_order: 400 Client Error: Bad Request for url: https://api.upbit.com/v1/orders?market=KRW-NEAR&side=ask&ord_type=limit&volume=3.98633256&price=3565 - {"error":{"message":"주문 가능한 금액(NEAR)이 부족합니다.","name":"insufficient_funds_ask"}}
2025-06-04 20:22:21,627 [F3] [F3] Exception in place_order: 400 Client Error: Bad Request for url: https://api.upbit.com/v1/orders?market=KRW-NEAR&side=ask&ord_type=limit&volume=3.98633256&price=3565 - {"error":{"name":"insufficient_funds_ask","message":"주문 가능한 금액(NEAR)이 부족합니다."}}
2025-06-04 20:22:22,841 [F3] [F3] Exception in place_order: 400 Client Error: Bad Request for url: https://api.upbit.com/v1/orders?market=KRW-NEAR&side=ask&ord_type=limit&volume=3.98633256&price=3565 - {"error":{"message":"주문 가능한 금액(NEAR)이 부족합니다.","name":"insufficient_funds_ask"}}
2025-06-04 20:22:24,066 [F3] [F3] Exception in place_order: 400 Client Error: Bad Request for url: https://api.upbit.com/v1/orders?market=KRW-NEAR&side=ask&ord_type=limit&volume=3.98633256&price=3565 - {"error":{"name":"insufficient_funds_ask","message":"주문 가능한 금액(NEAR)이 부족합니다."}}
2025-06-04 20:22:25,311 [F3] [F3] Exception in place_order: 400 Client Error: Bad Request for url: https://api.upbit.com/v1/orders?market=KRW-NEAR&side=ask&ord_type=limit&volume=3.98633256&price=3565 - {"error":{"name":"insufficient_funds_ask","message":"주문 가능한 금액(NEAR)이 부족합니다."}}
2025-06-04 20:22:26,531 [F3] [F3] Exception in place_order: 400 Client Error: Bad Request for url: https://api.upbit.com/v1/orders?market=KRW-NEAR&side=ask&ord_type=limit&volume=3.98633256&price=3565 - {"error":{"message":"주문 가능한 금액(NEAR)이 부족합니다.","name":"insufficient_funds_ask"}}
2025-06-04 20:22:27,857 [F3] [F3] Exception in place_order: 400 Client Error: Bad Request for url: https://api.upbit.com/v1/orders?market=KRW-NEAR&side=ask&ord_type=limit&volume=3.98633256&price=3565 - {"error":{"message":"주문 가능한 금액(NEAR)이 부족합니다.","name":"insufficient_funds_ask"}}
2025-06-04 20:22:29,209 [F3] [F3] Exception in place_order: 400 Client Error: Bad Request for url: https://api.upbit.com/v1/orders?market=KRW-NEAR&side=ask&ord_type=limit&volume=3.98633256&price=3565 - {"error":{"message":"주문 가능한 금액(NEAR)이 부족합니다.","name":"insufficient_funds_ask"}}
2025-06-04 20:22:30,516 [F3] [F3] Exception in place_order: 400 Client Error: Bad Request for url: https://api.upbit.com/v1/orders?market=KRW-NEAR&side=ask&ord_type=limit&volume=3.98633256&price=3565 - {"error":{"message":"주문 가능한 금액(NEAR)이 부족합니다.","name":"insufficient_funds_ask"}}
2025-06-04 20:22:31,800 [F3] [F3] Exception in place_order: 400 Client Error: Bad Request for url: https://api.upbit.com/v1/orders?market=KRW-NEAR&side=ask&ord_type=limit&volume=3.98633256&price=3565 - {"error":{"name":"insufficient_funds_ask","message":"주문 가능한 금액(NEAR)이 부족합니다."}}
2025-06-04 20:22:33,019 [F3] [F3] Exception in place_order: 400 Client Error: Bad Request for url: https://api.upbit.com/v1/orders?market=KRW-NEAR&side=ask&ord_type=limit&volume=3.98633256&price=3565 - {"error":{"message":"주문 가능한 금액(NEAR)이 부족합니다.","name":"insufficient_funds_ask"}}
2025-06-04 20:22:34,253 [F3] [F3] Exception in place_order: 400 Client Error: Bad Request for url: https://api.upbit.com/v1/orders?market=KRW-NEAR&side=ask&ord_type=limit&volume=3.98633256&price=3565 - {"error":{"name":"insufficient_funds_ask","message":"주문 가능한 금액(NEAR)이 부족합니다."}}
2025-06-04 20:22:35,458 [F3] [F3] Exception in place_order: 400 Client Error: Bad Request for url: https://api.upbit.com/v1/orders?market=KRW-NEAR&side=ask&ord_type=limit&volume=3.98633256&price=3565 - {"error":{"name":"insufficient_funds_ask","message":"주문 가능한 금액(NEAR)이 부족합니다."}}
2025-06-04 20:22:36,699 [F3] [F3] Exception in place_order: 400 Client Error: Bad Request for url: https://api.upbit.com/v1/orders?market=KRW-NEAR&side=ask&ord_type=limit&volume=3.98633256&price=3565 - {"error":{"message":"주문 가능한 금액(NEAR)이 부족합니다.","name":"insufficient_funds_ask"}}
2025-06-04 20:22:37,917 [F3] [F3] Exception in place_order: 400 Client Error: Bad Request for url: https://api.upbit.com/v1/orders?market=KRW-NEAR&side=ask&ord_type=limit&volume=3.98633256&price=3565 - {"error":{"message":"주문 가능한 금액(NEAR)이 부족합니다.","name":"insufficient_funds_ask"}}
2025-06-04 20:22:39,149 [F3] [F3] Exception in place_order: 400 Client Error: Bad Request for url: https://api.upbit.com/v1/orders?market=KRW-NEAR&side=ask&ord_type=limit&volume=3.98633256&price=3565 - {"error":{"message":"주문 가능한 금액(NEAR)이 부족합니다.","name":"insufficient_funds_ask"}}
2025-06-04 20:22:40,382 [F3] [F3] Exception in place_order: 400 Client Error: Bad Request for url: https://api.upbit.com/v1/orders?market=KRW-NEAR&side=ask&ord_type=limit&volume=3.98633256&price=3565 - {"error":{"name":"insufficient_funds_ask","message":"주문 가능한 금액(NEAR)이 부족합니다."}}
2025-06-04 20:24:53,730 [F3] [F3] Telegram sent: 200
2025-06-04 20:27:36,310 [F3] [F3] Telegram sent: 200
2025-06-04 20:28:18,766 [F3] [F3] Exception in place_order: 400 Client Error: Bad Request for url: https://api.upbit.com/v1/orders?market=KRW-NEAR&side=ask&ord_type=limit&volume=3.98633256&price=3565 - {"error":{"message":"주문 가능한 금액(NEAR)이 부족합니다.","name":"insufficient_funds_ask"}}
2025-06-04 20:28:18,955 [F3] [F3] Exception in place_order: 400 Client Error: Bad Request for url: https://api.upbit.com/v1/orders?market=KRW-NEAR&side=ask&ord_type=limit&volume=3.98633256&price=3565 - {"error":{"message":"주문 가능한 금액(NEAR)이 부족합니다.","name":"insufficient_funds_ask"}}
2025-06-04 20:28:20,016 [F3] [F3] Exception in place_order: 400 Client Error: Bad Request for url: https://api.upbit.com/v1/orders?market=KRW-NEAR&side=ask&ord_type=limit&volume=3.98633256&price=3565 - {"error":{"name":"insufficient_funds_ask","message":"주문 가능한 금액(NEAR)이 부족합니다."}}
2025-06-04 20:28:20,201 [F3] [F3] Exception in place_order: 400 Client Error: Bad Request for url: https://api.upbit.com/v1/orders?market=KRW-NEAR&side=ask&ord_type=limit&volume=3.98633256&price=3565 - {"error":{"name":"insufficient_funds_ask","message":"주문 가능한 금액(NEAR)이 부족합니다."}}
2025-06-04 20:28:21,346 [F3] [F3] Exception in place_order: 400 Client Error: Bad Request for url: https://api.upbit.com/v1/orders?market=KRW-NEAR&side=ask&ord_type=limit&volume=3.98633256&price=3565 - {"error":{"name":"insufficient_funds_ask","message":"주문 가능한 금액(NEAR)이 부족합니다."}}
2025-06-04 20:28:21,468 [F3] [F3] Exception in place_order: 400 Client Error: Bad Request for url: https://api.upbit.com/v1/orders?market=KRW-NEAR&side=ask&ord_type=limit&volume=3.98633256&price=3565 - {"error":{"message":"주문 가능한 금액(NEAR)이 부족합니다.","name":"insufficient_funds_ask"}}
2025-06-04 20:28:22,591 [F3] [F3] Exception in place_order: 400 Client Error: Bad Request for url: https://api.upbit.com/v1/orders?market=KRW-NEAR&side=ask&ord_type=limit&volume=3.98633256&price=3565 - {"error":{"name":"insufficient_funds_ask","message":"주문 가능한 금액(NEAR)이 부족합니다."}}
2025-06-04 20:28:22,679 [F3] [F3] Exception in place_order: 400 Client Error: Bad Request for url: https://api.upbit.com/v1/orders?market=KRW-NEAR&side=ask&ord_type=limit&volume=3.98633256&price=3565 - {"error":{"message":"주문 가능한 금액(NEAR)이 부족합니다.","name":"insufficient_funds_ask"}}
2025-06-04 20:28:23,818 [F3] [F3] Exception in place_order: 400 Client Error: Bad Request for url: https://api.upbit.com/v1/orders?market=KRW-NEAR&side=ask&ord_type=limit&volume=3.98633256&price=3565 - {"error":{"message":"주문 가능한 금액(NEAR)이 부족합니다.","name":"insufficient_funds_ask"}}
2025-06-04 20:28:24,045 [F3] [F3] Exception in place_order: 400 Client Error: Bad Request for url: https://api.upbit.com/v1/orders?market=KRW-NEAR&side=ask&ord_type=limit&volume=3.98633256&price=3565 - {"error":{"name":"insufficient_funds_ask","message":"주문 가능한 금액(NEAR)이 부족합니다."}}
2025-06-04 20:28:25,084 [F3] [F3] Exception in place_order: 400 Client Error: Bad Request for url: https://api.upbit.com/v1/orders?market=KRW-NEAR&side=ask&ord_type=limit&volume=3.98633256&price=3565 - {"error":{"name":"insufficient_funds_ask","message":"주문 가능한 금액(NEAR)이 부족합니다."}}
2025-06-04 20:28:25,287 [F3] [F3] Exception in place_order: 400 Client Error: Bad Request for url: https://api.upbit.com/v1/orders?market=KRW-NEAR&side=ask&ord_type=limit&volume=3.98633256&price=3565 - {"error":{"message":"주문 가능한 금액(NEAR)이 부족합니다.","name":"insufficient_funds_ask"}}
2025-06-04 20:28:26,310 [F3] [F3] Exception in place_order: 400 Client Error: Bad Request for url: https://api.upbit.com/v1/orders?market=KRW-NEAR&side=ask&ord_type=limit&volume=3.98633256&price=3565 - {"error":{"name":"insufficient_funds_ask","message":"주문 가능한 금액(NEAR)이 부족합니다."}}
2025-06-04 20:28:26,651 [F3] [F3] Exception in place_order: 400 Client Error: Bad Request for url: https://api.upbit.com/v1/orders?market=KRW-NEAR&side=ask&ord_type=limit&volume=3.98633256&price=3565 - {"error":{"message":"주문 가능한 금액(NEAR)이 부족합니다.","name":"insufficient_funds_ask"}}
2025-06-04 20:28:27,556 [F3] [F3] Exception in place_order: 400 Client Error: Bad Request for url: https://api.upbit.com/v1/orders?market=KRW-NEAR&side=ask&ord_type=limit&volume=3.98633256&price=3565 - {"error":{"name":"insufficient_funds_ask","message":"주문 가능한 금액(NEAR)이 부족합니다."}}
2025-06-04 20:28:27,944 [F3] [F3] Exception in place_order: 400 Client Error: Bad Request for url: https://api.upbit.com/v1/orders?market=KRW-NEAR&side=ask&ord_type=limit&volume=3.98633256&price=3565 - {"error":{"message":"주문 가능한 금액(NEAR)이 부족합니다.","name":"insufficient_funds_ask"}}
2025-06-04 20:28:28,816 [F3] [F3] Exception in place_order: 400 Client Error: Bad Request for url: https://api.upbit.com/v1/orders?market=KRW-NEAR&side=ask&ord_type=limit&volume=3.98633256&price=3565 - {"error":{"message":"주문 가능한 금액(NEAR)이 부족합니다.","name":"insufficient_funds_ask"}}
2025-06-04 20:28:29,166 [F3] [F3] Exception in place_order: 400 Client Error: Bad Request for url: https://api.upbit.com/v1/orders?market=KRW-NEAR&side=ask&ord_type=limit&volume=3.98633256&price=3565 - {"error":{"message":"주문 가능한 금액(NEAR)이 부족합니다.","name":"insufficient_funds_ask"}}
2025-06-04 20:28:30,049 [F3] [F3] Exception in place_order: 400 Client Error: Bad Request for url: https://api.upbit.com/v1/orders?market=KRW-NEAR&side=ask&ord_type=limit&volume=3.98633256&price=3565 - {"error":{"name":"insufficient_funds_ask","message":"주문 가능한 금액(NEAR)이 부족합니다."}}
2025-06-04 20:28:30,418 [F3] [F3] Exception in place_order: 400 Client Error: Bad Request for url: https://api.upbit.com/v1/orders?market=KRW-NEAR&side=ask&ord_type=limit&volume=3.98633256&price=3565 - {"error":{"message":"주문 가능한 금액(NEAR)이 부족합니다.","name":"insufficient_funds_ask"}}
2025-06-04 20:28:31,263 [F3] [F3] Exception in place_order: 400 Client Error: Bad Request for url: https://api.upbit.com/v1/orders?market=KRW-NEAR&side=ask&ord_type=limit&volume=3.98633256&price=3565 - {"error":{"name":"insufficient_funds_ask","message":"주문 가능한 금액(NEAR)이 부족합니다."}}
2025-06-04 20:28:31,663 [F3] [F3] Exception in place_order: 400 Client Error: Bad Request for url: https://api.upbit.com/v1/orders?market=KRW-NEAR&side=ask&ord_type=limit&volume=3.98633256&price=3565 - {"error":{"name":"insufficient_funds_ask","message":"주문 가능한 금액(NEAR)이 부족합니다."}}
2025-06-04 20:28:32,503 [F3] [F3] Exception in place_order: 400 Client Error: Bad Request for url: https://api.upbit.com/v1/orders?market=KRW-NEAR&side=ask&ord_type=limit&volume=3.98633256&price=3565 - {"error":{"message":"주문 가능한 금액(NEAR)이 부족합니다.","name":"insufficient_funds_ask"}}
2025-06-04 20:28:32,887 [F3] [F3] Exception in place_order: 400 Client Error: Bad Request for url: https://api.upbit.com/v1/orders?market=KRW-NEAR&side=ask&ord_type=limit&volume=3.98633256&price=3565 - {"error":{"message":"주문 가능한 금액(NEAR)이 부족합니다.","name":"insufficient_funds_ask"}}
2025-06-04 20:28:33,779 [F3] [F3] Exception in place_order: 400 Client Error: Bad Request for url: https://api.upbit.com/v1/orders?market=KRW-NEAR&side=ask&ord_type=limit&volume=3.98633256&price=3565 - {"error":{"message":"주문 가능한 금액(NEAR)이 부족합니다.","name":"insufficient_funds_ask"}}
2025-06-04 20:28:34,092 [F3] [F3] Exception in place_order: 400 Client Error: Bad Request for url: https://api.upbit.com/v1/orders?market=KRW-NEAR&side=ask&ord_type=limit&volume=3.98633256&price=3565 - {"error":{"message":"주문 가능한 금액(NEAR)이 부족합니다.","name":"insufficient_funds_ask"}}
2025-06-04 20:28:35,008 [F3] [F3] Exception in place_order: 400 Client Error: Bad Request for url: https://api.upbit.com/v1/orders?market=KRW-NEAR&side=ask&ord_type=limit&volume=3.98633256&price=3565 - {"error":{"name":"insufficient_funds_ask","message":"주문 가능한 금액(NEAR)이 부족합니다."}}
2025-06-04 20:28:35,315 [F3] [F3] Exception in place_order: 400 Client Error: Bad Request for url: https://api.upbit.com/v1/orders?market=KRW-NEAR&side=ask&ord_type=limit&volume=3.98633256&price=3565 - {"error":{"message":"주문 가능한 금액(NEAR)이 부족합니다.","name":"insufficient_funds_ask"}}
2025-06-04 20:28:36,282 [F3] [F3] Exception in place_order: 400 Client Error: Bad Request for url: https://api.upbit.com/v1/orders?market=KRW-NEAR&side=ask&ord_type=limit&volume=3.98633256&price=3565 - {"error":{"message":"주문 가능한 금액(NEAR)이 부족합니다.","name":"insufficient_funds_ask"}}
2025-06-04 20:28:36,555 [F3] [F3] Exception in place_order: 400 Client Error: Bad Request for url: https://api.upbit.com/v1/orders?market=KRW-NEAR&side=ask&ord_type=limit&volume=3.98633256&price=3565 - {"error":{"message":"주문 가능한 금액(NEAR)이 부족합니다.","name":"insufficient_funds_ask"}}
2025-06-04 20:28:37,559 [F3] [F3] Exception in place_order: 400 Client Error: Bad Request for url: https://api.upbit.com/v1/orders?market=KRW-NEAR&side=ask&ord_type=limit&volume=3.98633256&price=3565 - {"error":{"message":"주문 가능한 금액(NEAR)이 부족합니다.","name":"insufficient_funds_ask"}}
2025-06-04 20:28:37,777 [F3] [F3] Exception in place_order: 400 Client Error: Bad Request for url: https://api.upbit.com/v1/orders?market=KRW-NEAR&side=ask&ord_type=limit&volume=3.98633256&price=3565 - {"error":{"message":"주문 가능한 금액(NEAR)이 부족합니다.","name":"insufficient_funds_ask"}}
2025-06-04 20:28:38,925 [F3] [F3] Exception in place_order: 400 Client Error: Bad Request for url: https://api.upbit.com/v1/orders?market=KRW-NEAR&side=ask&ord_type=limit&volume=3.98633256&price=3565 - {"error":{"name":"insufficient_funds_ask","message":"주문 가능한 금액(NEAR)이 부족합니다."}}
2025-06-04 20:28:39,021 [F3] [F3] Exception in place_order: 400 Client Error: Bad Request for url: https://api.upbit.com/v1/orders?market=KRW-NEAR&side=ask&ord_type=limit&volume=3.98633256&price=3565 - {"error":{"message":"주문 가능한 금액(NEAR)이 부족합니다.","name":"insufficient_funds_ask"}}
2025-06-04 20:28:40,164 [F3] [F3] Exception in place_order: 400 Client Error: Bad Request for url: https://api.upbit.com/v1/orders?market=KRW-NEAR&side=ask&ord_type=limit&volume=3.98633256&price=3565 - {"error":{"message":"주문 가능한 금액(NEAR)이 부족합니다.","name":"insufficient_funds_ask"}}
2025-06-04 20:28:40,245 [F3] [F3] Exception in place_order: 400 Client Error: Bad Request for url: https://api.upbit.com/v1/orders?market=KRW-NEAR&side=ask&ord_type=limit&volume=3.98633256&price=3565 - {"error":{"message":"주문 가능한 금액(NEAR)이 부족합니다.","name":"insufficient_funds_ask"}}
2025-06-04 20:28:41,402 [F3] [F3] Exception in place_order: 400 Client Error: Bad Request for url: https://api.upbit.com/v1/orders?market=KRW-NEAR&side=ask&ord_type=limit&volume=3.98633256&price=3565 - {"error":{"message":"주문 가능한 금액(NEAR)이 부족합니다.","name":"insufficient_funds_ask"}}
2025-06-04 20:28:41,475 [F3] [F3] Exception in place_order: 400 Client Error: Bad Request for url: https://api.upbit.com/v1/orders?market=KRW-NEAR&side=ask&ord_type=limit&volume=3.98633256&price=3565 - {"error":{"message":"주문 가능한 금액(NEAR)이 부족합니다.","name":"insufficient_funds_ask"}}
2025-06-04 20:28:42,585 [F3] [F3] Exception in place_order: 400 Client Error: Bad Request for url: https://api.upbit.com/v1/orders?market=KRW-NEAR&side=ask&ord_type=limit&volume=3.98633256&price=3565 - {"error":{"message":"주문 가능한 금액(NEAR)이 부족합니다.","name":"insufficient_funds_ask"}}
2025-06-04 20:28:42,708 [F3] [F3] Exception in place_order: 400 Client Error: Bad Request for url: https://api.upbit.com/v1/orders?market=KRW-NEAR&side=ask&ord_type=limit&volume=3.98633256&price=3565 - {"error":{"name":"insufficient_funds_ask","message":"주문 가능한 금액(NEAR)이 부족합니다."}}
2025-06-04 20:28:43,837 [F3] [F3] Exception in place_order: 400 Client Error: Bad Request for url: https://api.upbit.com/v1/orders?market=KRW-NEAR&side=ask&ord_type=limit&volume=3.98633256&price=3565 - {"error":{"message":"주문 가능한 금액(NEAR)이 부족합니다.","name":"insufficient_funds_ask"}}
2025-06-04 20:28:44,095 [F3] [F3] Exception in place_order: 400 Client Error: Bad Request for url: https://api.upbit.com/v1/orders?market=KRW-NEAR&side=ask&ord_type=limit&volume=3.98633256&price=3565 - {"error":{"name":"insufficient_funds_ask","message":"주문 가능한 금액(NEAR)이 부족합니다."}}
2025-06-04 20:28:45,053 [F3] [F3] Exception in place_order: 400 Client Error: Bad Request for url: https://api.upbit.com/v1/orders?market=KRW-NEAR&side=ask&ord_type=limit&volume=3.98633256&price=3565 - {"error":{"message":"주문 가능한 금액(NEAR)이 부족합니다.","name":"insufficient_funds_ask"}}
2025-06-04 20:28:45,424 [F3] [F3] Exception in place_order: 400 Client Error: Bad Request for url: https://api.upbit.com/v1/orders?market=KRW-NEAR&side=ask&ord_type=limit&volume=3.98633256&price=3565 - {"error":{"name":"insufficient_funds_ask","message":"주문 가능한 금액(NEAR)이 부족합니다."}}
2025-06-04 20:28:46,360 [F3] [F3] Exception in place_order: 400 Client Error: Bad Request for url: https://api.upbit.com/v1/orders?market=KRW-NEAR&side=ask&ord_type=limit&volume=3.98633256&price=3565 - {"error":{"message":"주문 가능한 금액(NEAR)이 부족합니다.","name":"insufficient_funds_ask"}}
2025-06-04 20:28:46,696 [F3] [F3] Exception in place_order: 400 Client Error: Bad Request for url: https://api.upbit.com/v1/orders?market=KRW-NEAR&side=ask&ord_type=limit&volume=3.98633256&price=3565 - {"error":{"message":"주문 가능한 금액(NEAR)이 부족합니다.","name":"insufficient_funds_ask"}}
2025-06-04 20:28:47,591 [F3] [F3] Exception in place_order: 400 Client Error: Bad Request for url: https://api.upbit.com/v1/orders?market=KRW-NEAR&side=ask&ord_type=limit&volume=3.98633256&price=3565 - {"error":{"message":"주문 가능한 금액(NEAR)이 부족합니다.","name":"insufficient_funds_ask"}}
2025-06-04 20:28:47,981 [F3] [F3] Exception in place_order: 400 Client Error: Bad Request for url: https://api.upbit.com/v1/orders?market=KRW-NEAR&side=ask&ord_type=limit&volume=3.98633256&price=3565 - {"error":{"name":"insufficient_funds_ask","message":"주문 가능한 금액(NEAR)이 부족합니다."}}
2025-06-04 20:28:48,859 [F3] [F3] Exception in place_order: 400 Client Error: Bad Request for url: https://api.upbit.com/v1/orders?market=KRW-NEAR&side=ask&ord_type=limit&volume=3.98633256&price=3565 - {"error":{"name":"insufficient_funds_ask","message":"주문 가능한 금액(NEAR)이 부족합니다."}}
2025-06-04 20:28:49,246 [F3] [F3] Exception in place_order: 400 Client Error: Bad Request for url: https://api.upbit.com/v1/orders?market=KRW-NEAR&side=ask&ord_type=limit&volume=3.98633256&price=3565 - {"error":{"name":"insufficient_funds_ask","message":"주문 가능한 금액(NEAR)이 부족합니다."}}
2025-06-04 20:28:50,135 [F3] [F3] Exception in place_order: 400 Client Error: Bad Request for url: https://api.upbit.com/v1/orders?market=KRW-NEAR&side=ask&ord_type=limit&volume=3.98633256&price=3565 - {"error":{"name":"insufficient_funds_ask","message":"주문 가능한 금액(NEAR)이 부족합니다."}}
2025-06-04 20:28:50,499 [F3] [F3] Exception in place_order: 400 Client Error: Bad Request for url: https://api.upbit.com/v1/orders?market=KRW-NEAR&side=ask&ord_type=limit&volume=3.98633256&price=3565 - {"error":{"message":"주문 가능한 금액(NEAR)이 부족합니다.","name":"insufficient_funds_ask"}}
2025-06-04 20:28:51,420 [F3] [F3] Exception in place_order: 400 Client Error: Bad Request for url: https://api.upbit.com/v1/orders?market=KRW-NEAR&side=ask&ord_type=limit&volume=3.98633256&price=3565 - {"error":{"name":"insufficient_funds_ask","message":"주문 가능한 금액(NEAR)이 부족합니다."}}
2025-06-04 20:28:51,707 [F3] [F3] Exception in place_order: 400 Client Error: Bad Request for url: https://api.upbit.com/v1/orders?market=KRW-NEAR&side=ask&ord_type=limit&volume=3.98633256&price=3565 - {"error":{"message":"주문 가능한 금액(NEAR)이 부족합니다.","name":"insufficient_funds_ask"}}
2025-06-04 20:28:52,644 [F3] [F3] Exception in place_order: 400 Client Error: Bad Request for url: https://api.upbit.com/v1/orders?market=KRW-NEAR&side=ask&ord_type=limit&volume=3.98633256&price=3565 - {"error":{"message":"주문 가능한 금액(NEAR)이 부족합니다.","name":"insufficient_funds_ask"}}
2025-06-04 20:28:52,937 [F3] [F3] Exception in place_order: 400 Client Error: Bad Request for url: https://api.upbit.com/v1/orders?market=KRW-NEAR&side=ask&ord_type=limit&volume=3.98633256&price=3565 - {"error":{"message":"주문 가능한 금액(NEAR)이 부족합니다.","name":"insufficient_funds_ask"}}
2025-06-04 20:28:53,930 [F3] [F3] Exception in place_order: 400 Client Error: Bad Request for url: https://api.upbit.com/v1/orders?market=KRW-NEAR&side=ask&ord_type=limit&volume=3.98633256&price=3565 - {"error":{"name":"insufficient_funds_ask","message":"주문 가능한 금액(NEAR)이 부족합니다."}}
2025-06-04 20:28:54,175 [F3] [F3] Exception in place_order: 400 Client Error: Bad Request for url: https://api.upbit.com/v1/orders?market=KRW-NEAR&side=ask&ord_type=limit&volume=3.98633256&price=3565 - {"error":{"message":"주문 가능한 금액(NEAR)이 부족합니다.","name":"insufficient_funds_ask"}}
2025-06-04 20:28:55,220 [F3] [F3] Exception in place_order: 400 Client Error: Bad Request for url: https://api.upbit.com/v1/orders?market=KRW-NEAR&side=ask&ord_type=limit&volume=3.98633256&price=3565 - {"error":{"message":"주문 가능한 금액(NEAR)이 부족합니다.","name":"insufficient_funds_ask"}}
2025-06-04 20:28:55,378 [F3] [F3] Exception in place_order: 400 Client Error: Bad Request for url: https://api.upbit.com/v1/orders?market=KRW-NEAR&side=ask&ord_type=limit&volume=3.98633256&price=3565 - {"error":{"name":"insufficient_funds_ask","message":"주문 가능한 금액(NEAR)이 부족합니다."}}
2025-06-04 20:28:56,489 [F3] [F3] Exception in place_order: 400 Client Error: Bad Request for url: https://api.upbit.com/v1/orders?market=KRW-NEAR&side=ask&ord_type=limit&volume=3.98633256&price=3565 - {"error":{"message":"주문 가능한 금액(NEAR)이 부족합니다.","name":"insufficient_funds_ask"}}
2025-06-04 20:28:56,604 [F3] [F3] Exception in place_order: 400 Client Error: Bad Request for url: https://api.upbit.com/v1/orders?market=KRW-NEAR&side=ask&ord_type=limit&volume=3.98633256&price=3565 - {"error":{"message":"주문 가능한 금액(NEAR)이 부족합니다.","name":"insufficient_funds_ask"}}
2025-06-04 20:28:57,808 [F3] [F3] Exception in place_order: 400 Client Error: Bad Request for url: https://api.upbit.com/v1/orders?market=KRW-NEAR&side=ask&ord_type=limit&volume=3.98633256&price=3565 - {"error":{"name":"insufficient_funds_ask","message":"주문 가능한 금액(NEAR)이 부족합니다."}}
2025-06-04 20:28:57,812 [F3] [F3] Exception in place_order: 400 Client Error: Bad Request for url: https://api.upbit.com/v1/orders?market=KRW-NEAR&side=ask&ord_type=limit&volume=3.98633256&price=3565 - {"error":{"message":"주문 가능한 금액(NEAR)이 부족합니다.","name":"insufficient_funds_ask"}}
2025-06-04 20:28:59,031 [F3] [F3] Exception in place_order: 400 Client Error: Bad Request for url: https://api.upbit.com/v1/orders?market=KRW-NEAR&side=ask&ord_type=limit&volume=3.98633256&price=3565 - {"error":{"message":"주문 가능한 금액(NEAR)이 부족합니다.","name":"insufficient_funds_ask"}}
2025-06-04 20:28:59,068 [F3] [F3] Exception in place_order: 400 Client Error: Bad Request for url: https://api.upbit.com/v1/orders?market=KRW-NEAR&side=ask&ord_type=limit&volume=3.98633256&price=3565 - {"error":{"message":"주문 가능한 금액(NEAR)이 부족합니다.","name":"insufficient_funds_ask"}}
2025-06-04 20:29:00,243 [F3] [F3] Exception in place_order: 400 Client Error: Bad Request for url: https://api.upbit.com/v1/orders?market=KRW-NEAR&side=ask&ord_type=limit&volume=3.98633256&price=3565 - {"error":{"message":"주문 가능한 금액(NEAR)이 부족합니다.","name":"insufficient_funds_ask"}}
2025-06-04 20:29:00,285 [F3] [F3] Exception in place_order: 400 Client Error: Bad Request for url: https://api.upbit.com/v1/orders?market=KRW-NEAR&side=ask&ord_type=limit&volume=3.98633256&price=3565 - {"error":{"message":"주문 가능한 금액(NEAR)이 부족합니다.","name":"insufficient_funds_ask"}}
2025-06-04 20:29:01,497 [F3] [F3] Exception in place_order: 400 Client Error: Bad Request for url: https://api.upbit.com/v1/orders?market=KRW-NEAR&side=ask&ord_type=limit&volume=3.98633256&price=3565 - {"error":{"message":"주문 가능한 금액(NEAR)이 부족합니다.","name":"insufficient_funds_ask"}}
2025-06-04 20:29:01,523 [F3] [F3] Exception in place_order: 400 Client Error: Bad Request for url: https://api.upbit.com/v1/orders?market=KRW-NEAR&side=ask&ord_type=limit&volume=3.98633256&price=3565 - {"error":{"name":"insufficient_funds_ask","message":"주문 가능한 금액(NEAR)이 부족합니다."}}
2025-06-04 20:29:02,764 [F3] [F3] Exception in place_order: 400 Client Error: Bad Request for url: https://api.upbit.com/v1/orders?market=KRW-NEAR&side=ask&ord_type=limit&volume=3.98633256&price=3565 - {"error":{"message":"주문 가능한 금액(NEAR)이 부족합니다.","name":"insufficient_funds_ask"}}
2025-06-04 20:29:02,792 [F3] [F3] Exception in place_order: 400 Client Error: Bad Request for url: https://api.upbit.com/v1/orders?market=KRW-NEAR&side=ask&ord_type=limit&volume=3.98633256&price=3565 - {"error":{"name":"insufficient_funds_ask","message":"주문 가능한 금액(NEAR)이 부족합니다."}}
2025-06-04 20:29:04,025 [F3] [F3] Exception in place_order: 400 Client Error: Bad Request for url: https://api.upbit.com/v1/orders?market=KRW-NEAR&side=ask&ord_type=limit&volume=3.98633256&price=3565 - {"error":{"name":"insufficient_funds_ask","message":"주문 가능한 금액(NEAR)이 부족합니다."}}
2025-06-04 20:29:04,212 [F3] [F3] Exception in place_order: 400 Client Error: Bad Request for url: https://api.upbit.com/v1/orders?market=KRW-NEAR&side=ask&ord_type=limit&volume=3.98633256&price=3565 - {"error":{"message":"주문 가능한 금액(NEAR)이 부족합니다.","name":"insufficient_funds_ask"}}
2025-06-04 20:29:05,275 [F3] [F3] Exception in place_order: 400 Client Error: Bad Request for url: https://api.upbit.com/v1/orders?market=KRW-NEAR&side=ask&ord_type=limit&volume=3.98633256&price=3565 - {"error":{"message":"주문 가능한 금액(NEAR)이 부족합니다.","name":"insufficient_funds_ask"}}
2025-06-04 20:29:05,503 [F3] [F3] Exception in place_order: 400 Client Error: Bad Request for url: https://api.upbit.com/v1/orders?market=KRW-NEAR&side=ask&ord_type=limit&volume=3.98633256&price=3565 - {"error":{"message":"주문 가능한 금액(NEAR)이 부족합니다.","name":"insufficient_funds_ask"}}
2025-06-04 20:29:06,536 [F3] [F3] Exception in place_order: 400 Client Error: Bad Request for url: https://api.upbit.com/v1/orders?market=KRW-NEAR&side=ask&ord_type=limit&volume=3.98633256&price=3565 - {"error":{"message":"주문 가능한 금액(NEAR)이 부족합니다.","name":"insufficient_funds_ask"}}
2025-06-04 20:29:06,726 [F3] [F3] Exception in place_order: 400 Client Error: Bad Request for url: https://api.upbit.com/v1/orders?market=KRW-NEAR&side=ask&ord_type=limit&volume=3.98633256&price=3565 - {"error":{"message":"주문 가능한 금액(NEAR)이 부족합니다.","name":"insufficient_funds_ask"}}
2025-06-04 20:29:07,754 [F3] [F3] Exception in place_order: 400 Client Error: Bad Request for url: https://api.upbit.com/v1/orders?market=KRW-NEAR&side=ask&ord_type=limit&volume=3.98633256&price=3565 - {"error":{"name":"insufficient_funds_ask","message":"주문 가능한 금액(NEAR)이 부족합니다."}}
2025-06-04 20:29:08,009 [F3] [F3] Exception in place_order: 400 Client Error: Bad Request for url: https://api.upbit.com/v1/orders?market=KRW-NEAR&side=ask&ord_type=limit&volume=3.98633256&price=3565 - {"error":{"message":"주문 가능한 금액(NEAR)이 부족합니다.","name":"insufficient_funds_ask"}}
2025-06-04 20:29:09,013 [F3] [F3] Exception in place_order: 400 Client Error: Bad Request for url: https://api.upbit.com/v1/orders?market=KRW-NEAR&side=ask&ord_type=limit&volume=3.98633256&price=3565 - {"error":{"message":"주문 가능한 금액(NEAR)이 부족합니다.","name":"insufficient_funds_ask"}}
2025-06-04 20:29:09,239 [F3] [F3] Exception in place_order: 400 Client Error: Bad Request for url: https://api.upbit.com/v1/orders?market=KRW-NEAR&side=ask&ord_type=limit&volume=3.98633256&price=3565 - {"error":{"name":"insufficient_funds_ask","message":"주문 가능한 금액(NEAR)이 부족합니다."}}
2025-06-04 20:29:10,273 [F3] [F3] Exception in place_order: 400 Client Error: Bad Request for url: https://api.upbit.com/v1/orders?market=KRW-NEAR&side=ask&ord_type=limit&volume=3.98633256&price=3565 - {"error":{"message":"주문 가능한 금액(NEAR)이 부족합니다.","name":"insufficient_funds_ask"}}
2025-06-04 20:29:10,457 [F3] [F3] Exception in place_order: 400 Client Error: Bad Request for url: https://api.upbit.com/v1/orders?market=KRW-NEAR&side=ask&ord_type=limit&volume=3.98633256&price=3565 - {"error":{"name":"insufficient_funds_ask","message":"주문 가능한 금액(NEAR)이 부족합니다."}}
2025-06-04 20:29:11,465 [F3] [F3] Exception in place_order: 400 Client Error: Bad Request for url: https://api.upbit.com/v1/orders?market=KRW-NEAR&side=ask&ord_type=limit&volume=3.98633256&price=3565 - {"error":{"name":"insufficient_funds_ask","message":"주문 가능한 금액(NEAR)이 부족합니다."}}
2025-06-04 20:29:11,684 [F3] [F3] Exception in place_order: 400 Client Error: Bad Request for url: https://api.upbit.com/v1/orders?market=KRW-NEAR&side=ask&ord_type=limit&volume=3.98633256&price=3565 - {"error":{"message":"주문 가능한 금액(NEAR)이 부족합니다.","name":"insufficient_funds_ask"}}
2025-06-04 20:29:12,716 [F3] [F3] Exception in place_order: 400 Client Error: Bad Request for url: https://api.upbit.com/v1/orders?market=KRW-NEAR&side=ask&ord_type=limit&volume=3.98633256&price=3565 - {"error":{"message":"주문 가능한 금액(NEAR)이 부족합니다.","name":"insufficient_funds_ask"}}
2025-06-04 20:29:12,896 [F3] [F3] Exception in place_order: 400 Client Error: Bad Request for url: https://api.upbit.com/v1/orders?market=KRW-NEAR&side=ask&ord_type=limit&volume=3.98633256&price=3565 - {"error":{"message":"주문 가능한 금액(NEAR)이 부족합니다.","name":"insufficient_funds_ask"}}
2025-06-04 20:29:14,002 [F3] [F3] Exception in place_order: 400 Client Error: Bad Request for url: https://api.upbit.com/v1/orders?market=KRW-NEAR&side=ask&ord_type=limit&volume=3.98633256&price=3565 - {"error":{"message":"주문 가능한 금액(NEAR)이 부족합니다.","name":"insufficient_funds_ask"}}
2025-06-04 20:29:14,170 [F3] [F3] Exception in place_order: 400 Client Error: Bad Request for url: https://api.upbit.com/v1/orders?market=KRW-NEAR&side=ask&ord_type=limit&volume=3.98633256&price=3565 - {"error":{"message":"주문 가능한 금액(NEAR)이 부족합니다.","name":"insufficient_funds_ask"}}
2025-06-04 20:29:15,277 [F3] [F3] Exception in place_order: 400 Client Error: Bad Request for url: https://api.upbit.com/v1/orders?market=KRW-NEAR&side=ask&ord_type=limit&volume=3.98633256&price=3565 - {"error":{"name":"insufficient_funds_ask","message":"주문 가능한 금액(NEAR)이 부족합니다."}}
2025-06-04 20:29:15,420 [F3] [F3] Exception in place_order: 400 Client Error: Bad Request for url: https://api.upbit.com/v1/orders?market=KRW-NEAR&side=ask&ord_type=limit&volume=3.98633256&price=3565 - {"error":{"message":"주문 가능한 금액(NEAR)이 부족합니다.","name":"insufficient_funds_ask"}}
2025-06-04 20:29:16,540 [F3] [F3] Exception in place_order: 400 Client Error: Bad Request for url: https://api.upbit.com/v1/orders?market=KRW-NEAR&side=ask&ord_type=limit&volume=3.98633256&price=3565 - {"error":{"message":"주문 가능한 금액(NEAR)이 부족합니다.","name":"insufficient_funds_ask"}}
2025-06-04 20:29:16,699 [F3] [F3] Exception in place_order: 400 Client Error: Bad Request for url: https://api.upbit.com/v1/orders?market=KRW-NEAR&side=ask&ord_type=limit&volume=3.98633256&price=3565 - {"error":{"message":"주문 가능한 금액(NEAR)이 부족합니다.","name":"insufficient_funds_ask"}}
2025-06-04 20:29:17,771 [F3] [F3] Exception in place_order: 400 Client Error: Bad Request for url: https://api.upbit.com/v1/orders?market=KRW-NEAR&side=ask&ord_type=limit&volume=3.98633256&price=3565 - {"error":{"message":"주문 가능한 금액(NEAR)이 부족합니다.","name":"insufficient_funds_ask"}}
2025-06-04 20:29:17,953 [F3] [F3] Exception in place_order: 400 Client Error: Bad Request for url: https://api.upbit.com/v1/orders?market=KRW-NEAR&side=ask&ord_type=limit&volume=3.98633256&price=3565 - {"error":{"name":"insufficient_funds_ask","message":"주문 가능한 금액(NEAR)이 부족합니다."}}
2025-06-04 20:29:19,021 [F3] [F3] Exception in place_order: 400 Client Error: Bad Request for url: https://api.upbit.com/v1/orders?market=KRW-NEAR&side=ask&ord_type=limit&volume=3.98633256&price=3565 - {"error":{"message":"주문 가능한 금액(NEAR)이 부족합니다.","name":"insufficient_funds_ask"}}
2025-06-04 20:29:19,198 [F3] [F3] Exception in place_order: 400 Client Error: Bad Request for url: https://api.upbit.com/v1/orders?market=KRW-NEAR&side=ask&ord_type=limit&volume=3.98633256&price=3565 - {"error":{"message":"주문 가능한 금액(NEAR)이 부족합니다.","name":"insufficient_funds_ask"}}
2025-06-04 20:29:20,239 [F3] [F3] Exception in place_order: 400 Client Error: Bad Request for url: https://api.upbit.com/v1/orders?market=KRW-NEAR&side=ask&ord_type=limit&volume=3.98633256&price=3565 - {"error":{"name":"insufficient_funds_ask","message":"주문 가능한 금액(NEAR)이 부족합니다."}}
2025-06-04 20:29:20,467 [F3] [F3] Exception in place_order: 400 Client Error: Bad Request for url: https://api.upbit.com/v1/orders?market=KRW-NEAR&side=ask&ord_type=limit&volume=3.98633256&price=3565 - {"error":{"message":"주문 가능한 금액(NEAR)이 부족합니다.","name":"insufficient_funds_ask"}}
2025-06-04 20:29:21,492 [F3] [F3] Exception in place_order: 400 Client Error: Bad Request for url: https://api.upbit.com/v1/orders?market=KRW-NEAR&side=ask&ord_type=limit&volume=3.98633256&price=3565 - {"error":{"name":"insufficient_funds_ask","message":"주문 가능한 금액(NEAR)이 부족합니다."}}
2025-06-04 20:29:21,816 [F3] [F3] Exception in place_order: 400 Client Error: Bad Request for url: https://api.upbit.com/v1/orders?market=KRW-NEAR&side=ask&ord_type=limit&volume=3.98633256&price=3565 - {"error":{"name":"insufficient_funds_ask","message":"주문 가능한 금액(NEAR)이 부족합니다."}}
2025-06-04 20:29:22,727 [F3] [F3] Exception in place_order: 400 Client Error: Bad Request for url: https://api.upbit.com/v1/orders?market=KRW-NEAR&side=ask&ord_type=limit&volume=3.98633256&price=3565 - {"error":{"message":"주문 가능한 금액(NEAR)이 부족합니다.","name":"insufficient_funds_ask"}}
2025-06-04 20:29:23,054 [F3] [F3] Exception in place_order: 400 Client Error: Bad Request for url: https://api.upbit.com/v1/orders?market=KRW-NEAR&side=ask&ord_type=limit&volume=3.98633256&price=3565 - {"error":{"name":"insufficient_funds_ask","message":"주문 가능한 금액(NEAR)이 부족합니다."}}
2025-06-04 20:29:23,954 [F3] [F3] Exception in place_order: 400 Client Error: Bad Request for url: https://api.upbit.com/v1/orders?market=KRW-NEAR&side=ask&ord_type=limit&volume=3.98633256&price=3565 - {"error":{"name":"insufficient_funds_ask","message":"주문 가능한 금액(NEAR)이 부족합니다."}}
2025-06-04 20:29:24,285 [F3] [F3] Exception in place_order: 400 Client Error: Bad Request for url: https://api.upbit.com/v1/orders?market=KRW-NEAR&side=ask&ord_type=limit&volume=3.98633256&price=3565 - {"error":{"message":"주문 가능한 금액(NEAR)이 부족합니다.","name":"insufficient_funds_ask"}}
2025-06-04 20:29:25,197 [F3] [F3] Exception in place_order: 400 Client Error: Bad Request for url: https://api.upbit.com/v1/orders?market=KRW-NEAR&side=ask&ord_type=limit&volume=3.98633256&price=3565 - {"error":{"message":"주문 가능한 금액(NEAR)이 부족합니다.","name":"insufficient_funds_ask"}}
2025-06-04 20:29:25,531 [F3] [F3] Exception in place_order: 400 Client Error: Bad Request for url: https://api.upbit.com/v1/orders?market=KRW-NEAR&side=ask&ord_type=limit&volume=3.98633256&price=3565 - {"error":{"message":"주문 가능한 금액(NEAR)이 부족합니다.","name":"insufficient_funds_ask"}}
2025-06-04 20:29:26,465 [F3] [F3] Exception in place_order: 400 Client Error: Bad Request for url: https://api.upbit.com/v1/orders?market=KRW-NEAR&side=ask&ord_type=limit&volume=3.98633256&price=3565 - {"error":{"message":"주문 가능한 금액(NEAR)이 부족합니다.","name":"insufficient_funds_ask"}}
2025-06-04 20:29:26,756 [F3] [F3] Exception in place_order: 400 Client Error: Bad Request for url: https://api.upbit.com/v1/orders?market=KRW-NEAR&side=ask&ord_type=limit&volume=3.98633256&price=3565 - {"error":{"message":"주문 가능한 금액(NEAR)이 부족합니다.","name":"insufficient_funds_ask"}}
2025-06-04 20:29:27,680 [F3] [F3] Exception in place_order: 400 Client Error: Bad Request for url: https://api.upbit.com/v1/orders?market=KRW-NEAR&side=ask&ord_type=limit&volume=3.98633256&price=3565 - {"error":{"message":"주문 가능한 금액(NEAR)이 부족합니다.","name":"insufficient_funds_ask"}}
2025-06-04 20:29:28,015 [F3] [F3] Exception in place_order: 400 Client Error: Bad Request for url: https://api.upbit.com/v1/orders?market=KRW-NEAR&side=ask&ord_type=limit&volume=3.98633256&price=3565 - {"error":{"message":"주문 가능한 금액(NEAR)이 부족합니다.","name":"insufficient_funds_ask"}}
2025-06-04 20:29:28,912 [F3] [F3] Exception in place_order: 400 Client Error: Bad Request for url: https://api.upbit.com/v1/orders?market=KRW-NEAR&side=ask&ord_type=limit&volume=3.98633256&price=3565 - {"error":{"message":"주문 가능한 금액(NEAR)이 부족합니다.","name":"insufficient_funds_ask"}}
2025-06-04 20:29:29,270 [F3] [F3] Exception in place_order: 400 Client Error: Bad Request for url: https://api.upbit.com/v1/orders?market=KRW-NEAR&side=ask&ord_type=limit&volume=3.98633256&price=3565 - {"error":{"name":"insufficient_funds_ask","message":"주문 가능한 금액(NEAR)이 부족합니다."}}
2025-06-04 20:29:30,139 [F3] [F3] Exception in place_order: 400 Client Error: Bad Request for url: https://api.upbit.com/v1/orders?market=KRW-NEAR&side=ask&ord_type=limit&volume=3.98633256&price=3565 - {"error":{"message":"주문 가능한 금액(NEAR)이 부족합니다.","name":"insufficient_funds_ask"}}
2025-06-04 20:29:30,504 [F3] [F3] Exception in place_order: 400 Client Error: Bad Request for url: https://api.upbit.com/v1/orders?market=KRW-NEAR&side=ask&ord_type=limit&volume=3.98633256&price=3565 - {"error":{"message":"주문 가능한 금액(NEAR)이 부족합니다.","name":"insufficient_funds_ask"}}
2025-06-04 20:29:31,420 [F3] [F3] Exception in place_order: 400 Client Error: Bad Request for url: https://api.upbit.com/v1/orders?market=KRW-NEAR&side=ask&ord_type=limit&volume=3.98633256&price=3565 - {"error":{"message":"주문 가능한 금액(NEAR)이 부족합니다.","name":"insufficient_funds_ask"}}
2025-06-04 20:29:31,718 [F3] [F3] Exception in place_order: 400 Client Error: Bad Request for url: https://api.upbit.com/v1/orders?market=KRW-NEAR&side=ask&ord_type=limit&volume=3.98633256&price=3565 - {"error":{"name":"insufficient_funds_ask","message":"주문 가능한 금액(NEAR)이 부족합니다."}}
2025-06-04 20:29:32,718 [F3] [F3] Exception in place_order: 400 Client Error: Bad Request for url: https://api.upbit.com/v1/orders?market=KRW-NEAR&side=ask&ord_type=limit&volume=3.98633256&price=3565 - {"error":{"name":"insufficient_funds_ask","message":"주문 가능한 금액(NEAR)이 부족합니다."}}
2025-06-04 20:29:32,956 [F3] [F3] Exception in place_order: 400 Client Error: Bad Request for url: https://api.upbit.com/v1/orders?market=KRW-NEAR&side=ask&ord_type=limit&volume=3.98633256&price=3565 - {"error":{"message":"주문 가능한 금액(NEAR)이 부족합니다.","name":"insufficient_funds_ask"}}
2025-06-04 20:29:33,943 [F3] [F3] Exception in place_order: 400 Client Error: Bad Request for url: https://api.upbit.com/v1/orders?market=KRW-NEAR&side=ask&ord_type=limit&volume=3.98633256&price=3565 - {"error":{"name":"insufficient_funds_ask","message":"주문 가능한 금액(NEAR)이 부족합니다."}}
2025-06-04 20:29:34,184 [F3] [F3] Exception in place_order: 400 Client Error: Bad Request for url: https://api.upbit.com/v1/orders?market=KRW-NEAR&side=ask&ord_type=limit&volume=3.98633256&price=3565 - {"error":{"name":"insufficient_funds_ask","message":"주문 가능한 금액(NEAR)이 부족합니다."}}
2025-06-04 20:29:35,194 [F3] [F3] Exception in place_order: 400 Client Error: Bad Request for url: https://api.upbit.com/v1/orders?market=KRW-NEAR&side=ask&ord_type=limit&volume=3.98633256&price=3565 - {"error":{"message":"주문 가능한 금액(NEAR)이 부족합니다.","name":"insufficient_funds_ask"}}
2025-06-04 20:29:35,407 [F3] [F3] Exception in place_order: 400 Client Error: Bad Request for url: https://api.upbit.com/v1/orders?market=KRW-NEAR&side=ask&ord_type=limit&volume=3.98633256&price=3565 - {"error":{"message":"주문 가능한 금액(NEAR)이 부족합니다.","name":"insufficient_funds_ask"}}
2025-06-04 20:29:36,451 [F3] [F3] Exception in place_order: 400 Client Error: Bad Request for url: https://api.upbit.com/v1/orders?market=KRW-NEAR&side=ask&ord_type=limit&volume=3.98633256&price=3565 - {"error":{"name":"insufficient_funds_ask","message":"주문 가능한 금액(NEAR)이 부족합니다."}}
2025-06-04 20:29:36,635 [F3] [F3] Exception in place_order: 400 Client Error: Bad Request for url: https://api.upbit.com/v1/orders?market=KRW-NEAR&side=ask&ord_type=limit&volume=3.98633256&price=3565 - {"error":{"name":"insufficient_funds_ask","message":"주문 가능한 금액(NEAR)이 부족합니다."}}
2025-06-04 20:29:51,724 [F3] [F3] Exception in place_order: 400 Client Error: Bad Request for url: https://api.upbit.com/v1/orders?market=KRW-NEAR&side=ask&ord_type=limit&volume=3.98633256&price=3565 - {"error":{"message":"주문 가능한 금액(NEAR)이 부족합니다.","name":"insufficient_funds_ask"}}
2025-06-04 20:29:51,857 [F3] [F3] Exception in place_order: 400 Client Error: Bad Request for url: https://api.upbit.com/v1/orders?market=KRW-NEAR&side=ask&ord_type=limit&volume=3.98633256&price=3565 - {"error":{"message":"주문 가능한 금액(NEAR)이 부족합니다.","name":"insufficient_funds_ask"}}
2025-06-04 20:29:52,957 [F3] [F3] Exception in place_order: 400 Client Error: Bad Request for url: https://api.upbit.com/v1/orders?market=KRW-NEAR&side=ask&ord_type=limit&volume=3.98633256&price=3565 - {"error":{"name":"insufficient_funds_ask","message":"주문 가능한 금액(NEAR)이 부족합니다."}}
2025-06-04 20:29:53,079 [F3] [F3] Exception in place_order: 400 Client Error: Bad Request for url: https://api.upbit.com/v1/orders?market=KRW-NEAR&side=ask&ord_type=limit&volume=3.98633256&price=3565 - {"error":{"message":"주문 가능한 금액(NEAR)이 부족합니다.","name":"insufficient_funds_ask"}}
2025-06-04 20:29:54,207 [F3] [F3] Exception in place_order: 400 Client Error: Bad Request for url: https://api.upbit.com/v1/orders?market=KRW-NEAR&side=ask&ord_type=limit&volume=3.98633256&price=3565 - {"error":{"name":"insufficient_funds_ask","message":"주문 가능한 금액(NEAR)이 부족합니다."}}
2025-06-04 20:29:54,319 [F3] [F3] Exception in place_order: 400 Client Error: Bad Request for url: https://api.upbit.com/v1/orders?market=KRW-NEAR&side=ask&ord_type=limit&volume=3.98633256&price=3565 - {"error":{"name":"insufficient_funds_ask","message":"주문 가능한 금액(NEAR)이 부족합니다."}}
2025-06-04 20:29:55,461 [F3] [F3] Exception in place_order: 400 Client Error: Bad Request for url: https://api.upbit.com/v1/orders?market=KRW-NEAR&side=ask&ord_type=limit&volume=3.98633256&price=3565 - {"error":{"message":"주문 가능한 금액(NEAR)이 부족합니다.","name":"insufficient_funds_ask"}}
2025-06-04 20:29:55,590 [F3] [F3] Exception in place_order: 400 Client Error: Bad Request for url: https://api.upbit.com/v1/orders?market=KRW-NEAR&side=ask&ord_type=limit&volume=3.98633256&price=3565 - {"error":{"name":"insufficient_funds_ask","message":"주문 가능한 금액(NEAR)이 부족합니다."}}
2025-06-04 20:29:56,665 [F3] [F3] Exception in place_order: 400 Client Error: Bad Request for url: https://api.upbit.com/v1/orders?market=KRW-NEAR&side=ask&ord_type=limit&volume=3.98633256&price=3565 - {"error":{"message":"주문 가능한 금액(NEAR)이 부족합니다.","name":"insufficient_funds_ask"}}
2025-06-04 20:29:56,904 [F3] [F3] Exception in place_order: 400 Client Error: Bad Request for url: https://api.upbit.com/v1/orders?market=KRW-NEAR&side=ask&ord_type=limit&volume=3.98633256&price=3565 - {"error":{"message":"주문 가능한 금액(NEAR)이 부족합니다.","name":"insufficient_funds_ask"}}
2025-06-04 20:29:57,926 [F3] [F3] Exception in place_order: 400 Client Error: Bad Request for url: https://api.upbit.com/v1/orders?market=KRW-NEAR&side=ask&ord_type=limit&volume=3.98633256&price=3565 - {"error":{"name":"insufficient_funds_ask","message":"주문 가능한 금액(NEAR)이 부족합니다."}}
2025-06-04 20:29:58,120 [F3] [F3] Exception in place_order: 400 Client Error: Bad Request for url: https://api.upbit.com/v1/orders?market=KRW-NEAR&side=ask&ord_type=limit&volume=3.98633256&price=3565 - {"error":{"name":"insufficient_funds_ask","message":"주문 가능한 금액(NEAR)이 부족합니다."}}
2025-06-04 20:29:59,180 [F3] [F3] Exception in place_order: 400 Client Error: Bad Request for url: https://api.upbit.com/v1/orders?market=KRW-NEAR&side=ask&ord_type=limit&volume=3.98633256&price=3565 - {"error":{"message":"주문 가능한 금액(NEAR)이 부족합니다.","name":"insufficient_funds_ask"}}
2025-06-04 20:29:59,319 [F3] [F3] Exception in place_order: 400 Client Error: Bad Request for url: https://api.upbit.com/v1/orders?market=KRW-NEAR&side=ask&ord_type=limit&volume=3.98633256&price=3565 - {"error":{"message":"주문 가능한 금액(NEAR)이 부족합니다.","name":"insufficient_funds_ask"}}
2025-06-04 20:30:00,396 [F3] [F3] Exception in place_order: 400 Client Error: Bad Request for url: https://api.upbit.com/v1/orders?market=KRW-NEAR&side=ask&ord_type=limit&volume=3.98633256&price=3565 - {"error":{"message":"주문 가능한 금액(NEAR)이 부족합니다.","name":"insufficient_funds_ask"}}
2025-06-04 20:30:00,517 [F3] [F3] Exception in place_order: 400 Client Error: Bad Request for url: https://api.upbit.com/v1/orders?market=KRW-NEAR&side=ask&ord_type=limit&volume=3.98633256&price=3565 - {"error":{"message":"주문 가능한 금액(NEAR)이 부족합니다.","name":"insufficient_funds_ask"}}
2025-06-04 20:30:01,623 [F3] [F3] Exception in place_order: 400 Client Error: Bad Request for url: https://api.upbit.com/v1/orders?market=KRW-NEAR&side=ask&ord_type=limit&volume=3.98633256&price=3565 - {"error":{"message":"주문 가능한 금액(NEAR)이 부족합니다.","name":"insufficient_funds_ask"}}
2025-06-04 20:30:01,719 [F3] [F3] Exception in place_order: 400 Client Error: Bad Request for url: https://api.upbit.com/v1/orders?market=KRW-NEAR&side=ask&ord_type=limit&volume=3.98633256&price=3565 - {"error":{"name":"insufficient_funds_ask","message":"주문 가능한 금액(NEAR)이 부족합니다."}}
2025-06-04 20:30:02,881 [F3] [F3] Exception in place_order: 400 Client Error: Bad Request for url: https://api.upbit.com/v1/orders?market=KRW-NEAR&side=ask&ord_type=limit&volume=3.98633256&price=3565 - {"error":{"name":"insufficient_funds_ask","message":"주문 가능한 금액(NEAR)이 부족합니다."}}
2025-06-04 20:30:02,973 [F3] [F3] Exception in place_order: 400 Client Error: Bad Request for url: https://api.upbit.com/v1/orders?market=KRW-NEAR&side=ask&ord_type=limit&volume=3.98633256&price=3565 - {"error":{"message":"주문 가능한 금액(NEAR)이 부족합니다.","name":"insufficient_funds_ask"}}
2025-06-04 20:30:04,131 [F3] [F3] Exception in place_order: 400 Client Error: Bad Request for url: https://api.upbit.com/v1/orders?market=KRW-NEAR&side=ask&ord_type=limit&volume=3.98633256&price=3565 - {"error":{"message":"주문 가능한 금액(NEAR)이 부족합니다.","name":"insufficient_funds_ask"}}
2025-06-04 20:30:04,223 [F3] [F3] Exception in place_order: 400 Client Error: Bad Request for url: https://api.upbit.com/v1/orders?market=KRW-NEAR&side=ask&ord_type=limit&volume=3.98633256&price=3565 - {"error":{"message":"주문 가능한 금액(NEAR)이 부족합니다.","name":"insufficient_funds_ask"}}
2025-06-04 20:30:05,378 [F3] [F3] Exception in place_order: 400 Client Error: Bad Request for url: https://api.upbit.com/v1/orders?market=KRW-NEAR&side=ask&ord_type=limit&volume=3.98633256&price=3565 - {"error":{"message":"주문 가능한 금액(NEAR)이 부족합니다.","name":"insufficient_funds_ask"}}
2025-06-04 20:30:05,487 [F3] [F3] Exception in place_order: 400 Client Error: Bad Request for url: https://api.upbit.com/v1/orders?market=KRW-NEAR&side=ask&ord_type=limit&volume=3.98633256&price=3565 - {"error":{"message":"주문 가능한 금액(NEAR)이 부족합니다.","name":"insufficient_funds_ask"}}
2025-06-04 20:30:06,630 [F3] [F3] Exception in place_order: 400 Client Error: Bad Request for url: https://api.upbit.com/v1/orders?market=KRW-NEAR&side=ask&ord_type=limit&volume=3.98633256&price=3565 - {"error":{"message":"주문 가능한 금액(NEAR)이 부족합니다.","name":"insufficient_funds_ask"}}
2025-06-04 20:30:06,707 [F3] [F3] Exception in place_order: 400 Client Error: Bad Request for url: https://api.upbit.com/v1/orders?market=KRW-NEAR&side=ask&ord_type=limit&volume=3.98633256&price=3565 - {"error":{"name":"insufficient_funds_ask","message":"주문 가능한 금액(NEAR)이 부족합니다."}}
2025-06-04 20:30:07,879 [F3] [F3] Exception in place_order: 400 Client Error: Bad Request for url: https://api.upbit.com/v1/orders?market=KRW-NEAR&side=ask&ord_type=limit&volume=3.98633256&price=3565 - {"error":{"message":"주문 가능한 금액(NEAR)이 부족합니다.","name":"insufficient_funds_ask"}}
2025-06-04 20:30:07,970 [F3] [F3] Exception in place_order: 400 Client Error: Bad Request for url: https://api.upbit.com/v1/orders?market=KRW-NEAR&side=ask&ord_type=limit&volume=3.98633256&price=3565 - {"error":{"name":"insufficient_funds_ask","message":"주문 가능한 금액(NEAR)이 부족합니다."}}
2025-06-04 20:30:09,199 [F3] [F3] Exception in place_order: 400 Client Error: Bad Request for url: https://api.upbit.com/v1/orders?market=KRW-NEAR&side=ask&ord_type=limit&volume=3.98633256&price=3565 - {"error":{"message":"주문 가능한 금액(NEAR)이 부족합니다.","name":"insufficient_funds_ask"}}
2025-06-04 20:30:09,203 [F3] [F3] Exception in place_order: 400 Client Error: Bad Request for url: https://api.upbit.com/v1/orders?market=KRW-NEAR&side=ask&ord_type=limit&volume=3.98633256&price=3565 - {"error":{"message":"주문 가능한 금액(NEAR)이 부족합니다.","name":"insufficient_funds_ask"}}
2025-06-04 20:30:10,435 [F3] [F3] Exception in place_order: 400 Client Error: Bad Request for url: https://api.upbit.com/v1/orders?market=KRW-NEAR&side=ask&ord_type=limit&volume=3.98633256&price=3565 - {"error":{"message":"주문 가능한 금액(NEAR)이 부족합니다.","name":"insufficient_funds_ask"}}
2025-06-04 20:30:10,472 [F3] [F3] Exception in place_order: 400 Client Error: Bad Request for url: https://api.upbit.com/v1/orders?market=KRW-NEAR&side=ask&ord_type=limit&volume=3.98633256&price=3565 - {"error":{"name":"insufficient_funds_ask","message":"주문 가능한 금액(NEAR)이 부족합니다."}}
2025-06-04 20:30:11,666 [F3] [F3] Exception in place_order: 400 Client Error: Bad Request for url: https://api.upbit.com/v1/orders?market=KRW-NEAR&side=ask&ord_type=limit&volume=3.98633256&price=3565 - {"error":{"message":"주문 가능한 금액(NEAR)이 부족합니다.","name":"insufficient_funds_ask"}}
2025-06-04 20:30:11,687 [F3] [F3] Exception in place_order: 400 Client Error: Bad Request for url: https://api.upbit.com/v1/orders?market=KRW-NEAR&side=ask&ord_type=limit&volume=3.98633256&price=3565 - {"error":{"name":"insufficient_funds_ask","message":"주문 가능한 금액(NEAR)이 부족합니다."}}
2025-06-04 20:30:12,927 [F3] [F3] Exception in place_order: 400 Client Error: Bad Request for url: https://api.upbit.com/v1/orders?market=KRW-NEAR&side=ask&ord_type=limit&volume=3.98633256&price=3565 - {"error":{"name":"insufficient_funds_ask","message":"주문 가능한 금액(NEAR)이 부족합니다."}}
2025-06-04 20:30:12,967 [F3] [F3] Exception in place_order: 400 Client Error: Bad Request for url: https://api.upbit.com/v1/orders?market=KRW-NEAR&side=ask&ord_type=limit&volume=3.98633256&price=3565 - {"error":{"message":"주문 가능한 금액(NEAR)이 부족합니다.","name":"insufficient_funds_ask"}}
2025-06-04 20:30:14,160 [F3] [F3] Exception in place_order: 400 Client Error: Bad Request for url: https://api.upbit.com/v1/orders?market=KRW-NEAR&side=ask&ord_type=limit&volume=3.98633256&price=3565 - {"error":{"name":"insufficient_funds_ask","message":"주문 가능한 금액(NEAR)이 부족합니다."}}
2025-06-04 20:30:14,262 [F3] [F3] Exception in place_order: 400 Client Error: Bad Request for url: https://api.upbit.com/v1/orders?market=KRW-NEAR&side=ask&ord_type=limit&volume=3.98633256&price=3565 - {"error":{"message":"주문 가능한 금액(NEAR)이 부족합니다.","name":"insufficient_funds_ask"}}
2025-06-04 20:30:15,419 [F3] [F3] Exception in place_order: 400 Client Error: Bad Request for url: https://api.upbit.com/v1/orders?market=KRW-NEAR&side=ask&ord_type=limit&volume=3.98633256&price=3565 - {"error":{"message":"주문 가능한 금액(NEAR)이 부족합니다.","name":"insufficient_funds_ask"}}
2025-06-04 20:30:15,555 [F3] [F3] Exception in place_order: 400 Client Error: Bad Request for url: https://api.upbit.com/v1/orders?market=KRW-NEAR&side=ask&ord_type=limit&volume=3.98633256&price=3565 - {"error":{"message":"주문 가능한 금액(NEAR)이 부족합니다.","name":"insufficient_funds_ask"}}
2025-06-04 20:30:16,643 [F3] [F3] Exception in place_order: 400 Client Error: Bad Request for url: https://api.upbit.com/v1/orders?market=KRW-NEAR&side=ask&ord_type=limit&volume=3.98633256&price=3565 - {"error":{"message":"주문 가능한 금액(NEAR)이 부족합니다.","name":"insufficient_funds_ask"}}
2025-06-04 20:30:16,763 [F3] [F3] Exception in place_order: 400 Client Error: Bad Request for url: https://api.upbit.com/v1/orders?market=KRW-NEAR&side=ask&ord_type=limit&volume=3.98633256&price=3565 - {"error":{"message":"주문 가능한 금액(NEAR)이 부족합니다.","name":"insufficient_funds_ask"}}
2025-06-04 20:30:17,880 [F3] [F3] Exception in place_order: 400 Client Error: Bad Request for url: https://api.upbit.com/v1/orders?market=KRW-NEAR&side=ask&ord_type=limit&volume=3.98633256&price=3565 - {"error":{"name":"insufficient_funds_ask","message":"주문 가능한 금액(NEAR)이 부족합니다."}}
2025-06-04 20:30:17,999 [F3] [F3] Exception in place_order: 400 Client Error: Bad Request for url: https://api.upbit.com/v1/orders?market=KRW-NEAR&side=ask&ord_type=limit&volume=3.98633256&price=3565 - {"error":{"message":"주문 가능한 금액(NEAR)이 부족합니다.","name":"insufficient_funds_ask"}}
2025-06-04 20:30:19,149 [F3] [F3] Exception in place_order: 400 Client Error: Bad Request for url: https://api.upbit.com/v1/orders?market=KRW-NEAR&side=ask&ord_type=limit&volume=3.98633256&price=3565 - {"error":{"message":"주문 가능한 금액(NEAR)이 부족합니다.","name":"insufficient_funds_ask"}}
2025-06-04 20:30:19,246 [F3] [F3] Exception in place_order: 400 Client Error: Bad Request for url: https://api.upbit.com/v1/orders?market=KRW-NEAR&side=ask&ord_type=limit&volume=3.98633256&price=3565 - {"error":{"name":"insufficient_funds_ask","message":"주문 가능한 금액(NEAR)이 부족합니다."}}
2025-06-04 20:30:20,430 [F3] [F3] Exception in place_order: 400 Client Error: Bad Request for url: https://api.upbit.com/v1/orders?market=KRW-NEAR&side=ask&ord_type=limit&volume=3.98633256&price=3565 - {"error":{"name":"insufficient_funds_ask","message":"주문 가능한 금액(NEAR)이 부족합니다."}}
2025-06-04 20:30:20,479 [F3] [F3] Exception in place_order: 400 Client Error: Bad Request for url: https://api.upbit.com/v1/orders?market=KRW-NEAR&side=ask&ord_type=limit&volume=3.98633256&price=3565 - {"error":{"message":"주문 가능한 금액(NEAR)이 부족합니다.","name":"insufficient_funds_ask"}}
2025-06-04 20:30:21,664 [F3] [F3] Exception in place_order: 400 Client Error: Bad Request for url: https://api.upbit.com/v1/orders?market=KRW-NEAR&side=ask&ord_type=limit&volume=3.98633256&price=3565 - {"error":{"message":"주문 가능한 금액(NEAR)이 부족합니다.","name":"insufficient_funds_ask"}}
2025-06-04 20:30:21,714 [F3] [F3] Exception in place_order: 400 Client Error: Bad Request for url: https://api.upbit.com/v1/orders?market=KRW-NEAR&side=ask&ord_type=limit&volume=3.98633256&price=3565 - {"error":{"message":"주문 가능한 금액(NEAR)이 부족합니다.","name":"insufficient_funds_ask"}}
2025-06-04 20:30:22,916 [F3] [F3] Exception in place_order: 400 Client Error: Bad Request for url: https://api.upbit.com/v1/orders?market=KRW-NEAR&side=ask&ord_type=limit&volume=3.98633256&price=3565 - {"error":{"message":"주문 가능한 금액(NEAR)이 부족합니다.","name":"insufficient_funds_ask"}}
2025-06-04 20:30:22,954 [F3] [F3] Exception in place_order: 400 Client Error: Bad Request for url: https://api.upbit.com/v1/orders?market=KRW-NEAR&side=ask&ord_type=limit&volume=3.98633256&price=3565 - {"error":{"name":"insufficient_funds_ask","message":"주문 가능한 금액(NEAR)이 부족합니다."}}
2025-06-04 20:30:24,146 [F3] [F3] Exception in place_order: 400 Client Error: Bad Request for url: https://api.upbit.com/v1/orders?market=KRW-NEAR&side=ask&ord_type=limit&volume=3.98633256&price=3565 - {"error":{"message":"주문 가능한 금액(NEAR)이 부족합니다.","name":"insufficient_funds_ask"}}
2025-06-04 20:30:24,211 [F3] [F3] Exception in place_order: 400 Client Error: Bad Request for url: https://api.upbit.com/v1/orders?market=KRW-NEAR&side=ask&ord_type=limit&volume=3.98633256&price=3565 - {"error":{"name":"insufficient_funds_ask","message":"주문 가능한 금액(NEAR)이 부족합니다."}}
2025-06-04 20:30:25,419 [F3] [F3] Exception in place_order: 400 Client Error: Bad Request for url: https://api.upbit.com/v1/orders?market=KRW-NEAR&side=ask&ord_type=limit&volume=3.98633256&price=3565 - {"error":{"name":"insufficient_funds_ask","message":"주문 가능한 금액(NEAR)이 부족합니다."}}
2025-06-04 20:30:25,473 [F3] [F3] Exception in place_order: 400 Client Error: Bad Request for url: https://api.upbit.com/v1/orders?market=KRW-NEAR&side=ask&ord_type=limit&volume=3.98633256&price=3565 - {"error":{"name":"insufficient_funds_ask","message":"주문 가능한 금액(NEAR)이 부족합니다."}}
2025-06-04 20:30:26,636 [F3] [F3] Exception in place_order: 400 Client Error: Bad Request for url: https://api.upbit.com/v1/orders?market=KRW-NEAR&side=ask&ord_type=limit&volume=3.98633256&price=3565 - {"error":{"name":"insufficient_funds_ask","message":"주문 가능한 금액(NEAR)이 부족합니다."}}
2025-06-04 20:30:26,786 [F3] [F3] Exception in place_order: 400 Client Error: Bad Request for url: https://api.upbit.com/v1/orders?market=KRW-NEAR&side=ask&ord_type=limit&volume=3.98633256&price=3565 - {"error":{"name":"insufficient_funds_ask","message":"주문 가능한 금액(NEAR)이 부족합니다."}}
2025-06-04 20:30:27,844 [F3] [F3] Exception in place_order: 400 Client Error: Bad Request for url: https://api.upbit.com/v1/orders?market=KRW-NEAR&side=ask&ord_type=limit&volume=3.98633256&price=3565 - {"error":{"name":"insufficient_funds_ask","message":"주문 가능한 금액(NEAR)이 부족합니다."}}
2025-06-04 20:30:28,026 [F3] [F3] Exception in place_order: 400 Client Error: Bad Request for url: https://api.upbit.com/v1/orders?market=KRW-NEAR&side=ask&ord_type=limit&volume=3.98633256&price=3565 - {"error":{"name":"insufficient_funds_ask","message":"주문 가능한 금액(NEAR)이 부족합니다."}}
2025-06-04 20:30:29,074 [F3] [F3] Exception in place_order: 400 Client Error: Bad Request for url: https://api.upbit.com/v1/orders?market=KRW-NEAR&side=ask&ord_type=limit&volume=3.98633256&price=3565 - {"error":{"name":"insufficient_funds_ask","message":"주문 가능한 금액(NEAR)이 부족합니다."}}
2025-06-04 20:30:29,272 [F3] [F3] Exception in place_order: 400 Client Error: Bad Request for url: https://api.upbit.com/v1/orders?market=KRW-NEAR&side=ask&ord_type=limit&volume=3.98633256&price=3565 - {"error":{"message":"주문 가능한 금액(NEAR)이 부족합니다.","name":"insufficient_funds_ask"}}
2025-06-04 20:30:30,327 [F3] [F3] Exception in place_order: 400 Client Error: Bad Request for url: https://api.upbit.com/v1/orders?market=KRW-NEAR&side=ask&ord_type=limit&volume=3.98633256&price=3565 - {"error":{"message":"주문 가능한 금액(NEAR)이 부족합니다.","name":"insufficient_funds_ask"}}
2025-06-04 20:30:30,484 [F3] [F3] Exception in place_order: 400 Client Error: Bad Request for url: https://api.upbit.com/v1/orders?market=KRW-NEAR&side=ask&ord_type=limit&volume=3.98633256&price=3565 - {"error":{"message":"주문 가능한 금액(NEAR)이 부족합니다.","name":"insufficient_funds_ask"}}
2025-06-04 20:30:31,611 [F3] [F3] Exception in place_order: 400 Client Error: Bad Request for url: https://api.upbit.com/v1/orders?market=KRW-NEAR&side=ask&ord_type=limit&volume=3.98633256&price=3565 - {"error":{"name":"insufficient_funds_ask","message":"주문 가능한 금액(NEAR)이 부족합니다."}}
2025-06-04 20:30:31,712 [F3] [F3] Exception in place_order: 400 Client Error: Bad Request for url: https://api.upbit.com/v1/orders?market=KRW-NEAR&side=ask&ord_type=limit&volume=3.98633256&price=3565 - {"error":{"message":"주문 가능한 금액(NEAR)이 부족합니다.","name":"insufficient_funds_ask"}}
2025-06-04 20:30:32,947 [F3] [F3] Exception in place_order: 400 Client Error: Bad Request for url: https://api.upbit.com/v1/orders?market=KRW-NEAR&side=ask&ord_type=limit&volume=3.98633256&price=3565 - {"error":{"message":"주문 가능한 금액(NEAR)이 부족합니다.","name":"insufficient_funds_ask"}}
2025-06-04 20:30:32,970 [F3] [F3] Exception in place_order: 400 Client Error: Bad Request for url: https://api.upbit.com/v1/orders?market=KRW-NEAR&side=ask&ord_type=limit&volume=3.98633256&price=3565 - {"error":{"name":"insufficient_funds_ask","message":"주문 가능한 금액(NEAR)이 부족합니다."}}
2025-06-04 20:30:34,180 [F3] [F3] Exception in place_order: 400 Client Error: Bad Request for url: https://api.upbit.com/v1/orders?market=KRW-NEAR&side=ask&ord_type=limit&volume=3.98633256&price=3565 - {"error":{"message":"주문 가능한 금액(NEAR)이 부족합니다.","name":"insufficient_funds_ask"}}
2025-06-04 20:30:34,220 [F3] [F3] Exception in place_order: 400 Client Error: Bad Request for url: https://api.upbit.com/v1/orders?market=KRW-NEAR&side=ask&ord_type=limit&volume=3.98633256&price=3565 - {"error":{"message":"주문 가능한 금액(NEAR)이 부족합니다.","name":"insufficient_funds_ask"}}
2025-06-04 20:30:35,405 [F3] [F3] Exception in place_order: 400 Client Error: Bad Request for url: https://api.upbit.com/v1/orders?market=KRW-NEAR&side=ask&ord_type=limit&volume=3.98633256&price=3565 - {"error":{"message":"주문 가능한 금액(NEAR)이 부족합니다.","name":"insufficient_funds_ask"}}
2025-06-04 20:30:35,440 [F3] [F3] Exception in place_order: 400 Client Error: Bad Request for url: https://api.upbit.com/v1/orders?market=KRW-NEAR&side=ask&ord_type=limit&volume=3.98633256&price=3565 - {"error":{"message":"주문 가능한 금액(NEAR)이 부족합니다.","name":"insufficient_funds_ask"}}
2025-06-04 20:30:48,121 [F3] [F3] Exception in place_order: 400 Client Error: Bad Request for url: https://api.upbit.com/v1/orders?market=KRW-NEAR&side=ask&ord_type=limit&volume=3.98633256&price=3565 - {"error":{"name":"insufficient_funds_ask","message":"주문 가능한 금액(NEAR)이 부족합니다."}}
2025-06-04 20:30:48,192 [F3] [F3] Exception in place_order: 400 Client Error: Bad Request for url: https://api.upbit.com/v1/orders?market=KRW-NEAR&side=ask&ord_type=limit&volume=3.98633256&price=3565 - {"error":{"message":"주문 가능한 금액(NEAR)이 부족합니다.","name":"insufficient_funds_ask"}}
2025-06-04 20:30:49,362 [F3] [F3] Exception in place_order: 400 Client Error: Bad Request for url: https://api.upbit.com/v1/orders?market=KRW-NEAR&side=ask&ord_type=limit&volume=3.98633256&price=3565 - {"error":{"message":"주문 가능한 금액(NEAR)이 부족합니다.","name":"insufficient_funds_ask"}}
2025-06-04 20:30:49,526 [F3] [F3] Exception in place_order: 400 Client Error: Bad Request for url: https://api.upbit.com/v1/orders?market=KRW-NEAR&side=ask&ord_type=limit&volume=3.98633256&price=3565 - {"error":{"message":"주문 가능한 금액(NEAR)이 부족합니다.","name":"insufficient_funds_ask"}}
2025-06-04 20:30:50,584 [F3] [F3] Exception in place_order: 400 Client Error: Bad Request for url: https://api.upbit.com/v1/orders?market=KRW-NEAR&side=ask&ord_type=limit&volume=3.98633256&price=3565 - {"error":{"name":"insufficient_funds_ask","message":"주문 가능한 금액(NEAR)이 부족합니다."}}
2025-06-04 20:30:50,847 [F3] [F3] Exception in place_order: 400 Client Error: Bad Request for url: https://api.upbit.com/v1/orders?market=KRW-NEAR&side=ask&ord_type=limit&volume=3.98633256&price=3565 - {"error":{"name":"insufficient_funds_ask","message":"주문 가능한 금액(NEAR)이 부족합니다."}}
2025-06-04 20:30:51,867 [F3] [F3] Exception in place_order: 400 Client Error: Bad Request for url: https://api.upbit.com/v1/orders?market=KRW-NEAR&side=ask&ord_type=limit&volume=3.98633256&price=3565 - {"error":{"name":"insufficient_funds_ask","message":"주문 가능한 금액(NEAR)이 부족합니다."}}
2025-06-04 20:30:52,110 [F3] [F3] Exception in place_order: 400 Client Error: Bad Request for url: https://api.upbit.com/v1/orders?market=KRW-NEAR&side=ask&ord_type=limit&volume=3.98633256&price=3565 - {"error":{"name":"insufficient_funds_ask","message":"주문 가능한 금액(NEAR)이 부족합니다."}}
2025-06-04 20:30:53,096 [F3] [F3] Exception in place_order: 400 Client Error: Bad Request for url: https://api.upbit.com/v1/orders?market=KRW-NEAR&side=ask&ord_type=limit&volume=3.98633256&price=3565 - {"error":{"message":"주문 가능한 금액(NEAR)이 부족합니다.","name":"insufficient_funds_ask"}}
2025-06-04 20:30:53,319 [F3] [F3] Exception in place_order: 400 Client Error: Bad Request for url: https://api.upbit.com/v1/orders?market=KRW-NEAR&side=ask&ord_type=limit&volume=3.98633256&price=3565 - {"error":{"message":"주문 가능한 금액(NEAR)이 부족합니다.","name":"insufficient_funds_ask"}}
2025-06-04 20:30:54,392 [F3] [F3] Exception in place_order: 400 Client Error: Bad Request for url: https://api.upbit.com/v1/orders?market=KRW-NEAR&side=ask&ord_type=limit&volume=3.98633256&price=3565 - {"error":{"message":"주문 가능한 금액(NEAR)이 부족합니다.","name":"insufficient_funds_ask"}}
2025-06-04 20:30:54,580 [F3] [F3] Exception in place_order: 400 Client Error: Bad Request for url: https://api.upbit.com/v1/orders?market=KRW-NEAR&side=ask&ord_type=limit&volume=3.98633256&price=3565 - {"error":{"message":"주문 가능한 금액(NEAR)이 부족합니다.","name":"insufficient_funds_ask"}}
2025-06-04 20:30:55,672 [F3] [F3] Exception in place_order: 400 Client Error: Bad Request for url: https://api.upbit.com/v1/orders?market=KRW-NEAR&side=ask&ord_type=limit&volume=3.98633256&price=3565 - {"error":{"message":"주문 가능한 금액(NEAR)이 부족합니다.","name":"insufficient_funds_ask"}}
2025-06-04 20:30:55,791 [F3] [F3] Exception in place_order: 400 Client Error: Bad Request for url: https://api.upbit.com/v1/orders?market=KRW-NEAR&side=ask&ord_type=limit&volume=3.98633256&price=3565 - {"error":{"message":"주문 가능한 금액(NEAR)이 부족합니다.","name":"insufficient_funds_ask"}}
2025-06-04 20:30:56,899 [F3] [F3] Exception in place_order: 400 Client Error: Bad Request for url: https://api.upbit.com/v1/orders?market=KRW-NEAR&side=ask&ord_type=limit&volume=3.98633256&price=3565 - {"error":{"message":"주문 가능한 금액(NEAR)이 부족합니다.","name":"insufficient_funds_ask"}}
2025-06-04 20:30:56,996 [F3] [F3] Exception in place_order: 400 Client Error: Bad Request for url: https://api.upbit.com/v1/orders?market=KRW-NEAR&side=ask&ord_type=limit&volume=3.98633256&price=3565 - {"error":{"message":"주문 가능한 금액(NEAR)이 부족합니다.","name":"insufficient_funds_ask"}}
2025-06-04 20:30:58,165 [F3] [F3] Exception in place_order: 400 Client Error: Bad Request for url: https://api.upbit.com/v1/orders?market=KRW-NEAR&side=ask&ord_type=limit&volume=3.98633256&price=3565 - {"error":{"message":"주문 가능한 금액(NEAR)이 부족합니다.","name":"insufficient_funds_ask"}}
2025-06-04 20:30:58,250 [F3] [F3] Exception in place_order: 400 Client Error: Bad Request for url: https://api.upbit.com/v1/orders?market=KRW-NEAR&side=ask&ord_type=limit&volume=3.98633256&price=3565 - {"error":{"name":"insufficient_funds_ask","message":"주문 가능한 금액(NEAR)이 부족합니다."}}
2025-06-04 20:30:59,602 [F3] [F3] Exception in place_order: 400 Client Error: Bad Request for url: https://api.upbit.com/v1/orders?market=KRW-NEAR&side=ask&ord_type=limit&volume=3.98633256&price=3565 - {"error":{"message":"주문 가능한 금액(NEAR)이 부족합니다.","name":"insufficient_funds_ask"}}
2025-06-04 20:31:00,850 [F3] [F3] Exception in place_order: 400 Client Error: Bad Request for url: https://api.upbit.com/v1/orders?market=KRW-NEAR&side=ask&ord_type=limit&volume=3.98633256&price=3565 - {"error":{"name":"insufficient_funds_ask","message":"주문 가능한 금액(NEAR)이 부족합니다."}}
2025-06-04 20:31:00,920 [F3] [F3] Exception in place_order: 400 Client Error: Bad Request for url: https://api.upbit.com/v1/orders?market=KRW-NEAR&side=ask&ord_type=limit&volume=3.98633256&price=3565 - {"error":{"message":"주문 가능한 금액(NEAR)이 부족합니다.","name":"insufficient_funds_ask"}}
2025-06-04 20:31:02,068 [F3] [F3] Exception in place_order: 400 Client Error: Bad Request for url: https://api.upbit.com/v1/orders?market=KRW-NEAR&side=ask&ord_type=limit&volume=3.98633256&price=3565 - {"error":{"name":"insufficient_funds_ask","message":"주문 가능한 금액(NEAR)이 부족합니다."}}
2025-06-04 20:31:02,242 [F3] [F3] Exception in place_order: 400 Client Error: Bad Request for url: https://api.upbit.com/v1/orders?market=KRW-NEAR&side=ask&ord_type=limit&volume=3.98633256&price=3565 - {"error":{"message":"주문 가능한 금액(NEAR)이 부족합니다.","name":"insufficient_funds_ask"}}
2025-06-04 20:31:03,293 [F3] [F3] Exception in place_order: 400 Client Error: Bad Request for url: https://api.upbit.com/v1/orders?market=KRW-NEAR&side=ask&ord_type=limit&volume=3.98633256&price=3565 - {"error":{"name":"insufficient_funds_ask","message":"주문 가능한 금액(NEAR)이 부족합니다."}}
2025-06-04 20:31:03,479 [F3] [F3] Exception in place_order: 400 Client Error: Bad Request for url: https://api.upbit.com/v1/orders?market=KRW-NEAR&side=ask&ord_type=limit&volume=3.98633256&price=3565 - {"error":{"message":"주문 가능한 금액(NEAR)이 부족합니다.","name":"insufficient_funds_ask"}}
2025-06-04 20:31:04,558 [F3] [F3] Exception in place_order: 400 Client Error: Bad Request for url: https://api.upbit.com/v1/orders?market=KRW-NEAR&side=ask&ord_type=limit&volume=3.98633256&price=3565 - {"error":{"message":"주문 가능한 금액(NEAR)이 부족합니다.","name":"insufficient_funds_ask"}}
2025-06-04 20:31:04,720 [F3] [F3] Exception in place_order: 400 Client Error: Bad Request for url: https://api.upbit.com/v1/orders?market=KRW-NEAR&side=ask&ord_type=limit&volume=3.98633256&price=3565 - {"error":{"message":"주문 가능한 금액(NEAR)이 부족합니다.","name":"insufficient_funds_ask"}}
2025-06-04 20:31:05,783 [F3] [F3] Exception in place_order: 400 Client Error: Bad Request for url: https://api.upbit.com/v1/orders?market=KRW-NEAR&side=ask&ord_type=limit&volume=3.98633256&price=3565 - {"error":{"name":"insufficient_funds_ask","message":"주문 가능한 금액(NEAR)이 부족합니다."}}
2025-06-04 20:31:05,927 [F3] [F3] Exception in place_order: 400 Client Error: Bad Request for url: https://api.upbit.com/v1/orders?market=KRW-NEAR&side=ask&ord_type=limit&volume=3.98633256&price=3565 - {"error":{"message":"주문 가능한 금액(NEAR)이 부족합니다.","name":"insufficient_funds_ask"}}
2025-06-04 20:31:07,133 [F3] [F3] Exception in place_order: 400 Client Error: Bad Request for url: https://api.upbit.com/v1/orders?market=KRW-NEAR&side=ask&ord_type=limit&volume=3.98633256&price=3565 - {"error":{"message":"주문 가능한 금액(NEAR)이 부족합니다.","name":"insufficient_funds_ask"}}
2025-06-04 20:31:07,157 [F3] [F3] Exception in place_order: 400 Client Error: Bad Request for url: https://api.upbit.com/v1/orders?market=KRW-NEAR&side=ask&ord_type=limit&volume=3.98633256&price=3565 - {"error":{"message":"주문 가능한 금액(NEAR)이 부족합니다.","name":"insufficient_funds_ask"}}
2025-06-04 20:31:08,369 [F3] [F3] Exception in place_order: 400 Client Error: Bad Request for url: https://api.upbit.com/v1/orders?market=KRW-NEAR&side=ask&ord_type=limit&volume=3.98633256&price=3565 - {"error":{"message":"주문 가능한 금액(NEAR)이 부족합니다.","name":"insufficient_funds_ask"}}
2025-06-04 20:31:08,475 [F3] [F3] Exception in place_order: 400 Client Error: Bad Request for url: https://api.upbit.com/v1/orders?market=KRW-NEAR&side=ask&ord_type=limit&volume=3.98633256&price=3565 - {"error":{"message":"주문 가능한 금액(NEAR)이 부족합니다.","name":"insufficient_funds_ask"}}
2025-06-04 20:31:09,594 [F3] [F3] Exception in place_order: 400 Client Error: Bad Request for url: https://api.upbit.com/v1/orders?market=KRW-NEAR&side=ask&ord_type=limit&volume=3.98633256&price=3565 - {"error":{"name":"insufficient_funds_ask","message":"주문 가능한 금액(NEAR)이 부족합니다."}}
2025-06-04 20:31:09,696 [F3] [F3] Exception in place_order: 400 Client Error: Bad Request for url: https://api.upbit.com/v1/orders?market=KRW-NEAR&side=ask&ord_type=limit&volume=3.98633256&price=3565 - {"error":{"name":"insufficient_funds_ask","message":"주문 가능한 금액(NEAR)이 부족합니다."}}
2025-06-04 20:31:10,794 [F3] [F3] Exception in place_order: 400 Client Error: Bad Request for url: https://api.upbit.com/v1/orders?market=KRW-NEAR&side=ask&ord_type=limit&volume=3.98633256&price=3565 - {"error":{"message":"주문 가능한 금액(NEAR)이 부족합니다.","name":"insufficient_funds_ask"}}
2025-06-04 20:31:10,922 [F3] [F3] Exception in place_order: 400 Client Error: Bad Request for url: https://api.upbit.com/v1/orders?market=KRW-NEAR&side=ask&ord_type=limit&volume=3.98633256&price=3565 - {"error":{"message":"주문 가능한 금액(NEAR)이 부족합니다.","name":"insufficient_funds_ask"}}
2025-06-04 20:31:12,010 [F3] [F3] Exception in place_order: 400 Client Error: Bad Request for url: https://api.upbit.com/v1/orders?market=KRW-NEAR&side=ask&ord_type=limit&volume=3.98633256&price=3565 - {"error":{"message":"주문 가능한 금액(NEAR)이 부족합니다.","name":"insufficient_funds_ask"}}
2025-06-04 20:31:12,128 [F3] [F3] Exception in place_order: 400 Client Error: Bad Request for url: https://api.upbit.com/v1/orders?market=KRW-NEAR&side=ask&ord_type=limit&volume=3.98633256&price=3565 - {"error":{"message":"주문 가능한 금액(NEAR)이 부족합니다.","name":"insufficient_funds_ask"}}
2025-06-04 20:31:13,229 [F3] [F3] Exception in place_order: 400 Client Error: Bad Request for url: https://api.upbit.com/v1/orders?market=KRW-NEAR&side=ask&ord_type=limit&volume=3.98633256&price=3565 - {"error":{"message":"주문 가능한 금액(NEAR)이 부족합니다.","name":"insufficient_funds_ask"}}
2025-06-04 20:31:13,372 [F3] [F3] Exception in place_order: 400 Client Error: Bad Request for url: https://api.upbit.com/v1/orders?market=KRW-NEAR&side=ask&ord_type=limit&volume=3.98633256&price=3565 - {"error":{"name":"insufficient_funds_ask","message":"주문 가능한 금액(NEAR)이 부족합니다."}}
2025-06-04 20:31:14,458 [F3] [F3] Exception in place_order: 400 Client Error: Bad Request for url: https://api.upbit.com/v1/orders?market=KRW-NEAR&side=ask&ord_type=limit&volume=3.98633256&price=3565 - {"error":{"name":"insufficient_funds_ask","message":"주문 가능한 금액(NEAR)이 부족합니다."}}
2025-06-04 20:31:14,597 [F3] [F3] Exception in place_order: 400 Client Error: Bad Request for url: https://api.upbit.com/v1/orders?market=KRW-NEAR&side=ask&ord_type=limit&volume=3.98633256&price=3565 - {"error":{"message":"주문 가능한 금액(NEAR)이 부족합니다.","name":"insufficient_funds_ask"}}
2025-06-04 20:31:15,738 [F3] [F3] Exception in place_order: 400 Client Error: Bad Request for url: https://api.upbit.com/v1/orders?market=KRW-NEAR&side=ask&ord_type=limit&volume=3.98633256&price=3565 - {"error":{"message":"주문 가능한 금액(NEAR)이 부족합니다.","name":"insufficient_funds_ask"}}
2025-06-04 20:31:15,862 [F3] [F3] Exception in place_order: 400 Client Error: Bad Request for url: https://api.upbit.com/v1/orders?market=KRW-NEAR&side=ask&ord_type=limit&volume=3.98633256&price=3565 - {"error":{"message":"주문 가능한 금액(NEAR)이 부족합니다.","name":"insufficient_funds_ask"}}
2025-06-04 20:31:16,943 [F3] [F3] Exception in place_order: 400 Client Error: Bad Request for url: https://api.upbit.com/v1/orders?market=KRW-NEAR&side=ask&ord_type=limit&volume=3.98633256&price=3565 - {"error":{"message":"주문 가능한 금액(NEAR)이 부족합니다.","name":"insufficient_funds_ask"}}
2025-06-04 20:31:17,051 [F3] [F3] Exception in place_order: 400 Client Error: Bad Request for url: https://api.upbit.com/v1/orders?market=KRW-NEAR&side=ask&ord_type=limit&volume=3.98633256&price=3565 - {"error":{"message":"주문 가능한 금액(NEAR)이 부족합니다.","name":"insufficient_funds_ask"}}
2025-06-04 20:31:18,277 [F3] [F3] Exception in place_order: 400 Client Error: Bad Request for url: https://api.upbit.com/v1/orders?market=KRW-NEAR&side=ask&ord_type=limit&volume=3.98633256&price=3565 - {"error":{"name":"insufficient_funds_ask","message":"주문 가능한 금액(NEAR)이 부족합니다."}}
2025-06-04 20:31:18,294 [F3] [F3] Exception in place_order: 400 Client Error: Bad Request for url: https://api.upbit.com/v1/orders?market=KRW-NEAR&side=ask&ord_type=limit&volume=3.98633256&price=3565 - {"error":{"name":"insufficient_funds_ask","message":"주문 가능한 금액(NEAR)이 부족합니다."}}
2025-06-04 20:31:19,506 [F3] [F3] Exception in place_order: 400 Client Error: Bad Request for url: https://api.upbit.com/v1/orders?market=KRW-NEAR&side=ask&ord_type=limit&volume=3.98633256&price=3565 - {"error":{"name":"insufficient_funds_ask","message":"주문 가능한 금액(NEAR)이 부족합니다."}}
2025-06-04 20:31:19,583 [F3] [F3] Exception in place_order: 400 Client Error: Bad Request for url: https://api.upbit.com/v1/orders?market=KRW-NEAR&side=ask&ord_type=limit&volume=3.98633256&price=3565 - {"error":{"name":"insufficient_funds_ask","message":"주문 가능한 금액(NEAR)이 부족합니다."}}
