2025-06-02 16:30:07,227 [F3] [F3] Failed to fetch accounts: 401 Client Error: Unauthorized for url: https://api.upbit.com/v1/accounts - {"error":{"name":"no_authorization_ip","message":"This is not a verified IP."}}
2025-06-02 16:30:14,232 [F3] [F3] Failed to fetch accounts: 401 Client Error: Unauthorized for url: https://api.upbit.com/v1/accounts - {"error":{"name":"no_authorization_ip","message":"This is not a verified IP."}}
2025-06-02 16:35:19,269 [F3] [F3] Failed to fetch accounts: 401 Client Error: Unauthorized for url: https://api.upbit.com/v1/accounts - {"error":{"name":"no_authorization_ip","message":"This is not a verified IP."}}
2025-06-02 16:35:20,590 [F3] [F3] Failed to fetch accounts: 401 Client Error: Unauthorized for url: https://api.upbit.com/v1/accounts - {"error":{"message":"This is not a verified IP.","name":"no_authorization_ip"}}
2025-06-02 17:02:30,351 [F3] [F3] Failed to fetch accounts: 401 Client Error: Unauthorized for url: https://api.upbit.com/v1/accounts - {"error":{"message":"This is not a verified IP.","name":"no_authorization_ip"}}
2025-06-02 17:02:32,034 [F3] [F3] Failed to fetch accounts: 401 Client Error: Unauthorized for url: https://api.upbit.com/v1/accounts - {"error":{"message":"This is not a verified IP.","name":"no_authorization_ip"}}
2025-06-02 17:15:17,785 [F3] [F3] Failed to fetch accounts: 401 Client Error: Unauthorized for url: https://api.upbit.com/v1/accounts - {"error":{"message":"This is not a verified IP.","name":"no_authorization_ip"}}
2025-06-02 17:15:25,190 [F3] [F3] Open position: {'symbol': 'KRW-AUCTION', 'entry_time': 1748852125.1890311, 'entry_price': 14830.0, 'qty': 0.6743088334457181, 'pyramid_count': 0, 'avgdown_count': 0, 'status': 'pending', 'origin': 'trade'}
2025-06-02 17:19:33,692 [F3] [F3] Failed to fetch accounts: 401 Client Error: Unauthorized for url: https://api.upbit.com/v1/accounts - {"error":{"message":"This is not a verified IP.","name":"no_authorization_ip"}}
2025-06-02 17:27:46,551 [F3] [F3] Failed to fetch accounts: 401 Client Error: Unauthorized for url: https://api.upbit.com/v1/accounts - {"error":{"name":"no_authorization_ip","message":"This is not a verified IP."}}
2025-06-02 17:27:48,081 [F3] [F3] Failed to fetch accounts: 401 Client Error: Unauthorized for url: https://api.upbit.com/v1/accounts - {"error":{"name":"no_authorization_ip","message":"This is not a verified IP."}}
2025-06-02 17:30:17,345 [F3] [F3] Failed to fetch accounts: 401 Client Error: Unauthorized for url: https://api.upbit.com/v1/accounts - {"error":{"name":"no_authorization_ip","message":"This is not a verified IP."}}
2025-06-02 17:30:17,396 [F3] [F3] Failed to fetch accounts: 401 Client Error: Unauthorized for url: https://api.upbit.com/v1/accounts - {"error":{"message":"This is not a verified IP.","name":"no_authorization_ip"}}
2025-06-02 17:30:24,636 [F3] [F3] Open position: {'symbol': 'KRW-TRUMP', 'entry_time': 1748853024.636967, 'entry_price': 15820.0, 'qty': 0.6321112515802781, 'pyramid_count': 0, 'avgdown_count': 0, 'status': 'pending', 'origin': 'trade'}
2025-06-02 17:37:17,599 [F3] [F3] Failed to fetch accounts: 401 Client Error: Unauthorized for url: https://api.upbit.com/v1/accounts - {"error":{"message":"This is not a verified IP.","name":"no_authorization_ip"}}
2025-06-02 17:37:17,714 [F3] [F3] Failed to fetch accounts: 401 Client Error: Unauthorized for url: https://api.upbit.com/v1/accounts - {"error":{"message":"This is not a verified IP.","name":"no_authorization_ip"}}
2025-06-02 17:37:25,063 [F3] [F3] Open position: {'symbol': 'KRW-NXPC', 'entry_time': 1748853445.0627868, 'entry_price': 1875.0, 'qty': 5.333333333333333, 'pyramid_count': 0, 'avgdown_count': 0, 'status': 'pending', 'origin': 'trade'}
2025-06-02 17:45:06,588 [F3] [F3] Failed to fetch accounts: 401 Client Error: Unauthorized for url: https://api.upbit.com/v1/accounts - {"error":{"message":"This is not a verified IP.","name":"no_authorization_ip"}}
2025-06-02 17:45:08,238 [F3] [F3] Failed to fetch accounts: 401 Client Error: Unauthorized for url: https://api.upbit.com/v1/accounts - {"error":{"message":"This is not a verified IP.","name":"no_authorization_ip"}}
2025-06-02 18:23:16,634 [F3] [F3] Failed to fetch accounts: 401 Client Error: Unauthorized for url: https://api.upbit.com/v1/accounts - {"error":{"message":"This is not a verified IP.","name":"no_authorization_ip"}}
2025-06-02 18:23:16,701 [F3] [F3] Failed to fetch accounts: 401 Client Error: Unauthorized for url: https://api.upbit.com/v1/accounts - {"error":{"name":"no_authorization_ip","message":"This is not a verified IP."}}
2025-06-02 18:23:24,090 [F3] [F3] Open position: {'symbol': 'KRW-VIRTUAL', 'entry_time': 1748856204.0903935, 'entry_price': 2754.0, 'qty': 3.6310820624546114, 'pyramid_count': 0, 'avgdown_count': 0, 'status': 'pending', 'origin': 'trade'}
