2025-06-01 10:51:30,038 [F3] [F3] Market order failed for KRW-ME (spread: 0.0, attempt: 0)
2025-06-01 10:51:33,176 [F3] [F3] Market order failed for KRW-ME (spread: 0.0, attempt: 0)
2025-06-01 10:51:36,308 [F3] [F3] Market order failed for KRW-ME (spread: 0.0, attempt: 0)
2025-06-01 10:51:37,925 [F3] [F3] Market order failed for KRW-ZRO (spread: 0.0, attempt: 0)
2025-06-01 10:51:41,057 [F3] [F3] Market order failed for KRW-ZRO (spread: 0.0, attempt: 0)
2025-06-01 10:51:44,195 [F3] [F3] Market order failed for KRW-ZRO (spread: 0.0, attempt: 0)
2025-06-01 10:51:45,448 [F3] [F3] Market order failed for KRW-AUCTION (spread: 0.0, attempt: 0)
2025-06-01 10:51:48,536 [F3] [F3] Market order failed for KRW-AUCTION (spread: 0.0, attempt: 0)
2025-06-01 10:51:51,616 [F3] [F3] Market order failed for KRW-AUCTION (spread: 0.0, attempt: 0)
2025-06-01 10:51:53,037 [F3] [F3] Market order failed for KRW-RENDER (spread: 0.0, attempt: 0)
2025-06-01 10:51:56,112 [F3] [F3] Market order failed for KRW-RENDER (spread: 0.0, attempt: 0)
2025-06-01 10:51:59,217 [F3] [F3] Market order failed for KRW-RENDER (spread: 0.0, attempt: 0)
2025-06-01 10:52:00,473 [F3] [F3] Market order failed for KRW-THETA (spread: 0.0, attempt: 0)
2025-06-01 10:52:03,571 [F3] [F3] Market order failed for KRW-THETA (spread: 0.0, attempt: 0)
2025-06-01 10:52:06,664 [F3] [F3] Market order failed for KRW-THETA (spread: 0.0, attempt: 0)
2025-06-01 10:52:07,914 [F3] [F3] Market order failed for KRW-XTZ (spread: 0.0, attempt: 0)
2025-06-01 10:52:11,004 [F3] [F3] Market order failed for KRW-XTZ (spread: 0.0, attempt: 0)
2025-06-01 10:52:14,101 [F3] [F3] Market order failed for KRW-XTZ (spread: 0.0, attempt: 0)
2025-06-01 10:52:19,885 [F3] [F3] Market order failed for KRW-ME (spread: 0.0, attempt: 0)
2025-06-01 10:52:22,992 [F3] [F3] Market order failed for KRW-ME (spread: 0.0, attempt: 0)
2025-06-01 10:52:26,104 [F3] [F3] Market order failed for KRW-ME (spread: 0.0, attempt: 0)
2025-06-01 10:52:29,749 [F3] [F3] Market order failed for KRW-ME (spread: 0.0, attempt: 0)
2025-06-01 10:52:32,825 [F3] [F3] Market order failed for KRW-ME (spread: 0.0, attempt: 0)
2025-06-01 10:52:35,940 [F3] [F3] Market order failed for KRW-ME (spread: 0.0, attempt: 0)
2025-06-01 10:52:37,477 [F3] [F3] Market order failed for KRW-ZRO (spread: 0.0, attempt: 0)
2025-06-01 10:52:40,600 [F3] [F3] Market order failed for KRW-ZRO (spread: 0.0, attempt: 0)
2025-06-01 10:52:43,697 [F3] [F3] Market order failed for KRW-ZRO (spread: 0.0, attempt: 0)
2025-06-01 10:52:44,934 [F3] [F3] Market order failed for KRW-AUCTION (spread: 0.0, attempt: 0)
2025-06-01 10:52:48,014 [F3] [F3] Market order failed for KRW-AUCTION (spread: 0.0, attempt: 0)
2025-06-01 10:52:51,091 [F3] [F3] Market order failed for KRW-AUCTION (spread: 0.0, attempt: 0)
2025-06-01 10:52:52,521 [F3] [F3] Market order failed for KRW-RENDER (spread: 0.0, attempt: 0)
2025-06-01 10:52:55,619 [F3] [F3] Market order failed for KRW-RENDER (spread: 0.0, attempt: 0)
2025-06-01 10:52:58,711 [F3] [F3] Market order failed for KRW-RENDER (spread: 0.0, attempt: 0)
2025-06-01 10:52:59,970 [F3] [F3] Market order failed for KRW-THETA (spread: 0.0, attempt: 0)
2025-06-01 10:53:03,077 [F3] [F3] Market order failed for KRW-THETA (spread: 0.0, attempt: 0)
2025-06-01 10:53:06,191 [F3] [F3] Market order failed for KRW-THETA (spread: 0.0, attempt: 0)
2025-06-01 10:53:07,401 [F3] [F3] Market order failed for KRW-XTZ (spread: 0.0, attempt: 0)
2025-06-01 10:53:10,510 [F3] [F3] Market order failed for KRW-XTZ (spread: 0.0, attempt: 0)
2025-06-01 10:53:13,585 [F3] [F3] Market order failed for KRW-XTZ (spread: 0.0, attempt: 0)
2025-06-01 10:53:17,547 [F3] [F3] Market order failed for KRW-ME (spread: 0.0, attempt: 0)
2025-06-01 10:53:20,637 [F3] [F3] Market order failed for KRW-ME (spread: 0.0, attempt: 0)
2025-06-01 10:53:23,750 [F3] [F3] Market order failed for KRW-ME (spread: 0.0, attempt: 0)
2025-06-01 10:53:24,988 [F3] [F3] Market order failed for KRW-ZRO (spread: 0.0, attempt: 0)
2025-06-01 10:53:28,063 [F3] [F3] Market order failed for KRW-ZRO (spread: 0.0, attempt: 0)
2025-06-01 10:53:31,160 [F3] [F3] Market order failed for KRW-ZRO (spread: 0.0, attempt: 0)
2025-06-01 10:53:34,371 [F3] [F3] Market order failed for KRW-THETA (spread: 0.0, attempt: 0)
2025-06-01 10:53:37,471 [F3] [F3] Market order failed for KRW-THETA (spread: 0.0, attempt: 0)
2025-06-01 10:53:40,573 [F3] [F3] Market order failed for KRW-THETA (spread: 0.0, attempt: 0)
2025-06-01 10:53:41,831 [F3] [F3] Market order failed for KRW-RENDER (spread: 0.0, attempt: 0)
2025-06-01 10:53:44,931 [F3] [F3] Market order failed for KRW-RENDER (spread: 0.0, attempt: 0)
2025-06-01 10:53:48,043 [F3] [F3] Market order failed for KRW-RENDER (spread: 0.0, attempt: 0)
2025-06-01 10:53:49,322 [F3] [F3] Market order failed for KRW-AUCTION (spread: 0.0, attempt: 0)
2025-06-01 10:53:52,434 [F3] [F3] Market order failed for KRW-AUCTION (spread: 0.0, attempt: 0)
2025-06-01 10:53:55,510 [F3] [F3] Market order failed for KRW-AUCTION (spread: 0.0, attempt: 0)
2025-06-01 10:53:56,913 [F3] [F3] Market order failed for KRW-ME (spread: 0.0, attempt: 0)
2025-06-01 10:54:00,024 [F3] [F3] Market order failed for KRW-ME (spread: 0.0, attempt: 0)
2025-06-01 10:54:03,148 [F3] [F3] Market order failed for KRW-ME (spread: 0.0, attempt: 0)
2025-06-01 10:54:04,377 [F3] [F3] Market order failed for KRW-ZRO (spread: 0.0, attempt: 0)
2025-06-01 10:54:07,478 [F3] [F3] Market order failed for KRW-ZRO (spread: 0.0, attempt: 0)
2025-06-01 10:54:10,788 [F3] [F3] Market order failed for KRW-ZRO (spread: 0.0, attempt: 0)
2025-06-01 10:54:12,773 [F3] [F3] Market order failed for KRW-ORCA (spread: 0.0, attempt: 0)
2025-06-01 10:54:15,873 [F3] [F3] Market order failed for KRW-ORCA (spread: 0.0, attempt: 0)
2025-06-01 10:54:18,954 [F3] [F3] Market order failed for KRW-ORCA (spread: 0.0, attempt: 0)
2025-06-01 10:54:20,179 [F3] [F3] Market order failed for KRW-GAS (spread: 0.0, attempt: 0)
2025-06-01 10:54:23,293 [F3] [F3] Market order failed for KRW-GAS (spread: 0.0, attempt: 0)
2025-06-01 10:54:26,386 [F3] [F3] Market order failed for KRW-GAS (spread: 0.0, attempt: 0)
2025-06-01 10:54:31,087 [F3] [F3] Market order failed for KRW-SUI (spread: 0.0, attempt: 0)
2025-06-01 10:54:34,190 [F3] [F3] Market order failed for KRW-SUI (spread: 0.0, attempt: 0)
2025-06-01 10:54:37,302 [F3] [F3] Market order failed for KRW-SUI (spread: 0.0, attempt: 0)
2025-06-01 10:54:38,744 [F3] [F3] Market order failed for KRW-THETA (spread: 0.0, attempt: 0)
2025-06-01 10:54:41,854 [F3] [F3] Market order failed for KRW-THETA (spread: 0.0, attempt: 0)
2025-06-01 10:54:44,930 [F3] [F3] Market order failed for KRW-THETA (spread: 0.0, attempt: 0)
2025-06-01 10:54:46,192 [F3] [F3] Market order failed for KRW-RENDER (spread: 0.0, attempt: 0)
2025-06-01 10:54:49,293 [F3] [F3] Market order failed for KRW-RENDER (spread: 0.0, attempt: 0)
2025-06-01 10:54:52,380 [F3] [F3] Market order failed for KRW-RENDER (spread: 0.0, attempt: 0)
2025-06-01 10:54:53,641 [F3] [F3] Market order failed for KRW-AUCTION (spread: 0.0, attempt: 0)
2025-06-01 10:54:56,744 [F3] [F3] Market order failed for KRW-AUCTION (spread: 0.0, attempt: 0)
2025-06-01 10:54:59,866 [F3] [F3] Market order failed for KRW-AUCTION (spread: 0.0, attempt: 0)
2025-06-01 10:55:01,162 [F3] [F3] Market order failed for KRW-UXLINK (spread: 0.0, attempt: 0)
2025-06-01 10:55:04,258 [F3] [F3] Market order failed for KRW-UXLINK (spread: 0.0, attempt: 0)
2025-06-01 10:55:07,356 [F3] [F3] Market order failed for KRW-UXLINK (spread: 0.0, attempt: 0)
2025-06-01 10:55:08,575 [F3] [F3] Market order failed for KRW-ME (spread: 0.0, attempt: 0)
2025-06-01 10:55:11,688 [F3] [F3] Market order failed for KRW-ME (spread: 0.0, attempt: 0)
2025-06-01 10:55:14,811 [F3] [F3] Market order failed for KRW-ME (spread: 0.0, attempt: 0)
2025-06-01 10:55:16,098 [F3] [F3] Market order failed for KRW-ZRO (spread: 0.0, attempt: 0)
2025-06-01 10:55:19,177 [F3] [F3] Market order failed for KRW-ZRO (spread: 0.0, attempt: 0)
2025-06-01 10:55:22,266 [F3] [F3] Market order failed for KRW-ZRO (spread: 0.0, attempt: 0)
2025-06-01 10:55:23,550 [F3] [F3] Market order failed for KRW-ORCA (spread: 0.0, attempt: 0)
2025-06-01 10:55:26,655 [F3] [F3] Market order failed for KRW-ORCA (spread: 0.0, attempt: 0)
2025-06-01 10:55:29,762 [F3] [F3] Market order failed for KRW-ORCA (spread: 0.0, attempt: 0)
2025-06-01 10:55:32,258 [F3] [F3] Market order failed for KRW-SUI (spread: 0.0, attempt: 0)
2025-06-01 10:55:35,347 [F3] [F3] Market order failed for KRW-SUI (spread: 0.0, attempt: 0)
2025-06-01 10:55:38,447 [F3] [F3] Market order failed for KRW-SUI (spread: 0.0, attempt: 0)
2025-06-01 10:55:39,858 [F3] [F3] Market order failed for KRW-THETA (spread: 0.0, attempt: 0)
2025-06-01 10:55:42,952 [F3] [F3] Market order failed for KRW-THETA (spread: 0.0, attempt: 0)
2025-06-01 10:55:46,027 [F3] [F3] Market order failed for KRW-THETA (spread: 0.0, attempt: 0)
2025-06-01 10:55:47,268 [F3] [F3] Market order failed for KRW-RENDER (spread: 0.0, attempt: 0)
2025-06-01 10:55:50,383 [F3] [F3] Market order failed for KRW-RENDER (spread: 0.0, attempt: 0)
2025-06-01 10:55:53,505 [F3] [F3] Market order failed for KRW-RENDER (spread: 0.0, attempt: 0)
2025-06-01 10:55:54,768 [F3] [F3] Market order failed for KRW-AUCTION (spread: 0.0, attempt: 0)
2025-06-01 10:55:57,883 [F3] [F3] Market order failed for KRW-AUCTION (spread: 0.0, attempt: 0)
2025-06-01 10:56:01,001 [F3] [F3] Market order failed for KRW-AUCTION (spread: 0.0, attempt: 0)
2025-06-01 10:56:02,444 [F3] [F3] Market order failed for KRW-ME (spread: 0.0, attempt: 0)
2025-06-01 10:56:05,568 [F3] [F3] Market order failed for KRW-ME (spread: 0.0, attempt: 0)
2025-06-01 10:56:08,660 [F3] [F3] Market order failed for KRW-ME (spread: 0.0, attempt: 0)
2025-06-01 10:56:10,006 [F3] [F3] Market order failed for KRW-ZRO (spread: 0.0, attempt: 0)
2025-06-01 10:56:13,101 [F3] [F3] Market order failed for KRW-ZRO (spread: 0.0, attempt: 0)
2025-06-01 10:56:16,222 [F3] [F3] Market order failed for KRW-ZRO (spread: 0.0, attempt: 0)
2025-06-01 10:56:17,550 [F3] [F3] Market order failed for KRW-ORCA (spread: 0.0, attempt: 0)
2025-06-01 10:56:20,626 [F3] [F3] Market order failed for KRW-ORCA (spread: 0.0, attempt: 0)
2025-06-01 10:56:23,730 [F3] [F3] Market order failed for KRW-ORCA (spread: 0.0, attempt: 0)
2025-06-01 10:56:26,288 [F3] [F3] Market order failed for KRW-SUI (spread: 0.0, attempt: 0)
2025-06-01 10:56:29,389 [F3] [F3] Market order failed for KRW-SUI (spread: 0.0, attempt: 0)
2025-06-01 10:56:32,461 [F3] [F3] Market order failed for KRW-SUI (spread: 0.0, attempt: 0)
2025-06-01 10:56:33,807 [F3] [F3] Market order failed for KRW-THETA (spread: 0.0, attempt: 0)
2025-06-01 10:56:36,912 [F3] [F3] Market order failed for KRW-THETA (spread: 0.0, attempt: 0)
2025-06-01 10:56:40,011 [F3] [F3] Market order failed for KRW-THETA (spread: 0.0, attempt: 0)
2025-06-01 10:56:41,244 [F3] [F3] Market order failed for KRW-RENDER (spread: 0.0, attempt: 0)
2025-06-01 10:56:44,314 [F3] [F3] Market order failed for KRW-RENDER (spread: 0.0, attempt: 0)
2025-06-01 10:56:47,407 [F3] [F3] Market order failed for KRW-RENDER (spread: 0.0, attempt: 0)
2025-06-01 10:56:48,664 [F3] [F3] Market order failed for KRW-AUCTION (spread: 0.0, attempt: 0)
2025-06-01 10:56:51,757 [F3] [F3] Market order failed for KRW-AUCTION (spread: 0.0, attempt: 0)
2025-06-01 10:56:54,881 [F3] [F3] Market order failed for KRW-AUCTION (spread: 0.0, attempt: 0)
2025-06-01 10:56:56,316 [F3] [F3] Market order failed for KRW-ME (spread: 0.0, attempt: 0)
2025-06-01 10:56:59,402 [F3] [F3] Market order failed for KRW-ME (spread: 0.0, attempt: 0)
2025-06-01 10:57:02,512 [F3] [F3] Market order failed for KRW-ME (spread: 0.0, attempt: 0)
2025-06-01 10:57:03,835 [F3] [F3] Market order failed for KRW-ZRO (spread: 0.0, attempt: 0)
2025-06-01 10:57:06,942 [F3] [F3] Market order failed for KRW-ZRO (spread: 0.0, attempt: 0)
2025-06-01 10:57:10,049 [F3] [F3] Market order failed for KRW-ZRO (spread: 0.0, attempt: 0)
2025-06-01 10:57:11,479 [F3] [F3] Market order failed for KRW-ORCA (spread: 0.0, attempt: 0)
2025-06-01 10:57:14,579 [F3] [F3] Market order failed for KRW-ORCA (spread: 0.0, attempt: 0)
2025-06-01 10:57:17,677 [F3] [F3] Market order failed for KRW-ORCA (spread: 0.0, attempt: 0)
2025-06-01 10:57:20,320 [F3] [F3] Market order failed for KRW-SUI (spread: 0.0, attempt: 0)
2025-06-01 10:57:23,447 [F3] [F3] Market order failed for KRW-SUI (spread: 0.0, attempt: 0)
2025-06-01 10:57:26,542 [F3] [F3] Market order failed for KRW-SUI (spread: 0.0, attempt: 0)
2025-06-01 10:57:27,870 [F3] [F3] Market order failed for KRW-THETA (spread: 0.0, attempt: 0)
2025-06-01 10:57:30,953 [F3] [F3] Market order failed for KRW-THETA (spread: 0.0, attempt: 0)
2025-06-01 10:57:34,044 [F3] [F3] Market order failed for KRW-THETA (spread: 0.0, attempt: 0)
2025-06-01 10:57:35,306 [F3] [F3] Market order failed for KRW-RENDER (spread: 0.0, attempt: 0)
2025-06-01 10:57:38,408 [F3] [F3] Market order failed for KRW-RENDER (spread: 0.0, attempt: 0)
2025-06-01 10:57:41,516 [F3] [F3] Market order failed for KRW-RENDER (spread: 0.0, attempt: 0)
2025-06-01 10:57:42,762 [F3] [F3] Market order failed for KRW-AUCTION (spread: 0.0, attempt: 0)
2025-06-01 10:57:45,870 [F3] [F3] Market order failed for KRW-AUCTION (spread: 0.0, attempt: 0)
2025-06-01 10:57:48,968 [F3] [F3] Market order failed for KRW-AUCTION (spread: 0.0, attempt: 0)
2025-06-01 10:57:50,417 [F3] [F3] Market order failed for KRW-ME (spread: 0.0, attempt: 0)
2025-06-01 10:57:53,507 [F3] [F3] Market order failed for KRW-ME (spread: 0.0, attempt: 0)
2025-06-01 10:57:56,618 [F3] [F3] Market order failed for KRW-ME (spread: 0.0, attempt: 0)
2025-06-01 10:57:57,920 [F3] [F3] Market order failed for KRW-ZRO (spread: 0.0, attempt: 0)
2025-06-01 10:58:01,029 [F3] [F3] Market order failed for KRW-ZRO (spread: 0.0, attempt: 0)
2025-06-01 10:58:04,122 [F3] [F3] Market order failed for KRW-ZRO (spread: 0.0, attempt: 0)
2025-06-01 10:58:05,459 [F3] [F3] Market order failed for KRW-ORCA (spread: 0.0, attempt: 0)
2025-06-01 10:58:08,556 [F3] [F3] Market order failed for KRW-ORCA (spread: 0.0, attempt: 0)
2025-06-01 10:58:11,636 [F3] [F3] Market order failed for KRW-ORCA (spread: 0.0, attempt: 0)
2025-06-01 10:58:14,219 [F3] [F3] Market order failed for KRW-SUI (spread: 0.0, attempt: 0)
2025-06-01 10:58:17,353 [F3] [F3] Market order failed for KRW-SUI (spread: 0.0, attempt: 0)
2025-06-01 10:58:20,469 [F3] [F3] Market order failed for KRW-SUI (spread: 0.0, attempt: 0)
2025-06-01 10:58:22,088 [F3] [F3] Market order failed for KRW-RENDER (spread: 0.0, attempt: 0)
2025-06-01 10:58:25,207 [F3] [F3] Market order failed for KRW-RENDER (spread: 0.0, attempt: 0)
2025-06-01 10:58:28,295 [F3] [F3] Market order failed for KRW-RENDER (spread: 0.0, attempt: 0)
2025-06-01 10:58:29,569 [F3] [F3] Market order failed for KRW-AUCTION (spread: 0.0, attempt: 0)
2025-06-01 10:58:32,694 [F3] [F3] Market order failed for KRW-AUCTION (spread: 0.0, attempt: 0)
2025-06-01 10:58:35,786 [F3] [F3] Market order failed for KRW-AUCTION (spread: 0.0, attempt: 0)
2025-06-01 10:58:37,325 [F3] [F3] Market order failed for KRW-ME (spread: 0.0, attempt: 0)
2025-06-01 10:58:40,416 [F3] [F3] Market order failed for KRW-ME (spread: 0.0, attempt: 0)
2025-06-01 10:58:43,535 [F3] [F3] Market order failed for KRW-ME (spread: 0.0, attempt: 0)
2025-06-01 10:58:44,905 [F3] [F3] Market order failed for KRW-ZRO (spread: 0.0, attempt: 0)
2025-06-01 10:58:48,026 [F3] [F3] Market order failed for KRW-ZRO (spread: 0.0, attempt: 0)
2025-06-01 10:58:51,142 [F3] [F3] Market order failed for KRW-ZRO (spread: 0.0, attempt: 0)
2025-06-01 10:58:52,465 [F3] [F3] Market order failed for KRW-ORCA (spread: 0.0, attempt: 0)
2025-06-01 10:58:55,563 [F3] [F3] Market order failed for KRW-ORCA (spread: 0.0, attempt: 0)
2025-06-01 10:58:58,700 [F3] [F3] Market order failed for KRW-ORCA (spread: 0.0, attempt: 0)
2025-06-01 10:59:01,438 [F3] [F3] Market order failed for KRW-SUI (spread: 0.0, attempt: 0)
2025-06-01 10:59:04,549 [F3] [F3] Market order failed for KRW-SUI (spread: 0.0, attempt: 0)
2025-06-01 10:59:07,662 [F3] [F3] Market order failed for KRW-SUI (spread: 0.0, attempt: 0)
2025-06-01 10:59:08,886 [F3] [F3] Market order failed for KRW-AUCTION (spread: 0.0, attempt: 0)
2025-06-01 10:59:11,971 [F3] [F3] Market order failed for KRW-AUCTION (spread: 0.0, attempt: 0)
2025-06-01 10:59:15,061 [F3] [F3] Market order failed for KRW-AUCTION (spread: 0.0, attempt: 0)
2025-06-01 10:59:23,764 [F3] [F3] Market order failed for KRW-SUI (spread: 0.0, attempt: 0)
2025-06-01 10:59:26,850 [F3] [F3] Market order failed for KRW-SUI (spread: 0.0, attempt: 0)
2025-06-01 10:59:29,941 [F3] [F3] Market order failed for KRW-SUI (spread: 0.0, attempt: 0)
2025-06-01 10:59:31,136 [F3] [F3] Market order failed for KRW-AUCTION (spread: 0.0, attempt: 0)
2025-06-01 10:59:34,226 [F3] [F3] Market order failed for KRW-AUCTION (spread: 0.0, attempt: 0)
2025-06-01 10:59:37,352 [F3] [F3] Market order failed for KRW-AUCTION (spread: 0.0, attempt: 0)
2025-06-01 10:59:38,740 [F3] [F3] Market order failed for KRW-ZRO (spread: 0.0, attempt: 0)
2025-06-01 10:59:41,832 [F3] [F3] Market order failed for KRW-ZRO (spread: 0.0, attempt: 0)
2025-06-01 10:59:44,951 [F3] [F3] Market order failed for KRW-ZRO (spread: 0.0, attempt: 0)
2025-06-01 10:59:46,185 [F3] [F3] Market order failed for KRW-ME (spread: 0.0, attempt: 0)
2025-06-01 10:59:49,278 [F3] [F3] Market order failed for KRW-ME (spread: 0.0, attempt: 0)
2025-06-01 10:59:52,392 [F3] [F3] Market order failed for KRW-ME (spread: 0.0, attempt: 0)
2025-06-01 10:59:53,575 [F3] [F3] Market order failed for KRW-RENDER (spread: 0.0, attempt: 0)
2025-06-01 10:59:56,673 [F3] [F3] Market order failed for KRW-RENDER (spread: 0.0, attempt: 0)
2025-06-01 10:59:59,810 [F3] [F3] Market order failed for KRW-RENDER (spread: 0.0, attempt: 0)
2025-06-01 11:00:01,038 [F3] [F3] Market order failed for KRW-THETA (spread: 0.0, attempt: 0)
2025-06-01 11:00:04,157 [F3] [F3] Market order failed for KRW-THETA (spread: 0.0, attempt: 0)
2025-06-01 11:00:07,259 [F3] [F3] Market order failed for KRW-THETA (spread: 0.0, attempt: 0)
2025-06-01 11:00:08,507 [F3] [F3] Market order failed for KRW-ORCA (spread: 0.0, attempt: 0)
2025-06-01 11:00:11,613 [F3] [F3] Market order failed for KRW-ORCA (spread: 0.0, attempt: 0)
2025-06-01 11:00:14,700 [F3] [F3] Market order failed for KRW-ORCA (spread: 0.0, attempt: 0)
2025-06-01 11:00:18,815 [F3] [F3] Market order failed for KRW-RENDER (spread: 0.0, attempt: 0)
2025-06-01 11:00:21,937 [F3] [F3] Market order failed for KRW-RENDER (spread: 0.0, attempt: 0)
2025-06-01 11:00:25,042 [F3] [F3] Market order failed for KRW-RENDER (spread: 0.0, attempt: 0)
2025-06-01 11:00:26,305 [F3] [F3] Market order failed for KRW-THETA (spread: 0.0, attempt: 0)
2025-06-01 11:00:29,422 [F3] [F3] Market order failed for KRW-THETA (spread: 0.0, attempt: 0)
2025-06-01 11:00:32,509 [F3] [F3] Market order failed for KRW-THETA (spread: 0.0, attempt: 0)
2025-06-01 11:00:33,861 [F3] [F3] Market order failed for KRW-ORCA (spread: 0.0, attempt: 0)
2025-06-01 11:00:36,962 [F3] [F3] Market order failed for KRW-ORCA (spread: 0.0, attempt: 0)
2025-06-01 11:00:40,058 [F3] [F3] Market order failed for KRW-ORCA (spread: 0.0, attempt: 0)
2025-06-01 11:00:42,676 [F3] [F3] Market order failed for KRW-SUI (spread: 0.0, attempt: 0)
2025-06-01 11:00:45,819 [F3] [F3] Market order failed for KRW-SUI (spread: 0.0, attempt: 0)
2025-06-01 11:00:48,913 [F3] [F3] Market order failed for KRW-SUI (spread: 0.0, attempt: 0)
2025-06-01 11:00:50,126 [F3] [F3] Market order failed for KRW-AUCTION (spread: 0.0, attempt: 0)
2025-06-01 11:00:53,246 [F3] [F3] Market order failed for KRW-AUCTION (spread: 0.0, attempt: 0)
2025-06-01 11:00:56,349 [F3] [F3] Market order failed for KRW-AUCTION (spread: 0.0, attempt: 0)
2025-06-01 11:00:57,692 [F3] [F3] Market order failed for KRW-ZRO (spread: 0.0, attempt: 0)
2025-06-01 11:01:00,801 [F3] [F3] Market order failed for KRW-ZRO (spread: 0.0, attempt: 0)
2025-06-01 11:01:03,937 [F3] [F3] Market order failed for KRW-ZRO (spread: 0.0, attempt: 0)
2025-06-01 11:01:05,174 [F3] [F3] Market order failed for KRW-ME (spread: 0.0, attempt: 0)
2025-06-01 11:01:08,283 [F3] [F3] Market order failed for KRW-ME (spread: 0.0, attempt: 0)
2025-06-01 11:01:11,393 [F3] [F3] Market order failed for KRW-ME (spread: 0.0, attempt: 0)
2025-06-01 11:01:12,696 [F3] [F3] Market order failed for KRW-RENDER (spread: 0.0, attempt: 0)
2025-06-01 11:01:15,850 [F3] [F3] Market order failed for KRW-RENDER (spread: 0.0, attempt: 0)
2025-06-01 11:01:18,966 [F3] [F3] Market order failed for KRW-RENDER (spread: 0.0, attempt: 0)
2025-06-01 11:01:20,188 [F3] [F3] Market order failed for KRW-THETA (spread: 0.0, attempt: 0)
2025-06-01 11:01:23,299 [F3] [F3] Market order failed for KRW-THETA (spread: 0.0, attempt: 0)
2025-06-01 11:01:26,394 [F3] [F3] Market order failed for KRW-THETA (spread: 0.0, attempt: 0)
2025-06-01 11:01:27,609 [F3] [F3] Market order failed for KRW-ORCA (spread: 0.0, attempt: 0)
2025-06-01 11:01:30,743 [F3] [F3] Market order failed for KRW-ORCA (spread: 0.0, attempt: 0)
2025-06-01 11:01:33,837 [F3] [F3] Market order failed for KRW-ORCA (spread: 0.0, attempt: 0)
2025-06-01 11:01:36,478 [F3] [F3] Market order failed for KRW-SUI (spread: 0.0, attempt: 0)
2025-06-01 11:01:39,584 [F3] [F3] Market order failed for KRW-SUI (spread: 0.0, attempt: 0)
2025-06-01 11:01:42,720 [F3] [F3] Market order failed for KRW-SUI (spread: 0.0, attempt: 0)
2025-06-01 11:01:43,995 [F3] [F3] Market order failed for KRW-AUCTION (spread: 0.0, attempt: 0)
2025-06-01 11:01:47,078 [F3] [F3] Market order failed for KRW-AUCTION (spread: 0.0, attempt: 0)
2025-06-01 11:01:50,210 [F3] [F3] Market order failed for KRW-AUCTION (spread: 0.0, attempt: 0)
2025-06-01 11:01:51,645 [F3] [F3] Market order failed for KRW-ZRO (spread: 0.0, attempt: 0)
2025-06-01 11:01:54,797 [F3] [F3] Market order failed for KRW-ZRO (spread: 0.0, attempt: 0)
2025-06-01 11:01:57,869 [F3] [F3] Market order failed for KRW-ZRO (spread: 0.0, attempt: 0)
2025-06-01 11:01:59,338 [F3] [F3] Market order failed for KRW-THETA (spread: 0.0, attempt: 0)
2025-06-01 11:02:02,448 [F3] [F3] Market order failed for KRW-THETA (spread: 0.0, attempt: 0)
2025-06-01 11:02:05,565 [F3] [F3] Market order failed for KRW-THETA (spread: 0.0, attempt: 0)
2025-06-01 11:02:06,818 [F3] [F3] Market order failed for KRW-ORCA (spread: 0.0, attempt: 0)
2025-06-01 11:02:09,928 [F3] [F3] Market order failed for KRW-ORCA (spread: 0.0, attempt: 0)
2025-06-01 11:02:13,029 [F3] [F3] Market order failed for KRW-ORCA (spread: 0.0, attempt: 0)
2025-06-01 11:02:18,984 [F3] [F3] Market order failed for KRW-ORCA (spread: 0.0, attempt: 0)
