2025-05-30 21:25:09,687 [INFO] Collect 24h history for ['KRW-ADA', 'KRW-AGLD', 'KRW-AKT', 'KRW-APT', 'KRW-AQT', 'KRW-ARB', 'KRW-ARKM', 'KRW-ARK', 'KRW-ATOM', 'KRW-AUCTION', 'KRW-AXS', 'KRW-BERA', 'KRW-CARV', 'KRW-CBK', 'KRW-CELO', 'KRW-COW', 'KRW-CTC', 'KRW-DOT', 'KRW-DRIFT', 'KRW-EOS', 'KRW-FIL', 'KRW-FLOW', 'KRW-GAS', 'KRW-IMX', 'KRW-INJ', 'KRW-JTO', 'KRW-JUP', 'KRW-KAITO', 'KRW-KAVA', 'KRW-LAYER', 'KRW-LINK', 'KRW-LSK', 'KRW-MASK', 'KRW-ME', 'KRW-MNT', 'KRW-MTL', 'KRW-NEAR', 'KRW-NEO', 'KRW-NXPC', 'KRW-OM', 'KRW-ONDO', 'KRW-ORCA', 'KRW-PENDLE', 'KRW-PUNDIX', 'KRW-QTUM', 'KRW-RENDER', 'KRW-SAFE', 'KRW-STX', 'KRW-SUI', 'KRW-TAIKO', 'KRW-THETA', 'KRW-TIA', 'KRW-TOKAMAK', 'KRW-TRUMP', 'KRW-UNI', 'KRW-USDC', 'KRW-USDT', 'KRW-UXLINK', 'KRW-VANA', 'KRW-VIRTUAL', 'KRW-WAL', 'KRW-WAVES', 'KRW-WCT', 'KRW-XRP', 'KRW-XTZ', 'KRW-ZRO']
2025-05-30 21:46:47,287 [INFO] Collect 24h history for ['KRW-ADA', 'KRW-AGLD', 'KRW-AKT', 'KRW-APT', 'KRW-AQT', 'KRW-ARB', 'KRW-ARKM', 'KRW-ARK', 'KRW-ATOM', 'KRW-AUCTION', 'KRW-AXS', 'KRW-BERA', 'KRW-CARV', 'KRW-CBK', 'KRW-CELO', 'KRW-COW', 'KRW-CTC', 'KRW-DOT', 'KRW-DRIFT', 'KRW-EOS', 'KRW-FIL', 'KRW-FLOW', 'KRW-GAS', 'KRW-IMX', 'KRW-INJ', 'KRW-JTO', 'KRW-JUP', 'KRW-KAITO', 'KRW-KAVA', 'KRW-LAYER', 'KRW-LINK', 'KRW-LSK', 'KRW-MASK', 'KRW-ME', 'KRW-MNT', 'KRW-MTL', 'KRW-NEAR', 'KRW-NEO', 'KRW-NXPC', 'KRW-OM', 'KRW-ONDO', 'KRW-ORCA', 'KRW-PENDLE', 'KRW-PUNDIX', 'KRW-QTUM', 'KRW-RENDER', 'KRW-SAFE', 'KRW-STX', 'KRW-SUI', 'KRW-TAIKO', 'KRW-THETA', 'KRW-TIA', 'KRW-TOKAMAK', 'KRW-TRUMP', 'KRW-UNI', 'KRW-USDC', 'KRW-USDT', 'KRW-UXLINK', 'KRW-VANA', 'KRW-VIRTUAL', 'KRW-WAL', 'KRW-WAVES', 'KRW-WCT', 'KRW-XRP', 'KRW-XTZ', 'KRW-ZRO']
2025-05-30 21:46:49,631 [INFO] Drop duplicates KRW-ADA_20250529.parquet - 1419 rows
2025-05-30 21:46:51,913 [INFO] Drop duplicates KRW-AGLD_20250529.parquet - 1425 rows
2025-05-30 21:46:54,190 [INFO] Drop duplicates KRW-AKT_20250529.parquet - 1426 rows
2025-05-30 21:46:56,441 [INFO] Drop duplicates KRW-APT_20250529.parquet - 1423 rows
2025-05-30 21:46:58,688 [INFO] Drop duplicates KRW-AQT_20250529.parquet - 1421 rows
2025-05-30 21:47:00,852 [INFO] Drop duplicates KRW-ARB_20250529.parquet - 1419 rows
2025-05-30 21:47:03,026 [INFO] Drop duplicates KRW-ARKM_20250529.parquet - 1430 rows
2025-05-30 21:47:05,249 [INFO] Drop duplicates KRW-ARK_20250529.parquet - 1425 rows
2025-05-30 21:47:07,510 [INFO] Drop duplicates KRW-ATOM_20250529.parquet - 1430 rows
2025-05-30 21:47:09,779 [INFO] Drop duplicates KRW-AUCTION_20250529.parquet - 1421 rows
2025-05-30 21:47:11,951 [INFO] Drop duplicates KRW-AXS_20250529.parquet - 1423 rows
2025-05-30 21:47:14,162 [INFO] Drop duplicates KRW-BERA_20250529.parquet - 1418 rows
2025-05-30 21:47:16,422 [INFO] Drop duplicates KRW-CARV_20250529.parquet - 1418 rows
2025-05-30 21:47:18,618 [INFO] Drop duplicates KRW-CBK_20250529.parquet - 1430 rows
2025-05-30 21:47:20,842 [INFO] Drop duplicates KRW-CELO_20250529.parquet - 1427 rows
2025-05-30 21:47:23,023 [INFO] Drop duplicates KRW-COW_20250529.parquet - 1419 rows
2025-05-30 21:47:25,311 [INFO] Drop duplicates KRW-CTC_20250529.parquet - 1422 rows
2025-05-30 21:47:27,503 [INFO] Drop duplicates KRW-DOT_20250529.parquet - 1422 rows
2025-05-30 21:47:29,735 [INFO] Drop duplicates KRW-DRIFT_20250529.parquet - 1418 rows
2025-05-30 21:47:31,960 [INFO] Drop duplicates KRW-EOS_20250529.parquet - 1420 rows
2025-05-30 21:47:34,155 [INFO] Drop duplicates KRW-FIL_20250529.parquet - 1426 rows
2025-05-30 21:47:36,363 [INFO] Drop duplicates KRW-FLOW_20250529.parquet - 1424 rows
2025-05-30 21:47:38,571 [INFO] Drop duplicates KRW-GAS_20250529.parquet - 1421 rows
2025-05-30 21:47:40,844 [INFO] Drop duplicates KRW-IMX_20250529.parquet - 1428 rows
2025-05-30 21:47:43,068 [INFO] Drop duplicates KRW-INJ_20250529.parquet - 1421 rows
2025-05-30 21:47:45,322 [INFO] Drop duplicates KRW-JTO_20250529.parquet - 1431 rows
2025-05-30 21:47:47,578 [INFO] Drop duplicates KRW-JUP_20250529.parquet - 1420 rows
2025-05-30 21:47:49,827 [INFO] Drop duplicates KRW-KAITO_20250529.parquet - 1419 rows
2025-05-30 21:47:52,075 [INFO] Drop duplicates KRW-KAVA_20250529.parquet - 1429 rows
2025-05-30 21:47:54,299 [INFO] Drop duplicates KRW-LAYER_20250529.parquet - 1419 rows
2025-05-30 21:47:56,542 [INFO] Drop duplicates KRW-LINK_20250529.parquet - 1419 rows
2025-05-30 21:47:58,787 [INFO] Drop duplicates KRW-LSK_20250529.parquet - 1428 rows
2025-05-30 21:48:01,027 [INFO] Drop duplicates KRW-MASK_20250529.parquet - 1419 rows
2025-05-30 21:48:03,200 [INFO] Drop duplicates KRW-ME_20250529.parquet - 1419 rows
2025-05-30 21:48:08,029 [INFO] Collect 24h history for ['KRW-ADA', 'KRW-AGLD', 'KRW-AKT', 'KRW-APT', 'KRW-AQT', 'KRW-ARB', 'KRW-ARKM', 'KRW-ARK', 'KRW-ATOM', 'KRW-AUCTION', 'KRW-AXS', 'KRW-BERA', 'KRW-CARV', 'KRW-CBK', 'KRW-CELO', 'KRW-COW', 'KRW-CTC', 'KRW-DOT', 'KRW-DRIFT', 'KRW-EOS', 'KRW-FIL', 'KRW-FLOW', 'KRW-GAS', 'KRW-IMX', 'KRW-INJ', 'KRW-JTO', 'KRW-JUP', 'KRW-KAITO', 'KRW-KAVA', 'KRW-LAYER', 'KRW-LINK', 'KRW-LSK', 'KRW-MASK', 'KRW-ME', 'KRW-MNT', 'KRW-MTL', 'KRW-NEAR', 'KRW-NEO', 'KRW-NXPC', 'KRW-OM', 'KRW-ONDO', 'KRW-ORCA', 'KRW-PENDLE', 'KRW-PUNDIX', 'KRW-QTUM', 'KRW-RENDER', 'KRW-SAFE', 'KRW-STX', 'KRW-SUI', 'KRW-TAIKO', 'KRW-THETA', 'KRW-TIA', 'KRW-TOKAMAK', 'KRW-TRUMP', 'KRW-UNI', 'KRW-USDC', 'KRW-USDT', 'KRW-UXLINK', 'KRW-VANA', 'KRW-VIRTUAL', 'KRW-WAL', 'KRW-WAVES', 'KRW-WCT', 'KRW-XRP', 'KRW-XTZ', 'KRW-ZRO']
2025-05-30 21:48:42,097 [INFO] Collect 24h history for ['KRW-ADA', 'KRW-AGLD', 'KRW-AKT', 'KRW-APT', 'KRW-AQT', 'KRW-ARB', 'KRW-ARKM', 'KRW-ARK', 'KRW-ATOM', 'KRW-AUCTION', 'KRW-AXS', 'KRW-BERA', 'KRW-CARV', 'KRW-CBK', 'KRW-CELO', 'KRW-COW', 'KRW-CTC', 'KRW-DOT', 'KRW-DRIFT', 'KRW-EOS', 'KRW-FIL', 'KRW-FLOW', 'KRW-GAS', 'KRW-IMX', 'KRW-INJ', 'KRW-JTO', 'KRW-JUP', 'KRW-KAITO', 'KRW-KAVA', 'KRW-LAYER', 'KRW-LINK', 'KRW-LSK', 'KRW-MASK', 'KRW-ME', 'KRW-MNT', 'KRW-MTL', 'KRW-NEAR', 'KRW-NEO', 'KRW-NXPC', 'KRW-OM', 'KRW-ONDO', 'KRW-ORCA', 'KRW-PENDLE', 'KRW-PUNDIX', 'KRW-QTUM', 'KRW-RENDER', 'KRW-SAFE', 'KRW-STX', 'KRW-SUI', 'KRW-TAIKO', 'KRW-THETA', 'KRW-TIA', 'KRW-TOKAMAK', 'KRW-TRUMP', 'KRW-UNI', 'KRW-USDC', 'KRW-USDT', 'KRW-UXLINK', 'KRW-VANA', 'KRW-VIRTUAL', 'KRW-WAL', 'KRW-WAVES', 'KRW-WCT', 'KRW-XRP', 'KRW-XTZ', 'KRW-ZRO']
