2025-05-31 21:48:25,144 [F3] [F3] Exception in place_order: 400 Client Error: Bad Request for url: https://api.upbit.com/v1/orders?market=KRW-NEO&side=bid&ord_type=price&price=100000.0 - {"error":{"message":"주문 가능한 금액(KRW)이 부족합니다.","name":"insufficient_funds_bid"}}
2025-05-31 21:48:28,251 [F3] [F3] Exception in place_order: 400 Client Error: Bad Request for url: https://api.upbit.com/v1/orders?market=KRW-NEO&side=bid&ord_type=price&price=100000.0 - {"error":{"message":"주문 가능한 금액(KRW)이 부족합니다.","name":"insufficient_funds_bid"}}
2025-05-31 21:48:31,359 [F3] [F3] Exception in place_order: 400 Client Error: Bad Request for url: https://api.upbit.com/v1/orders?market=KRW-NEO&side=bid&ord_type=price&price=100000.0 - {"error":{"name":"insufficient_funds_bid","message":"주문 가능한 금액(KRW)이 부족합니다."}}
2025-05-31 22:02:06,904 [F3] [F3] Exception in place_order: 400 Client Error: Bad Request for url: https://api.upbit.com/v1/orders?market=KRW-NEO&side=ask&ord_type=market&volume=12.19809709685289 - {"error":{"message":"주문 가능한 금액(NEO)이 부족합니다.","name":"insufficient_funds_ask"}}
2025-05-31 22:02:06,905 [F3] [F3] Slippage 1.22% for KRW-NEO (count 1)
2025-05-31 22:03:05,608 [F3] [F3] Exception in place_order: 400 Client Error: Bad Request for url: https://api.upbit.com/v1/orders?market=KRW-NEO&side=bid&ord_type=price&price=100000.0 - {"error":{"name":"insufficient_funds_bid","message":"주문 가능한 금액(KRW)이 부족합니다."}}
2025-05-31 22:03:08,705 [F3] [F3] Exception in place_order: 400 Client Error: Bad Request for url: https://api.upbit.com/v1/orders?market=KRW-NEO&side=bid&ord_type=price&price=100000.0 - {"error":{"message":"주문 가능한 금액(KRW)이 부족합니다.","name":"insufficient_funds_bid"}}
2025-05-31 22:03:11,831 [F3] [F3] Exception in place_order: 400 Client Error: Bad Request for url: https://api.upbit.com/v1/orders?market=KRW-NEO&side=bid&ord_type=price&price=100000.0 - {"error":{"message":"주문 가능한 금액(KRW)이 부족합니다.","name":"insufficient_funds_bid"}}
2025-06-01 07:22:16,054 [F3] [F3] Exception in place_order: 400 Client Error: Bad Request for url: https://api.upbit.com/v1/orders?market=KRW-NEO&side=ask&ord_type=market&volume=12.05109664979513 - {"error":{"message":"주문 가능한 금액(NEO)이 부족합니다.","name":"insufficient_funds_ask"}}
2025-06-01 07:22:16,056 [F3] [F3] Slippage 0.64% for KRW-NEO (count 2)
2025-06-01 07:22:17,427 [F3] [F3] Exception in place_order: 400 Client Error: Bad Request for url: https://api.upbit.com/v1/orders?market=KRW-TIA&side=bid&ord_type=price&price=100000.0 - {"error":{"message":"주문 가능한 금액(KRW)이 부족합니다.","name":"insufficient_funds_bid"}}
2025-06-01 07:22:20,535 [F3] [F3] Exception in place_order: 400 Client Error: Bad Request for url: https://api.upbit.com/v1/orders?market=KRW-TIA&side=bid&ord_type=price&price=100000.0 - {"error":{"message":"주문 가능한 금액(KRW)이 부족합니다.","name":"insufficient_funds_bid"}}
2025-06-01 07:22:23,640 [F3] [F3] Exception in place_order: 400 Client Error: Bad Request for url: https://api.upbit.com/v1/orders?market=KRW-TIA&side=bid&ord_type=price&price=100000.0 - {"error":{"message":"주문 가능한 금액(KRW)이 부족합니다.","name":"insufficient_funds_bid"}}
2025-06-01 07:22:23,984 [F3] [F3] Exception in place_order: 400 Client Error: Bad Request for url: https://api.upbit.com/v1/orders?market=KRW-RENDER&side=bid&ord_type=price&price=99999.99999999999 - {"error":{"name":"insufficient_funds_bid","message":"주문 가능한 금액(KRW)이 부족합니다."}}
2025-06-01 07:22:27,108 [F3] [F3] Exception in place_order: 400 Client Error: Bad Request for url: https://api.upbit.com/v1/orders?market=KRW-RENDER&side=bid&ord_type=price&price=99999.99999999999 - {"error":{"name":"insufficient_funds_bid","message":"주문 가능한 금액(KRW)이 부족합니다."}}
2025-06-01 07:22:30,233 [F3] [F3] Exception in place_order: 400 Client Error: Bad Request for url: https://api.upbit.com/v1/orders?market=KRW-RENDER&side=bid&ord_type=price&price=99999.99999999999 - {"error":{"name":"insufficient_funds_bid","message":"주문 가능한 금액(KRW)이 부족합니다."}}
2025-06-01 08:22:40,298 [F3] [F3] Exception in place_order: 400 Client Error: Bad Request for url: https://api.upbit.com/v1/orders?market=KRW-BERA&side=bid&ord_type=price&price=100000.0 - {"error":{"message":"주문 가능한 금액(KRW)이 부족합니다.","name":"insufficient_funds_bid"}}
2025-06-01 08:22:43,414 [F3] [F3] Exception in place_order: 400 Client Error: Bad Request for url: https://api.upbit.com/v1/orders?market=KRW-BERA&side=bid&ord_type=price&price=100000.0 - {"error":{"message":"주문 가능한 금액(KRW)이 부족합니다.","name":"insufficient_funds_bid"}}
2025-06-01 08:22:46,492 [F3] [F3] Exception in place_order: 400 Client Error: Bad Request for url: https://api.upbit.com/v1/orders?market=KRW-BERA&side=bid&ord_type=price&price=100000.0 - {"error":{"message":"주문 가능한 금액(KRW)이 부족합니다.","name":"insufficient_funds_bid"}}
2025-06-01 08:24:54,491 [F3] [F3] Exception in place_order: 400 Client Error: Bad Request for url: https://api.upbit.com/v1/orders?market=KRW-APT&side=bid&ord_type=price&price=100000.0 - {"error":{"message":"주문 가능한 금액(KRW)이 부족합니다.","name":"insufficient_funds_bid"}}
2025-06-01 08:24:57,633 [F3] [F3] Exception in place_order: 400 Client Error: Bad Request for url: https://api.upbit.com/v1/orders?market=KRW-APT&side=bid&ord_type=price&price=100000.0 - {"error":{"name":"insufficient_funds_bid","message":"주문 가능한 금액(KRW)이 부족합니다."}}
2025-06-01 08:25:00,769 [F3] [F3] Exception in place_order: 400 Client Error: Bad Request for url: https://api.upbit.com/v1/orders?market=KRW-APT&side=bid&ord_type=price&price=100000.0 - {"error":{"message":"주문 가능한 금액(KRW)이 부족합니다.","name":"insufficient_funds_bid"}}
2025-06-01 08:25:05,174 [F3] [F3] Exception in place_order: 400 Client Error: Bad Request for url: https://api.upbit.com/v1/orders?market=KRW-APT&side=bid&ord_type=price&price=100000.0 - {"error":{"message":"주문 가능한 금액(KRW)이 부족합니다.","name":"insufficient_funds_bid"}}
2025-06-01 08:25:08,323 [F3] [F3] Exception in place_order: 400 Client Error: Bad Request for url: https://api.upbit.com/v1/orders?market=KRW-APT&side=bid&ord_type=price&price=100000.0 - {"error":{"name":"insufficient_funds_bid","message":"주문 가능한 금액(KRW)이 부족합니다."}}
2025-06-01 08:25:11,450 [F3] [F3] Exception in place_order: 400 Client Error: Bad Request for url: https://api.upbit.com/v1/orders?market=KRW-APT&side=bid&ord_type=price&price=100000.0 - {"error":{"message":"주문 가능한 금액(KRW)이 부족합니다.","name":"insufficient_funds_bid"}}
2025-06-01 08:25:21,557 [F3] [F3] Exception in place_order: 400 Client Error: Bad Request for url: https://api.upbit.com/v1/orders?market=KRW-APT&side=bid&ord_type=price&price=100000.0 - {"error":{"name":"insufficient_funds_bid","message":"주문 가능한 금액(KRW)이 부족합니다."}}
2025-06-01 08:25:24,741 [F3] [F3] Exception in place_order: 400 Client Error: Bad Request for url: https://api.upbit.com/v1/orders?market=KRW-APT&side=bid&ord_type=price&price=100000.0 - {"error":{"message":"주문 가능한 금액(KRW)이 부족합니다.","name":"insufficient_funds_bid"}}
2025-06-01 08:25:27,849 [F3] [F3] Exception in place_order: 400 Client Error: Bad Request for url: https://api.upbit.com/v1/orders?market=KRW-APT&side=bid&ord_type=price&price=100000.0 - {"error":{"name":"insufficient_funds_bid","message":"주문 가능한 금액(KRW)이 부족합니다."}}
2025-06-01 08:25:31,296 [F3] [F3] Exception in place_order: 400 Client Error: Bad Request for url: https://api.upbit.com/v1/orders?market=KRW-APT&side=bid&ord_type=price&price=100000.0 - {"error":{"name":"insufficient_funds_bid","message":"주문 가능한 금액(KRW)이 부족합니다."}}
2025-06-01 08:25:34,409 [F3] [F3] Exception in place_order: 400 Client Error: Bad Request for url: https://api.upbit.com/v1/orders?market=KRW-APT&side=bid&ord_type=price&price=100000.0 - {"error":{"name":"insufficient_funds_bid","message":"주문 가능한 금액(KRW)이 부족합니다."}}
2025-06-01 08:25:37,523 [F3] [F3] Exception in place_order: 400 Client Error: Bad Request for url: https://api.upbit.com/v1/orders?market=KRW-APT&side=bid&ord_type=price&price=100000.0 - {"error":{"name":"insufficient_funds_bid","message":"주문 가능한 금액(KRW)이 부족합니다."}}
2025-06-01 08:25:42,199 [F3] [F3] Exception in place_order: 400 Client Error: Bad Request for url: https://api.upbit.com/v1/orders?market=KRW-BERA&side=ask&ord_type=market&volume=0.00082055 - {"error":{"message":"주문 가능한 최소금액은 5000KRW 입니다. 시장가 매도 시 주문금액은 주문 수량 * 매수 1호가로 계산합니다.","name":"under_min_total_market_ask"}}
2025-06-01 08:25:42,201 [F3] [F3] Slippage 0.24% for KRW-BERA (count 1)
2025-06-01 08:25:44,841 [F3] [F3] Exception in place_order: 400 Client Error: Bad Request for url: https://api.upbit.com/v1/orders?market=KRW-APT&side=bid&ord_type=price&price=100000.0 - {"error":{"name":"insufficient_funds_bid","message":"주문 가능한 금액(KRW)이 부족합니다."}}
2025-06-01 08:25:47,938 [F3] [F3] Exception in place_order: 400 Client Error: Bad Request for url: https://api.upbit.com/v1/orders?market=KRW-APT&side=bid&ord_type=price&price=100000.0 - {"error":{"message":"주문 가능한 금액(KRW)이 부족합니다.","name":"insufficient_funds_bid"}}
2025-06-01 08:25:51,047 [F3] [F3] Exception in place_order: 400 Client Error: Bad Request for url: https://api.upbit.com/v1/orders?market=KRW-APT&side=bid&ord_type=price&price=100000.0 - {"error":{"message":"주문 가능한 금액(KRW)이 부족합니다.","name":"insufficient_funds_bid"}}
2025-06-01 08:25:53,562 [F3] [F3] Exception in place_order: 400 Client Error: Bad Request for url: https://api.upbit.com/v1/orders?market=KRW-AUCTION&side=bid&ord_type=price&price=100000.0 - {"error":{"message":"주문 가능한 금액(KRW)이 부족합니다.","name":"insufficient_funds_bid"}}
2025-06-01 08:25:56,677 [F3] [F3] Exception in place_order: 400 Client Error: Bad Request for url: https://api.upbit.com/v1/orders?market=KRW-AUCTION&side=bid&ord_type=price&price=100000.0 - {"error":{"name":"insufficient_funds_bid","message":"주문 가능한 금액(KRW)이 부족합니다."}}
2025-06-01 08:25:59,803 [F3] [F3] Exception in place_order: 400 Client Error: Bad Request for url: https://api.upbit.com/v1/orders?market=KRW-AUCTION&side=bid&ord_type=price&price=100000.0 - {"error":{"message":"주문 가능한 금액(KRW)이 부족합니다.","name":"insufficient_funds_bid"}}
2025-06-01 08:26:00,136 [F3] [F3] Exception in place_order: 400 Client Error: Bad Request for url: https://api.upbit.com/v1/orders?market=KRW-APT&side=bid&ord_type=price&price=100000.0 - {"error":{"message":"주문 가능한 금액(KRW)이 부족합니다.","name":"insufficient_funds_bid"}}
2025-06-01 08:26:03,226 [F3] [F3] Exception in place_order: 400 Client Error: Bad Request for url: https://api.upbit.com/v1/orders?market=KRW-APT&side=bid&ord_type=price&price=100000.0 - {"error":{"message":"주문 가능한 금액(KRW)이 부족합니다.","name":"insufficient_funds_bid"}}
2025-06-01 08:26:06,308 [F3] [F3] Exception in place_order: 400 Client Error: Bad Request for url: https://api.upbit.com/v1/orders?market=KRW-APT&side=bid&ord_type=price&price=100000.0 - {"error":{"name":"insufficient_funds_bid","message":"주문 가능한 금액(KRW)이 부족합니다."}}
2025-06-01 08:26:08,824 [F3] [F3] Exception in place_order: 400 Client Error: Bad Request for url: https://api.upbit.com/v1/orders?market=KRW-AUCTION&side=bid&ord_type=price&price=100000.0 - {"error":{"name":"insufficient_funds_bid","message":"주문 가능한 금액(KRW)이 부족합니다."}}
2025-06-01 08:26:11,929 [F3] [F3] Exception in place_order: 400 Client Error: Bad Request for url: https://api.upbit.com/v1/orders?market=KRW-AUCTION&side=bid&ord_type=price&price=100000.0 - {"error":{"message":"주문 가능한 금액(KRW)이 부족합니다.","name":"insufficient_funds_bid"}}
2025-06-01 08:26:15,022 [F3] [F3] Exception in place_order: 400 Client Error: Bad Request for url: https://api.upbit.com/v1/orders?market=KRW-AUCTION&side=bid&ord_type=price&price=100000.0 - {"error":{"name":"insufficient_funds_bid","message":"주문 가능한 금액(KRW)이 부족합니다."}}
2025-06-01 08:26:15,402 [F3] [F3] Exception in place_order: 400 Client Error: Bad Request for url: https://api.upbit.com/v1/orders?market=KRW-APT&side=bid&ord_type=price&price=100000.0 - {"error":{"message":"주문 가능한 금액(KRW)이 부족합니다.","name":"insufficient_funds_bid"}}
2025-06-01 08:26:18,511 [F3] [F3] Exception in place_order: 400 Client Error: Bad Request for url: https://api.upbit.com/v1/orders?market=KRW-APT&side=bid&ord_type=price&price=100000.0 - {"error":{"message":"주문 가능한 금액(KRW)이 부족합니다.","name":"insufficient_funds_bid"}}
2025-06-01 08:26:21,610 [F3] [F3] Exception in place_order: 400 Client Error: Bad Request for url: https://api.upbit.com/v1/orders?market=KRW-APT&side=bid&ord_type=price&price=100000.0 - {"error":{"name":"insufficient_funds_bid","message":"주문 가능한 금액(KRW)이 부족합니다."}}
2025-06-01 08:26:24,253 [F3] [F3] Exception in place_order: 400 Client Error: Bad Request for url: https://api.upbit.com/v1/orders?market=KRW-AUCTION&side=bid&ord_type=price&price=100000.0 - {"error":{"name":"insufficient_funds_bid","message":"주문 가능한 금액(KRW)이 부족합니다."}}
2025-06-01 08:26:27,345 [F3] [F3] Exception in place_order: 400 Client Error: Bad Request for url: https://api.upbit.com/v1/orders?market=KRW-AUCTION&side=bid&ord_type=price&price=100000.0 - {"error":{"name":"insufficient_funds_bid","message":"주문 가능한 금액(KRW)이 부족합니다."}}
2025-06-01 08:26:30,429 [F3] [F3] Exception in place_order: 400 Client Error: Bad Request for url: https://api.upbit.com/v1/orders?market=KRW-AUCTION&side=bid&ord_type=price&price=100000.0 - {"error":{"name":"insufficient_funds_bid","message":"주문 가능한 금액(KRW)이 부족합니다."}}
2025-06-01 08:26:30,705 [F3] [F3] Exception in place_order: 400 Client Error: Bad Request for url: https://api.upbit.com/v1/orders?market=KRW-APT&side=bid&ord_type=price&price=100000.0 - {"error":{"message":"주문 가능한 금액(KRW)이 부족합니다.","name":"insufficient_funds_bid"}}
2025-06-01 08:26:33,827 [F3] [F3] Exception in place_order: 400 Client Error: Bad Request for url: https://api.upbit.com/v1/orders?market=KRW-APT&side=bid&ord_type=price&price=100000.0 - {"error":{"message":"주문 가능한 금액(KRW)이 부족합니다.","name":"insufficient_funds_bid"}}
2025-06-01 08:26:36,928 [F3] [F3] Exception in place_order: 400 Client Error: Bad Request for url: https://api.upbit.com/v1/orders?market=KRW-APT&side=bid&ord_type=price&price=100000.0 - {"error":{"name":"insufficient_funds_bid","message":"주문 가능한 금액(KRW)이 부족합니다."}}
2025-06-01 08:26:38,612 [F3] [F3] Exception in place_order: 400 Client Error: Bad Request for url: https://api.upbit.com/v1/orders?market=KRW-UXLINK&side=bid&ord_type=price&price=100000.0 - {"error":{"name":"insufficient_funds_bid","message":"주문 가능한 금액(KRW)이 부족합니다."}}
2025-06-01 08:26:41,753 [F3] [F3] Exception in place_order: 400 Client Error: Bad Request for url: https://api.upbit.com/v1/orders?market=KRW-UXLINK&side=bid&ord_type=price&price=100000.0 - {"error":{"message":"주문 가능한 금액(KRW)이 부족합니다.","name":"insufficient_funds_bid"}}
2025-06-01 08:26:44,859 [F3] [F3] Exception in place_order: 400 Client Error: Bad Request for url: https://api.upbit.com/v1/orders?market=KRW-UXLINK&side=bid&ord_type=price&price=100000.0 - {"error":{"name":"insufficient_funds_bid","message":"주문 가능한 금액(KRW)이 부족합니다."}}
2025-06-01 08:26:47,401 [F3] [F3] Exception in place_order: 400 Client Error: Bad Request for url: https://api.upbit.com/v1/orders?market=KRW-UXLINK&side=bid&ord_type=price&price=100000.0 - {"error":{"name":"insufficient_funds_bid","message":"주문 가능한 금액(KRW)이 부족합니다."}}
2025-06-01 08:26:50,525 [F3] [F3] Exception in place_order: 400 Client Error: Bad Request for url: https://api.upbit.com/v1/orders?market=KRW-UXLINK&side=bid&ord_type=price&price=100000.0 - {"error":{"name":"insufficient_funds_bid","message":"주문 가능한 금액(KRW)이 부족합니다."}}
2025-06-01 08:26:53,666 [F3] [F3] Exception in place_order: 400 Client Error: Bad Request for url: https://api.upbit.com/v1/orders?market=KRW-UXLINK&side=bid&ord_type=price&price=100000.0 - {"error":{"name":"insufficient_funds_bid","message":"주문 가능한 금액(KRW)이 부족합니다."}}
2025-06-01 08:26:54,978 [F3] [F3] Exception in place_order: 400 Client Error: Bad Request for url: https://api.upbit.com/v1/orders?market=KRW-APT&side=bid&ord_type=price&price=100000.0 - {"error":{"name":"insufficient_funds_bid","message":"주문 가능한 금액(KRW)이 부족합니다."}}
2025-06-01 08:26:58,054 [F3] [F3] Exception in place_order: 400 Client Error: Bad Request for url: https://api.upbit.com/v1/orders?market=KRW-APT&side=bid&ord_type=price&price=100000.0 - {"error":{"message":"주문 가능한 금액(KRW)이 부족합니다.","name":"insufficient_funds_bid"}}
2025-06-01 08:27:01,154 [F3] [F3] Exception in place_order: 400 Client Error: Bad Request for url: https://api.upbit.com/v1/orders?market=KRW-APT&side=bid&ord_type=price&price=100000.0 - {"error":{"message":"주문 가능한 금액(KRW)이 부족합니다.","name":"insufficient_funds_bid"}}
2025-06-01 08:27:02,910 [F3] [F3] Exception in place_order: 400 Client Error: Bad Request for url: https://api.upbit.com/v1/orders?market=KRW-UXLINK&side=bid&ord_type=price&price=100000.0 - {"error":{"message":"주문 가능한 금액(KRW)이 부족합니다.","name":"insufficient_funds_bid"}}
2025-06-01 08:27:06,027 [F3] [F3] Exception in place_order: 400 Client Error: Bad Request for url: https://api.upbit.com/v1/orders?market=KRW-UXLINK&side=bid&ord_type=price&price=100000.0 - {"error":{"name":"insufficient_funds_bid","message":"주문 가능한 금액(KRW)이 부족합니다."}}
2025-06-01 08:27:09,134 [F3] [F3] Exception in place_order: 400 Client Error: Bad Request for url: https://api.upbit.com/v1/orders?market=KRW-UXLINK&side=bid&ord_type=price&price=100000.0 - {"error":{"message":"주문 가능한 금액(KRW)이 부족합니다.","name":"insufficient_funds_bid"}}
2025-06-01 08:27:13,304 [F3] [F3] Exception in place_order: 400 Client Error: Bad Request for url: https://api.upbit.com/v1/orders?market=KRW-AUCTION&side=bid&ord_type=price&price=100000.0 - {"error":{"message":"주문 가능한 금액(KRW)이 부족합니다.","name":"insufficient_funds_bid"}}
2025-06-01 08:27:16,453 [F3] [F3] Exception in place_order: 400 Client Error: Bad Request for url: https://api.upbit.com/v1/orders?market=KRW-AUCTION&side=bid&ord_type=price&price=100000.0 - {"error":{"name":"insufficient_funds_bid","message":"주문 가능한 금액(KRW)이 부족합니다."}}
2025-06-01 08:27:19,575 [F3] [F3] Exception in place_order: 400 Client Error: Bad Request for url: https://api.upbit.com/v1/orders?market=KRW-AUCTION&side=bid&ord_type=price&price=100000.0 - {"error":{"message":"주문 가능한 금액(KRW)이 부족합니다.","name":"insufficient_funds_bid"}}
2025-06-01 08:27:19,981 [F3] [F3] Exception in place_order: 400 Client Error: Bad Request for url: https://api.upbit.com/v1/orders?market=KRW-APT&side=bid&ord_type=price&price=100000.0 - {"error":{"message":"주문 가능한 금액(KRW)이 부족합니다.","name":"insufficient_funds_bid"}}
2025-06-01 08:27:23,105 [F3] [F3] Exception in place_order: 400 Client Error: Bad Request for url: https://api.upbit.com/v1/orders?market=KRW-APT&side=bid&ord_type=price&price=100000.0 - {"error":{"name":"insufficient_funds_bid","message":"주문 가능한 금액(KRW)이 부족합니다."}}
2025-06-01 08:27:26,216 [F3] [F3] Exception in place_order: 400 Client Error: Bad Request for url: https://api.upbit.com/v1/orders?market=KRW-APT&side=bid&ord_type=price&price=100000.0 - {"error":{"message":"주문 가능한 금액(KRW)이 부족합니다.","name":"insufficient_funds_bid"}}
2025-06-01 08:27:31,214 [F3] [F3] Exception in place_order: 400 Client Error: Bad Request for url: https://api.upbit.com/v1/orders?market=KRW-UXLINK&side=bid&ord_type=price&price=100000.0 - {"error":{"message":"주문 가능한 금액(KRW)이 부족합니다.","name":"insufficient_funds_bid"}}
2025-06-01 08:27:34,329 [F3] [F3] Exception in place_order: 400 Client Error: Bad Request for url: https://api.upbit.com/v1/orders?market=KRW-UXLINK&side=bid&ord_type=price&price=100000.0 - {"error":{"name":"insufficient_funds_bid","message":"주문 가능한 금액(KRW)이 부족합니다."}}
2025-06-01 08:27:37,435 [F3] [F3] Exception in place_order: 400 Client Error: Bad Request for url: https://api.upbit.com/v1/orders?market=KRW-UXLINK&side=bid&ord_type=price&price=100000.0 - {"error":{"message":"주문 가능한 금액(KRW)이 부족합니다.","name":"insufficient_funds_bid"}}
2025-06-01 08:27:38,871 [F3] [F3] Exception in place_order: 400 Client Error: Bad Request for url: https://api.upbit.com/v1/orders?market=KRW-AUCTION&side=bid&ord_type=price&price=100000.0 - {"error":{"name":"insufficient_funds_bid","message":"주문 가능한 금액(KRW)이 부족합니다."}}
2025-06-01 08:27:41,978 [F3] [F3] Exception in place_order: 400 Client Error: Bad Request for url: https://api.upbit.com/v1/orders?market=KRW-AUCTION&side=bid&ord_type=price&price=100000.0 - {"error":{"name":"insufficient_funds_bid","message":"주문 가능한 금액(KRW)이 부족합니다."}}
2025-06-01 08:27:45,145 [F3] [F3] Exception in place_order: 400 Client Error: Bad Request for url: https://api.upbit.com/v1/orders?market=KRW-AUCTION&side=bid&ord_type=price&price=100000.0 - {"error":{"name":"insufficient_funds_bid","message":"주문 가능한 금액(KRW)이 부족합니다."}}
2025-06-01 08:27:45,498 [F3] [F3] Exception in place_order: 400 Client Error: Bad Request for url: https://api.upbit.com/v1/orders?market=KRW-APT&side=bid&ord_type=price&price=100000.0 - {"error":{"message":"주문 가능한 금액(KRW)이 부족합니다.","name":"insufficient_funds_bid"}}
2025-06-01 08:27:48,641 [F3] [F3] Exception in place_order: 400 Client Error: Bad Request for url: https://api.upbit.com/v1/orders?market=KRW-APT&side=bid&ord_type=price&price=100000.0 - {"error":{"name":"insufficient_funds_bid","message":"주문 가능한 금액(KRW)이 부족합니다."}}
2025-06-01 08:27:51,752 [F3] [F3] Exception in place_order: 400 Client Error: Bad Request for url: https://api.upbit.com/v1/orders?market=KRW-APT&side=bid&ord_type=price&price=100000.0 - {"error":{"name":"insufficient_funds_bid","message":"주문 가능한 금액(KRW)이 부족합니다."}}
2025-06-01 08:27:53,784 [F3] [F3] Exception in place_order: 400 Client Error: Bad Request for url: https://api.upbit.com/v1/orders?market=KRW-UXLINK&side=bid&ord_type=price&price=100000.0 - {"error":{"name":"insufficient_funds_bid","message":"주문 가능한 금액(KRW)이 부족합니다."}}
2025-06-01 08:27:56,897 [F3] [F3] Exception in place_order: 400 Client Error: Bad Request for url: https://api.upbit.com/v1/orders?market=KRW-UXLINK&side=bid&ord_type=price&price=100000.0 - {"error":{"name":"insufficient_funds_bid","message":"주문 가능한 금액(KRW)이 부족합니다."}}
2025-06-01 08:28:00,157 [F3] [F3] Exception in place_order: 400 Client Error: Bad Request for url: https://api.upbit.com/v1/orders?market=KRW-UXLINK&side=bid&ord_type=price&price=100000.0 - {"error":{"message":"주문 가능한 금액(KRW)이 부족합니다.","name":"insufficient_funds_bid"}}
2025-06-01 08:28:02,218 [F3] [F3] Exception in place_order: 400 Client Error: Bad Request for url: https://api.upbit.com/v1/orders?market=KRW-AUCTION&side=bid&ord_type=price&price=100000.0 - {"error":{"message":"주문 가능한 금액(KRW)이 부족합니다.","name":"insufficient_funds_bid"}}
2025-06-01 08:28:05,336 [F3] [F3] Exception in place_order: 400 Client Error: Bad Request for url: https://api.upbit.com/v1/orders?market=KRW-AUCTION&side=bid&ord_type=price&price=100000.0 - {"error":{"message":"주문 가능한 금액(KRW)이 부족합니다.","name":"insufficient_funds_bid"}}
2025-06-01 08:28:08,463 [F3] [F3] Exception in place_order: 400 Client Error: Bad Request for url: https://api.upbit.com/v1/orders?market=KRW-AUCTION&side=bid&ord_type=price&price=100000.0 - {"error":{"name":"insufficient_funds_bid","message":"주문 가능한 금액(KRW)이 부족합니다."}}
2025-06-01 08:28:08,770 [F3] [F3] Exception in place_order: 400 Client Error: Bad Request for url: https://api.upbit.com/v1/orders?market=KRW-APT&side=bid&ord_type=price&price=100000.0 - {"error":{"message":"주문 가능한 금액(KRW)이 부족합니다.","name":"insufficient_funds_bid"}}
2025-06-01 08:28:11,884 [F3] [F3] Exception in place_order: 400 Client Error: Bad Request for url: https://api.upbit.com/v1/orders?market=KRW-APT&side=bid&ord_type=price&price=100000.0 - {"error":{"name":"insufficient_funds_bid","message":"주문 가능한 금액(KRW)이 부족합니다."}}
2025-06-01 08:28:15,000 [F3] [F3] Exception in place_order: 400 Client Error: Bad Request for url: https://api.upbit.com/v1/orders?market=KRW-APT&side=bid&ord_type=price&price=100000.0 - {"error":{"message":"주문 가능한 금액(KRW)이 부족합니다.","name":"insufficient_funds_bid"}}
2025-06-01 08:28:18,664 [F3] [F3] Exception in place_order: 400 Client Error: Bad Request for url: https://api.upbit.com/v1/orders?market=KRW-APT&side=bid&ord_type=price&price=100000.0 - {"error":{"name":"insufficient_funds_bid","message":"주문 가능한 금액(KRW)이 부족합니다."}}
2025-06-01 08:28:21,775 [F3] [F3] Exception in place_order: 400 Client Error: Bad Request for url: https://api.upbit.com/v1/orders?market=KRW-APT&side=bid&ord_type=price&price=100000.0 - {"error":{"message":"주문 가능한 금액(KRW)이 부족합니다.","name":"insufficient_funds_bid"}}
2025-06-01 08:28:24,873 [F3] [F3] Exception in place_order: 400 Client Error: Bad Request for url: https://api.upbit.com/v1/orders?market=KRW-APT&side=bid&ord_type=price&price=100000.0 - {"error":{"message":"주문 가능한 금액(KRW)이 부족합니다.","name":"insufficient_funds_bid"}}
2025-06-01 08:28:26,467 [F3] [F3] Exception in place_order: 400 Client Error: Bad Request for url: https://api.upbit.com/v1/orders?market=KRW-UXLINK&side=bid&ord_type=price&price=100000.0 - {"error":{"message":"주문 가능한 금액(KRW)이 부족합니다.","name":"insufficient_funds_bid"}}
2025-06-01 08:28:29,584 [F3] [F3] Exception in place_order: 400 Client Error: Bad Request for url: https://api.upbit.com/v1/orders?market=KRW-UXLINK&side=bid&ord_type=price&price=100000.0 - {"error":{"name":"insufficient_funds_bid","message":"주문 가능한 금액(KRW)이 부족합니다."}}
2025-06-01 08:28:32,686 [F3] [F3] Exception in place_order: 400 Client Error: Bad Request for url: https://api.upbit.com/v1/orders?market=KRW-UXLINK&side=bid&ord_type=price&price=100000.0 - {"error":{"message":"주문 가능한 금액(KRW)이 부족합니다.","name":"insufficient_funds_bid"}}
2025-06-01 08:28:33,224 [F3] [F3] Exception in place_order: 400 Client Error: Bad Request for url: https://api.upbit.com/v1/orders?market=KRW-AUCTION&side=bid&ord_type=price&price=100000.0 - {"error":{"name":"insufficient_funds_bid","message":"주문 가능한 금액(KRW)이 부족합니다."}}
2025-06-01 08:28:36,331 [F3] [F3] Exception in place_order: 400 Client Error: Bad Request for url: https://api.upbit.com/v1/orders?market=KRW-AUCTION&side=bid&ord_type=price&price=100000.0 - {"error":{"message":"주문 가능한 금액(KRW)이 부족합니다.","name":"insufficient_funds_bid"}}
2025-06-01 08:28:39,427 [F3] [F3] Exception in place_order: 400 Client Error: Bad Request for url: https://api.upbit.com/v1/orders?market=KRW-AUCTION&side=bid&ord_type=price&price=100000.0 - {"error":{"message":"주문 가능한 금액(KRW)이 부족합니다.","name":"insufficient_funds_bid"}}
2025-06-01 08:28:40,216 [F3] [F3] Exception in place_order: 400 Client Error: Bad Request for url: https://api.upbit.com/v1/orders?market=KRW-APT&side=bid&ord_type=price&price=100000.0 - {"error":{"message":"주문 가능한 금액(KRW)이 부족합니다.","name":"insufficient_funds_bid"}}
2025-06-01 08:28:43,324 [F3] [F3] Exception in place_order: 400 Client Error: Bad Request for url: https://api.upbit.com/v1/orders?market=KRW-APT&side=bid&ord_type=price&price=100000.0 - {"error":{"message":"주문 가능한 금액(KRW)이 부족합니다.","name":"insufficient_funds_bid"}}
2025-06-01 08:28:46,451 [F3] [F3] Exception in place_order: 400 Client Error: Bad Request for url: https://api.upbit.com/v1/orders?market=KRW-APT&side=bid&ord_type=price&price=100000.0 - {"error":{"name":"insufficient_funds_bid","message":"주문 가능한 금액(KRW)이 부족합니다."}}
2025-06-01 08:28:48,001 [F3] [F3] Exception in place_order: 400 Client Error: Bad Request for url: https://api.upbit.com/v1/orders?market=KRW-UXLINK&side=bid&ord_type=price&price=100000.0 - {"error":{"message":"주문 가능한 금액(KRW)이 부족합니다.","name":"insufficient_funds_bid"}}
2025-06-01 08:28:51,096 [F3] [F3] Exception in place_order: 400 Client Error: Bad Request for url: https://api.upbit.com/v1/orders?market=KRW-UXLINK&side=bid&ord_type=price&price=100000.0 - {"error":{"message":"주문 가능한 금액(KRW)이 부족합니다.","name":"insufficient_funds_bid"}}
2025-06-01 08:28:54,186 [F3] [F3] Exception in place_order: 400 Client Error: Bad Request for url: https://api.upbit.com/v1/orders?market=KRW-UXLINK&side=bid&ord_type=price&price=100000.0 - {"error":{"message":"주문 가능한 금액(KRW)이 부족합니다.","name":"insufficient_funds_bid"}}
2025-06-01 08:28:54,684 [F3] [F3] Exception in place_order: 400 Client Error: Bad Request for url: https://api.upbit.com/v1/orders?market=KRW-AUCTION&side=bid&ord_type=price&price=100000.0 - {"error":{"name":"insufficient_funds_bid","message":"주문 가능한 금액(KRW)이 부족합니다."}}
2025-06-01 08:28:57,802 [F3] [F3] Exception in place_order: 400 Client Error: Bad Request for url: https://api.upbit.com/v1/orders?market=KRW-AUCTION&side=bid&ord_type=price&price=100000.0 - {"error":{"message":"주문 가능한 금액(KRW)이 부족합니다.","name":"insufficient_funds_bid"}}
2025-06-01 08:29:00,899 [F3] [F3] Exception in place_order: 400 Client Error: Bad Request for url: https://api.upbit.com/v1/orders?market=KRW-AUCTION&side=bid&ord_type=price&price=100000.0 - {"error":{"message":"주문 가능한 금액(KRW)이 부족합니다.","name":"insufficient_funds_bid"}}
2025-06-01 08:29:01,782 [F3] [F3] Exception in place_order: 400 Client Error: Bad Request for url: https://api.upbit.com/v1/orders?market=KRW-APT&side=bid&ord_type=price&price=100000.0 - {"error":{"name":"insufficient_funds_bid","message":"주문 가능한 금액(KRW)이 부족합니다."}}
2025-06-01 08:29:04,889 [F3] [F3] Exception in place_order: 400 Client Error: Bad Request for url: https://api.upbit.com/v1/orders?market=KRW-APT&side=bid&ord_type=price&price=100000.0 - {"error":{"message":"주문 가능한 금액(KRW)이 부족합니다.","name":"insufficient_funds_bid"}}
2025-06-01 08:29:07,998 [F3] [F3] Exception in place_order: 400 Client Error: Bad Request for url: https://api.upbit.com/v1/orders?market=KRW-APT&side=bid&ord_type=price&price=100000.0 - {"error":{"name":"insufficient_funds_bid","message":"주문 가능한 금액(KRW)이 부족합니다."}}
2025-06-01 08:29:10,238 [F3] [F3] Exception in place_order: 400 Client Error: Bad Request for url: https://api.upbit.com/v1/orders?market=KRW-WAVES&side=bid&ord_type=price&price=100000.0 - {"error":{"message":"주문 가능한 금액(KRW)이 부족합니다.","name":"insufficient_funds_bid"}}
2025-06-01 08:29:13,364 [F3] [F3] Exception in place_order: 400 Client Error: Bad Request for url: https://api.upbit.com/v1/orders?market=KRW-WAVES&side=bid&ord_type=price&price=100000.0 - {"error":{"name":"insufficient_funds_bid","message":"주문 가능한 금액(KRW)이 부족합니다."}}
2025-06-01 08:29:16,504 [F3] [F3] Exception in place_order: 400 Client Error: Bad Request for url: https://api.upbit.com/v1/orders?market=KRW-WAVES&side=bid&ord_type=price&price=100000.0 - {"error":{"message":"주문 가능한 금액(KRW)이 부족합니다.","name":"insufficient_funds_bid"}}
2025-06-01 08:29:19,708 [F3] [F3] Exception in place_order: 400 Client Error: Bad Request for url: https://api.upbit.com/v1/orders?market=KRW-APT&side=bid&ord_type=price&price=100000.0 - {"error":{"name":"insufficient_funds_bid","message":"주문 가능한 금액(KRW)이 부족합니다."}}
2025-06-01 08:29:22,818 [F3] [F3] Exception in place_order: 400 Client Error: Bad Request for url: https://api.upbit.com/v1/orders?market=KRW-APT&side=bid&ord_type=price&price=100000.0 - {"error":{"name":"insufficient_funds_bid","message":"주문 가능한 금액(KRW)이 부족합니다."}}
2025-06-01 08:29:25,918 [F3] [F3] Exception in place_order: 400 Client Error: Bad Request for url: https://api.upbit.com/v1/orders?market=KRW-APT&side=bid&ord_type=price&price=100000.0 - {"error":{"message":"주문 가능한 금액(KRW)이 부족합니다.","name":"insufficient_funds_bid"}}
2025-06-01 08:29:27,968 [F3] [F3] Exception in place_order: 400 Client Error: Bad Request for url: https://api.upbit.com/v1/orders?market=KRW-AUCTION&side=bid&ord_type=price&price=100000.0 - {"error":{"message":"주문 가능한 금액(KRW)이 부족합니다.","name":"insufficient_funds_bid"}}
2025-06-01 08:29:31,060 [F3] [F3] Exception in place_order: 400 Client Error: Bad Request for url: https://api.upbit.com/v1/orders?market=KRW-AUCTION&side=bid&ord_type=price&price=100000.0 - {"error":{"message":"주문 가능한 금액(KRW)이 부족합니다.","name":"insufficient_funds_bid"}}
2025-06-01 08:29:34,143 [F3] [F3] Exception in place_order: 400 Client Error: Bad Request for url: https://api.upbit.com/v1/orders?market=KRW-AUCTION&side=bid&ord_type=price&price=100000.0 - {"error":{"message":"주문 가능한 금액(KRW)이 부족합니다.","name":"insufficient_funds_bid"}}
2025-06-01 08:29:34,552 [F3] [F3] Exception in place_order: 400 Client Error: Bad Request for url: https://api.upbit.com/v1/orders?market=KRW-WAVES&side=bid&ord_type=price&price=100000.0 - {"error":{"name":"insufficient_funds_bid","message":"주문 가능한 금액(KRW)이 부족합니다."}}
2025-06-01 08:29:37,644 [F3] [F3] Exception in place_order: 400 Client Error: Bad Request for url: https://api.upbit.com/v1/orders?market=KRW-WAVES&side=bid&ord_type=price&price=100000.0 - {"error":{"message":"주문 가능한 금액(KRW)이 부족합니다.","name":"insufficient_funds_bid"}}
