2025-05-31 21:48:25,043 [F3] [F3] Entry signal received: {'symbol': 'KRW-NEO', 'buy_signal': True, 'sell_signal': False, 'buy_triggers': [], 'sell_triggers': [], 'price': 8198.0}
2025-05-31 21:48:31,362 [F3] [F3] Pending buy recorded: {'symbol': 'KRW-NEO', 'side': 'bid', 'qty': 12.19809709685289, 'price': 8198.0, 'order_type': 'market', 'filled': False}
2025-05-31 21:48:32,619 [F3] [F3] Entry signal received: {'symbol': 'KRW-NEO', 'buy_signal': False, 'sell_signal': False, 'buy_triggers': [], 'sell_triggers': [], 'price': 8198.0}
2025-05-31 21:48:32,619 [F3] [F3] No buy signal for KRW-NEO
2025-05-31 21:48:33,877 [F3] [F3] Entry signal received: {'symbol': 'KRW-NEO', 'buy_signal': False, 'sell_signal': False, 'buy_triggers': [], 'sell_triggers': [], 'price': 8198.0}
2025-05-31 21:48:33,877 [F3] [F3] No buy signal for KRW-NEO
2025-05-31 21:48:35,124 [F3] [F3] Entry signal received: {'symbol': 'KRW-NEO', 'buy_signal': False, 'sell_signal': False, 'buy_triggers': [], 'sell_triggers': [], 'price': 8198.0}
2025-05-31 21:48:35,124 [F3] [F3] No buy signal for KRW-NEO
2025-05-31 21:48:36,424 [F3] [F3] Entry signal received: {'symbol': 'KRW-NEO', 'buy_signal': False, 'sell_signal': False, 'buy_triggers': [], 'sell_triggers': [], 'price': 8198.0}
2025-05-31 21:48:36,424 [F3] [F3] No buy signal for KRW-NEO
2025-05-31 21:48:37,706 [F3] [F3] Entry signal received: {'symbol': 'KRW-NEO', 'buy_signal': False, 'sell_signal': False, 'buy_triggers': [], 'sell_triggers': [], 'price': 8198.0}
2025-05-31 21:48:37,707 [F3] [F3] No buy signal for KRW-NEO
2025-05-31 21:48:38,987 [F3] [F3] Entry signal received: {'symbol': 'KRW-NEO', 'buy_signal': False, 'sell_signal': False, 'buy_triggers': [], 'sell_triggers': [], 'price': 8198.0}
2025-05-31 21:48:38,987 [F3] [F3] No buy signal for KRW-NEO
2025-05-31 21:48:40,277 [F3] [F3] Entry signal received: {'symbol': 'KRW-NEO', 'buy_signal': False, 'sell_signal': False, 'buy_triggers': [], 'sell_triggers': [], 'price': 8198.0}
2025-05-31 21:48:40,277 [F3] [F3] No buy signal for KRW-NEO
2025-05-31 21:48:41,556 [F3] [F3] Entry signal received: {'symbol': 'KRW-NEO', 'buy_signal': False, 'sell_signal': False, 'buy_triggers': [], 'sell_triggers': [], 'price': 8198.0}
2025-05-31 21:48:41,556 [F3] [F3] No buy signal for KRW-NEO
2025-05-31 21:48:42,823 [F3] [F3] Entry signal received: {'symbol': 'KRW-NEO', 'buy_signal': False, 'sell_signal': False, 'buy_triggers': [], 'sell_triggers': [], 'price': 8198.0}
2025-05-31 21:48:42,823 [F3] [F3] No buy signal for KRW-NEO
2025-05-31 21:48:44,104 [F3] [F3] Entry signal received: {'symbol': 'KRW-NEO', 'buy_signal': False, 'sell_signal': False, 'buy_triggers': [], 'sell_triggers': [], 'price': 8198.0}
2025-05-31 21:48:44,105 [F3] [F3] No buy signal for KRW-NEO
2025-05-31 21:48:46,210 [F3] [F3] OrderExecutor initialized.
