2025-05-31 21:48:31,361 [F3] [F3] Open position: {'symbol': 'KRW-NEO', 'entry_time': 1748695711.3611128, 'entry_price': 8198.0, 'qty': 12.19809709685289, 'pyramid_count': 0, 'avgdown_count': 0, 'status': 'pending', 'origin': 'trade'}
2025-05-31 22:02:06,907 [F3] [F3] Position exit: KRW-NEO via take_profit
2025-05-31 22:03:11,833 [F3] [F3] Open position: {'symbol': 'KRW-NEO', 'entry_time': 1748696591.832619, 'entry_price': 8298.0, 'qty': 12.05109664979513, 'pyramid_count': 0, 'avgdown_count': 0, 'status': 'pending', 'origin': 'trade'}
2025-05-31 22:47:54,827 [F3] [F3] Failed to fetch accounts: HTTPSConnectionPool(host='api.upbit.com', port=443): Max retries exceeded with url: /v1/accounts (Caused by NewConnectionError('<urllib3.connection.HTTPSConnection object at 0x0000028726A7A290>: Failed to establish a new connection: [Errno 11001] getaddrinfo failed'))
2025-05-31 22:47:55,100 [F3] [F3] Failed to fetch ticker: HTTPSConnectionPool(host='api.upbit.com', port=443): Max retries exceeded with url: /v1/ticker?markets=KRW-NEO (Caused by NewConnectionError('<urllib3.connection.HTTPSConnection object at 0x0000028727AA85B0>: Failed to establish a new connection: [Errno 11001] getaddrinfo failed'))
2025-05-31 22:47:55,148 [F3] [F3] Failed to fetch accounts: HTTPSConnectionPool(host='api.upbit.com', port=443): Max retries exceeded with url: /v1/accounts (Caused by NewConnectionError('<urllib3.connection.HTTPSConnection object at 0x0000028727AAA8C0>: Failed to establish a new connection: [Errno 11001] getaddrinfo failed'))
2025-05-31 22:47:56,518 [F3] [F3] Failed to fetch ticker: HTTPSConnectionPool(host='api.upbit.com', port=443): Max retries exceeded with url: /v1/ticker?markets=KRW-NEO (Caused by NewConnectionError('<urllib3.connection.HTTPSConnection object at 0x0000028727AA8FD0>: Failed to establish a new connection: [Errno 11001] getaddrinfo failed'))
2025-05-31 22:47:57,782 [F3] [F3] Failed to fetch accounts: HTTPSConnectionPool(host='api.upbit.com', port=443): Max retries exceeded with url: /v1/accounts (Caused by NewConnectionError('<urllib3.connection.HTTPSConnection object at 0x0000028727AA99C0>: Failed to establish a new connection: [Errno 11001] getaddrinfo failed'))
2025-05-31 22:47:57,801 [F3] [F3] Failed to fetch ticker: HTTPSConnectionPool(host='api.upbit.com', port=443): Max retries exceeded with url: /v1/ticker?markets=KRW-NEO (Caused by NewConnectionError('<urllib3.connection.HTTPSConnection object at 0x0000028727AAA830>: Failed to establish a new connection: [Errno 11001] getaddrinfo failed'))
2025-05-31 22:47:59,018 [F3] [F3] Failed to fetch accounts: HTTPSConnectionPool(host='api.upbit.com', port=443): Max retries exceeded with url: /v1/accounts (Caused by NewConnectionError('<urllib3.connection.HTTPSConnection object at 0x0000028727AAAF80>: Failed to establish a new connection: [Errno 11001] getaddrinfo failed'))
2025-05-31 22:47:59,063 [F3] [F3] Failed to fetch ticker: HTTPSConnectionPool(host='api.upbit.com', port=443): Max retries exceeded with url: /v1/ticker?markets=KRW-NEO (Caused by NewConnectionError('<urllib3.connection.HTTPSConnection object at 0x0000028727AAB700>: Failed to establish a new connection: [Errno 11001] getaddrinfo failed'))
2025-06-01 07:22:16,058 [F3] [F3] Position exit: KRW-NEO via Universe Excluded
2025-06-01 07:22:23,645 [F3] [F3] Open position: {'symbol': 'KRW-TIA', 'entry_time': 1748730143.644405, 'entry_price': 3141.0, 'qty': 31.83699458771092, 'pyramid_count': 0, 'avgdown_count': 0, 'status': 'pending', 'origin': 'trade'}
2025-06-01 07:22:30,237 [F3] [F3] Open position: {'symbol': 'KRW-RENDER', 'entry_time': 1748730150.2368178, 'entry_price': 5494.0, 'qty': 18.20167455405897, 'pyramid_count': 0, 'avgdown_count': 0, 'status': 'pending', 'origin': 'trade'}
2025-06-01 08:19:18,325 [F3] [F3] Order API response: {'uuid': '12b0f3fb-7810-4bf0-bd28-ef47f938c93e', 'side': 'bid', 'ord_type': 'price', 'price': 1145.0, 'state': 'wait', 'market': 'KRW-ME', 'created_at': '2025-06-01T08:19:18+09:00', 'reserved_fee': '5', 'remaining_fee': '5', 'paid_fee': '0', 'locked': '10005', 'executed_volume': '0', 'trades_count': 0, 'filled': False, 'timestamp': 1748733558.3258398, 'symbol': 'KRW-ME', 'qty': 8.733624454148472, 'order_type': 'market'}
2025-06-01 08:19:18,421 [F3] [F3] Order API response: {'uuid': '0c66e23e-4a8c-493f-b94a-4a1c4f8c58e2', 'side': 'bid', 'ord_type': 'price', 'price': 1145.0, 'state': 'wait', 'market': 'KRW-ME', 'created_at': '2025-06-01T08:19:18+09:00', 'reserved_fee': '5', 'remaining_fee': '5', 'paid_fee': '0', 'locked': '10005', 'executed_volume': '0', 'trades_count': 0, 'filled': False, 'timestamp': 1748733558.4210382, 'symbol': 'KRW-ME', 'qty': 8.733624454148472, 'order_type': 'market'}
2025-06-01 08:19:21,439 [F3] [F3] Order API response: {'uuid': '98bb286b-6a45-4805-b8b7-dff9c72cb387', 'side': 'bid', 'ord_type': 'price', 'price': 1145.0, 'state': 'wait', 'market': 'KRW-ME', 'created_at': '2025-06-01T08:19:21+09:00', 'reserved_fee': '5', 'remaining_fee': '5', 'paid_fee': '0', 'locked': '10005', 'executed_volume': '0', 'trades_count': 0, 'filled': False, 'timestamp': 1748733561.4394867, 'symbol': 'KRW-ME', 'qty': 8.733624454148472, 'order_type': 'market'}
2025-06-01 08:19:21,538 [F3] [F3] Order API response: {'uuid': '6b81b9dc-ab22-4326-888e-fefcd42d1237', 'side': 'bid', 'ord_type': 'price', 'price': 1145.0, 'state': 'wait', 'market': 'KRW-ME', 'created_at': '2025-06-01T08:19:21+09:00', 'reserved_fee': '5', 'remaining_fee': '5', 'paid_fee': '0', 'locked': '10005', 'executed_volume': '0', 'trades_count': 0, 'filled': False, 'timestamp': 1748733561.5389555, 'symbol': 'KRW-ME', 'qty': 8.733624454148472, 'order_type': 'market'}
2025-06-01 08:19:24,580 [F3] [F3] Order API response: {'uuid': 'efe2df96-c91f-4033-ac68-29d021ad70f4', 'side': 'bid', 'ord_type': 'price', 'price': 1145.0, 'state': 'wait', 'market': 'KRW-ME', 'created_at': '2025-06-01T08:19:24+09:00', 'reserved_fee': '5', 'remaining_fee': '5', 'paid_fee': '0', 'locked': '10005', 'executed_volume': '0', 'trades_count': 0, 'filled': False, 'timestamp': 1748733564.5807045, 'symbol': 'KRW-ME', 'qty': 8.733624454148472, 'order_type': 'market'}
2025-06-01 08:19:24,598 [F3] [F3] Open position: {'symbol': 'KRW-ME', 'entry_time': 1748733564.5981894, 'entry_price': 1145.0, 'qty': 8.733624454148472, 'pyramid_count': 0, 'avgdown_count': 0, 'status': 'pending', 'origin': 'trade'}
2025-06-01 08:19:24,634 [F3] [F3] Order API response: {'uuid': '35e9150b-333a-4832-a70f-a7c76b5385c1', 'side': 'bid', 'ord_type': 'price', 'price': 1145.0, 'state': 'wait', 'market': 'KRW-ME', 'created_at': '2025-06-01T08:19:24+09:00', 'reserved_fee': '5', 'remaining_fee': '5', 'paid_fee': '0', 'locked': '10005', 'executed_volume': '0', 'trades_count': 0, 'filled': False, 'timestamp': 1748733564.6349514, 'symbol': 'KRW-ME', 'qty': 8.733624454148472, 'order_type': 'market'}
2025-06-01 08:19:24,640 [F3] [F3] Open position: {'symbol': 'KRW-ME', 'entry_time': 1748733564.6394746, 'entry_price': 1145.0, 'qty': 8.733624454148472, 'pyramid_count': 0, 'avgdown_count': 0, 'status': 'pending', 'origin': 'trade'}
2025-06-01 08:20:17,539 [F3] [F3] Open position: {'symbol': 'KRW-ME', 'entry_time': 1748733617.5380905, 'entry_price': 1147.0, 'qty': 52.31037486, 'pyramid_count': 0, 'avgdown_count': 0, 'status': 'open', 'origin': 'imported', 'strategy': 'imported'}
2025-06-01 08:20:17,640 [F3] [F3] Open position: {'symbol': 'KRW-ME', 'entry_time': 1748733617.6395183, 'entry_price': 1147.0, 'qty': 52.31037486, 'pyramid_count': 0, 'avgdown_count': 0, 'status': 'open', 'origin': 'imported', 'strategy': 'imported'}
2025-06-01 08:22:46,494 [F3] [F3] Open position: {'symbol': 'KRW-BERA', 'entry_time': 1748733766.4947336, 'entry_price': 3300.0, 'qty': 30.303030303030305, 'pyramid_count': 0, 'avgdown_count': 0, 'status': 'pending', 'origin': 'trade'}
2025-06-01 08:25:00,774 [F3] [F3] Open position: {'symbol': 'KRW-APT', 'entry_time': 1748733900.7731442, 'entry_price': 6705.0, 'qty': 14.914243102162565, 'pyramid_count': 0, 'avgdown_count': 0, 'status': 'pending', 'origin': 'trade'}
2025-06-01 08:25:11,463 [F3] [F3] Open position: {'symbol': 'KRW-APT', 'entry_time': 1748733911.4611661, 'entry_price': 6705.0, 'qty': 14.914243102162565, 'pyramid_count': 0, 'avgdown_count': 0, 'status': 'pending', 'origin': 'trade'}
2025-06-01 08:25:27,853 [F3] [F3] Open position: {'symbol': 'KRW-APT', 'entry_time': 1748733927.8523846, 'entry_price': 6705.0, 'qty': 14.914243102162565, 'pyramid_count': 0, 'avgdown_count': 0, 'status': 'pending', 'origin': 'trade'}
2025-06-01 08:25:37,526 [F3] [F3] Open position: {'symbol': 'KRW-APT', 'entry_time': 1748733937.5253313, 'entry_price': 6705.0, 'qty': 14.914243102162565, 'pyramid_count': 0, 'avgdown_count': 0, 'status': 'pending', 'origin': 'trade'}
2025-06-01 08:25:42,203 [F3] [F3] Position exit: KRW-BERA via Universe Excluded
2025-06-01 08:25:51,050 [F3] [F3] Open position: {'symbol': 'KRW-APT', 'entry_time': 1748733951.0500038, 'entry_price': 6705.0, 'qty': 14.914243102162565, 'pyramid_count': 0, 'avgdown_count': 0, 'status': 'pending', 'origin': 'trade'}
2025-06-01 08:25:59,806 [F3] [F3] Open position: {'symbol': 'KRW-AUCTION', 'entry_time': 1748733959.8053637, 'entry_price': 14780.0, 'qty': 6.7658998646820026, 'pyramid_count': 0, 'avgdown_count': 0, 'status': 'pending', 'origin': 'trade'}
2025-06-01 08:26:06,311 [F3] [F3] Open position: {'symbol': 'KRW-APT', 'entry_time': 1748733966.3102324, 'entry_price': 6705.0, 'qty': 14.914243102162565, 'pyramid_count': 0, 'avgdown_count': 0, 'status': 'pending', 'origin': 'trade'}
2025-06-01 08:26:15,027 [F3] [F3] Open position: {'symbol': 'KRW-AUCTION', 'entry_time': 1748733975.0260844, 'entry_price': 14780.0, 'qty': 6.7658998646820026, 'pyramid_count': 0, 'avgdown_count': 0, 'status': 'pending', 'origin': 'trade'}
2025-06-01 08:26:21,612 [F3] [F3] Open position: {'symbol': 'KRW-APT', 'entry_time': 1748733981.6113324, 'entry_price': 6705.0, 'qty': 14.914243102162565, 'pyramid_count': 0, 'avgdown_count': 0, 'status': 'pending', 'origin': 'trade'}
2025-06-01 08:26:30,431 [F3] [F3] Open position: {'symbol': 'KRW-AUCTION', 'entry_time': 1748733990.43168, 'entry_price': 14750.0, 'qty': 6.779661016949152, 'pyramid_count': 0, 'avgdown_count': 0, 'status': 'pending', 'origin': 'trade'}
2025-06-01 08:26:36,930 [F3] [F3] Open position: {'symbol': 'KRW-APT', 'entry_time': 1748733996.9300659, 'entry_price': 6705.0, 'qty': 14.914243102162565, 'pyramid_count': 0, 'avgdown_count': 0, 'status': 'pending', 'origin': 'trade'}
2025-06-01 08:26:44,862 [F3] [F3] Open position: {'symbol': 'KRW-UXLINK', 'entry_time': 1748734004.8615541, 'entry_price': 537.0, 'qty': 186.21973929236498, 'pyramid_count': 0, 'avgdown_count': 0, 'status': 'pending', 'origin': 'trade'}
2025-06-01 08:26:53,669 [F3] [F3] Open position: {'symbol': 'KRW-UXLINK', 'entry_time': 1748734013.6684716, 'entry_price': 537.0, 'qty': 186.21973929236498, 'pyramid_count': 0, 'avgdown_count': 0, 'status': 'pending', 'origin': 'trade'}
2025-06-01 08:27:01,156 [F3] [F3] Open position: {'symbol': 'KRW-APT', 'entry_time': 1748734021.1559393, 'entry_price': 6700.0, 'qty': 14.925373134328359, 'pyramid_count': 0, 'avgdown_count': 0, 'status': 'pending', 'origin': 'trade'}
2025-06-01 08:27:09,137 [F3] [F3] Open position: {'symbol': 'KRW-UXLINK', 'entry_time': 1748734029.1365795, 'entry_price': 537.0, 'qty': 186.21973929236498, 'pyramid_count': 0, 'avgdown_count': 0, 'status': 'pending', 'origin': 'trade'}
2025-06-01 08:27:19,588 [F3] [F3] Open position: {'symbol': 'KRW-AUCTION', 'entry_time': 1748734039.5867763, 'entry_price': 14750.0, 'qty': 6.779661016949152, 'pyramid_count': 0, 'avgdown_count': 0, 'status': 'pending', 'origin': 'trade'}
2025-06-01 08:27:26,220 [F3] [F3] Open position: {'symbol': 'KRW-APT', 'entry_time': 1748734046.218649, 'entry_price': 6700.0, 'qty': 14.925373134328359, 'pyramid_count': 0, 'avgdown_count': 0, 'status': 'pending', 'origin': 'trade'}
2025-06-01 08:27:37,440 [F3] [F3] Open position: {'symbol': 'KRW-UXLINK', 'entry_time': 1748734057.439289, 'entry_price': 537.0, 'qty': 186.21973929236498, 'pyramid_count': 0, 'avgdown_count': 0, 'status': 'pending', 'origin': 'trade'}
2025-06-01 08:27:45,149 [F3] [F3] Open position: {'symbol': 'KRW-AUCTION', 'entry_time': 1748734065.1484795, 'entry_price': 14750.0, 'qty': 6.779661016949152, 'pyramid_count': 0, 'avgdown_count': 0, 'status': 'pending', 'origin': 'trade'}
2025-06-01 08:27:51,756 [F3] [F3] Open position: {'symbol': 'KRW-APT', 'entry_time': 1748734071.7555099, 'entry_price': 6700.0, 'qty': 14.925373134328359, 'pyramid_count': 0, 'avgdown_count': 0, 'status': 'pending', 'origin': 'trade'}
2025-06-01 08:28:00,159 [F3] [F3] Open position: {'symbol': 'KRW-UXLINK', 'entry_time': 1748734080.1594942, 'entry_price': 536.9, 'qty': 186.25442354255915, 'pyramid_count': 0, 'avgdown_count': 0, 'status': 'pending', 'origin': 'trade'}
2025-06-01 08:28:08,468 [F3] [F3] Open position: {'symbol': 'KRW-AUCTION', 'entry_time': 1748734088.4662693, 'entry_price': 14770.0, 'qty': 6.7704807041299935, 'pyramid_count': 0, 'avgdown_count': 0, 'status': 'pending', 'origin': 'trade'}
2025-06-01 08:28:15,004 [F3] [F3] Open position: {'symbol': 'KRW-APT', 'entry_time': 1748734095.0029037, 'entry_price': 6700.0, 'qty': 14.925373134328359, 'pyramid_count': 0, 'avgdown_count': 0, 'status': 'pending', 'origin': 'trade'}
2025-06-01 08:28:24,875 [F3] [F3] Open position: {'symbol': 'KRW-APT', 'entry_time': 1748734104.8753836, 'entry_price': 6700.0, 'qty': 14.925373134328359, 'pyramid_count': 0, 'avgdown_count': 0, 'status': 'pending', 'origin': 'trade'}
2025-06-01 08:28:32,688 [F3] [F3] Open position: {'symbol': 'KRW-UXLINK', 'entry_time': 1748734112.68777, 'entry_price': 536.6, 'qty': 186.35855385762207, 'pyramid_count': 0, 'avgdown_count': 0, 'status': 'pending', 'origin': 'trade'}
2025-06-01 08:28:39,429 [F3] [F3] Open position: {'symbol': 'KRW-AUCTION', 'entry_time': 1748734119.4289658, 'entry_price': 14770.0, 'qty': 6.7704807041299935, 'pyramid_count': 0, 'avgdown_count': 0, 'status': 'pending', 'origin': 'trade'}
2025-06-01 08:28:46,453 [F3] [F3] Open position: {'symbol': 'KRW-APT', 'entry_time': 1748734126.4536164, 'entry_price': 6700.0, 'qty': 14.925373134328359, 'pyramid_count': 0, 'avgdown_count': 0, 'status': 'pending', 'origin': 'trade'}
2025-06-01 08:28:54,188 [F3] [F3] Open position: {'symbol': 'KRW-UXLINK', 'entry_time': 1748734134.1880388, 'entry_price': 536.6, 'qty': 186.35855385762207, 'pyramid_count': 0, 'avgdown_count': 0, 'status': 'pending', 'origin': 'trade'}
2025-06-01 08:29:00,901 [F3] [F3] Open position: {'symbol': 'KRW-AUCTION', 'entry_time': 1748734140.9000528, 'entry_price': 14770.0, 'qty': 6.7704807041299935, 'pyramid_count': 0, 'avgdown_count': 0, 'status': 'pending', 'origin': 'trade'}
2025-06-01 08:29:08,002 [F3] [F3] Open position: {'symbol': 'KRW-APT', 'entry_time': 1748734148.001845, 'entry_price': 6707.0, 'qty': 14.90979573579842, 'pyramid_count': 0, 'avgdown_count': 0, 'status': 'pending', 'origin': 'trade'}
2025-06-01 08:29:16,508 [F3] [F3] Open position: {'symbol': 'KRW-WAVES', 'entry_time': 1748734156.507553, 'entry_price': 1533.0, 'qty': 65.23157208088715, 'pyramid_count': 0, 'avgdown_count': 0, 'status': 'pending', 'origin': 'trade'}
2025-06-01 08:29:25,922 [F3] [F3] Open position: {'symbol': 'KRW-APT', 'entry_time': 1748734165.9211085, 'entry_price': 6707.0, 'qty': 14.90979573579842, 'pyramid_count': 0, 'avgdown_count': 0, 'status': 'pending', 'origin': 'trade'}
2025-06-01 08:29:34,145 [F3] [F3] Open position: {'symbol': 'KRW-AUCTION', 'entry_time': 1748734174.1442835, 'entry_price': 14770.0, 'qty': 6.7704807041299935, 'pyramid_count': 0, 'avgdown_count': 0, 'status': 'pending', 'origin': 'trade'}
