2025-05-31 21:48:25,146 [F3] [F3] Market order failed for KRW-NEO (spread: 0.0, attempt: 0)
2025-05-31 21:48:28,252 [F3] [F3] Market order failed for KRW-NEO (spread: 0.0, attempt: 0)
2025-05-31 21:48:31,361 [F3] [F3] Market order failed for KRW-NEO (spread: 0.0, attempt: 0)
2025-05-31 22:03:05,610 [F3] [F3] Market order failed for KRW-NEO (spread: 0.0, attempt: 0)
2025-05-31 22:03:08,707 [F3] [F3] Market order failed for KRW-NEO (spread: 0.0, attempt: 0)
2025-05-31 22:03:11,832 [F3] [F3] Market order failed for KRW-NEO (spread: 0.0, attempt: 0)
2025-06-01 07:22:17,430 [F3] [F3] Market order failed for KRW-TIA (spread: 0.0, attempt: 0)
2025-06-01 07:22:20,537 [F3] [F3] Market order failed for KRW-TIA (spread: 0.0, attempt: 0)
2025-06-01 07:22:23,642 [F3] [F3] Market order failed for KRW-TIA (spread: 0.0, attempt: 0)
2025-06-01 07:22:23,995 [F3] [F3] Market order failed for KRW-RENDER (spread: 0.0, attempt: 0)
2025-06-01 07:22:27,111 [F3] [F3] Market order failed for KRW-RENDER (spread: 0.0, attempt: 0)
2025-06-01 07:22:30,235 [F3] [F3] Market order failed for KRW-RENDER (spread: 0.0, attempt: 0)
2025-06-01 08:19:18,344 [F3] [F3] Market order failed for KRW-ME (spread: 0.0, attempt: 0)
2025-06-01 08:19:18,424 [F3] [F3] Market order failed for KRW-ME (spread: 0.0, attempt: 0)
2025-06-01 08:19:21,457 [F3] [F3] Market order failed for KRW-ME (spread: 0.0, attempt: 0)
2025-06-01 08:19:21,544 [F3] [F3] Market order failed for KRW-ME (spread: 0.0, attempt: 0)
2025-06-01 08:19:24,597 [F3] [F3] Market order failed for KRW-ME (spread: 0.0, attempt: 0)
2025-06-01 08:19:24,639 [F3] [F3] Market order failed for KRW-ME (spread: 0.0, attempt: 0)
2025-06-01 08:22:40,305 [F3] [F3] Market order failed for KRW-BERA (spread: 0.0, attempt: 0)
2025-06-01 08:22:43,416 [F3] [F3] Market order failed for KRW-BERA (spread: 0.0, attempt: 0)
2025-06-01 08:22:46,493 [F3] [F3] Market order failed for KRW-BERA (spread: 0.0, attempt: 0)
2025-06-01 08:24:54,501 [F3] [F3] Market order failed for KRW-APT (spread: 0.0, attempt: 0)
2025-06-01 08:24:57,637 [F3] [F3] Market order failed for KRW-APT (spread: 0.0, attempt: 0)
2025-06-01 08:25:00,771 [F3] [F3] Market order failed for KRW-APT (spread: 0.0, attempt: 0)
2025-06-01 08:25:05,186 [F3] [F3] Market order failed for KRW-APT (spread: 0.0, attempt: 0)
2025-06-01 08:25:08,326 [F3] [F3] Market order failed for KRW-APT (spread: 0.0, attempt: 0)
2025-06-01 08:25:11,459 [F3] [F3] Market order failed for KRW-APT (spread: 0.0, attempt: 0)
2025-06-01 08:25:21,561 [F3] [F3] Market order failed for KRW-APT (spread: 0.0, attempt: 0)
2025-06-01 08:25:24,743 [F3] [F3] Market order failed for KRW-APT (spread: 0.0, attempt: 0)
2025-06-01 08:25:27,851 [F3] [F3] Market order failed for KRW-APT (spread: 0.0, attempt: 0)
2025-06-01 08:25:31,299 [F3] [F3] Market order failed for KRW-APT (spread: 0.0, attempt: 0)
2025-06-01 08:25:34,410 [F3] [F3] Market order failed for KRW-APT (spread: 0.0, attempt: 0)
2025-06-01 08:25:37,525 [F3] [F3] Market order failed for KRW-APT (spread: 0.0, attempt: 0)
2025-06-01 08:25:44,842 [F3] [F3] Market order failed for KRW-APT (spread: 0.0, attempt: 0)
2025-06-01 08:25:47,940 [F3] [F3] Market order failed for KRW-APT (spread: 0.0, attempt: 0)
2025-06-01 08:25:51,048 [F3] [F3] Market order failed for KRW-APT (spread: 0.0, attempt: 0)
2025-06-01 08:25:53,564 [F3] [F3] Market order failed for KRW-AUCTION (spread: 0.0, attempt: 0)
2025-06-01 08:25:56,678 [F3] [F3] Market order failed for KRW-AUCTION (spread: 0.0, attempt: 0)
2025-06-01 08:25:59,805 [F3] [F3] Market order failed for KRW-AUCTION (spread: 0.0, attempt: 0)
2025-06-01 08:26:00,137 [F3] [F3] Market order failed for KRW-APT (spread: 0.0, attempt: 0)
2025-06-01 08:26:03,227 [F3] [F3] Market order failed for KRW-APT (spread: 0.0, attempt: 0)
2025-06-01 08:26:06,310 [F3] [F3] Market order failed for KRW-APT (spread: 0.0, attempt: 0)
2025-06-01 08:26:08,826 [F3] [F3] Market order failed for KRW-AUCTION (spread: 0.0, attempt: 0)
2025-06-01 08:26:11,930 [F3] [F3] Market order failed for KRW-AUCTION (spread: 0.0, attempt: 0)
2025-06-01 08:26:15,025 [F3] [F3] Market order failed for KRW-AUCTION (spread: 0.0, attempt: 0)
2025-06-01 08:26:15,405 [F3] [F3] Market order failed for KRW-APT (spread: 0.0, attempt: 0)
2025-06-01 08:26:18,513 [F3] [F3] Market order failed for KRW-APT (spread: 0.0, attempt: 0)
2025-06-01 08:26:21,611 [F3] [F3] Market order failed for KRW-APT (spread: 0.0, attempt: 0)
2025-06-01 08:26:24,255 [F3] [F3] Market order failed for KRW-AUCTION (spread: 0.0, attempt: 0)
2025-06-01 08:26:27,348 [F3] [F3] Market order failed for KRW-AUCTION (spread: 0.0, attempt: 0)
2025-06-01 08:26:30,430 [F3] [F3] Market order failed for KRW-AUCTION (spread: 0.0, attempt: 0)
2025-06-01 08:26:30,707 [F3] [F3] Market order failed for KRW-APT (spread: 0.0, attempt: 0)
2025-06-01 08:26:33,828 [F3] [F3] Market order failed for KRW-APT (spread: 0.0, attempt: 0)
2025-06-01 08:26:36,929 [F3] [F3] Market order failed for KRW-APT (spread: 0.0, attempt: 0)
2025-06-01 08:26:38,614 [F3] [F3] Market order failed for KRW-UXLINK (spread: 0.0, attempt: 0)
2025-06-01 08:26:41,754 [F3] [F3] Market order failed for KRW-UXLINK (spread: 0.0, attempt: 0)
2025-06-01 08:26:44,861 [F3] [F3] Market order failed for KRW-UXLINK (spread: 0.0, attempt: 0)
2025-06-01 08:26:47,402 [F3] [F3] Market order failed for KRW-UXLINK (spread: 0.0, attempt: 0)
2025-06-01 08:26:50,526 [F3] [F3] Market order failed for KRW-UXLINK (spread: 0.0, attempt: 0)
2025-06-01 08:26:53,667 [F3] [F3] Market order failed for KRW-UXLINK (spread: 0.0, attempt: 0)
2025-06-01 08:26:54,979 [F3] [F3] Market order failed for KRW-APT (spread: 0.0, attempt: 0)
2025-06-01 08:26:58,057 [F3] [F3] Market order failed for KRW-APT (spread: 0.0, attempt: 0)
2025-06-01 08:27:01,155 [F3] [F3] Market order failed for KRW-APT (spread: 0.0, attempt: 0)
2025-06-01 08:27:02,911 [F3] [F3] Market order failed for KRW-UXLINK (spread: 0.0, attempt: 0)
2025-06-01 08:27:06,028 [F3] [F3] Market order failed for KRW-UXLINK (spread: 0.0, attempt: 0)
2025-06-01 08:27:09,135 [F3] [F3] Market order failed for KRW-UXLINK (spread: 0.0, attempt: 0)
2025-06-01 08:27:13,307 [F3] [F3] Market order failed for KRW-AUCTION (spread: 0.0, attempt: 0)
2025-06-01 08:27:16,459 [F3] [F3] Market order failed for KRW-AUCTION (spread: 0.0, attempt: 0)
2025-06-01 08:27:19,585 [F3] [F3] Market order failed for KRW-AUCTION (spread: 0.0, attempt: 0)
2025-06-01 08:27:19,983 [F3] [F3] Market order failed for KRW-APT (spread: 0.0, attempt: 0)
2025-06-01 08:27:23,108 [F3] [F3] Market order failed for KRW-APT (spread: 0.0, attempt: 0)
2025-06-01 08:27:26,218 [F3] [F3] Market order failed for KRW-APT (spread: 0.0, attempt: 0)
2025-06-01 08:27:31,215 [F3] [F3] Market order failed for KRW-UXLINK (spread: 0.0, attempt: 0)
2025-06-01 08:27:34,330 [F3] [F3] Market order failed for KRW-UXLINK (spread: 0.0, attempt: 0)
2025-06-01 08:27:37,438 [F3] [F3] Market order failed for KRW-UXLINK (spread: 0.0, attempt: 0)
2025-06-01 08:27:38,872 [F3] [F3] Market order failed for KRW-AUCTION (spread: 0.0, attempt: 0)
2025-06-01 08:27:41,979 [F3] [F3] Market order failed for KRW-AUCTION (spread: 0.0, attempt: 0)
2025-06-01 08:27:45,147 [F3] [F3] Market order failed for KRW-AUCTION (spread: 0.0, attempt: 0)
2025-06-01 08:27:45,500 [F3] [F3] Market order failed for KRW-APT (spread: 0.0, attempt: 0)
2025-06-01 08:27:48,643 [F3] [F3] Market order failed for KRW-APT (spread: 0.0, attempt: 0)
2025-06-01 08:27:51,754 [F3] [F3] Market order failed for KRW-APT (spread: 0.0, attempt: 0)
2025-06-01 08:27:53,786 [F3] [F3] Market order failed for KRW-UXLINK (spread: 0.0, attempt: 0)
2025-06-01 08:27:56,899 [F3] [F3] Market order failed for KRW-UXLINK (spread: 0.0, attempt: 0)
2025-06-01 08:28:00,158 [F3] [F3] Market order failed for KRW-UXLINK (spread: 0.0, attempt: 0)
2025-06-01 08:28:02,220 [F3] [F3] Market order failed for KRW-AUCTION (spread: 0.0, attempt: 0)
2025-06-01 08:28:05,338 [F3] [F3] Market order failed for KRW-AUCTION (spread: 0.0, attempt: 0)
2025-06-01 08:28:08,465 [F3] [F3] Market order failed for KRW-AUCTION (spread: 0.0, attempt: 0)
2025-06-01 08:28:08,771 [F3] [F3] Market order failed for KRW-APT (spread: 0.0, attempt: 0)
2025-06-01 08:28:11,885 [F3] [F3] Market order failed for KRW-APT (spread: 0.0, attempt: 0)
2025-06-01 08:28:15,001 [F3] [F3] Market order failed for KRW-APT (spread: 0.0, attempt: 0)
2025-06-01 08:28:18,666 [F3] [F3] Market order failed for KRW-APT (spread: 0.0, attempt: 0)
2025-06-01 08:28:21,776 [F3] [F3] Market order failed for KRW-APT (spread: 0.0, attempt: 0)
2025-06-01 08:28:24,874 [F3] [F3] Market order failed for KRW-APT (spread: 0.0, attempt: 0)
2025-06-01 08:28:26,469 [F3] [F3] Market order failed for KRW-UXLINK (spread: 0.0, attempt: 0)
2025-06-01 08:28:29,585 [F3] [F3] Market order failed for KRW-UXLINK (spread: 0.0, attempt: 0)
2025-06-01 08:28:32,687 [F3] [F3] Market order failed for KRW-UXLINK (spread: 0.0, attempt: 0)
2025-06-01 08:28:33,226 [F3] [F3] Market order failed for KRW-AUCTION (spread: 0.0, attempt: 0)
2025-06-01 08:28:36,332 [F3] [F3] Market order failed for KRW-AUCTION (spread: 0.0, attempt: 0)
2025-06-01 08:28:39,428 [F3] [F3] Market order failed for KRW-AUCTION (spread: 0.0, attempt: 0)
2025-06-01 08:28:40,217 [F3] [F3] Market order failed for KRW-APT (spread: 0.0, attempt: 0)
2025-06-01 08:28:43,326 [F3] [F3] Market order failed for KRW-APT (spread: 0.0, attempt: 0)
2025-06-01 08:28:46,452 [F3] [F3] Market order failed for KRW-APT (spread: 0.0, attempt: 0)
2025-06-01 08:28:48,003 [F3] [F3] Market order failed for KRW-UXLINK (spread: 0.0, attempt: 0)
2025-06-01 08:28:51,098 [F3] [F3] Market order failed for KRW-UXLINK (spread: 0.0, attempt: 0)
2025-06-01 08:28:54,188 [F3] [F3] Market order failed for KRW-UXLINK (spread: 0.0, attempt: 0)
2025-06-01 08:28:54,685 [F3] [F3] Market order failed for KRW-AUCTION (spread: 0.0, attempt: 0)
2025-06-01 08:28:57,803 [F3] [F3] Market order failed for KRW-AUCTION (spread: 0.0, attempt: 0)
2025-06-01 08:29:00,900 [F3] [F3] Market order failed for KRW-AUCTION (spread: 0.0, attempt: 0)
2025-06-01 08:29:01,784 [F3] [F3] Market order failed for KRW-APT (spread: 0.0, attempt: 0)
2025-06-01 08:29:04,890 [F3] [F3] Market order failed for KRW-APT (spread: 0.0, attempt: 0)
2025-06-01 08:29:08,000 [F3] [F3] Market order failed for KRW-APT (spread: 0.0, attempt: 0)
2025-06-01 08:29:10,241 [F3] [F3] Market order failed for KRW-WAVES (spread: 0.0, attempt: 0)
2025-06-01 08:29:13,365 [F3] [F3] Market order failed for KRW-WAVES (spread: 0.0, attempt: 0)
2025-06-01 08:29:16,507 [F3] [F3] Market order failed for KRW-WAVES (spread: 0.0, attempt: 0)
2025-06-01 08:29:19,710 [F3] [F3] Market order failed for KRW-APT (spread: 0.0, attempt: 0)
2025-06-01 08:29:22,820 [F3] [F3] Market order failed for KRW-APT (spread: 0.0, attempt: 0)
2025-06-01 08:29:25,920 [F3] [F3] Market order failed for KRW-APT (spread: 0.0, attempt: 0)
2025-06-01 08:29:27,969 [F3] [F3] Market order failed for KRW-AUCTION (spread: 0.0, attempt: 0)
2025-06-01 08:29:31,062 [F3] [F3] Market order failed for KRW-AUCTION (spread: 0.0, attempt: 0)
2025-06-01 08:29:34,144 [F3] [F3] Market order failed for KRW-AUCTION (spread: 0.0, attempt: 0)
2025-06-01 08:29:34,555 [F3] [F3] Market order failed for KRW-WAVES (spread: 0.0, attempt: 0)
2025-06-01 08:29:37,646 [F3] [F3] Market order failed for KRW-WAVES (spread: 0.0, attempt: 0)
