2025-05-31 21:48:51,289 [F5] [INFO] [FEATURE] KRW-ADA_clean.parquet → KRW-ADA_feature.parquet, shape=(6, 85)
2025-05-31 21:48:51,346 [F5] [INFO] [FEATURE] KRW-AGLD_clean.parquet → KRW-AGLD_feature.parquet, shape=(22, 85)
2025-05-31 21:48:51,406 [F5] [INFO] [FEATURE] KRW-AKT_clean.parquet → KRW-AKT_feature.parquet, shape=(13, 85)
2025-05-31 21:48:51,465 [F5] [INFO] [FEATURE] KRW-APT_clean.parquet → KRW-APT_feature.parquet, shape=(12, 85)
2025-05-31 21:48:51,526 [F5] [INFO] [FEATURE] KRW-AQT_clean.parquet → KRW-AQT_feature.parquet, shape=(13, 85)
2025-05-31 21:48:51,585 [F5] [INFO] [FEATURE] KRW-ARB_clean.parquet → KRW-ARB_feature.parquet, shape=(10, 85)
2025-05-31 21:48:51,642 [F5] [INFO] [FEATURE] KRW-ARKM_clean.parquet → KRW-ARKM_feature.parquet, shape=(48, 85)
2025-05-31 21:48:51,713 [F5] [INFO] [FEATURE] KRW-ARK_clean.parquet → KRW-ARK_feature.parquet, shape=(1, 85)
2025-05-31 21:48:51,773 [F5] [INFO] [FEATURE] KRW-ATOM_clean.parquet → KRW-ATOM_feature.parquet, shape=(19, 85)
2025-05-31 21:48:51,825 [F5] [INFO] [FEATURE] KRW-AUCTION_clean.parquet → KRW-AUCTION_feature.parquet, shape=(61, 85)
2025-05-31 21:48:51,877 [F5] [INFO] [FEATURE] KRW-AXS_clean.parquet → KRW-AXS_feature.parquet, shape=(1, 85)
2025-05-31 21:48:51,932 [F5] [INFO] [FEATURE] KRW-BERA_clean.parquet → KRW-BERA_feature.parquet, shape=(21, 85)
2025-05-31 21:48:51,990 [F5] [INFO] [FEATURE] KRW-CARV_clean.parquet → KRW-CARV_feature.parquet, shape=(60, 85)
2025-05-31 21:48:52,062 [F5] [INFO] [FEATURE] KRW-CBK_clean.parquet → KRW-CBK_feature.parquet, shape=(1, 85)
2025-05-31 21:48:52,125 [F5] [INFO] [FEATURE] KRW-CELO_clean.parquet → KRW-CELO_feature.parquet, shape=(55, 85)
2025-05-31 21:48:52,186 [F5] [INFO] [FEATURE] KRW-COW_clean.parquet → KRW-COW_feature.parquet, shape=(47, 85)
2025-05-31 21:48:52,252 [F5] [INFO] [FEATURE] KRW-CTC_clean.parquet → KRW-CTC_feature.parquet, shape=(10, 85)
2025-05-31 21:48:52,311 [F5] [INFO] [FEATURE] KRW-DOT_clean.parquet → KRW-DOT_feature.parquet, shape=(98, 85)
2025-05-31 21:48:52,372 [F5] [INFO] [FEATURE] KRW-DRIFT_clean.parquet → KRW-DRIFT_feature.parquet, shape=(1, 85)
2025-05-31 21:48:52,430 [F5] [INFO] [FEATURE] KRW-EOS_clean.parquet → KRW-EOS_feature.parquet, shape=(84, 85)
2025-05-31 21:48:52,489 [F5] [INFO] [FEATURE] KRW-FIL_clean.parquet → KRW-FIL_feature.parquet, shape=(50, 85)
2025-05-31 21:48:52,548 [F5] [INFO] [FEATURE] KRW-FLOW_clean.parquet → KRW-FLOW_feature.parquet, shape=(46, 85)
2025-05-31 21:48:52,602 [F5] [INFO] [FEATURE] KRW-GAS_clean.parquet → KRW-GAS_feature.parquet, shape=(23, 85)
2025-05-31 21:48:52,658 [F5] [INFO] [FEATURE] KRW-IMX_clean.parquet → KRW-IMX_feature.parquet, shape=(56, 85)
2025-05-31 21:48:52,712 [F5] [INFO] [FEATURE] KRW-INJ_clean.parquet → KRW-INJ_feature.parquet, shape=(5, 85)
2025-05-31 21:48:52,765 [F5] [INFO] [FEATURE] KRW-JTO_clean.parquet → KRW-JTO_feature.parquet, shape=(63, 85)
2025-05-31 21:48:52,815 [F5] [INFO] [FEATURE] KRW-JUP_clean.parquet → KRW-JUP_feature.parquet, shape=(94, 85)
2025-05-31 21:48:52,862 [F5] [INFO] [FEATURE] KRW-KAITO_clean.parquet → KRW-KAITO_feature.parquet, shape=(21, 85)
2025-05-31 21:48:52,911 [F5] [INFO] [FEATURE] KRW-KAVA_clean.parquet → KRW-KAVA_feature.parquet, shape=(46, 85)
2025-05-31 21:48:52,959 [F5] [INFO] [FEATURE] KRW-LAYER_clean.parquet → KRW-LAYER_feature.parquet, shape=(14, 85)
2025-05-31 21:48:53,007 [F5] [INFO] [FEATURE] KRW-LINK_clean.parquet → KRW-LINK_feature.parquet, shape=(47, 85)
2025-05-31 21:48:53,061 [F5] [INFO] [FEATURE] KRW-LSK_clean.parquet → KRW-LSK_feature.parquet, shape=(1, 85)
2025-05-31 21:48:53,127 [F5] [INFO] [FEATURE] KRW-MASK_clean.parquet → KRW-MASK_feature.parquet, shape=(41, 85)
2025-05-31 21:48:53,180 [F5] [INFO] [FEATURE] KRW-ME_clean.parquet → KRW-ME_feature.parquet, shape=(15, 85)
2025-05-31 21:48:53,232 [F5] [INFO] [FEATURE] KRW-MNT_clean.parquet → KRW-MNT_feature.parquet, shape=(69, 85)
2025-05-31 21:48:53,285 [F5] [INFO] [FEATURE] KRW-MTL_clean.parquet → KRW-MTL_feature.parquet, shape=(1, 85)
2025-05-31 21:48:53,344 [F5] [INFO] [FEATURE] KRW-NEAR_clean.parquet → KRW-NEAR_feature.parquet, shape=(42, 85)
2025-05-31 21:48:53,402 [F5] [INFO] [FEATURE] KRW-NEO_clean.parquet → KRW-NEO_feature.parquet, shape=(25, 85)
2025-05-31 21:48:53,457 [F5] [INFO] [FEATURE] KRW-NXPC_clean.parquet → KRW-NXPC_feature.parquet, shape=(9, 85)
2025-05-31 21:48:53,519 [F5] [INFO] [FEATURE] KRW-OM_clean.parquet → KRW-OM_feature.parquet, shape=(54, 85)
2025-05-31 21:48:53,576 [F5] [INFO] [FEATURE] KRW-ONDO_clean.parquet → KRW-ONDO_feature.parquet, shape=(143, 85)
2025-05-31 21:48:53,640 [F5] [INFO] [FEATURE] KRW-ORCA_clean.parquet → KRW-ORCA_feature.parquet, shape=(142, 85)
2025-05-31 21:48:53,696 [F5] [INFO] [FEATURE] KRW-PENDLE_clean.parquet → KRW-PENDLE_feature.parquet, shape=(68, 85)
2025-05-31 21:48:53,755 [F5] [INFO] [FEATURE] KRW-PUNDIX_clean.parquet → KRW-PUNDIX_feature.parquet, shape=(126, 85)
2025-05-31 21:48:53,811 [F5] [INFO] [FEATURE] KRW-QTUM_clean.parquet → KRW-QTUM_feature.parquet, shape=(45, 85)
2025-05-31 21:48:53,862 [F5] [INFO] [FEATURE] KRW-RENDER_clean.parquet → KRW-RENDER_feature.parquet, shape=(81, 85)
2025-05-31 21:48:53,915 [F5] [INFO] [FEATURE] KRW-SAFE_clean.parquet → KRW-SAFE_feature.parquet, shape=(54, 85)
2025-05-31 21:48:53,961 [F5] [INFO] [FEATURE] KRW-STX_clean.parquet → KRW-STX_feature.parquet, shape=(43, 85)
2025-05-31 21:48:54,013 [F5] [INFO] [FEATURE] KRW-SUI_clean.parquet → KRW-SUI_feature.parquet, shape=(83, 85)
2025-05-31 21:48:54,058 [F5] [INFO] [FEATURE] KRW-TAIKO_clean.parquet → KRW-TAIKO_feature.parquet, shape=(3, 85)
2025-05-31 21:48:54,107 [F5] [INFO] [FEATURE] KRW-THETA_clean.parquet → KRW-THETA_feature.parquet, shape=(231, 85)
2025-05-31 21:48:54,168 [F5] [INFO] [FEATURE] KRW-TIA_clean.parquet → KRW-TIA_feature.parquet, shape=(249, 85)
2025-05-31 21:48:54,217 [F5] [INFO] [FEATURE] KRW-TOKAMAK_clean.parquet → KRW-TOKAMAK_feature.parquet, shape=(20, 85)
2025-05-31 21:48:54,269 [F5] [INFO] [FEATURE] KRW-TRUMP_clean.parquet → KRW-TRUMP_feature.parquet, shape=(44, 85)
2025-05-31 21:48:54,317 [F5] [INFO] [FEATURE] KRW-UNI_clean.parquet → KRW-UNI_feature.parquet, shape=(44, 85)
2025-05-31 21:48:54,367 [F5] [INFO] [FEATURE] KRW-USDC_clean.parquet → KRW-USDC_feature.parquet, shape=(27, 85)
2025-05-31 21:48:54,417 [F5] [INFO] [FEATURE] KRW-USDT_clean.parquet → KRW-USDT_feature.parquet, shape=(84, 85)
2025-05-31 21:48:54,470 [F5] [INFO] [FEATURE] KRW-UXLINK_clean.parquet → KRW-UXLINK_feature.parquet, shape=(128, 85)
2025-05-31 21:48:54,517 [F5] [INFO] [FEATURE] KRW-VANA_clean.parquet → KRW-VANA_feature.parquet, shape=(76, 85)
2025-05-31 21:48:54,569 [F5] [INFO] [FEATURE] KRW-VIRTUAL_clean.parquet → KRW-VIRTUAL_feature.parquet, shape=(217, 85)
2025-05-31 21:48:54,615 [F5] [INFO] [FEATURE] KRW-WAL_clean.parquet → KRW-WAL_feature.parquet, shape=(5, 85)
2025-05-31 21:48:54,664 [F5] [INFO] [FEATURE] KRW-WAVES_clean.parquet → KRW-WAVES_feature.parquet, shape=(85, 85)
2025-05-31 21:48:54,712 [F5] [INFO] [FEATURE] KRW-WCT_clean.parquet → KRW-WCT_feature.parquet, shape=(10, 85)
2025-05-31 21:48:54,759 [F5] [INFO] [FEATURE] KRW-XRP_clean.parquet → KRW-XRP_feature.parquet, shape=(98, 85)
2025-05-31 21:48:54,815 [F5] [INFO] [FEATURE] KRW-XTZ_clean.parquet → KRW-XTZ_feature.parquet, shape=(70, 85)
2025-05-31 21:48:54,882 [F5] [INFO] [FEATURE] KRW-ZRO_clean.parquet → KRW-ZRO_feature.parquet, shape=(1453, 85)
2025-05-31 21:49:59,470 [F5] [INFO] [FEATURE] KRW-ADA_clean.parquet → KRW-ADA_feature.parquet, shape=(7, 85)
2025-05-31 21:49:59,523 [F5] [INFO] [FEATURE] KRW-AGLD_clean.parquet → KRW-AGLD_feature.parquet, shape=(23, 85)
2025-05-31 21:49:59,575 [F5] [INFO] [FEATURE] KRW-AKT_clean.parquet → KRW-AKT_feature.parquet, shape=(15, 85)
2025-05-31 21:49:59,623 [F5] [INFO] [FEATURE] KRW-APT_clean.parquet → KRW-APT_feature.parquet, shape=(14, 85)
2025-05-31 21:49:59,671 [F5] [INFO] [FEATURE] KRW-AQT_clean.parquet → KRW-AQT_feature.parquet, shape=(13, 85)
2025-05-31 21:49:59,719 [F5] [INFO] [FEATURE] KRW-ARB_clean.parquet → KRW-ARB_feature.parquet, shape=(14, 85)
2025-05-31 21:49:59,765 [F5] [INFO] [FEATURE] KRW-ARKM_clean.parquet → KRW-ARKM_feature.parquet, shape=(50, 85)
2025-05-31 21:49:59,817 [F5] [INFO] [FEATURE] KRW-ARK_clean.parquet → KRW-ARK_feature.parquet, shape=(1, 85)
2025-05-31 21:49:59,869 [F5] [INFO] [FEATURE] KRW-ATOM_clean.parquet → KRW-ATOM_feature.parquet, shape=(20, 85)
2025-05-31 21:49:59,917 [F5] [INFO] [FEATURE] KRW-AUCTION_clean.parquet → KRW-AUCTION_feature.parquet, shape=(62, 85)
2025-05-31 21:49:59,964 [F5] [INFO] [FEATURE] KRW-AXS_clean.parquet → KRW-AXS_feature.parquet, shape=(6, 85)
2025-05-31 21:50:00,012 [F5] [INFO] [FEATURE] KRW-BERA_clean.parquet → KRW-BERA_feature.parquet, shape=(23, 85)
2025-05-31 21:50:00,062 [F5] [INFO] [FEATURE] KRW-CARV_clean.parquet → KRW-CARV_feature.parquet, shape=(61, 85)
2025-05-31 21:50:00,116 [F5] [INFO] [FEATURE] KRW-CBK_clean.parquet → KRW-CBK_feature.parquet, shape=(3, 85)
2025-05-31 21:50:00,167 [F5] [INFO] [FEATURE] KRW-CELO_clean.parquet → KRW-CELO_feature.parquet, shape=(55, 85)
2025-05-31 21:50:00,230 [F5] [INFO] [FEATURE] KRW-COW_clean.parquet → KRW-COW_feature.parquet, shape=(49, 85)
2025-05-31 21:50:00,287 [F5] [INFO] [FEATURE] KRW-CTC_clean.parquet → KRW-CTC_feature.parquet, shape=(10, 85)
2025-05-31 21:50:00,342 [F5] [INFO] [FEATURE] KRW-DOT_clean.parquet → KRW-DOT_feature.parquet, shape=(98, 85)
2025-05-31 21:50:00,389 [F5] [INFO] [FEATURE] KRW-DRIFT_clean.parquet → KRW-DRIFT_feature.parquet, shape=(1, 85)
2025-05-31 21:50:00,468 [F5] [INFO] [FEATURE] KRW-EOS_clean.parquet → KRW-EOS_feature.parquet, shape=(1, 85)
2025-05-31 21:50:00,522 [F5] [INFO] [FEATURE] KRW-FIL_clean.parquet → KRW-FIL_feature.parquet, shape=(1, 85)
2025-05-31 21:50:00,581 [F5] [INFO] [FEATURE] KRW-FLOW_clean.parquet → KRW-FLOW_feature.parquet, shape=(47, 85)
2025-05-31 21:50:00,641 [F5] [INFO] [FEATURE] KRW-GAS_clean.parquet → KRW-GAS_feature.parquet, shape=(24, 85)
2025-05-31 21:50:00,706 [F5] [INFO] [FEATURE] KRW-IMX_clean.parquet → KRW-IMX_feature.parquet, shape=(1, 85)
2025-05-31 21:50:00,768 [F5] [INFO] [FEATURE] KRW-INJ_clean.parquet → KRW-INJ_feature.parquet, shape=(7, 85)
2025-05-31 21:50:00,834 [F5] [INFO] [FEATURE] KRW-JTO_clean.parquet → KRW-JTO_feature.parquet, shape=(63, 85)
2025-05-31 21:50:00,888 [F5] [INFO] [FEATURE] KRW-JUP_clean.parquet → KRW-JUP_feature.parquet, shape=(95, 85)
2025-05-31 21:50:00,942 [F5] [INFO] [FEATURE] KRW-KAITO_clean.parquet → KRW-KAITO_feature.parquet, shape=(23, 85)
2025-05-31 21:50:00,993 [F5] [INFO] [FEATURE] KRW-KAVA_clean.parquet → KRW-KAVA_feature.parquet, shape=(46, 85)
2025-05-31 21:50:01,046 [F5] [INFO] [FEATURE] KRW-LAYER_clean.parquet → KRW-LAYER_feature.parquet, shape=(16, 85)
2025-05-31 21:50:01,099 [F5] [INFO] [FEATURE] KRW-LINK_clean.parquet → KRW-LINK_feature.parquet, shape=(49, 85)
2025-05-31 21:50:01,154 [F5] [INFO] [FEATURE] KRW-LSK_clean.parquet → KRW-LSK_feature.parquet, shape=(1, 85)
2025-05-31 21:50:01,217 [F5] [INFO] [FEATURE] KRW-MASK_clean.parquet → KRW-MASK_feature.parquet, shape=(41, 85)
2025-05-31 21:50:01,267 [F5] [INFO] [FEATURE] KRW-ME_clean.parquet → KRW-ME_feature.parquet, shape=(15, 85)
2025-05-31 21:50:01,325 [F5] [INFO] [FEATURE] KRW-MNT_clean.parquet → KRW-MNT_feature.parquet, shape=(69, 85)
2025-05-31 21:50:01,371 [F5] [INFO] [FEATURE] KRW-MTL_clean.parquet → KRW-MTL_feature.parquet, shape=(1, 85)
2025-05-31 21:50:01,424 [F5] [INFO] [FEATURE] KRW-NEAR_clean.parquet → KRW-NEAR_feature.parquet, shape=(44, 85)
2025-05-31 21:50:01,481 [F5] [INFO] [FEATURE] KRW-NEO_clean.parquet → KRW-NEO_feature.parquet, shape=(25, 85)
2025-05-31 21:50:01,529 [F5] [INFO] [FEATURE] KRW-NXPC_clean.parquet → KRW-NXPC_feature.parquet, shape=(10, 85)
2025-05-31 21:50:01,574 [F5] [INFO] [FEATURE] KRW-OM_clean.parquet → KRW-OM_feature.parquet, shape=(55, 85)
2025-05-31 21:50:01,629 [F5] [INFO] [FEATURE] KRW-ONDO_clean.parquet → KRW-ONDO_feature.parquet, shape=(144, 85)
2025-05-31 21:50:01,683 [F5] [INFO] [FEATURE] KRW-ORCA_clean.parquet → KRW-ORCA_feature.parquet, shape=(144, 85)
2025-05-31 21:50:01,740 [F5] [INFO] [FEATURE] KRW-PENDLE_clean.parquet → KRW-PENDLE_feature.parquet, shape=(69, 85)
2025-05-31 21:50:01,792 [F5] [INFO] [FEATURE] KRW-PUNDIX_clean.parquet → KRW-PUNDIX_feature.parquet, shape=(127, 85)
2025-05-31 21:50:01,845 [F5] [INFO] [FEATURE] KRW-QTUM_clean.parquet → KRW-QTUM_feature.parquet, shape=(48, 85)
2025-05-31 21:50:01,901 [F5] [INFO] [FEATURE] KRW-RENDER_clean.parquet → KRW-RENDER_feature.parquet, shape=(85, 85)
2025-05-31 21:50:01,955 [F5] [INFO] [FEATURE] KRW-SAFE_clean.parquet → KRW-SAFE_feature.parquet, shape=(55, 85)
2025-05-31 21:50:02,006 [F5] [INFO] [FEATURE] KRW-STX_clean.parquet → KRW-STX_feature.parquet, shape=(44, 85)
2025-05-31 21:50:02,060 [F5] [INFO] [FEATURE] KRW-SUI_clean.parquet → KRW-SUI_feature.parquet, shape=(84, 85)
2025-05-31 21:50:02,115 [F5] [INFO] [FEATURE] KRW-TAIKO_clean.parquet → KRW-TAIKO_feature.parquet, shape=(4, 85)
2025-05-31 21:50:02,173 [F5] [INFO] [FEATURE] KRW-THETA_clean.parquet → KRW-THETA_feature.parquet, shape=(232, 85)
2025-05-31 21:50:02,241 [F5] [INFO] [FEATURE] KRW-TIA_clean.parquet → KRW-TIA_feature.parquet, shape=(249, 85)
2025-05-31 21:50:02,290 [F5] [INFO] [FEATURE] KRW-TOKAMAK_clean.parquet → KRW-TOKAMAK_feature.parquet, shape=(20, 85)
2025-05-31 21:50:02,341 [F5] [INFO] [FEATURE] KRW-TRUMP_clean.parquet → KRW-TRUMP_feature.parquet, shape=(45, 85)
2025-05-31 21:50:02,397 [F5] [INFO] [FEATURE] KRW-UNI_clean.parquet → KRW-UNI_feature.parquet, shape=(44, 85)
2025-05-31 21:50:02,448 [F5] [INFO] [FEATURE] KRW-USDC_clean.parquet → KRW-USDC_feature.parquet, shape=(28, 85)
2025-05-31 21:50:02,494 [F5] [INFO] [FEATURE] KRW-USDT_clean.parquet → KRW-USDT_feature.parquet, shape=(85, 85)
2025-05-31 21:50:02,544 [F5] [INFO] [FEATURE] KRW-UXLINK_clean.parquet → KRW-UXLINK_feature.parquet, shape=(129, 85)
2025-05-31 21:50:02,593 [F5] [INFO] [FEATURE] KRW-VANA_clean.parquet → KRW-VANA_feature.parquet, shape=(76, 85)
2025-05-31 21:50:02,651 [F5] [INFO] [FEATURE] KRW-VIRTUAL_clean.parquet → KRW-VIRTUAL_feature.parquet, shape=(218, 85)
2025-05-31 21:50:02,705 [F5] [INFO] [FEATURE] KRW-WAL_clean.parquet → KRW-WAL_feature.parquet, shape=(5, 85)
2025-05-31 21:50:02,758 [F5] [INFO] [FEATURE] KRW-WAVES_clean.parquet → KRW-WAVES_feature.parquet, shape=(86, 85)
2025-05-31 21:50:02,810 [F5] [INFO] [FEATURE] KRW-WCT_clean.parquet → KRW-WCT_feature.parquet, shape=(11, 85)
2025-05-31 21:50:02,868 [F5] [INFO] [FEATURE] KRW-XRP_clean.parquet → KRW-XRP_feature.parquet, shape=(99, 85)
2025-05-31 21:50:02,927 [F5] [INFO] [FEATURE] KRW-XTZ_clean.parquet → KRW-XTZ_feature.parquet, shape=(70, 85)
2025-05-31 21:50:02,993 [F5] [INFO] [FEATURE] KRW-ZRO_clean.parquet → KRW-ZRO_feature.parquet, shape=(1456, 85)
