2025-05-31 21:49:15,874 [F5] [INFO] [PREDICT] KRW-ADA → KRW-ADA_pred.csv (총 6건, 신호 0건)
2025-05-31 21:49:15,901 [F5] [INFO] [PREDICT] KRW-AGLD → KRW-AGLD_pred.csv (총 22건, 신호 22건)
2025-05-31 21:49:15,928 [F5] [INFO] [PREDICT] KRW-AKT → KRW-AKT_pred.csv (총 13건, 신호 13건)
2025-05-31 21:49:15,954 [F5] [INFO] [PREDICT] KRW-APT → KRW-APT_pred.csv (총 12건, 신호 0건)
2025-05-31 21:49:15,978 [F5] [INFO] [PREDICT] KRW-AQT → KRW-AQT_pred.csv (총 13건, 신호 13건)
2025-05-31 21:49:16,003 [F5] [INFO] [PREDICT] KRW-ARB → KRW-ARB_pred.csv (총 10건, 신호 10건)
2025-05-31 21:49:16,036 [F5] [INFO] [PREDICT] KRW-ARKM → KRW-ARKM_pred.csv (총 48건, 신호 0건)
2025-05-31 21:49:16,064 [F5] [INFO] [PREDICT] KRW-ARK → KRW-ARK_pred.csv (총 1건, 신호 0건)
2025-05-31 21:49:16,089 [F5] [INFO] [PREDICT] KRW-ATOM → KRW-ATOM_pred.csv (총 19건, 신호 19건)
2025-05-31 21:49:16,118 [F5] [INFO] [PREDICT] KRW-AUCTION → KRW-AUCTION_pred.csv (총 61건, 신호 8건)
2025-05-31 21:49:16,146 [F5] [INFO] [PREDICT] KRW-AXS → KRW-AXS_pred.csv (총 1건, 신호 0건)
2025-05-31 21:49:16,172 [F5] [INFO] [PREDICT] KRW-BERA → KRW-BERA_pred.csv (총 21건, 신호 0건)
2025-05-31 21:49:16,211 [F5] [INFO] [PREDICT] KRW-CARV → KRW-CARV_pred.csv (총 60건, 신호 19건)
2025-05-31 21:49:16,234 [F5] [INFO] [PREDICT] KRW-CBK → KRW-CBK_pred.csv (총 1건, 신호 1건)
2025-05-31 21:49:16,264 [F5] [INFO] [PREDICT] KRW-CELO → KRW-CELO_pred.csv (총 55건, 신호 55건)
2025-05-31 21:49:16,295 [F5] [INFO] [PREDICT] KRW-COW → KRW-COW_pred.csv (총 47건, 신호 47건)
2025-05-31 21:49:16,320 [F5] [INFO] [PREDICT] KRW-CTC → KRW-CTC_pred.csv (총 10건, 신호 10건)
2025-05-31 21:49:16,360 [F5] [INFO] [PREDICT] KRW-DOT → KRW-DOT_pred.csv (총 98건, 신호 24건)
2025-05-31 21:49:16,384 [F5] [INFO] [PREDICT] KRW-DRIFT → KRW-DRIFT_pred.csv (총 1건, 신호 0건)
2025-05-31 21:49:16,435 [F5] [INFO] [PREDICT] KRW-EOS → KRW-EOS_pred.csv (총 84건, 신호 38건)
2025-05-31 21:49:16,466 [F5] [INFO] [PREDICT] KRW-FIL → KRW-FIL_pred.csv (총 50건, 신호 50건)
2025-05-31 21:49:16,498 [F5] [INFO] [PREDICT] KRW-FLOW → KRW-FLOW_pred.csv (총 46건, 신호 46건)
2025-05-31 21:49:16,526 [F5] [INFO] [PREDICT] KRW-GAS → KRW-GAS_pred.csv (총 23건, 신호 0건)
2025-05-31 21:49:16,555 [F5] [INFO] [PREDICT] KRW-IMX → KRW-IMX_pred.csv (총 56건, 신호 56건)
2025-05-31 21:49:16,581 [F5] [INFO] [PREDICT] KRW-INJ → KRW-INJ_pred.csv (총 5건, 신호 0건)
2025-05-31 21:49:16,614 [F5] [INFO] [PREDICT] KRW-JTO → KRW-JTO_pred.csv (총 63건, 신호 63건)
2025-05-31 21:49:16,651 [F5] [INFO] [PREDICT] KRW-JUP → KRW-JUP_pred.csv (총 94건, 신호 20건)
2025-05-31 21:49:16,679 [F5] [INFO] [PREDICT] KRW-KAITO → KRW-KAITO_pred.csv (총 21건, 신호 21건)
2025-05-31 21:49:16,712 [F5] [INFO] [PREDICT] KRW-KAVA → KRW-KAVA_pred.csv (총 46건, 신호 46건)
2025-05-31 21:49:16,739 [F5] [INFO] [PREDICT] KRW-LAYER → KRW-LAYER_pred.csv (총 14건, 신호 14건)
2025-05-31 21:49:16,769 [F5] [INFO] [PREDICT] KRW-LINK → KRW-LINK_pred.csv (총 47건, 신호 47건)
2025-05-31 21:49:16,799 [F5] [INFO] [PREDICT] KRW-LSK → KRW-LSK_pred.csv (총 1건, 신호 1건)
2025-05-31 21:49:16,828 [F5] [INFO] [PREDICT] KRW-MASK → KRW-MASK_pred.csv (총 41건, 신호 0건)
2025-05-31 21:49:16,853 [F5] [INFO] [PREDICT] KRW-ME → KRW-ME_pred.csv (총 15건, 신호 0건)
2025-05-31 21:49:16,892 [F5] [INFO] [PREDICT] KRW-MNT → KRW-MNT_pred.csv (총 69건, 신호 9건)
2025-05-31 21:49:16,918 [F5] [INFO] [PREDICT] KRW-MTL → KRW-MTL_pred.csv (총 1건, 신호 1건)
2025-05-31 21:49:16,954 [F5] [INFO] [PREDICT] KRW-NEAR → KRW-NEAR_pred.csv (총 42건, 신호 42건)
2025-05-31 21:49:16,982 [F5] [INFO] [PREDICT] KRW-NEO → KRW-NEO_pred.csv (총 25건, 신호 0건)
2025-05-31 21:49:17,009 [F5] [INFO] [PREDICT] KRW-NXPC → KRW-NXPC_pred.csv (총 9건, 신호 0건)
2025-05-31 21:49:17,038 [F5] [INFO] [PREDICT] KRW-OM → KRW-OM_pred.csv (총 54건, 신호 0건)
2025-05-31 21:49:17,079 [F5] [INFO] [PREDICT] KRW-ONDO → KRW-ONDO_pred.csv (총 143건, 신호 12건)
2025-05-31 21:49:17,127 [F5] [INFO] [PREDICT] KRW-ORCA → KRW-ORCA_pred.csv (총 142건, 신호 24건)
2025-05-31 21:49:17,162 [F5] [INFO] [PREDICT] KRW-PENDLE → KRW-PENDLE_pred.csv (총 68건, 신호 27건)
2025-05-31 21:49:17,202 [F5] [INFO] [PREDICT] KRW-PUNDIX → KRW-PUNDIX_pred.csv (총 126건, 신호 15건)
2025-05-31 21:49:17,234 [F5] [INFO] [PREDICT] KRW-QTUM → KRW-QTUM_pred.csv (총 45건, 신호 0건)
2025-05-31 21:49:17,266 [F5] [INFO] [PREDICT] KRW-RENDER → KRW-RENDER_pred.csv (총 81건, 신호 27건)
2025-05-31 21:49:17,299 [F5] [INFO] [PREDICT] KRW-SAFE → KRW-SAFE_pred.csv (총 54건, 신호 54건)
2025-05-31 21:49:17,331 [F5] [INFO] [PREDICT] KRW-STX → KRW-STX_pred.csv (총 43건, 신호 0건)
2025-05-31 21:49:17,364 [F5] [INFO] [PREDICT] KRW-SUI → KRW-SUI_pred.csv (총 83건, 신호 6건)
2025-05-31 21:49:17,395 [F5] [INFO] [PREDICT] KRW-TAIKO → KRW-TAIKO_pred.csv (총 3건, 신호 0건)
2025-05-31 21:49:17,445 [F5] [INFO] [PREDICT] KRW-THETA → KRW-THETA_pred.csv (총 231건, 신호 17건)
2025-05-31 21:49:17,498 [F5] [INFO] [PREDICT] KRW-TIA → KRW-TIA_pred.csv (총 249건, 신호 33건)
2025-05-31 21:49:17,527 [F5] [INFO] [PREDICT] KRW-TOKAMAK → KRW-TOKAMAK_pred.csv (총 20건, 신호 20건)
2025-05-31 21:49:17,558 [F5] [INFO] [PREDICT] KRW-TRUMP → KRW-TRUMP_pred.csv (총 44건, 신호 0건)
2025-05-31 21:49:17,591 [F5] [INFO] [PREDICT] KRW-UNI → KRW-UNI_pred.csv (총 44건, 신호 0건)
2025-05-31 21:49:17,625 [F5] [INFO] [PREDICT] KRW-USDC → KRW-USDC_pred.csv (총 27건, 신호 0건)
2025-05-31 21:49:17,660 [F5] [INFO] [PREDICT] KRW-USDT → KRW-USDT_pred.csv (총 84건, 신호 0건)
2025-05-31 21:49:17,699 [F5] [INFO] [PREDICT] KRW-UXLINK → KRW-UXLINK_pred.csv (총 128건, 신호 36건)
2025-05-31 21:49:17,733 [F5] [INFO] [PREDICT] KRW-VANA → KRW-VANA_pred.csv (총 76건, 신호 12건)
2025-05-31 21:49:17,793 [F5] [INFO] [PREDICT] KRW-VIRTUAL → KRW-VIRTUAL_pred.csv (총 217건, 신호 80건)
2025-05-31 21:49:17,817 [F5] [INFO] [PREDICT] KRW-WAL → KRW-WAL_pred.csv (총 5건, 신호 0건)
2025-05-31 21:49:17,850 [F5] [INFO] [PREDICT] KRW-WAVES → KRW-WAVES_pred.csv (총 85건, 신호 11건)
2025-05-31 21:49:17,877 [F5] [INFO] [PREDICT] KRW-WCT → KRW-WCT_pred.csv (총 10건, 신호 10건)
2025-05-31 21:49:17,915 [F5] [INFO] [PREDICT] KRW-XRP → KRW-XRP_pred.csv (총 98건, 신호 14건)
2025-05-31 21:49:17,948 [F5] [INFO] [PREDICT] KRW-XTZ → KRW-XTZ_pred.csv (총 70건, 신호 19건)
2025-05-31 21:49:18,088 [F5] [INFO] [PREDICT] KRW-ZRO → KRW-ZRO_pred.csv (총 1453건, 신호 3건)
2025-05-31 21:50:25,156 [F5] [INFO] [PREDICT] KRW-ADA → KRW-ADA_pred.csv (총 7건, 신호 0건)
2025-05-31 21:50:25,190 [F5] [INFO] [PREDICT] KRW-AGLD → KRW-AGLD_pred.csv (총 23건, 신호 23건)
2025-05-31 21:50:25,220 [F5] [INFO] [PREDICT] KRW-AKT → KRW-AKT_pred.csv (총 15건, 신호 0건)
2025-05-31 21:50:25,249 [F5] [INFO] [PREDICT] KRW-APT → KRW-APT_pred.csv (총 14건, 신호 14건)
2025-05-31 21:50:25,276 [F5] [INFO] [PREDICT] KRW-AQT → KRW-AQT_pred.csv (총 13건, 신호 13건)
2025-05-31 21:50:25,309 [F5] [INFO] [PREDICT] KRW-ARB → KRW-ARB_pred.csv (총 14건, 신호 0건)
2025-05-31 21:50:25,342 [F5] [INFO] [PREDICT] KRW-ARKM → KRW-ARKM_pred.csv (총 50건, 신호 50건)
2025-05-31 21:50:25,371 [F5] [INFO] [PREDICT] KRW-ARK → KRW-ARK_pred.csv (총 1건, 신호 0건)
2025-05-31 21:50:25,402 [F5] [INFO] [PREDICT] KRW-ATOM → KRW-ATOM_pred.csv (총 20건, 신호 20건)
2025-05-31 21:50:25,433 [F5] [INFO] [PREDICT] KRW-AUCTION → KRW-AUCTION_pred.csv (총 62건, 신호 6건)
2025-05-31 21:50:25,461 [F5] [INFO] [PREDICT] KRW-AXS → KRW-AXS_pred.csv (총 6건, 신호 0건)
2025-05-31 21:50:25,491 [F5] [INFO] [PREDICT] KRW-BERA → KRW-BERA_pred.csv (총 23건, 신호 0건)
2025-05-31 21:50:25,524 [F5] [INFO] [PREDICT] KRW-CARV → KRW-CARV_pred.csv (총 61건, 신호 19건)
2025-05-31 21:50:25,555 [F5] [INFO] [PREDICT] KRW-CBK → KRW-CBK_pred.csv (총 3건, 신호 3건)
2025-05-31 21:50:25,586 [F5] [INFO] [PREDICT] KRW-CELO → KRW-CELO_pred.csv (총 55건, 신호 55건)
2025-05-31 21:50:25,618 [F5] [INFO] [PREDICT] KRW-COW → KRW-COW_pred.csv (총 49건, 신호 49건)
2025-05-31 21:50:25,645 [F5] [INFO] [PREDICT] KRW-CTC → KRW-CTC_pred.csv (총 10건, 신호 10건)
2025-05-31 21:50:25,681 [F5] [INFO] [PREDICT] KRW-DOT → KRW-DOT_pred.csv (총 98건, 신호 24건)
2025-05-31 21:50:25,708 [F5] [INFO] [PREDICT] KRW-DRIFT → KRW-DRIFT_pred.csv (총 1건, 신호 0건)
2025-05-31 21:50:25,745 [F5] [INFO] [PREDICT] KRW-EOS → KRW-EOS_pred.csv (총 1건, 신호 1건)
2025-05-31 21:50:25,775 [F5] [INFO] [PREDICT] KRW-FIL → KRW-FIL_pred.csv (총 1건, 신호 1건)
2025-05-31 21:50:25,811 [F5] [INFO] [PREDICT] KRW-FLOW → KRW-FLOW_pred.csv (총 47건, 신호 47건)
2025-05-31 21:50:25,852 [F5] [INFO] [PREDICT] KRW-GAS → KRW-GAS_pred.csv (총 24건, 신호 0건)
2025-05-31 21:50:25,885 [F5] [INFO] [PREDICT] KRW-IMX → KRW-IMX_pred.csv (총 1건, 신호 1건)
2025-05-31 21:50:25,916 [F5] [INFO] [PREDICT] KRW-INJ → KRW-INJ_pred.csv (총 7건, 신호 0건)
2025-05-31 21:50:25,962 [F5] [INFO] [PREDICT] KRW-JTO → KRW-JTO_pred.csv (총 63건, 신호 63건)
2025-05-31 21:50:25,999 [F5] [INFO] [PREDICT] KRW-JUP → KRW-JUP_pred.csv (총 95건, 신호 20건)
2025-05-31 21:50:26,029 [F5] [INFO] [PREDICT] KRW-KAITO → KRW-KAITO_pred.csv (총 23건, 신호 23건)
2025-05-31 21:50:26,064 [F5] [INFO] [PREDICT] KRW-KAVA → KRW-KAVA_pred.csv (총 46건, 신호 0건)
2025-05-31 21:50:26,095 [F5] [INFO] [PREDICT] KRW-LAYER → KRW-LAYER_pred.csv (총 16건, 신호 16건)
2025-05-31 21:50:26,127 [F5] [INFO] [PREDICT] KRW-LINK → KRW-LINK_pred.csv (총 49건, 신호 0건)
2025-05-31 21:50:26,159 [F5] [INFO] [PREDICT] KRW-LSK → KRW-LSK_pred.csv (총 1건, 신호 1건)
2025-05-31 21:50:26,193 [F5] [INFO] [PREDICT] KRW-MASK → KRW-MASK_pred.csv (총 41건, 신호 0건)
2025-05-31 21:50:26,222 [F5] [INFO] [PREDICT] KRW-ME → KRW-ME_pred.csv (총 15건, 신호 0건)
2025-05-31 21:50:26,258 [F5] [INFO] [PREDICT] KRW-MNT → KRW-MNT_pred.csv (총 69건, 신호 9건)
2025-05-31 21:50:26,284 [F5] [INFO] [PREDICT] KRW-MTL → KRW-MTL_pred.csv (총 1건, 신호 1건)
2025-05-31 21:50:26,317 [F5] [INFO] [PREDICT] KRW-NEAR → KRW-NEAR_pred.csv (총 44건, 신호 44건)
2025-05-31 21:50:26,347 [F5] [INFO] [PREDICT] KRW-NEO → KRW-NEO_pred.csv (총 25건, 신호 0건)
2025-05-31 21:50:26,375 [F5] [INFO] [PREDICT] KRW-NXPC → KRW-NXPC_pred.csv (총 10건, 신호 10건)
2025-05-31 21:50:26,407 [F5] [INFO] [PREDICT] KRW-OM → KRW-OM_pred.csv (총 55건, 신호 55건)
2025-05-31 21:50:26,453 [F5] [INFO] [PREDICT] KRW-ONDO → KRW-ONDO_pred.csv (총 144건, 신호 12건)
2025-05-31 21:50:26,497 [F5] [INFO] [PREDICT] KRW-ORCA → KRW-ORCA_pred.csv (총 144건, 신호 24건)
2025-05-31 21:50:26,531 [F5] [INFO] [PREDICT] KRW-PENDLE → KRW-PENDLE_pred.csv (총 69건, 신호 27건)
2025-05-31 21:50:26,573 [F5] [INFO] [PREDICT] KRW-PUNDIX → KRW-PUNDIX_pred.csv (총 127건, 신호 15건)
2025-05-31 21:50:26,606 [F5] [INFO] [PREDICT] KRW-QTUM → KRW-QTUM_pred.csv (총 48건, 신호 0건)
2025-05-31 21:50:26,642 [F5] [INFO] [PREDICT] KRW-RENDER → KRW-RENDER_pred.csv (총 85건, 신호 27건)
2025-05-31 21:50:26,677 [F5] [INFO] [PREDICT] KRW-SAFE → KRW-SAFE_pred.csv (총 55건, 신호 55건)
2025-05-31 21:50:26,712 [F5] [INFO] [PREDICT] KRW-STX → KRW-STX_pred.csv (총 44건, 신호 0건)
2025-05-31 21:50:26,750 [F5] [INFO] [PREDICT] KRW-SUI → KRW-SUI_pred.csv (총 84건, 신호 6건)
2025-05-31 21:50:26,783 [F5] [INFO] [PREDICT] KRW-TAIKO → KRW-TAIKO_pred.csv (총 4건, 신호 0건)
2025-05-31 21:50:26,836 [F5] [INFO] [PREDICT] KRW-THETA → KRW-THETA_pred.csv (총 232건, 신호 18건)
2025-05-31 21:50:26,893 [F5] [INFO] [PREDICT] KRW-TIA → KRW-TIA_pred.csv (총 249건, 신호 33건)
2025-05-31 21:50:26,925 [F5] [INFO] [PREDICT] KRW-TOKAMAK → KRW-TOKAMAK_pred.csv (총 20건, 신호 20건)
2025-05-31 21:50:26,959 [F5] [INFO] [PREDICT] KRW-TRUMP → KRW-TRUMP_pred.csv (총 45건, 신호 0건)
2025-05-31 21:50:26,991 [F5] [INFO] [PREDICT] KRW-UNI → KRW-UNI_pred.csv (총 44건, 신호 0건)
2025-05-31 21:50:27,027 [F5] [INFO] [PREDICT] KRW-USDC → KRW-USDC_pred.csv (총 28건, 신호 0건)
2025-05-31 21:50:27,067 [F5] [INFO] [PREDICT] KRW-USDT → KRW-USDT_pred.csv (총 85건, 신호 0건)
2025-05-31 21:50:27,110 [F5] [INFO] [PREDICT] KRW-UXLINK → KRW-UXLINK_pred.csv (총 129건, 신호 37건)
2025-05-31 21:50:27,146 [F5] [INFO] [PREDICT] KRW-VANA → KRW-VANA_pred.csv (총 76건, 신호 12건)
2025-05-31 21:50:27,198 [F5] [INFO] [PREDICT] KRW-VIRTUAL → KRW-VIRTUAL_pred.csv (총 218건, 신호 78건)
2025-05-31 21:50:27,226 [F5] [INFO] [PREDICT] KRW-WAL → KRW-WAL_pred.csv (총 5건, 신호 0건)
2025-05-31 21:50:27,267 [F5] [INFO] [PREDICT] KRW-WAVES → KRW-WAVES_pred.csv (총 86건, 신호 11건)
2025-05-31 21:50:27,295 [F5] [INFO] [PREDICT] KRW-WCT → KRW-WCT_pred.csv (총 11건, 신호 0건)
2025-05-31 21:50:27,335 [F5] [INFO] [PREDICT] KRW-XRP → KRW-XRP_pred.csv (총 99건, 신호 14건)
2025-05-31 21:50:27,371 [F5] [INFO] [PREDICT] KRW-XTZ → KRW-XTZ_pred.csv (총 70건, 신호 19건)
2025-05-31 21:50:27,519 [F5] [INFO] [PREDICT] KRW-ZRO → KRW-ZRO_pred.csv (총 1456건, 신호 6건)
