2025-05-31 21:49:01,249 [F5] [INFO] [SETUP] SPLIT_DIR=D:\UPBIT_ML\f5_ml_pipeline\ml_data\05_split
2025-05-31 21:49:01,249 [F5] [INFO] [SETUP] MODEL_DIR=D:\UPBIT_ML\f5_ml_pipeline\ml_data\06_models
2025-05-31 21:49:01,368 [F5] [WARNING] KRW-ADA 학습 스킵: 라벨이 한 종류뿐입니다.
2025-05-31 21:49:02,886 [F5] [INFO] [TRAIN] KRW-AGLD saved model KRW-AGLD_model.pkl and metrics 0.5 (label=2 0건)
2025-05-31 21:49:02,947 [F5] [INFO] [TRAIN] KRW-AKT saved model KRW-AKT_model.pkl and metrics 0.0 (label=2 0건)
2025-05-31 21:49:03,017 [F5] [INFO] [TRAIN] KRW-APT saved model KRW-APT_model.pkl and metrics 1.0 (label=2 0건)
2025-05-31 21:49:03,084 [F5] [INFO] [TRAIN] KRW-AQT saved model KRW-AQT_model.pkl and metrics 0.0 (label=2 0건)
2025-05-31 21:49:03,110 [F5] [WARNING] KRW-ARB 학습 스킵: 라벨이 한 종류뿐입니다.
2025-05-31 21:49:03,172 [F5] [INFO] [TRAIN] KRW-ARKM saved model KRW-ARKM_model.pkl and metrics 0.0 (label=2 0건)
2025-05-31 21:49:03,197 [F5] [WARNING] KRW-ARK 학습 스킵: 라벨이 한 종류뿐입니다.
2025-05-31 21:49:03,261 [F5] [INFO] [TRAIN] KRW-ATOM saved model KRW-ATOM_model.pkl and metrics 0.0 (label=2 0건)
2025-05-31 21:49:03,346 [F5] [INFO] [TRAIN] KRW-AUCTION saved model KRW-AUCTION_model.pkl and metrics 0.8333333333333334 (label=2 0건)
2025-05-31 21:49:03,372 [F5] [WARNING] KRW-AXS 학습 스킵: 라벨이 한 종류뿐입니다.
2025-05-31 21:49:03,437 [F5] [INFO] [TRAIN] KRW-BERA saved model KRW-BERA_model.pkl and metrics 1.0 (label=2 0건)
2025-05-31 21:49:03,504 [F5] [INFO] [TRAIN] KRW-CARV saved model KRW-CARV_model.pkl and metrics 0.5 (label=2 0건)
2025-05-31 21:49:03,528 [F5] [WARNING] KRW-CBK 학습 스킵: 라벨이 한 종류뿐입니다.
2025-05-31 21:49:03,612 [F5] [INFO] [TRAIN] KRW-CELO saved model KRW-CELO_model.pkl and metrics 0.0 (label=2 0건)
2025-05-31 21:49:03,682 [F5] [INFO] [TRAIN] KRW-COW saved model KRW-COW_model.pkl and metrics 0.1111111111111111 (label=2 0건)
2025-05-31 21:49:03,750 [F5] [INFO] [TRAIN] KRW-CTC saved model KRW-CTC_model.pkl and metrics 0.0 (label=2 0건)
2025-05-31 21:49:03,832 [F5] [INFO] [TRAIN] KRW-DOT saved model KRW-DOT_model.pkl and metrics 0.6842105263157895 (label=2 0건)
2025-05-31 21:49:03,859 [F5] [WARNING] KRW-DRIFT 학습 스킵: 라벨이 한 종류뿐입니다.
2025-05-31 21:49:04,087 [F5] [INFO] [TRAIN] KRW-EOS saved model KRW-EOS_model.pkl and metrics 0.625 (label=2 0건)
2025-05-31 21:49:04,168 [F5] [INFO] [TRAIN] KRW-FIL saved model KRW-FIL_model.pkl and metrics 0.1 (label=2 0건)
2025-05-31 21:49:04,235 [F5] [INFO] [TRAIN] KRW-FLOW saved model KRW-FLOW_model.pkl and metrics 0.1111111111111111 (label=2 0건)
2025-05-31 21:49:04,302 [F5] [INFO] [TRAIN] KRW-GAS saved model KRW-GAS_model.pkl and metrics 1.0 (label=2 0건)
2025-05-31 21:49:04,369 [F5] [INFO] [TRAIN] KRW-IMX saved model KRW-IMX_model.pkl and metrics 0.18181818181818182 (label=2 0건)
2025-05-31 21:49:04,394 [F5] [WARNING] KRW-INJ 학습 스킵: 라벨이 한 종류뿐입니다.
2025-05-31 21:49:04,420 [F5] [WARNING] KRW-JTO 학습 스킵: 라벨이 한 종류뿐입니다.
2025-05-31 21:49:04,499 [F5] [INFO] [TRAIN] KRW-JUP saved model KRW-JUP_model.pkl and metrics 0.7222222222222222 (label=2 0건)
2025-05-31 21:49:04,565 [F5] [INFO] [TRAIN] KRW-KAITO saved model KRW-KAITO_model.pkl and metrics 0.25 (label=2 0건)
2025-05-31 21:49:04,630 [F5] [INFO] [TRAIN] KRW-KAVA saved model KRW-KAVA_model.pkl and metrics 0.2222222222222222 (label=2 0건)
2025-05-31 21:49:04,697 [F5] [INFO] [TRAIN] KRW-LAYER saved model KRW-LAYER_model.pkl and metrics 0.0 (label=2 0건)
2025-05-31 21:49:04,760 [F5] [INFO] [TRAIN] KRW-LINK saved model KRW-LINK_model.pkl and metrics 0.2222222222222222 (label=2 0건)
2025-05-31 21:49:04,784 [F5] [WARNING] KRW-LSK 학습 스킵: 라벨이 한 종류뿐입니다.
2025-05-31 21:49:04,853 [F5] [INFO] [TRAIN] KRW-MASK saved model KRW-MASK_model.pkl and metrics 0.75 (label=2 0건)
2025-05-31 21:49:04,916 [F5] [INFO] [TRAIN] KRW-ME saved model KRW-ME_model.pkl and metrics 1.0 (label=2 0건)
2025-05-31 21:49:04,941 [F5] [WARNING] KRW-MNT 학습 스킵: 라벨이 한 종류뿐입니다.
2025-05-31 21:49:04,967 [F5] [WARNING] KRW-MTL 학습 스킵: 라벨이 한 종류뿐입니다.
2025-05-31 21:49:05,040 [F5] [INFO] [TRAIN] KRW-NEAR saved model KRW-NEAR_model.pkl and metrics 0.25 (label=2 0건)
2025-05-31 21:49:05,106 [F5] [INFO] [TRAIN] KRW-NEO saved model KRW-NEO_model.pkl and metrics 1.0 (label=2 0건)
2025-05-31 21:49:05,174 [F5] [INFO] [TRAIN] KRW-NXPC saved model KRW-NXPC_model.pkl and metrics 1.0 (label=2 0건)
2025-05-31 21:49:05,278 [F5] [INFO] [TRAIN] KRW-OM saved model KRW-OM_model.pkl and metrics 0.4 (label=2 0건)
2025-05-31 21:49:05,370 [F5] [INFO] [TRAIN] KRW-ONDO saved model KRW-ONDO_model.pkl and metrics 0.6785714285714286 (label=2 0건)
2025-05-31 21:49:05,536 [F5] [INFO] [TRAIN] KRW-ORCA saved model KRW-ORCA_model.pkl and metrics 0.8214285714285714 (label=2 0건)
2025-05-31 21:49:05,619 [F5] [INFO] [TRAIN] KRW-PENDLE saved model KRW-PENDLE_model.pkl and metrics 0.6923076923076923 (label=2 0건)
2025-05-31 21:49:05,700 [F5] [INFO] [TRAIN] KRW-PUNDIX saved model KRW-PUNDIX_model.pkl and metrics 0.76 (label=2 0건)
2025-05-31 21:49:05,771 [F5] [INFO] [TRAIN] KRW-QTUM saved model KRW-QTUM_model.pkl and metrics 1.0 (label=2 0건)
2025-05-31 21:49:05,837 [F5] [INFO] [TRAIN] KRW-RENDER saved model KRW-RENDER_model.pkl and metrics 0.5625 (label=2 0건)
2025-05-31 21:49:05,903 [F5] [INFO] [TRAIN] KRW-SAFE saved model KRW-SAFE_model.pkl and metrics 0.1 (label=2 0건)
2025-05-31 21:49:05,964 [F5] [INFO] [TRAIN] KRW-STX saved model KRW-STX_model.pkl and metrics 1.0 (label=2 0건)
2025-05-31 21:49:06,051 [F5] [INFO] [TRAIN] KRW-SUI saved model KRW-SUI_model.pkl and metrics 0.8125 (label=2 0건)
2025-05-31 21:49:06,076 [F5] [WARNING] KRW-TAIKO 학습 스킵: 라벨이 한 종류뿐입니다.
2025-05-31 21:49:06,181 [F5] [INFO] [TRAIN] KRW-THETA saved model KRW-THETA_model.pkl and metrics 0.8913043478260869 (label=2 0건)
2025-05-31 21:49:06,301 [F5] [INFO] [TRAIN] KRW-TIA saved model KRW-TIA_model.pkl and metrics 0.673469387755102 (label=2 0건)
2025-05-31 21:49:06,327 [F5] [WARNING] KRW-TOKAMAK 학습 스킵: 라벨이 한 종류뿐입니다.
2025-05-31 21:49:06,392 [F5] [INFO] [TRAIN] KRW-TRUMP saved model KRW-TRUMP_model.pkl and metrics 0.375 (label=2 0건)
2025-05-31 21:49:06,454 [F5] [INFO] [TRAIN] KRW-UNI saved model KRW-UNI_model.pkl and metrics 1.0 (label=2 0건)
2025-05-31 21:49:06,481 [F5] [WARNING] KRW-USDC 학습 스킵: 라벨이 한 종류뿐입니다.
2025-05-31 21:49:06,506 [F5] [WARNING] KRW-USDT 학습 스킵: 라벨이 한 종류뿐입니다.
2025-05-31 21:49:06,590 [F5] [INFO] [TRAIN] KRW-UXLINK saved model KRW-UXLINK_model.pkl and metrics 0.28 (label=2 0건)
2025-05-31 21:49:06,660 [F5] [INFO] [TRAIN] KRW-VANA saved model KRW-VANA_model.pkl and metrics 0.4 (label=2 0건)
2025-05-31 21:49:06,748 [F5] [INFO] [TRAIN] KRW-VIRTUAL saved model KRW-VIRTUAL_model.pkl and metrics 0.5348837209302325 (label=2 0건)
2025-05-31 21:49:06,777 [F5] [WARNING] KRW-WAL 학습 스킵: 라벨이 한 종류뿐입니다.
2025-05-31 21:49:06,905 [F5] [INFO] [TRAIN] KRW-WAVES saved model KRW-WAVES_model.pkl and metrics 1.0 (label=2 0건)
2025-05-31 21:49:06,973 [F5] [INFO] [TRAIN] KRW-WCT saved model KRW-WCT_model.pkl and metrics 0.0 (label=2 0건)
2025-05-31 21:49:07,143 [F5] [INFO] [TRAIN] KRW-XRP saved model KRW-XRP_model.pkl and metrics 0.9473684210526315 (label=2 0건)
2025-05-31 21:49:07,250 [F5] [INFO] [TRAIN] KRW-XTZ saved model KRW-XTZ_model.pkl and metrics 0.9285714285714286 (label=2 0건)
2025-05-31 21:49:07,460 [F5] [INFO] [TRAIN] KRW-ZRO saved model KRW-ZRO_model.pkl and metrics 1.0 (label=2 0건)
2025-05-31 21:50:09,847 [F5] [INFO] [SETUP] SPLIT_DIR=D:\UPBIT_ML\f5_ml_pipeline\ml_data\05_split
2025-05-31 21:50:09,847 [F5] [INFO] [SETUP] MODEL_DIR=D:\UPBIT_ML\f5_ml_pipeline\ml_data\06_models
2025-05-31 21:50:09,972 [F5] [WARNING] KRW-ADA 학습 스킵: 라벨이 한 종류뿐입니다.
2025-05-31 21:50:11,615 [F5] [INFO] [TRAIN] KRW-AGLD saved model KRW-AGLD_model.pkl and metrics 0.5 (label=2 0건)
2025-05-31 21:50:11,680 [F5] [INFO] [TRAIN] KRW-AKT saved model KRW-AKT_model.pkl and metrics 1.0 (label=2 0건)
2025-05-31 21:50:11,739 [F5] [INFO] [TRAIN] KRW-APT saved model KRW-APT_model.pkl and metrics 0.0 (label=2 0건)
2025-05-31 21:50:11,802 [F5] [INFO] [TRAIN] KRW-AQT saved model KRW-AQT_model.pkl and metrics 0.0 (label=2 0건)
2025-05-31 21:50:11,867 [F5] [INFO] [TRAIN] KRW-ARB saved model KRW-ARB_model.pkl and metrics 1.0 (label=2 0건)
2025-05-31 21:50:11,930 [F5] [INFO] [TRAIN] KRW-ARKM saved model KRW-ARKM_model.pkl and metrics 0.8 (label=2 0건)
2025-05-31 21:50:11,958 [F5] [WARNING] KRW-ARK 학습 스킵: 라벨이 한 종류뿐입니다.
2025-05-31 21:50:12,024 [F5] [INFO] [TRAIN] KRW-ATOM saved model KRW-ATOM_model.pkl and metrics 0.25 (label=2 0건)
2025-05-31 21:50:12,096 [F5] [INFO] [TRAIN] KRW-AUCTION saved model KRW-AUCTION_model.pkl and metrics 0.8333333333333334 (label=2 0건)
2025-05-31 21:50:12,164 [F5] [INFO] [TRAIN] KRW-AXS saved model KRW-AXS_model.pkl and metrics 1.0 (label=2 0건)
2025-05-31 21:50:12,232 [F5] [INFO] [TRAIN] KRW-BERA saved model KRW-BERA_model.pkl and metrics 0.75 (label=2 0건)
2025-05-31 21:50:12,299 [F5] [INFO] [TRAIN] KRW-CARV saved model KRW-CARV_model.pkl and metrics 0.5 (label=2 0건)
2025-05-31 21:50:12,324 [F5] [WARNING] KRW-CBK 학습 스킵: 라벨이 한 종류뿐입니다.
2025-05-31 21:50:12,391 [F5] [INFO] [TRAIN] KRW-CELO saved model KRW-CELO_model.pkl and metrics 0.0 (label=2 0건)
2025-05-31 21:50:12,457 [F5] [INFO] [TRAIN] KRW-COW saved model KRW-COW_model.pkl and metrics 0.0 (label=2 0건)
2025-05-31 21:50:12,526 [F5] [INFO] [TRAIN] KRW-CTC saved model KRW-CTC_model.pkl and metrics 0.0 (label=2 0건)
2025-05-31 21:50:12,599 [F5] [INFO] [TRAIN] KRW-DOT saved model KRW-DOT_model.pkl and metrics 0.6842105263157895 (label=2 0건)
2025-05-31 21:50:12,624 [F5] [WARNING] KRW-DRIFT 학습 스킵: 라벨이 한 종류뿐입니다.
2025-05-31 21:50:12,648 [F5] [WARNING] KRW-EOS 학습 스킵: 라벨이 한 종류뿐입니다.
2025-05-31 21:50:12,671 [F5] [WARNING] KRW-FIL 학습 스킵: 라벨이 한 종류뿐입니다.
2025-05-31 21:50:12,735 [F5] [INFO] [TRAIN] KRW-FLOW saved model KRW-FLOW_model.pkl and metrics 0.1111111111111111 (label=2 0건)
2025-05-31 21:50:12,804 [F5] [INFO] [TRAIN] KRW-GAS saved model KRW-GAS_model.pkl and metrics 1.0 (label=2 0건)
2025-05-31 21:50:12,829 [F5] [WARNING] KRW-IMX 학습 스킵: 라벨이 한 종류뿐입니다.
2025-05-31 21:50:12,854 [F5] [WARNING] KRW-INJ 학습 스킵: 라벨이 한 종류뿐입니다.
2025-05-31 21:50:12,879 [F5] [WARNING] KRW-JTO 학습 스킵: 라벨이 한 종류뿐입니다.
2025-05-31 21:50:12,961 [F5] [INFO] [TRAIN] KRW-JUP saved model KRW-JUP_model.pkl and metrics 0.7368421052631579 (label=2 0건)
2025-05-31 21:50:13,034 [F5] [INFO] [TRAIN] KRW-KAITO saved model KRW-KAITO_model.pkl and metrics 0.25 (label=2 0건)
2025-05-31 21:50:13,106 [F5] [INFO] [TRAIN] KRW-KAVA saved model KRW-KAVA_model.pkl and metrics 0.7777777777777778 (label=2 0건)
2025-05-31 21:50:13,182 [F5] [INFO] [TRAIN] KRW-LAYER saved model KRW-LAYER_model.pkl and metrics 0.0 (label=2 0건)
2025-05-31 21:50:13,256 [F5] [INFO] [TRAIN] KRW-LINK saved model KRW-LINK_model.pkl and metrics 0.8888888888888888 (label=2 0건)
2025-05-31 21:50:13,283 [F5] [WARNING] KRW-LSK 학습 스킵: 라벨이 한 종류뿐입니다.
2025-05-31 21:50:13,350 [F5] [INFO] [TRAIN] KRW-MASK saved model KRW-MASK_model.pkl and metrics 0.75 (label=2 0건)
2025-05-31 21:50:13,420 [F5] [INFO] [TRAIN] KRW-ME saved model KRW-ME_model.pkl and metrics 1.0 (label=2 0건)
2025-05-31 21:50:13,448 [F5] [WARNING] KRW-MNT 학습 스킵: 라벨이 한 종류뿐입니다.
2025-05-31 21:50:13,474 [F5] [WARNING] KRW-MTL 학습 스킵: 라벨이 한 종류뿐입니다.
2025-05-31 21:50:13,545 [F5] [INFO] [TRAIN] KRW-NEAR saved model KRW-NEAR_model.pkl and metrics 0.125 (label=2 0건)
2025-05-31 21:50:13,613 [F5] [INFO] [TRAIN] KRW-NEO saved model KRW-NEO_model.pkl and metrics 1.0 (label=2 0건)
2025-05-31 21:50:13,686 [F5] [INFO] [TRAIN] KRW-NXPC saved model KRW-NXPC_model.pkl and metrics 0.0 (label=2 0건)
2025-05-31 21:50:13,789 [F5] [INFO] [TRAIN] KRW-OM saved model KRW-OM_model.pkl and metrics 0.45454545454545453 (label=2 0건)
2025-05-31 21:50:13,870 [F5] [INFO] [TRAIN] KRW-ONDO saved model KRW-ONDO_model.pkl and metrics 0.6785714285714286 (label=2 0건)
2025-05-31 21:50:14,013 [F5] [INFO] [TRAIN] KRW-ORCA saved model KRW-ORCA_model.pkl and metrics 0.6785714285714286 (label=2 0건)
2025-05-31 21:50:14,101 [F5] [INFO] [TRAIN] KRW-PENDLE saved model KRW-PENDLE_model.pkl and metrics 0.9230769230769231 (label=2 0건)
2025-05-31 21:50:14,242 [F5] [INFO] [TRAIN] KRW-PUNDIX saved model KRW-PUNDIX_model.pkl and metrics 0.76 (label=2 0건)
2025-05-31 21:50:14,307 [F5] [INFO] [TRAIN] KRW-QTUM saved model KRW-QTUM_model.pkl and metrics 1.0 (label=2 0건)
2025-05-31 21:50:14,377 [F5] [INFO] [TRAIN] KRW-RENDER saved model KRW-RENDER_model.pkl and metrics 0.5882352941176471 (label=2 0건)
2025-05-31 21:50:14,451 [F5] [INFO] [TRAIN] KRW-SAFE saved model KRW-SAFE_model.pkl and metrics 0.0 (label=2 0건)
2025-05-31 21:50:14,519 [F5] [INFO] [TRAIN] KRW-STX saved model KRW-STX_model.pkl and metrics 1.0 (label=2 0건)
2025-05-31 21:50:14,615 [F5] [INFO] [TRAIN] KRW-SUI saved model KRW-SUI_model.pkl and metrics 0.8125 (label=2 0건)
2025-05-31 21:50:14,639 [F5] [WARNING] KRW-TAIKO 학습 스킵: 라벨이 한 종류뿐입니다.
2025-05-31 21:50:14,754 [F5] [INFO] [TRAIN] KRW-THETA saved model KRW-THETA_model.pkl and metrics 0.8478260869565217 (label=2 0건)
2025-05-31 21:50:14,872 [F5] [INFO] [TRAIN] KRW-TIA saved model KRW-TIA_model.pkl and metrics 0.673469387755102 (label=2 0건)
2025-05-31 21:50:14,898 [F5] [WARNING] KRW-TOKAMAK 학습 스킵: 라벨이 한 종류뿐입니다.
2025-05-31 21:50:14,968 [F5] [INFO] [TRAIN] KRW-TRUMP saved model KRW-TRUMP_model.pkl and metrics 0.3333333333333333 (label=2 0건)
2025-05-31 21:50:15,055 [F5] [INFO] [TRAIN] KRW-UNI saved model KRW-UNI_model.pkl and metrics 1.0 (label=2 0건)
2025-05-31 21:50:15,079 [F5] [WARNING] KRW-USDC 학습 스킵: 라벨이 한 종류뿐입니다.
2025-05-31 21:50:15,104 [F5] [WARNING] KRW-USDT 학습 스킵: 라벨이 한 종류뿐입니다.
2025-05-31 21:50:15,198 [F5] [INFO] [TRAIN] KRW-UXLINK saved model KRW-UXLINK_model.pkl and metrics 0.28 (label=2 0건)
2025-05-31 21:50:15,294 [F5] [INFO] [TRAIN] KRW-VANA saved model KRW-VANA_model.pkl and metrics 0.4 (label=2 0건)
2025-05-31 21:50:15,382 [F5] [INFO] [TRAIN] KRW-VIRTUAL saved model KRW-VIRTUAL_model.pkl and metrics 0.5116279069767442 (label=2 0건)
2025-05-31 21:50:15,408 [F5] [WARNING] KRW-WAL 학습 스킵: 라벨이 한 종류뿐입니다.
2025-05-31 21:50:15,494 [F5] [INFO] [TRAIN] KRW-WAVES saved model KRW-WAVES_model.pkl and metrics 1.0 (label=2 0건)
2025-05-31 21:50:15,573 [F5] [INFO] [TRAIN] KRW-WCT saved model KRW-WCT_model.pkl and metrics 1.0 (label=2 0건)
2025-05-31 21:50:15,727 [F5] [INFO] [TRAIN] KRW-XRP saved model KRW-XRP_model.pkl and metrics 0.8947368421052632 (label=2 0건)
2025-05-31 21:50:15,831 [F5] [INFO] [TRAIN] KRW-XTZ saved model KRW-XTZ_model.pkl and metrics 0.9285714285714286 (label=2 0건)
2025-05-31 21:50:16,048 [F5] [INFO] [TRAIN] KRW-ZRO saved model KRW-ZRO_model.pkl and metrics 1.0 (label=2 0건)
