2025-05-31 21:49:20,512 [F5] [INFO] [SELECT] start
2025-05-31 21:49:20,516 [F5] [INFO] [SELECT] scanning summaries in D:\UPBIT_ML\f5_ml_pipeline\ml_data\09_backtest
2025-05-31 21:49:20,518 [F5] [INFO] [SELECT] processing KRW-ADA
2025-05-31 21:49:20,519 [F5] [INFO] [SELECT] KRW-ADA skipped
2025-05-31 21:49:20,519 [F5] [INFO] [SELECT] processing KRW-AGLD
2025-05-31 21:49:20,519 [F5] [INFO] [SELECT] KRW-AGLD skipped
2025-05-31 21:49:20,519 [F5] [INFO] [SELECT] processing KRW-AKT
2025-05-31 21:49:20,520 [F5] [INFO] [SELECT] KRW-AKT skipped
2025-05-31 21:49:20,520 [F5] [INFO] [SELECT] processing KRW-APT
2025-05-31 21:49:20,520 [F5] [INFO] [SELECT] KRW-APT skipped
2025-05-31 21:49:20,520 [F5] [INFO] [SELECT] processing KRW-AQT
2025-05-31 21:49:20,522 [F5] [INFO] [SELECT] KRW-AQT skipped
2025-05-31 21:49:20,522 [F5] [INFO] [SELECT] processing KRW-ARB
2025-05-31 21:49:20,522 [F5] [INFO] [SELECT] KRW-ARB skipped
2025-05-31 21:49:20,522 [F5] [INFO] [SELECT] processing KRW-ARKM
2025-05-31 21:49:20,522 [F5] [INFO] [SELECT] KRW-ARKM skipped
2025-05-31 21:49:20,522 [F5] [INFO] [SELECT] processing KRW-ARK
2025-05-31 21:49:20,522 [F5] [INFO] [SELECT] KRW-ARK skipped
2025-05-31 21:49:20,522 [F5] [INFO] [SELECT] processing KRW-ATOM
2025-05-31 21:49:20,523 [F5] [INFO] [SELECT] KRW-ATOM skipped
2025-05-31 21:49:20,524 [F5] [INFO] [SELECT] processing KRW-AUCTION
2025-05-31 21:49:20,524 [F5] [INFO] [SELECT] KRW-AUCTION skipped
2025-05-31 21:49:20,524 [F5] [INFO] [SELECT] processing KRW-AXS
2025-05-31 21:49:20,524 [F5] [INFO] [SELECT] KRW-AXS skipped
2025-05-31 21:49:20,524 [F5] [INFO] [SELECT] processing KRW-BERA
2025-05-31 21:49:20,525 [F5] [INFO] [SELECT] KRW-BERA skipped
2025-05-31 21:49:20,525 [F5] [INFO] [SELECT] processing KRW-CARV
2025-05-31 21:49:20,525 [F5] [INFO] [SELECT] KRW-CARV skipped
2025-05-31 21:49:20,525 [F5] [INFO] [SELECT] processing KRW-CBK
2025-05-31 21:49:20,526 [F5] [INFO] [SELECT] KRW-CBK skipped
2025-05-31 21:49:20,526 [F5] [INFO] [SELECT] processing KRW-CELO
2025-05-31 21:49:20,526 [F5] [INFO] [SELECT] KRW-CELO skipped
2025-05-31 21:49:20,526 [F5] [INFO] [SELECT] processing KRW-COW
2025-05-31 21:49:20,527 [F5] [INFO] [SELECT] KRW-COW skipped
2025-05-31 21:49:20,527 [F5] [INFO] [SELECT] processing KRW-CTC
2025-05-31 21:49:20,527 [F5] [INFO] [SELECT] KRW-CTC skipped
2025-05-31 21:49:20,527 [F5] [INFO] [SELECT] processing KRW-DOT
2025-05-31 21:49:20,528 [F5] [INFO] [SELECT] KRW-DOT skipped
2025-05-31 21:49:20,528 [F5] [INFO] [SELECT] processing KRW-DRIFT
2025-05-31 21:49:20,528 [F5] [INFO] [SELECT] KRW-DRIFT skipped
2025-05-31 21:49:20,528 [F5] [INFO] [SELECT] processing KRW-EOS
2025-05-31 21:49:20,528 [F5] [INFO] [SELECT] KRW-EOS skipped
2025-05-31 21:49:20,529 [F5] [INFO] [SELECT] processing KRW-FIL
2025-05-31 21:49:20,529 [F5] [INFO] [SELECT] KRW-FIL skipped
2025-05-31 21:49:20,529 [F5] [INFO] [SELECT] processing KRW-FLOW
2025-05-31 21:49:20,529 [F5] [INFO] [SELECT] KRW-FLOW skipped
2025-05-31 21:49:20,529 [F5] [INFO] [SELECT] processing KRW-GAS
2025-05-31 21:49:20,530 [F5] [INFO] [SELECT] KRW-GAS skipped
2025-05-31 21:49:20,530 [F5] [INFO] [SELECT] processing KRW-IMX
2025-05-31 21:49:20,530 [F5] [INFO] [SELECT] KRW-IMX skipped
2025-05-31 21:49:20,530 [F5] [INFO] [SELECT] processing KRW-INJ
2025-05-31 21:49:20,531 [F5] [INFO] [SELECT] KRW-INJ skipped
2025-05-31 21:49:20,531 [F5] [INFO] [SELECT] processing KRW-JTO
2025-05-31 21:49:20,531 [F5] [INFO] [SELECT] KRW-JTO skipped
2025-05-31 21:49:20,531 [F5] [INFO] [SELECT] processing KRW-JUP
2025-05-31 21:49:20,531 [F5] [INFO] [SELECT] KRW-JUP skipped
2025-05-31 21:49:20,531 [F5] [INFO] [SELECT] processing KRW-KAITO
2025-05-31 21:49:20,533 [F5] [INFO] [SELECT] KRW-KAITO skipped
2025-05-31 21:49:20,533 [F5] [INFO] [SELECT] processing KRW-KAVA
2025-05-31 21:49:20,533 [F5] [INFO] [SELECT] KRW-KAVA skipped
2025-05-31 21:49:20,533 [F5] [INFO] [SELECT] processing KRW-LAYER
2025-05-31 21:49:20,534 [F5] [INFO] [SELECT] KRW-LAYER skipped
2025-05-31 21:49:20,534 [F5] [INFO] [SELECT] processing KRW-LINK
2025-05-31 21:49:20,534 [F5] [INFO] [SELECT] KRW-LINK skipped
2025-05-31 21:49:20,534 [F5] [INFO] [SELECT] processing KRW-LSK
2025-05-31 21:49:20,534 [F5] [INFO] [SELECT] KRW-LSK skipped
2025-05-31 21:49:20,534 [F5] [INFO] [SELECT] processing KRW-MASK
2025-05-31 21:49:20,535 [F5] [INFO] [SELECT] KRW-MASK skipped
2025-05-31 21:49:20,535 [F5] [INFO] [SELECT] processing KRW-ME
2025-05-31 21:49:20,535 [F5] [INFO] [SELECT] KRW-ME skipped
2025-05-31 21:49:20,535 [F5] [INFO] [SELECT] processing KRW-MNT
2025-05-31 21:49:20,535 [F5] [INFO] [SELECT] KRW-MNT skipped
2025-05-31 21:49:20,536 [F5] [INFO] [SELECT] processing KRW-MTL
2025-05-31 21:49:20,536 [F5] [INFO] [SELECT] KRW-MTL skipped
2025-05-31 21:49:20,536 [F5] [INFO] [SELECT] processing KRW-NEAR
2025-05-31 21:49:20,537 [F5] [INFO] [SELECT] KRW-NEAR skipped
2025-05-31 21:49:20,537 [F5] [INFO] [SELECT] processing KRW-NEO
2025-05-31 21:49:20,537 [F5] [INFO] [SELECT] added KRW-NEO wr=0.89 roi=0.0022 sharpe=9.45 entries=89
2025-05-31 21:49:20,537 [F5] [INFO] [SELECT] processing KRW-NXPC
2025-05-31 21:49:20,538 [F5] [INFO] [SELECT] KRW-NXPC skipped
2025-05-31 21:49:20,538 [F5] [INFO] [SELECT] processing KRW-OM
2025-05-31 21:49:20,538 [F5] [INFO] [SELECT] KRW-OM skipped
2025-05-31 21:49:20,538 [F5] [INFO] [SELECT] processing KRW-ONDO
2025-05-31 21:49:20,539 [F5] [INFO] [SELECT] KRW-ONDO skipped
2025-05-31 21:49:20,539 [F5] [INFO] [SELECT] processing KRW-ORCA
2025-05-31 21:49:20,539 [F5] [INFO] [SELECT] KRW-ORCA skipped
2025-05-31 21:49:20,539 [F5] [INFO] [SELECT] processing KRW-PENDLE
2025-05-31 21:49:20,539 [F5] [INFO] [SELECT] KRW-PENDLE skipped
2025-05-31 21:49:20,540 [F5] [INFO] [SELECT] processing KRW-PUNDIX
2025-05-31 21:49:20,540 [F5] [INFO] [SELECT] KRW-PUNDIX skipped
2025-05-31 21:49:20,540 [F5] [INFO] [SELECT] processing KRW-QTUM
2025-05-31 21:49:20,540 [F5] [INFO] [SELECT] KRW-QTUM skipped
2025-05-31 21:49:20,540 [F5] [INFO] [SELECT] processing KRW-RENDER
2025-05-31 21:49:20,541 [F5] [INFO] [SELECT] KRW-RENDER skipped
2025-05-31 21:49:20,541 [F5] [INFO] [SELECT] processing KRW-SAFE
2025-05-31 21:49:20,541 [F5] [INFO] [SELECT] KRW-SAFE skipped
2025-05-31 21:49:20,541 [F5] [INFO] [SELECT] processing KRW-STX
2025-05-31 21:49:20,541 [F5] [INFO] [SELECT] KRW-STX skipped
2025-05-31 21:49:20,541 [F5] [INFO] [SELECT] processing KRW-SUI
2025-05-31 21:49:20,542 [F5] [INFO] [SELECT] KRW-SUI skipped
2025-05-31 21:49:20,542 [F5] [INFO] [SELECT] processing KRW-TAIKO
2025-05-31 21:49:20,542 [F5] [INFO] [SELECT] KRW-TAIKO skipped
2025-05-31 21:49:20,542 [F5] [INFO] [SELECT] processing KRW-THETA
2025-05-31 21:49:20,543 [F5] [INFO] [SELECT] KRW-THETA skipped
2025-05-31 21:49:20,543 [F5] [INFO] [SELECT] processing KRW-TIA
2025-05-31 21:49:20,543 [F5] [INFO] [SELECT] KRW-TIA skipped
2025-05-31 21:49:20,543 [F5] [INFO] [SELECT] processing KRW-TOKAMAK
2025-05-31 21:49:20,543 [F5] [INFO] [SELECT] KRW-TOKAMAK skipped
2025-05-31 21:49:20,544 [F5] [INFO] [SELECT] processing KRW-TRUMP
2025-05-31 21:49:20,544 [F5] [INFO] [SELECT] KRW-TRUMP skipped
2025-05-31 21:49:20,544 [F5] [INFO] [SELECT] processing KRW-UNI
2025-05-31 21:49:20,544 [F5] [INFO] [SELECT] KRW-UNI skipped
2025-05-31 21:49:20,544 [F5] [INFO] [SELECT] processing KRW-USDC
2025-05-31 21:49:20,545 [F5] [INFO] [SELECT] KRW-USDC skipped
2025-05-31 21:49:20,545 [F5] [INFO] [SELECT] processing KRW-USDT
2025-05-31 21:49:20,545 [F5] [INFO] [SELECT] KRW-USDT skipped
2025-05-31 21:49:20,545 [F5] [INFO] [SELECT] processing KRW-UXLINK
2025-05-31 21:49:20,546 [F5] [INFO] [SELECT] KRW-UXLINK skipped
2025-05-31 21:49:20,546 [F5] [INFO] [SELECT] processing KRW-VANA
2025-05-31 21:49:20,546 [F5] [INFO] [SELECT] KRW-VANA skipped
2025-05-31 21:49:20,547 [F5] [INFO] [SELECT] processing KRW-VIRTUAL
2025-05-31 21:49:20,547 [F5] [INFO] [SELECT] KRW-VIRTUAL skipped
2025-05-31 21:49:20,547 [F5] [INFO] [SELECT] processing KRW-WAL
2025-05-31 21:49:20,547 [F5] [INFO] [SELECT] KRW-WAL skipped
2025-05-31 21:49:20,547 [F5] [INFO] [SELECT] processing KRW-WAVES
2025-05-31 21:49:20,548 [F5] [INFO] [SELECT] KRW-WAVES skipped
2025-05-31 21:49:20,548 [F5] [INFO] [SELECT] processing KRW-WCT
2025-05-31 21:49:20,548 [F5] [INFO] [SELECT] KRW-WCT skipped
2025-05-31 21:49:20,549 [F5] [INFO] [SELECT] processing KRW-XRP
2025-05-31 21:49:20,549 [F5] [INFO] [SELECT] KRW-XRP skipped
2025-05-31 21:49:20,549 [F5] [INFO] [SELECT] processing KRW-XTZ
2025-05-31 21:49:20,550 [F5] [INFO] [SELECT] KRW-XTZ skipped
2025-05-31 21:49:20,550 [F5] [INFO] [SELECT] processing KRW-ZRO
2025-05-31 21:49:20,550 [F5] [INFO] [SELECT] KRW-ZRO skipped
2025-05-31 21:49:20,550 [F5] [INFO] [SELECT] 1 candidates
2025-05-31 21:49:20,551 [F5] [INFO] [SELECT] wrote D:\UPBIT_ML\f5_ml_pipeline\ml_data\10_selected\selected_strategies.json with 1 entries: ['KRW-NEO']
2025-05-31 21:49:20,552 [F5] [INFO] [SELECT] monitoring list updated: D:\UPBIT_ML\config\f5_f1_monitoring_list.json
2025-05-31 21:49:20,552 [F5] [INFO] [SELECT] 1 strategies saved
2025-05-31 21:49:20,552 [F5] [INFO] [SELECT] symbols: ['KRW-NEO']
2025-05-31 21:49:20,552 [F5] [INFO] [SELECT] done
2025-05-31 21:50:30,067 [F5] [INFO] [SELECT] start
2025-05-31 21:50:30,067 [F5] [INFO] [SELECT] scanning summaries in D:\UPBIT_ML\f5_ml_pipeline\ml_data\09_backtest
2025-05-31 21:50:30,069 [F5] [INFO] [SELECT] processing KRW-ADA
2025-05-31 21:50:30,069 [F5] [INFO] [SELECT] KRW-ADA skipped
2025-05-31 21:50:30,069 [F5] [INFO] [SELECT] processing KRW-AGLD
2025-05-31 21:50:30,069 [F5] [INFO] [SELECT] KRW-AGLD skipped
2025-05-31 21:50:30,069 [F5] [INFO] [SELECT] processing KRW-AKT
2025-05-31 21:50:30,069 [F5] [INFO] [SELECT] KRW-AKT skipped
2025-05-31 21:50:30,070 [F5] [INFO] [SELECT] processing KRW-APT
2025-05-31 21:50:30,070 [F5] [INFO] [SELECT] KRW-APT skipped
2025-05-31 21:50:30,070 [F5] [INFO] [SELECT] processing KRW-AQT
2025-05-31 21:50:30,071 [F5] [INFO] [SELECT] KRW-AQT skipped
2025-05-31 21:50:30,071 [F5] [INFO] [SELECT] processing KRW-ARB
2025-05-31 21:50:30,071 [F5] [INFO] [SELECT] KRW-ARB skipped
2025-05-31 21:50:30,071 [F5] [INFO] [SELECT] processing KRW-ARKM
2025-05-31 21:50:30,071 [F5] [INFO] [SELECT] KRW-ARKM skipped
2025-05-31 21:50:30,072 [F5] [INFO] [SELECT] processing KRW-ARK
2025-05-31 21:50:30,072 [F5] [INFO] [SELECT] KRW-ARK skipped
2025-05-31 21:50:30,072 [F5] [INFO] [SELECT] processing KRW-ATOM
2025-05-31 21:50:30,072 [F5] [INFO] [SELECT] KRW-ATOM skipped
2025-05-31 21:50:30,072 [F5] [INFO] [SELECT] processing KRW-AUCTION
2025-05-31 21:50:30,073 [F5] [INFO] [SELECT] KRW-AUCTION skipped
2025-05-31 21:50:30,073 [F5] [INFO] [SELECT] processing KRW-AXS
2025-05-31 21:50:30,073 [F5] [INFO] [SELECT] KRW-AXS skipped
2025-05-31 21:50:30,073 [F5] [INFO] [SELECT] processing KRW-BERA
2025-05-31 21:50:30,073 [F5] [INFO] [SELECT] KRW-BERA skipped
2025-05-31 21:50:30,074 [F5] [INFO] [SELECT] processing KRW-CARV
2025-05-31 21:50:30,074 [F5] [INFO] [SELECT] KRW-CARV skipped
2025-05-31 21:50:30,074 [F5] [INFO] [SELECT] processing KRW-CBK
2025-05-31 21:50:30,074 [F5] [INFO] [SELECT] KRW-CBK skipped
2025-05-31 21:50:30,074 [F5] [INFO] [SELECT] processing KRW-CELO
2025-05-31 21:50:30,075 [F5] [INFO] [SELECT] KRW-CELO skipped
2025-05-31 21:50:30,075 [F5] [INFO] [SELECT] processing KRW-COW
2025-05-31 21:50:30,075 [F5] [INFO] [SELECT] KRW-COW skipped
2025-05-31 21:50:30,075 [F5] [INFO] [SELECT] processing KRW-CTC
2025-05-31 21:50:30,075 [F5] [INFO] [SELECT] KRW-CTC skipped
2025-05-31 21:50:30,076 [F5] [INFO] [SELECT] processing KRW-DOT
2025-05-31 21:50:30,076 [F5] [INFO] [SELECT] KRW-DOT skipped
2025-05-31 21:50:30,076 [F5] [INFO] [SELECT] processing KRW-DRIFT
2025-05-31 21:50:30,076 [F5] [INFO] [SELECT] KRW-DRIFT skipped
2025-05-31 21:50:30,076 [F5] [INFO] [SELECT] processing KRW-EOS
2025-05-31 21:50:30,077 [F5] [INFO] [SELECT] KRW-EOS skipped
2025-05-31 21:50:30,077 [F5] [INFO] [SELECT] processing KRW-FIL
2025-05-31 21:50:30,077 [F5] [INFO] [SELECT] KRW-FIL skipped
2025-05-31 21:50:30,077 [F5] [INFO] [SELECT] processing KRW-FLOW
2025-05-31 21:50:30,077 [F5] [INFO] [SELECT] KRW-FLOW skipped
2025-05-31 21:50:30,077 [F5] [INFO] [SELECT] processing KRW-GAS
2025-05-31 21:50:30,078 [F5] [INFO] [SELECT] KRW-GAS skipped
2025-05-31 21:50:30,078 [F5] [INFO] [SELECT] processing KRW-IMX
2025-05-31 21:50:30,078 [F5] [INFO] [SELECT] KRW-IMX skipped
2025-05-31 21:50:30,078 [F5] [INFO] [SELECT] processing KRW-INJ
2025-05-31 21:50:30,078 [F5] [INFO] [SELECT] KRW-INJ skipped
2025-05-31 21:50:30,079 [F5] [INFO] [SELECT] processing KRW-JTO
2025-05-31 21:50:30,079 [F5] [INFO] [SELECT] KRW-JTO skipped
2025-05-31 21:50:30,079 [F5] [INFO] [SELECT] processing KRW-JUP
2025-05-31 21:50:30,079 [F5] [INFO] [SELECT] KRW-JUP skipped
2025-05-31 21:50:30,079 [F5] [INFO] [SELECT] processing KRW-KAITO
2025-05-31 21:50:30,080 [F5] [INFO] [SELECT] KRW-KAITO skipped
2025-05-31 21:50:30,080 [F5] [INFO] [SELECT] processing KRW-KAVA
2025-05-31 21:50:30,080 [F5] [INFO] [SELECT] KRW-KAVA skipped
2025-05-31 21:50:30,080 [F5] [INFO] [SELECT] processing KRW-LAYER
2025-05-31 21:50:30,081 [F5] [INFO] [SELECT] KRW-LAYER skipped
2025-05-31 21:50:30,081 [F5] [INFO] [SELECT] processing KRW-LINK
2025-05-31 21:50:30,081 [F5] [INFO] [SELECT] KRW-LINK skipped
2025-05-31 21:50:30,081 [F5] [INFO] [SELECT] processing KRW-LSK
2025-05-31 21:50:30,081 [F5] [INFO] [SELECT] KRW-LSK skipped
2025-05-31 21:50:30,082 [F5] [INFO] [SELECT] processing KRW-MASK
2025-05-31 21:50:30,082 [F5] [INFO] [SELECT] KRW-MASK skipped
2025-05-31 21:50:30,082 [F5] [INFO] [SELECT] processing KRW-ME
2025-05-31 21:50:30,082 [F5] [INFO] [SELECT] KRW-ME skipped
2025-05-31 21:50:30,083 [F5] [INFO] [SELECT] processing KRW-MNT
2025-05-31 21:50:30,083 [F5] [INFO] [SELECT] KRW-MNT skipped
2025-05-31 21:50:30,083 [F5] [INFO] [SELECT] processing KRW-MTL
2025-05-31 21:50:30,083 [F5] [INFO] [SELECT] KRW-MTL skipped
2025-05-31 21:50:30,083 [F5] [INFO] [SELECT] processing KRW-NEAR
2025-05-31 21:50:30,083 [F5] [INFO] [SELECT] KRW-NEAR skipped
2025-05-31 21:50:30,083 [F5] [INFO] [SELECT] processing KRW-NEO
2025-05-31 21:50:30,085 [F5] [INFO] [SELECT] added KRW-NEO wr=0.89 roi=0.0022 sharpe=9.45 entries=89
2025-05-31 21:50:30,085 [F5] [INFO] [SELECT] processing KRW-NXPC
2025-05-31 21:50:30,085 [F5] [INFO] [SELECT] KRW-NXPC skipped
2025-05-31 21:50:30,085 [F5] [INFO] [SELECT] processing KRW-OM
2025-05-31 21:50:30,085 [F5] [INFO] [SELECT] KRW-OM skipped
2025-05-31 21:50:30,086 [F5] [INFO] [SELECT] processing KRW-ONDO
2025-05-31 21:50:30,086 [F5] [INFO] [SELECT] KRW-ONDO skipped
2025-05-31 21:50:30,086 [F5] [INFO] [SELECT] processing KRW-ORCA
2025-05-31 21:50:30,086 [F5] [INFO] [SELECT] KRW-ORCA skipped
2025-05-31 21:50:30,086 [F5] [INFO] [SELECT] processing KRW-PENDLE
2025-05-31 21:50:30,086 [F5] [INFO] [SELECT] KRW-PENDLE skipped
2025-05-31 21:50:30,086 [F5] [INFO] [SELECT] processing KRW-PUNDIX
2025-05-31 21:50:30,088 [F5] [INFO] [SELECT] KRW-PUNDIX skipped
2025-05-31 21:50:30,088 [F5] [INFO] [SELECT] processing KRW-QTUM
2025-05-31 21:50:30,088 [F5] [INFO] [SELECT] KRW-QTUM skipped
2025-05-31 21:50:30,088 [F5] [INFO] [SELECT] processing KRW-RENDER
2025-05-31 21:50:30,089 [F5] [INFO] [SELECT] KRW-RENDER skipped
2025-05-31 21:50:30,089 [F5] [INFO] [SELECT] processing KRW-SAFE
2025-05-31 21:50:30,089 [F5] [INFO] [SELECT] KRW-SAFE skipped
2025-05-31 21:50:30,089 [F5] [INFO] [SELECT] processing KRW-STX
2025-05-31 21:50:30,090 [F5] [INFO] [SELECT] KRW-STX skipped
2025-05-31 21:50:30,090 [F5] [INFO] [SELECT] processing KRW-SUI
2025-05-31 21:50:30,090 [F5] [INFO] [SELECT] KRW-SUI skipped
2025-05-31 21:50:30,090 [F5] [INFO] [SELECT] processing KRW-TAIKO
2025-05-31 21:50:30,091 [F5] [INFO] [SELECT] KRW-TAIKO skipped
2025-05-31 21:50:30,091 [F5] [INFO] [SELECT] processing KRW-THETA
2025-05-31 21:50:30,091 [F5] [INFO] [SELECT] KRW-THETA skipped
2025-05-31 21:50:30,091 [F5] [INFO] [SELECT] processing KRW-TIA
2025-05-31 21:50:30,092 [F5] [INFO] [SELECT] KRW-TIA skipped
2025-05-31 21:50:30,092 [F5] [INFO] [SELECT] processing KRW-TOKAMAK
2025-05-31 21:50:30,092 [F5] [INFO] [SELECT] KRW-TOKAMAK skipped
2025-05-31 21:50:30,092 [F5] [INFO] [SELECT] processing KRW-TRUMP
2025-05-31 21:50:30,092 [F5] [INFO] [SELECT] KRW-TRUMP skipped
2025-05-31 21:50:30,092 [F5] [INFO] [SELECT] processing KRW-UNI
2025-05-31 21:50:30,092 [F5] [INFO] [SELECT] KRW-UNI skipped
2025-05-31 21:50:30,092 [F5] [INFO] [SELECT] processing KRW-USDC
2025-05-31 21:50:30,093 [F5] [INFO] [SELECT] KRW-USDC skipped
2025-05-31 21:50:30,093 [F5] [INFO] [SELECT] processing KRW-USDT
2025-05-31 21:50:30,093 [F5] [INFO] [SELECT] KRW-USDT skipped
2025-05-31 21:50:30,093 [F5] [INFO] [SELECT] processing KRW-UXLINK
2025-05-31 21:50:30,093 [F5] [INFO] [SELECT] KRW-UXLINK skipped
2025-05-31 21:50:30,093 [F5] [INFO] [SELECT] processing KRW-VANA
2025-05-31 21:50:30,094 [F5] [INFO] [SELECT] KRW-VANA skipped
2025-05-31 21:50:30,094 [F5] [INFO] [SELECT] processing KRW-VIRTUAL
2025-05-31 21:50:30,094 [F5] [INFO] [SELECT] KRW-VIRTUAL skipped
2025-05-31 21:50:30,094 [F5] [INFO] [SELECT] processing KRW-WAL
2025-05-31 21:50:30,095 [F5] [INFO] [SELECT] KRW-WAL skipped
2025-05-31 21:50:30,095 [F5] [INFO] [SELECT] processing KRW-WAVES
2025-05-31 21:50:30,095 [F5] [INFO] [SELECT] KRW-WAVES skipped
2025-05-31 21:50:30,095 [F5] [INFO] [SELECT] processing KRW-WCT
2025-05-31 21:50:30,095 [F5] [INFO] [SELECT] KRW-WCT skipped
2025-05-31 21:50:30,095 [F5] [INFO] [SELECT] processing KRW-XRP
2025-05-31 21:50:30,096 [F5] [INFO] [SELECT] KRW-XRP skipped
2025-05-31 21:50:30,096 [F5] [INFO] [SELECT] processing KRW-XTZ
2025-05-31 21:50:30,096 [F5] [INFO] [SELECT] KRW-XTZ skipped
2025-05-31 21:50:30,096 [F5] [INFO] [SELECT] processing KRW-ZRO
2025-05-31 21:50:30,097 [F5] [INFO] [SELECT] KRW-ZRO skipped
2025-05-31 21:50:30,097 [F5] [INFO] [SELECT] 1 candidates
2025-05-31 21:50:30,098 [F5] [INFO] [SELECT] wrote D:\UPBIT_ML\f5_ml_pipeline\ml_data\10_selected\selected_strategies.json with 1 entries: ['KRW-NEO']
2025-05-31 21:50:30,098 [F5] [INFO] [SELECT] monitoring list updated: D:\UPBIT_ML\config\f5_f1_monitoring_list.json
2025-05-31 21:50:30,098 [F5] [INFO] [SELECT] 1 strategies saved
2025-05-31 21:50:30,099 [F5] [INFO] [SELECT] symbols: ['KRW-NEO']
2025-05-31 21:50:30,099 [F5] [INFO] [SELECT] done
