2025-06-01 07:28:28,207 [F5] [INFO] Collect 24h history for ['KRW-ADA', 'KRW-AGLD', 'KRW-AKT', 'KRW-APT', 'KRW-AQT', 'KRW-ARB', 'KRW-ARKM', 'KRW-ARK', 'KRW-ATOM', 'KRW-AUCTION', 'KRW-AXS', 'KRW-BERA', 'KRW-CARV', 'KRW-CBK', 'KRW-CELO', 'KRW-COW', 'KRW-CTC', 'KRW-DOT', 'KRW-DRIFT', 'KRW-EOS', 'KRW-FIL', 'KRW-FLOW', 'KRW-GAS', 'KRW-IMX', 'KRW-INJ', 'KRW-JTO', 'KRW-JUP', 'KRW-KAITO', 'KRW-KAVA', 'KRW-LAYER', 'KRW-LINK', 'KRW-LSK', 'KRW-MASK', 'KRW-ME', 'KRW-MNT', 'KRW-MTL', 'KRW-NEAR', 'KRW-NEO', 'KRW-NXPC', 'KRW-OM', 'KRW-ONDO', 'KRW-ORCA', 'KRW-PENDLE', 'KRW-PUNDIX', 'KRW-QTUM', 'KRW-RENDER', 'KRW-SAFE', 'KRW-STX', 'KRW-SUI', 'KRW-TAIKO', 'KRW-THETA', 'KRW-TIA', 'KRW-TOKAMAK', 'KRW-TRUMP', 'KRW-UNI', 'KRW-USDC', 'KRW-USDT', 'KRW-UXLINK', 'KRW-VANA', 'KRW-VIRTUAL', 'KRW-WAL', 'KRW-WAVES', 'KRW-WCT', 'KRW-XRP', 'KRW-XTZ', 'KRW-ZRO']
2025-06-01 08:08:48,792 [F5] [INFO] Collect 24h history for ['KRW-ADA', 'KRW-AGLD', 'KRW-AKT', 'KRW-APT', 'KRW-AQT', 'KRW-ARB', 'KRW-ARKM', 'KRW-ARK', 'KRW-ATOM', 'KRW-AUCTION', 'KRW-AXS', 'KRW-BERA', 'KRW-CARV', 'KRW-CBK', 'KRW-CELO', 'KRW-COW', 'KRW-CTC', 'KRW-DOT', 'KRW-DRIFT', 'KRW-EOS', 'KRW-FIL', 'KRW-FLOW', 'KRW-GAS', 'KRW-IMX', 'KRW-INJ', 'KRW-JTO', 'KRW-JUP', 'KRW-KAITO', 'KRW-KAVA', 'KRW-LAYER', 'KRW-LINK', 'KRW-LSK', 'KRW-MASK', 'KRW-ME', 'KRW-MNT', 'KRW-MTL', 'KRW-NEAR', 'KRW-NEO', 'KRW-NXPC', 'KRW-OM', 'KRW-ONDO', 'KRW-ORCA', 'KRW-PENDLE', 'KRW-PUNDIX', 'KRW-QTUM', 'KRW-RENDER', 'KRW-SAFE', 'KRW-STX', 'KRW-SUI', 'KRW-TAIKO', 'KRW-THETA', 'KRW-TIA', 'KRW-TOKAMAK', 'KRW-TRUMP', 'KRW-UNI', 'KRW-USDC', 'KRW-USDT', 'KRW-UXLINK', 'KRW-VANA', 'KRW-VIRTUAL', 'KRW-WAL', 'KRW-WAVES', 'KRW-WCT', 'KRW-XRP', 'KRW-XTZ', 'KRW-ZRO']
2025-06-01 08:08:51,148 [F5] [INFO] Drop duplicates KRW-ADA_rawdata.parquet - 1402 rows
2025-06-01 08:08:53,379 [F5] [INFO] Drop duplicates KRW-AGLD_rawdata.parquet - 1425 rows
2025-06-01 08:08:55,643 [F5] [INFO] Drop duplicates KRW-AKT_rawdata.parquet - 1433 rows
2025-06-01 08:08:57,923 [F5] [INFO] Drop duplicates KRW-APT_rawdata.parquet - 1411 rows
2025-06-01 08:09:00,191 [F5] [INFO] Drop duplicates KRW-AQT_rawdata.parquet - 1428 rows
2025-06-01 08:09:02,425 [F5] [INFO] Drop duplicates KRW-ARB_rawdata.parquet - 1408 rows
2025-06-01 08:09:04,668 [F5] [INFO] Drop duplicates KRW-ARKM_rawdata.parquet - 1430 rows
2025-06-01 08:09:06,905 [F5] [INFO] Drop duplicates KRW-ARK_rawdata.parquet - 1434 rows
2025-06-01 08:09:09,202 [F5] [INFO] Drop duplicates KRW-ATOM_rawdata.parquet - 1424 rows
2025-06-01 08:09:11,439 [F5] [INFO] Drop duplicates KRW-AUCTION_rawdata.parquet - 1418 rows
2025-06-01 08:09:13,735 [F5] [INFO] Drop duplicates KRW-AXS_rawdata.parquet - 1415 rows
2025-06-01 08:09:15,963 [F5] [INFO] Drop duplicates KRW-BERA_rawdata.parquet - 1413 rows
2025-06-01 08:09:18,214 [F5] [INFO] Drop duplicates KRW-CARV_rawdata.parquet - 1410 rows
2025-06-01 08:09:20,441 [F5] [INFO] Drop duplicates KRW-CBK_rawdata.parquet - 1437 rows
2025-06-01 08:09:22,632 [F5] [INFO] Drop duplicates KRW-CELO_rawdata.parquet - 1430 rows
2025-06-01 08:09:24,844 [F5] [INFO] Drop duplicates KRW-COW_rawdata.parquet - 1423 rows
2025-06-01 08:09:27,172 [F5] [INFO] Drop duplicates KRW-CTC_rawdata.parquet - 1424 rows
2025-06-01 08:09:29,430 [F5] [INFO] Drop duplicates KRW-DOT_rawdata.parquet - 1423 rows
2025-06-01 08:09:31,729 [F5] [INFO] Drop duplicates KRW-DRIFT_rawdata.parquet - 1420 rows
2025-06-01 08:09:33,967 [F5] [INFO] Drop duplicates KRW-EOS_rawdata.parquet - 1416 rows
2025-06-01 08:09:36,247 [F5] [INFO] Drop duplicates KRW-FIL_rawdata.parquet - 1432 rows
2025-06-01 08:09:38,470 [F5] [INFO] Drop duplicates KRW-FLOW_rawdata.parquet - 1407 rows
2025-06-01 08:09:40,680 [F5] [INFO] Drop duplicates KRW-GAS_rawdata.parquet - 1421 rows
2025-06-01 08:09:42,843 [F5] [INFO] Drop duplicates KRW-IMX_rawdata.parquet - 1432 rows
2025-06-01 08:09:45,064 [F5] [INFO] Drop duplicates KRW-INJ_rawdata.parquet - 1422 rows
2025-06-01 08:09:47,253 [F5] [INFO] Drop duplicates KRW-JTO_rawdata.parquet - 1425 rows
2025-06-01 08:09:49,502 [F5] [INFO] Drop duplicates KRW-JUP_rawdata.parquet - 1411 rows
2025-06-01 08:09:51,795 [F5] [INFO] Drop duplicates KRW-KAITO_rawdata.parquet - 1400 rows
2025-06-01 08:09:54,053 [F5] [INFO] Drop duplicates KRW-KAVA_rawdata.parquet - 1406 rows
2025-06-01 08:09:56,361 [F5] [INFO] Drop duplicates KRW-LAYER_rawdata.parquet - 1402 rows
2025-06-01 08:09:58,607 [F5] [INFO] Drop duplicates KRW-LINK_rawdata.parquet - 1406 rows
2025-06-01 08:10:00,870 [F5] [INFO] Drop duplicates KRW-LSK_rawdata.parquet - 1427 rows
2025-06-01 08:10:03,126 [F5] [INFO] Drop duplicates KRW-MASK_rawdata.parquet - 1403 rows
2025-06-01 08:10:05,395 [F5] [INFO] Drop duplicates KRW-ME_rawdata.parquet - 1414 rows
2025-06-01 08:10:07,693 [F5] [INFO] Drop duplicates KRW-MNT_rawdata.parquet - 1435 rows
2025-06-01 08:10:09,911 [F5] [INFO] Drop duplicates KRW-MTL_rawdata.parquet - 1437 rows
2025-06-01 08:10:12,233 [F5] [INFO] Drop duplicates KRW-NEAR_rawdata.parquet - 1409 rows
2025-06-01 08:10:14,489 [F5] [INFO] Drop duplicates KRW-NEO_rawdata.parquet - 1419 rows
2025-06-01 08:10:16,727 [F5] [INFO] Drop duplicates KRW-NXPC_rawdata.parquet - 1399 rows
2025-06-01 08:10:18,951 [F5] [INFO] Drop duplicates KRW-OM_rawdata.parquet - 1399 rows
2025-06-01 08:10:21,197 [F5] [INFO] Drop duplicates KRW-ONDO_rawdata.parquet - 1400 rows
2025-06-01 08:10:23,439 [F5] [INFO] Drop duplicates KRW-ORCA_rawdata.parquet - 1407 rows
2025-06-01 08:10:25,631 [F5] [INFO] Drop duplicates KRW-PENDLE_rawdata.parquet - 1427 rows
2025-06-01 08:10:27,897 [F5] [INFO] Drop duplicates KRW-PUNDIX_rawdata.parquet - 1418 rows
2025-06-01 08:10:30,148 [F5] [INFO] Drop duplicates KRW-QTUM_rawdata.parquet - 1423 rows
2025-06-01 08:10:32,438 [F5] [INFO] Drop duplicates KRW-RENDER_rawdata.parquet - 1425 rows
2025-06-01 08:10:34,744 [F5] [INFO] Drop duplicates KRW-SAFE_rawdata.parquet - 1409 rows
2025-06-01 08:10:36,886 [F5] [INFO] Drop duplicates KRW-STX_rawdata.parquet - 1409 rows
2025-06-01 08:10:39,122 [F5] [INFO] Drop duplicates KRW-SUI_rawdata.parquet - 1400 rows
2025-06-01 08:10:41,322 [F5] [INFO] Drop duplicates KRW-TAIKO_rawdata.parquet - 1403 rows
2025-06-01 08:10:43,587 [F5] [INFO] Drop duplicates KRW-THETA_rawdata.parquet - 1425 rows
2025-06-01 08:10:45,831 [F5] [INFO] Drop duplicates KRW-TIA_rawdata.parquet - 1435 rows
2025-06-01 08:10:48,050 [F5] [INFO] Drop duplicates KRW-TOKAMAK_rawdata.parquet - 1433 rows
2025-06-01 08:10:50,300 [F5] [INFO] Drop duplicates KRW-TRUMP_rawdata.parquet - 1400 rows
2025-06-01 08:10:52,556 [F5] [INFO] Drop duplicates KRW-UNI_rawdata.parquet - 1408 rows
2025-06-01 08:10:54,715 [F5] [INFO] Drop duplicates KRW-USDC_rawdata.parquet - 1426 rows
2025-06-01 08:10:56,986 [F5] [INFO] Drop duplicates KRW-USDT_rawdata.parquet - 1400 rows
2025-06-01 08:10:59,216 [F5] [INFO] Drop duplicates KRW-UXLINK_rawdata.parquet - 1409 rows
2025-06-01 08:11:01,432 [F5] [INFO] Drop duplicates KRW-VANA_rawdata.parquet - 1402 rows
2025-06-01 08:11:03,633 [F5] [INFO] Drop duplicates KRW-VIRTUAL_rawdata.parquet - 1399 rows
2025-06-01 08:11:05,930 [F5] [INFO] Drop duplicates KRW-WAL_rawdata.parquet - 1420 rows
2025-06-01 08:11:08,207 [F5] [INFO] Drop duplicates KRW-WAVES_rawdata.parquet - 1424 rows
2025-06-01 08:11:10,469 [F5] [INFO] Drop duplicates KRW-WCT_rawdata.parquet - 1399 rows
2025-06-01 08:11:12,735 [F5] [INFO] Drop duplicates KRW-XRP_rawdata.parquet - 1399 rows
2025-06-01 08:11:14,937 [F5] [INFO] Drop duplicates KRW-XTZ_rawdata.parquet - 1432 rows
2025-06-01 08:11:17,248 [F5] [INFO] Drop duplicates KRW-ZRO_rawdata.parquet - 1426 rows
