{"time": "2025-05-30T03:28:10+09:00", "symbol": "KRW-GAS", "qty": 0.08530064, "entry_price": 3728.42076273, "eval_amt": 318.03667725015714, "event": "IgnoreSmallBalance", "action": "매수대상 유지"}
{"time": "2025-05-30T03:28:10+09:00", "symbol": "KRW-ETHW", "qty": 0.04663312, "entry_price": 0.0, "eval_amt": 0.0, "event": "IgnoreSmallBalance", "action": "매수대상 유지"}
{"time": "2025-05-30T03:28:10+09:00", "symbol": "KRW-ETHF", "qty": 0.04663312, "entry_price": 0.0, "eval_amt": 0.0, "event": "IgnoreSmallBalance", "action": "매수대상 유지"}
{"time": "2025-05-30T03:28:10+09:00", "symbol": "KRW-XCORE", "qty": 1.72996111, "entry_price": 0.0, "eval_amt": 0.0, "event": "IgnoreSmallBalance", "action": "매수대상 유지"}
{"time": "2025-05-30T03:28:10+09:00", "symbol": "KRW-ONDO", "qty": 52.91007017, "entry_price": 1322.99956783, "eval_amt": 69999.99996876497, "event": "ImportPosition", "origin": "imported", "action": "매도 시그널 감시 시작"}
{"time": "2025-05-30T03:28:10+09:00", "symbol": "KRW-BERA", "qty": 0.00082055, "entry_price": 3978.78961901, "eval_amt": 3.2647958218786552, "event": "IgnoreSmallBalance", "action": "매수대상 유지"}
{"time": "2025-05-30T03:28:10+09:00", "symbol": "KRW-LAYER", "qty": 7.59878419, "entry_price": 1316.0, "eval_amt": 9999.99999404, "event": "ImportPosition", "origin": "imported", "action": "매도 시그널 감시 시작"}
{"time": "2025-05-30T03:28:12+09:00", "symbol": "KRW-GAS", "qty": 0.08530064, "entry_price": 3728.42076273, "eval_amt": 318.03667725015714, "event": "IgnoreSmallBalance", "action": "매수대상 유지"}
{"time": "2025-05-30T03:28:12+09:00", "symbol": "KRW-ETHW", "qty": 0.04663312, "entry_price": 0.0, "eval_amt": 0.0, "event": "IgnoreSmallBalance", "action": "매수대상 유지"}
{"time": "2025-05-30T03:28:12+09:00", "symbol": "KRW-ETHF", "qty": 0.04663312, "entry_price": 0.0, "eval_amt": 0.0, "event": "IgnoreSmallBalance", "action": "매수대상 유지"}
{"time": "2025-05-30T03:28:12+09:00", "symbol": "KRW-XCORE", "qty": 1.72996111, "entry_price": 0.0, "eval_amt": 0.0, "event": "IgnoreSmallBalance", "action": "매수대상 유지"}
{"time": "2025-05-30T03:28:12+09:00", "symbol": "KRW-BERA", "qty": 0.00082055, "entry_price": 3978.78961901, "eval_amt": 3.2647958218786552, "event": "IgnoreSmallBalance", "action": "매수대상 유지"}
{"time": "2025-05-30T03:28:12+09:00", "symbol": "KRW-LAYER", "qty": 7.59878419, "entry_price": 1316.0, "eval_amt": 9999.99999404, "event": "ImportPosition", "origin": "imported", "action": "매도 시그널 감시 시작"}
{"time": "2025-05-31T11:02:02+09:00", "symbol": "KRW-GAS", "qty": 0.08530064, "entry_price": 3728.42076273, "eval_amt": 318.03667725015714, "event": "IgnoreSmallBalance", "action": "매수대상 유지"}
{"time": "2025-05-31T11:02:02+09:00", "symbol": "KRW-ETHW", "qty": 0.04663312, "entry_price": 0.0, "eval_amt": 0.0, "event": "IgnoreSmallBalance", "action": "매수대상 유지"}
{"time": "2025-05-31T11:02:02+09:00", "symbol": "KRW-ETHF", "qty": 0.04663312, "entry_price": 0.0, "eval_amt": 0.0, "event": "IgnoreSmallBalance", "action": "매수대상 유지"}
{"time": "2025-05-31T11:02:02+09:00", "symbol": "KRW-XCORE", "qty": 1.72996111, "entry_price": 0.0, "eval_amt": 0.0, "event": "IgnoreSmallBalance", "action": "매수대상 유지"}
{"time": "2025-05-31T11:02:02+09:00", "symbol": "KRW-BERA", "qty": 0.00082055, "entry_price": 3978.78961901, "eval_amt": 3.2647958218786552, "event": "IgnoreSmallBalance", "action": "매수대상 유지"}
{"time": "2025-05-31T11:14:00+09:00", "symbol": "KRW-GAS", "qty": 0.08530064, "entry_price": 3728.42076273, "eval_amt": 318.03667725015714, "event": "IgnoreSmallBalance", "action": "매수대상 유지"}
{"time": "2025-05-31T11:14:00+09:00", "symbol": "KRW-ETHW", "qty": 0.04663312, "entry_price": 0.0, "eval_amt": 0.0, "event": "IgnoreSmallBalance", "action": "매수대상 유지"}
{"time": "2025-05-31T11:14:00+09:00", "symbol": "KRW-ETHF", "qty": 0.04663312, "entry_price": 0.0, "eval_amt": 0.0, "event": "IgnoreSmallBalance", "action": "매수대상 유지"}
{"time": "2025-05-31T11:14:00+09:00", "symbol": "KRW-XCORE", "qty": 1.72996111, "entry_price": 0.0, "eval_amt": 0.0, "event": "IgnoreSmallBalance", "action": "매수대상 유지"}
{"time": "2025-05-31T11:14:00+09:00", "symbol": "KRW-BERA", "qty": 0.00082055, "entry_price": 3978.78961901, "eval_amt": 3.2647958218786552, "event": "IgnoreSmallBalance", "action": "매수대상 유지"}
{"time": "2025-05-31T11:39:34+09:00", "symbol": "KRW-GAS", "qty": 0.08530064, "entry_price": 3728.42076273, "eval_amt": 318.03667725015714, "event": "IgnoreSmallBalance", "action": "매수대상 유지"}
{"time": "2025-05-31T11:39:34+09:00", "symbol": "KRW-ETHW", "qty": 0.04663312, "entry_price": 0.0, "eval_amt": 0.0, "event": "IgnoreSmallBalance", "action": "매수대상 유지"}
{"time": "2025-05-31T11:39:34+09:00", "symbol": "KRW-ETHF", "qty": 0.04663312, "entry_price": 0.0, "eval_amt": 0.0, "event": "IgnoreSmallBalance", "action": "매수대상 유지"}
{"time": "2025-05-31T11:39:34+09:00", "symbol": "KRW-XCORE", "qty": 1.72996111, "entry_price": 0.0, "eval_amt": 0.0, "event": "IgnoreSmallBalance", "action": "매수대상 유지"}
{"time": "2025-05-31T11:39:34+09:00", "symbol": "KRW-BERA", "qty": 0.00082055, "entry_price": 3978.78961901, "eval_amt": 3.2647958218786552, "event": "IgnoreSmallBalance", "action": "매수대상 유지"}
{"time": "2025-05-31T11:46:58+09:00", "symbol": "KRW-GAS", "qty": 0.08530064, "entry_price": 3728.42076273, "eval_amt": 318.03667725015714, "event": "IgnoreSmallBalance", "action": "매수대상 유지"}
{"time": "2025-05-31T11:46:58+09:00", "symbol": "KRW-ETHW", "qty": 0.04663312, "entry_price": 0.0, "eval_amt": 0.0, "event": "IgnoreSmallBalance", "action": "매수대상 유지"}
{"time": "2025-05-31T11:46:58+09:00", "symbol": "KRW-ETHF", "qty": 0.04663312, "entry_price": 0.0, "eval_amt": 0.0, "event": "IgnoreSmallBalance", "action": "매수대상 유지"}
{"time": "2025-05-31T11:46:58+09:00", "symbol": "KRW-XCORE", "qty": 1.72996111, "entry_price": 0.0, "eval_amt": 0.0, "event": "IgnoreSmallBalance", "action": "매수대상 유지"}
{"time": "2025-05-31T11:46:58+09:00", "symbol": "KRW-BERA", "qty": 0.00082055, "entry_price": 3978.78961901, "eval_amt": 3.2647958218786552, "event": "IgnoreSmallBalance", "action": "매수대상 유지"}
{"time": "2025-05-31T11:47:01+09:00", "symbol": "KRW-GAS", "qty": 0.08530064, "entry_price": 3728.42076273, "eval_amt": 318.03667725015714, "event": "IgnoreSmallBalance", "action": "매수대상 유지"}
{"time": "2025-05-31T11:47:01+09:00", "symbol": "KRW-ETHW", "qty": 0.04663312, "entry_price": 0.0, "eval_amt": 0.0, "event": "IgnoreSmallBalance", "action": "매수대상 유지"}
{"time": "2025-05-31T11:47:01+09:00", "symbol": "KRW-ETHF", "qty": 0.04663312, "entry_price": 0.0, "eval_amt": 0.0, "event": "IgnoreSmallBalance", "action": "매수대상 유지"}
{"time": "2025-05-31T11:47:01+09:00", "symbol": "KRW-XCORE", "qty": 1.72996111, "entry_price": 0.0, "eval_amt": 0.0, "event": "IgnoreSmallBalance", "action": "매수대상 유지"}
{"time": "2025-05-31T11:47:01+09:00", "symbol": "KRW-BERA", "qty": 0.00082055, "entry_price": 3978.78961901, "eval_amt": 3.2647958218786552, "event": "IgnoreSmallBalance", "action": "매수대상 유지"}
{"time": "2025-05-31T12:02:54+09:00", "symbol": "KRW-GAS", "qty": 0.08530064, "entry_price": 3728.42076273, "eval_amt": 318.03667725015714, "event": "IgnoreSmallBalance", "action": "매수대상 유지"}
{"time": "2025-05-31T12:02:54+09:00", "symbol": "KRW-ETHW", "qty": 0.04663312, "entry_price": 0.0, "eval_amt": 0.0, "event": "IgnoreSmallBalance", "action": "매수대상 유지"}
{"time": "2025-05-31T12:02:54+09:00", "symbol": "KRW-ETHF", "qty": 0.04663312, "entry_price": 0.0, "eval_amt": 0.0, "event": "IgnoreSmallBalance", "action": "매수대상 유지"}
{"time": "2025-05-31T12:02:54+09:00", "symbol": "KRW-XCORE", "qty": 1.72996111, "entry_price": 0.0, "eval_amt": 0.0, "event": "IgnoreSmallBalance", "action": "매수대상 유지"}
{"time": "2025-05-31T12:02:54+09:00", "symbol": "KRW-BERA", "qty": 0.00082055, "entry_price": 3978.78961901, "eval_amt": 3.2647958218786552, "event": "IgnoreSmallBalance", "action": "매수대상 유지"}
{"time": "2025-05-31T12:02:57+09:00", "symbol": "KRW-GAS", "qty": 0.08530064, "entry_price": 3728.42076273, "eval_amt": 318.03667725015714, "event": "IgnoreSmallBalance", "action": "매수대상 유지"}
{"time": "2025-05-31T12:02:57+09:00", "symbol": "KRW-ETHW", "qty": 0.04663312, "entry_price": 0.0, "eval_amt": 0.0, "event": "IgnoreSmallBalance", "action": "매수대상 유지"}
{"time": "2025-05-31T12:02:57+09:00", "symbol": "KRW-ETHF", "qty": 0.04663312, "entry_price": 0.0, "eval_amt": 0.0, "event": "IgnoreSmallBalance", "action": "매수대상 유지"}
{"time": "2025-05-31T12:02:57+09:00", "symbol": "KRW-XCORE", "qty": 1.72996111, "entry_price": 0.0, "eval_amt": 0.0, "event": "IgnoreSmallBalance", "action": "매수대상 유지"}
{"time": "2025-05-31T12:02:57+09:00", "symbol": "KRW-BERA", "qty": 0.00082055, "entry_price": 3978.78961901, "eval_amt": 3.2647958218786552, "event": "IgnoreSmallBalance", "action": "매수대상 유지"}
{"time": "2025-05-31T12:05:42+09:00", "symbol": "KRW-GAS", "qty": 0.08530064, "entry_price": 3728.42076273, "eval_amt": 318.03667725015714, "event": "IgnoreSmallBalance", "action": "매수대상 유지"}
{"time": "2025-05-31T12:05:42+09:00", "symbol": "KRW-ETHW", "qty": 0.04663312, "entry_price": 0.0, "eval_amt": 0.0, "event": "IgnoreSmallBalance", "action": "매수대상 유지"}
{"time": "2025-05-31T12:05:42+09:00", "symbol": "KRW-ETHF", "qty": 0.04663312, "entry_price": 0.0, "eval_amt": 0.0, "event": "IgnoreSmallBalance", "action": "매수대상 유지"}
{"time": "2025-05-31T12:05:42+09:00", "symbol": "KRW-XCORE", "qty": 1.72996111, "entry_price": 0.0, "eval_amt": 0.0, "event": "IgnoreSmallBalance", "action": "매수대상 유지"}
{"time": "2025-05-31T12:05:42+09:00", "symbol": "KRW-BERA", "qty": 0.00082055, "entry_price": 3978.78961901, "eval_amt": 3.2647958218786552, "event": "IgnoreSmallBalance", "action": "매수대상 유지"}
{"time": "2025-05-31T12:09:48+09:00", "symbol": "KRW-GAS", "qty": 0.08530064, "entry_price": 3728.42076273, "eval_amt": 318.03667725015714, "event": "IgnoreSmallBalance", "action": "매수대상 유지"}
{"time": "2025-05-31T12:09:48+09:00", "symbol": "KRW-ETHW", "qty": 0.04663312, "entry_price": 0.0, "eval_amt": 0.0, "event": "IgnoreSmallBalance", "action": "매수대상 유지"}
{"time": "2025-05-31T12:09:48+09:00", "symbol": "KRW-ETHF", "qty": 0.04663312, "entry_price": 0.0, "eval_amt": 0.0, "event": "IgnoreSmallBalance", "action": "매수대상 유지"}
{"time": "2025-05-31T12:09:48+09:00", "symbol": "KRW-XCORE", "qty": 1.72996111, "entry_price": 0.0, "eval_amt": 0.0, "event": "IgnoreSmallBalance", "action": "매수대상 유지"}
{"time": "2025-05-31T12:09:48+09:00", "symbol": "KRW-BERA", "qty": 0.00082055, "entry_price": 3978.78961901, "eval_amt": 3.2647958218786552, "event": "IgnoreSmallBalance", "action": "매수대상 유지"}
{"time": "2025-05-31T12:35:14+09:00", "symbol": "KRW-GAS", "qty": 0.08530064, "entry_price": 3728.42076273, "eval_amt": 318.03667725015714, "event": "IgnoreSmallBalance", "action": "매수대상 유지"}
{"time": "2025-05-31T12:35:14+09:00", "symbol": "KRW-ETHW", "qty": 0.04663312, "entry_price": 0.0, "eval_amt": 0.0, "event": "IgnoreSmallBalance", "action": "매수대상 유지"}
{"time": "2025-05-31T12:35:14+09:00", "symbol": "KRW-ETHF", "qty": 0.04663312, "entry_price": 0.0, "eval_amt": 0.0, "event": "IgnoreSmallBalance", "action": "매수대상 유지"}
{"time": "2025-05-31T12:35:14+09:00", "symbol": "KRW-XCORE", "qty": 1.72996111, "entry_price": 0.0, "eval_amt": 0.0, "event": "IgnoreSmallBalance", "action": "매수대상 유지"}
{"time": "2025-05-31T12:35:14+09:00", "symbol": "KRW-BERA", "qty": 0.00082055, "entry_price": 3978.78961901, "eval_amt": 3.2647958218786552, "event": "IgnoreSmallBalance", "action": "매수대상 유지"}
{"time": "2025-05-31T12:35:20+09:00", "symbol": "KRW-GAS", "qty": 0.08530064, "entry_price": 3728.42076273, "eval_amt": 318.03667725015714, "event": "IgnoreSmallBalance", "action": "매수대상 유지"}
{"time": "2025-05-31T12:35:20+09:00", "symbol": "KRW-ETHW", "qty": 0.04663312, "entry_price": 0.0, "eval_amt": 0.0, "event": "IgnoreSmallBalance", "action": "매수대상 유지"}
{"time": "2025-05-31T12:35:20+09:00", "symbol": "KRW-ETHF", "qty": 0.04663312, "entry_price": 0.0, "eval_amt": 0.0, "event": "IgnoreSmallBalance", "action": "매수대상 유지"}
{"time": "2025-05-31T12:35:20+09:00", "symbol": "KRW-XCORE", "qty": 1.72996111, "entry_price": 0.0, "eval_amt": 0.0, "event": "IgnoreSmallBalance", "action": "매수대상 유지"}
{"time": "2025-05-31T12:35:20+09:00", "symbol": "KRW-BERA", "qty": 0.00082055, "entry_price": 3978.78961901, "eval_amt": 3.2647958218786552, "event": "IgnoreSmallBalance", "action": "매수대상 유지"}
{"time": "2025-05-31T12:35:22+09:00", "symbol": "KRW-GAS", "qty": 0.08530064, "entry_price": 3728.42076273, "eval_amt": 318.03667725015714, "event": "IgnoreSmallBalance", "action": "매수대상 유지"}
{"time": "2025-05-31T12:35:22+09:00", "symbol": "KRW-ETHW", "qty": 0.04663312, "entry_price": 0.0, "eval_amt": 0.0, "event": "IgnoreSmallBalance", "action": "매수대상 유지"}
{"time": "2025-05-31T12:35:22+09:00", "symbol": "KRW-ETHF", "qty": 0.04663312, "entry_price": 0.0, "eval_amt": 0.0, "event": "IgnoreSmallBalance", "action": "매수대상 유지"}
{"time": "2025-05-31T12:35:22+09:00", "symbol": "KRW-XCORE", "qty": 1.72996111, "entry_price": 0.0, "eval_amt": 0.0, "event": "IgnoreSmallBalance", "action": "매수대상 유지"}
{"time": "2025-05-31T12:35:22+09:00", "symbol": "KRW-BERA", "qty": 0.00082055, "entry_price": 3978.78961901, "eval_amt": 3.2647958218786552, "event": "IgnoreSmallBalance", "action": "매수대상 유지"}
{"time": "2025-05-31T12:37:37+09:00", "symbol": "KRW-GAS", "qty": 0.08530064, "entry_price": 3728.42076273, "eval_amt": 318.03667725015714, "event": "IgnoreSmallBalance", "action": "매수대상 유지"}
{"time": "2025-05-31T12:37:37+09:00", "symbol": "KRW-ETHW", "qty": 0.04663312, "entry_price": 0.0, "eval_amt": 0.0, "event": "IgnoreSmallBalance", "action": "매수대상 유지"}
{"time": "2025-05-31T12:37:37+09:00", "symbol": "KRW-ETHF", "qty": 0.04663312, "entry_price": 0.0, "eval_amt": 0.0, "event": "IgnoreSmallBalance", "action": "매수대상 유지"}
{"time": "2025-05-31T12:37:37+09:00", "symbol": "KRW-XCORE", "qty": 1.72996111, "entry_price": 0.0, "eval_amt": 0.0, "event": "IgnoreSmallBalance", "action": "매수대상 유지"}
{"time": "2025-05-31T12:37:37+09:00", "symbol": "KRW-BERA", "qty": 0.00082055, "entry_price": 3978.78961901, "eval_amt": 3.2647958218786552, "event": "IgnoreSmallBalance", "action": "매수대상 유지"}
{"time": "2025-05-31T12:48:44+09:00", "symbol": "KRW-GAS", "qty": 0.08530064, "entry_price": 3728.42076273, "eval_amt": 318.03667725015714, "event": "IgnoreSmallBalance", "action": "매수대상 유지"}
{"time": "2025-05-31T12:48:44+09:00", "symbol": "KRW-ETHW", "qty": 0.04663312, "entry_price": 0.0, "eval_amt": 0.0, "event": "IgnoreSmallBalance", "action": "매수대상 유지"}
{"time": "2025-05-31T12:48:44+09:00", "symbol": "KRW-ETHF", "qty": 0.04663312, "entry_price": 0.0, "eval_amt": 0.0, "event": "IgnoreSmallBalance", "action": "매수대상 유지"}
{"time": "2025-05-31T12:48:44+09:00", "symbol": "KRW-XCORE", "qty": 1.72996111, "entry_price": 0.0, "eval_amt": 0.0, "event": "IgnoreSmallBalance", "action": "매수대상 유지"}
{"time": "2025-05-31T12:48:44+09:00", "symbol": "KRW-BERA", "qty": 0.00082055, "entry_price": 3978.78961901, "eval_amt": 3.2647958218786552, "event": "IgnoreSmallBalance", "action": "매수대상 유지"}
{"time": "2025-05-31T12:48:47+09:00", "symbol": "KRW-GAS", "qty": 0.08530064, "entry_price": 3728.42076273, "eval_amt": 318.03667725015714, "event": "IgnoreSmallBalance", "action": "매수대상 유지"}
{"time": "2025-05-31T12:48:47+09:00", "symbol": "KRW-ETHW", "qty": 0.04663312, "entry_price": 0.0, "eval_amt": 0.0, "event": "IgnoreSmallBalance", "action": "매수대상 유지"}
{"time": "2025-05-31T12:48:47+09:00", "symbol": "KRW-ETHF", "qty": 0.04663312, "entry_price": 0.0, "eval_amt": 0.0, "event": "IgnoreSmallBalance", "action": "매수대상 유지"}
{"time": "2025-05-31T12:48:47+09:00", "symbol": "KRW-XCORE", "qty": 1.72996111, "entry_price": 0.0, "eval_amt": 0.0, "event": "IgnoreSmallBalance", "action": "매수대상 유지"}
{"time": "2025-05-31T12:48:47+09:00", "symbol": "KRW-BERA", "qty": 0.00082055, "entry_price": 3978.78961901, "eval_amt": 3.2647958218786552, "event": "IgnoreSmallBalance", "action": "매수대상 유지"}
{"time": "2025-05-31T12:54:28+09:00", "symbol": "KRW-GAS", "qty": 0.08530064, "entry_price": 3728.42076273, "eval_amt": 318.03667725015714, "event": "IgnoreSmallBalance", "action": "매수대상 유지"}
{"time": "2025-05-31T12:54:28+09:00", "symbol": "KRW-ETHW", "qty": 0.04663312, "entry_price": 0.0, "eval_amt": 0.0, "event": "IgnoreSmallBalance", "action": "매수대상 유지"}
{"time": "2025-05-31T12:54:28+09:00", "symbol": "KRW-ETHF", "qty": 0.04663312, "entry_price": 0.0, "eval_amt": 0.0, "event": "IgnoreSmallBalance", "action": "매수대상 유지"}
{"time": "2025-05-31T12:54:28+09:00", "symbol": "KRW-XCORE", "qty": 1.72996111, "entry_price": 0.0, "eval_amt": 0.0, "event": "IgnoreSmallBalance", "action": "매수대상 유지"}
{"time": "2025-05-31T12:54:28+09:00", "symbol": "KRW-BERA", "qty": 0.00082055, "entry_price": 3978.78961901, "eval_amt": 3.2647958218786552, "event": "IgnoreSmallBalance", "action": "매수대상 유지"}
{"time": "2025-05-31T12:54:46+09:00", "symbol": "KRW-GAS", "qty": 0.08530064, "entry_price": 3728.42076273, "eval_amt": 318.03667725015714, "event": "IgnoreSmallBalance", "action": "매수대상 유지"}
{"time": "2025-05-31T12:54:46+09:00", "symbol": "KRW-ETHW", "qty": 0.04663312, "entry_price": 0.0, "eval_amt": 0.0, "event": "IgnoreSmallBalance", "action": "매수대상 유지"}
{"time": "2025-05-31T12:54:46+09:00", "symbol": "KRW-ETHF", "qty": 0.04663312, "entry_price": 0.0, "eval_amt": 0.0, "event": "IgnoreSmallBalance", "action": "매수대상 유지"}
{"time": "2025-05-31T12:54:46+09:00", "symbol": "KRW-XCORE", "qty": 1.72996111, "entry_price": 0.0, "eval_amt": 0.0, "event": "IgnoreSmallBalance", "action": "매수대상 유지"}
{"time": "2025-05-31T12:54:46+09:00", "symbol": "KRW-BERA", "qty": 0.00082055, "entry_price": 3978.78961901, "eval_amt": 3.2647958218786552, "event": "IgnoreSmallBalance", "action": "매수대상 유지"}
{"time": "2025-05-31T12:55:44+09:00", "symbol": "KRW-GAS", "qty": 0.08530064, "entry_price": 3728.42076273, "eval_amt": 318.03667725015714, "event": "IgnoreSmallBalance", "action": "매수대상 유지"}
{"time": "2025-05-31T12:55:44+09:00", "symbol": "KRW-ETHW", "qty": 0.04663312, "entry_price": 0.0, "eval_amt": 0.0, "event": "IgnoreSmallBalance", "action": "매수대상 유지"}
{"time": "2025-05-31T12:55:44+09:00", "symbol": "KRW-ETHF", "qty": 0.04663312, "entry_price": 0.0, "eval_amt": 0.0, "event": "IgnoreSmallBalance", "action": "매수대상 유지"}
{"time": "2025-05-31T12:55:44+09:00", "symbol": "KRW-XCORE", "qty": 1.72996111, "entry_price": 0.0, "eval_amt": 0.0, "event": "IgnoreSmallBalance", "action": "매수대상 유지"}
{"time": "2025-05-31T12:55:44+09:00", "symbol": "KRW-BERA", "qty": 0.00082055, "entry_price": 3978.78961901, "eval_amt": 3.2647958218786552, "event": "IgnoreSmallBalance", "action": "매수대상 유지"}
{"time": "2025-05-31T12:55:51+09:00", "symbol": "KRW-GAS", "qty": 0.08530064, "entry_price": 3728.42076273, "eval_amt": 318.03667725015714, "event": "IgnoreSmallBalance", "action": "매수대상 유지"}
{"time": "2025-05-31T12:55:51+09:00", "symbol": "KRW-ETHW", "qty": 0.04663312, "entry_price": 0.0, "eval_amt": 0.0, "event": "IgnoreSmallBalance", "action": "매수대상 유지"}
{"time": "2025-05-31T12:55:51+09:00", "symbol": "KRW-ETHF", "qty": 0.04663312, "entry_price": 0.0, "eval_amt": 0.0, "event": "IgnoreSmallBalance", "action": "매수대상 유지"}
{"time": "2025-05-31T12:55:51+09:00", "symbol": "KRW-XCORE", "qty": 1.72996111, "entry_price": 0.0, "eval_amt": 0.0, "event": "IgnoreSmallBalance", "action": "매수대상 유지"}
{"time": "2025-05-31T12:55:51+09:00", "symbol": "KRW-BERA", "qty": 0.00082055, "entry_price": 3978.78961901, "eval_amt": 3.2647958218786552, "event": "IgnoreSmallBalance", "action": "매수대상 유지"}
{"time": "2025-05-31T12:55:56+09:00", "symbol": "KRW-GAS", "qty": 0.08530064, "entry_price": 3728.42076273, "eval_amt": 318.03667725015714, "event": "IgnoreSmallBalance", "action": "매수대상 유지"}
{"time": "2025-05-31T12:55:56+09:00", "symbol": "KRW-ETHW", "qty": 0.04663312, "entry_price": 0.0, "eval_amt": 0.0, "event": "IgnoreSmallBalance", "action": "매수대상 유지"}
{"time": "2025-05-31T12:55:56+09:00", "symbol": "KRW-ETHF", "qty": 0.04663312, "entry_price": 0.0, "eval_amt": 0.0, "event": "IgnoreSmallBalance", "action": "매수대상 유지"}
{"time": "2025-05-31T12:55:56+09:00", "symbol": "KRW-XCORE", "qty": 1.72996111, "entry_price": 0.0, "eval_amt": 0.0, "event": "IgnoreSmallBalance", "action": "매수대상 유지"}
{"time": "2025-05-31T12:55:56+09:00", "symbol": "KRW-BERA", "qty": 0.00082055, "entry_price": 3978.78961901, "eval_amt": 3.2647958218786552, "event": "IgnoreSmallBalance", "action": "매수대상 유지"}
{"time": "2025-05-31T12:55:59+09:00", "symbol": "KRW-GAS", "qty": 0.08530064, "entry_price": 3728.42076273, "eval_amt": 318.03667725015714, "event": "IgnoreSmallBalance", "action": "매수대상 유지"}
{"time": "2025-05-31T12:55:59+09:00", "symbol": "KRW-ETHW", "qty": 0.04663312, "entry_price": 0.0, "eval_amt": 0.0, "event": "IgnoreSmallBalance", "action": "매수대상 유지"}
{"time": "2025-05-31T12:55:59+09:00", "symbol": "KRW-ETHF", "qty": 0.04663312, "entry_price": 0.0, "eval_amt": 0.0, "event": "IgnoreSmallBalance", "action": "매수대상 유지"}
{"time": "2025-05-31T12:55:59+09:00", "symbol": "KRW-XCORE", "qty": 1.72996111, "entry_price": 0.0, "eval_amt": 0.0, "event": "IgnoreSmallBalance", "action": "매수대상 유지"}
{"time": "2025-05-31T12:55:59+09:00", "symbol": "KRW-BERA", "qty": 0.00082055, "entry_price": 3978.78961901, "eval_amt": 3.2647958218786552, "event": "IgnoreSmallBalance", "action": "매수대상 유지"}
{"time": "2025-05-31T13:26:23+09:00", "symbol": "KRW-GAS", "qty": 0.08530064, "entry_price": 3728.42076273, "eval_amt": 318.03667725015714, "event": "IgnoreSmallBalance", "action": "매수대상 유지"}
{"time": "2025-05-31T13:26:23+09:00", "symbol": "KRW-ETHW", "qty": 0.04663312, "entry_price": 0.0, "eval_amt": 0.0, "event": "IgnoreSmallBalance", "action": "매수대상 유지"}
{"time": "2025-05-31T13:26:23+09:00", "symbol": "KRW-ETHF", "qty": 0.04663312, "entry_price": 0.0, "eval_amt": 0.0, "event": "IgnoreSmallBalance", "action": "매수대상 유지"}
{"time": "2025-05-31T13:26:23+09:00", "symbol": "KRW-XCORE", "qty": 1.72996111, "entry_price": 0.0, "eval_amt": 0.0, "event": "IgnoreSmallBalance", "action": "매수대상 유지"}
{"time": "2025-05-31T13:26:23+09:00", "symbol": "KRW-BERA", "qty": 0.00082055, "entry_price": 3978.78961901, "eval_amt": 3.2647958218786552, "event": "IgnoreSmallBalance", "action": "매수대상 유지"}
{"time": "2025-05-31T18:01:27+09:00", "symbol": "KRW-GAS", "qty": 0.08530064, "entry_price": 3728.42076273, "eval_amt": 318.03667725015714, "event": "IgnoreSmallBalance", "action": "매수대상 유지"}
{"time": "2025-05-31T18:01:27+09:00", "symbol": "KRW-ETHW", "qty": 0.04663312, "entry_price": 0.0, "eval_amt": 0.0, "event": "IgnoreSmallBalance", "action": "매수대상 유지"}
{"time": "2025-05-31T18:01:27+09:00", "symbol": "KRW-ETHF", "qty": 0.04663312, "entry_price": 0.0, "eval_amt": 0.0, "event": "IgnoreSmallBalance", "action": "매수대상 유지"}
{"time": "2025-05-31T18:01:27+09:00", "symbol": "KRW-XCORE", "qty": 1.72996111, "entry_price": 0.0, "eval_amt": 0.0, "event": "IgnoreSmallBalance", "action": "매수대상 유지"}
{"time": "2025-05-31T18:01:27+09:00", "symbol": "KRW-BERA", "qty": 0.00082055, "entry_price": 3978.78961901, "eval_amt": 3.2647958218786552, "event": "IgnoreSmallBalance", "action": "매수대상 유지"}
{"time": "2025-05-31T18:01:30+09:00", "symbol": "KRW-GAS", "qty": 0.08530064, "entry_price": 3728.42076273, "eval_amt": 318.03667725015714, "event": "IgnoreSmallBalance", "action": "매수대상 유지"}
{"time": "2025-05-31T18:01:30+09:00", "symbol": "KRW-ETHW", "qty": 0.04663312, "entry_price": 0.0, "eval_amt": 0.0, "event": "IgnoreSmallBalance", "action": "매수대상 유지"}
{"time": "2025-05-31T18:01:30+09:00", "symbol": "KRW-ETHF", "qty": 0.04663312, "entry_price": 0.0, "eval_amt": 0.0, "event": "IgnoreSmallBalance", "action": "매수대상 유지"}
{"time": "2025-05-31T18:01:30+09:00", "symbol": "KRW-XCORE", "qty": 1.72996111, "entry_price": 0.0, "eval_amt": 0.0, "event": "IgnoreSmallBalance", "action": "매수대상 유지"}
{"time": "2025-05-31T18:01:30+09:00", "symbol": "KRW-BERA", "qty": 0.00082055, "entry_price": 3978.78961901, "eval_amt": 3.2647958218786552, "event": "IgnoreSmallBalance", "action": "매수대상 유지"}
{"time": "2025-05-31T18:14:35+09:00", "symbol": "KRW-GAS", "qty": 0.08530064, "entry_price": 3728.42076273, "eval_amt": 318.03667725015714, "event": "IgnoreSmallBalance", "action": "매수대상 유지"}
{"time": "2025-05-31T18:14:35+09:00", "symbol": "KRW-ETHW", "qty": 0.04663312, "entry_price": 0.0, "eval_amt": 0.0, "event": "IgnoreSmallBalance", "action": "매수대상 유지"}
{"time": "2025-05-31T18:14:35+09:00", "symbol": "KRW-ETHF", "qty": 0.04663312, "entry_price": 0.0, "eval_amt": 0.0, "event": "IgnoreSmallBalance", "action": "매수대상 유지"}
{"time": "2025-05-31T18:14:35+09:00", "symbol": "KRW-XCORE", "qty": 1.72996111, "entry_price": 0.0, "eval_amt": 0.0, "event": "IgnoreSmallBalance", "action": "매수대상 유지"}
{"time": "2025-05-31T18:14:35+09:00", "symbol": "KRW-BERA", "qty": 0.00082055, "entry_price": 3978.78961901, "eval_amt": 3.2647958218786552, "event": "IgnoreSmallBalance", "action": "매수대상 유지"}
{"time": "2025-05-31T18:15:43+09:00", "symbol": "KRW-GAS", "qty": 0.08530064, "entry_price": 3728.42076273, "eval_amt": 318.03667725015714, "event": "IgnoreSmallBalance", "action": "매수대상 유지"}
{"time": "2025-05-31T18:15:43+09:00", "symbol": "KRW-ETHW", "qty": 0.04663312, "entry_price": 0.0, "eval_amt": 0.0, "event": "IgnoreSmallBalance", "action": "매수대상 유지"}
{"time": "2025-05-31T18:15:43+09:00", "symbol": "KRW-ETHF", "qty": 0.04663312, "entry_price": 0.0, "eval_amt": 0.0, "event": "IgnoreSmallBalance", "action": "매수대상 유지"}
{"time": "2025-05-31T18:15:43+09:00", "symbol": "KRW-XCORE", "qty": 1.72996111, "entry_price": 0.0, "eval_amt": 0.0, "event": "IgnoreSmallBalance", "action": "매수대상 유지"}
{"time": "2025-05-31T18:15:43+09:00", "symbol": "KRW-BERA", "qty": 0.00082055, "entry_price": 3978.78961901, "eval_amt": 3.2647958218786552, "event": "IgnoreSmallBalance", "action": "매수대상 유지"}
{"time": "2025-05-31T18:15:46+09:00", "symbol": "KRW-GAS", "qty": 0.08530064, "entry_price": 3728.42076273, "eval_amt": 318.03667725015714, "event": "IgnoreSmallBalance", "action": "매수대상 유지"}
{"time": "2025-05-31T18:15:46+09:00", "symbol": "KRW-ETHW", "qty": 0.04663312, "entry_price": 0.0, "eval_amt": 0.0, "event": "IgnoreSmallBalance", "action": "매수대상 유지"}
{"time": "2025-05-31T18:15:46+09:00", "symbol": "KRW-ETHF", "qty": 0.04663312, "entry_price": 0.0, "eval_amt": 0.0, "event": "IgnoreSmallBalance", "action": "매수대상 유지"}
{"time": "2025-05-31T18:15:46+09:00", "symbol": "KRW-XCORE", "qty": 1.72996111, "entry_price": 0.0, "eval_amt": 0.0, "event": "IgnoreSmallBalance", "action": "매수대상 유지"}
{"time": "2025-05-31T18:15:46+09:00", "symbol": "KRW-BERA", "qty": 0.00082055, "entry_price": 3978.78961901, "eval_amt": 3.2647958218786552, "event": "IgnoreSmallBalance", "action": "매수대상 유지"}
{"time": "2025-05-31T19:22:51+09:00", "symbol": "KRW-GAS", "qty": 0.08530064, "entry_price": 3728.42076273, "eval_amt": 318.03667725015714, "event": "IgnoreSmallBalance", "action": "매수대상 유지"}
{"time": "2025-05-31T19:22:51+09:00", "symbol": "KRW-ETHW", "qty": 0.04663312, "entry_price": 0.0, "eval_amt": 0.0, "event": "IgnoreSmallBalance", "action": "매수대상 유지"}
{"time": "2025-05-31T19:22:51+09:00", "symbol": "KRW-ETHF", "qty": 0.04663312, "entry_price": 0.0, "eval_amt": 0.0, "event": "IgnoreSmallBalance", "action": "매수대상 유지"}
{"time": "2025-05-31T19:22:51+09:00", "symbol": "KRW-XCORE", "qty": 1.72996111, "entry_price": 0.0, "eval_amt": 0.0, "event": "IgnoreSmallBalance", "action": "매수대상 유지"}
{"time": "2025-05-31T19:22:51+09:00", "symbol": "KRW-BERA", "qty": 0.00082055, "entry_price": 3978.78961901, "eval_amt": 3.2647958218786552, "event": "IgnoreSmallBalance", "action": "매수대상 유지"}
{"time": "2025-05-31T19:22:54+09:00", "symbol": "KRW-GAS", "qty": 0.08530064, "entry_price": 3728.42076273, "eval_amt": 318.03667725015714, "event": "IgnoreSmallBalance", "action": "매수대상 유지"}
{"time": "2025-05-31T19:22:54+09:00", "symbol": "KRW-ETHW", "qty": 0.04663312, "entry_price": 0.0, "eval_amt": 0.0, "event": "IgnoreSmallBalance", "action": "매수대상 유지"}
{"time": "2025-05-31T19:22:54+09:00", "symbol": "KRW-ETHF", "qty": 0.04663312, "entry_price": 0.0, "eval_amt": 0.0, "event": "IgnoreSmallBalance", "action": "매수대상 유지"}
{"time": "2025-05-31T19:22:54+09:00", "symbol": "KRW-XCORE", "qty": 1.72996111, "entry_price": 0.0, "eval_amt": 0.0, "event": "IgnoreSmallBalance", "action": "매수대상 유지"}
{"time": "2025-05-31T19:22:54+09:00", "symbol": "KRW-BERA", "qty": 0.00082055, "entry_price": 3978.78961901, "eval_amt": 3.2647958218786552, "event": "IgnoreSmallBalance", "action": "매수대상 유지"}
{"time": "2025-05-31T19:23:59+09:00", "symbol": "KRW-GAS", "qty": 0.08530064, "entry_price": 3728.42076273, "eval_amt": 318.03667725015714, "event": "IgnoreSmallBalance", "action": "매수대상 유지"}
{"time": "2025-05-31T19:23:59+09:00", "symbol": "KRW-ETHW", "qty": 0.04663312, "entry_price": 0.0, "eval_amt": 0.0, "event": "IgnoreSmallBalance", "action": "매수대상 유지"}
{"time": "2025-05-31T19:23:59+09:00", "symbol": "KRW-ETHF", "qty": 0.04663312, "entry_price": 0.0, "eval_amt": 0.0, "event": "IgnoreSmallBalance", "action": "매수대상 유지"}
{"time": "2025-05-31T19:23:59+09:00", "symbol": "KRW-XCORE", "qty": 1.72996111, "entry_price": 0.0, "eval_amt": 0.0, "event": "IgnoreSmallBalance", "action": "매수대상 유지"}
{"time": "2025-05-31T19:23:59+09:00", "symbol": "KRW-BERA", "qty": 0.00082055, "entry_price": 3978.78961901, "eval_amt": 3.2647958218786552, "event": "IgnoreSmallBalance", "action": "매수대상 유지"}
{"time": "2025-05-31T19:38:29+09:00", "symbol": "KRW-GAS", "qty": 0.08530064, "entry_price": 3728.42076273, "eval_amt": 318.03667725015714, "event": "IgnoreSmallBalance", "action": "매수대상 유지"}
{"time": "2025-05-31T19:38:29+09:00", "symbol": "KRW-ETHW", "qty": 0.04663312, "entry_price": 0.0, "eval_amt": 0.0, "event": "IgnoreSmallBalance", "action": "매수대상 유지"}
{"time": "2025-05-31T19:38:29+09:00", "symbol": "KRW-ETHF", "qty": 0.04663312, "entry_price": 0.0, "eval_amt": 0.0, "event": "IgnoreSmallBalance", "action": "매수대상 유지"}
{"time": "2025-05-31T19:38:29+09:00", "symbol": "KRW-XCORE", "qty": 1.72996111, "entry_price": 0.0, "eval_amt": 0.0, "event": "IgnoreSmallBalance", "action": "매수대상 유지"}
{"time": "2025-05-31T19:38:29+09:00", "symbol": "KRW-BERA", "qty": 0.00082055, "entry_price": 3978.78961901, "eval_amt": 3.2647958218786552, "event": "IgnoreSmallBalance", "action": "매수대상 유지"}
{"time": "2025-05-31T19:39:03+09:00", "symbol": "KRW-GAS", "qty": 0.08530064, "entry_price": 3728.42076273, "eval_amt": 318.03667725015714, "event": "IgnoreSmallBalance", "action": "매수대상 유지"}
{"time": "2025-05-31T19:39:03+09:00", "symbol": "KRW-ETHW", "qty": 0.04663312, "entry_price": 0.0, "eval_amt": 0.0, "event": "IgnoreSmallBalance", "action": "매수대상 유지"}
{"time": "2025-05-31T19:39:03+09:00", "symbol": "KRW-ETHF", "qty": 0.04663312, "entry_price": 0.0, "eval_amt": 0.0, "event": "IgnoreSmallBalance", "action": "매수대상 유지"}
{"time": "2025-05-31T19:39:03+09:00", "symbol": "KRW-XCORE", "qty": 1.72996111, "entry_price": 0.0, "eval_amt": 0.0, "event": "IgnoreSmallBalance", "action": "매수대상 유지"}
{"time": "2025-05-31T19:39:03+09:00", "symbol": "KRW-BERA", "qty": 0.00082055, "entry_price": 3978.78961901, "eval_amt": 3.2647958218786552, "event": "IgnoreSmallBalance", "action": "매수대상 유지"}
{"time": "2025-05-31T19:39:42+09:00", "symbol": "KRW-GAS", "qty": 0.08530064, "entry_price": 3728.42076273, "eval_amt": 318.03667725015714, "event": "IgnoreSmallBalance", "action": "매수대상 유지"}
{"time": "2025-05-31T19:39:42+09:00", "symbol": "KRW-ETHW", "qty": 0.04663312, "entry_price": 0.0, "eval_amt": 0.0, "event": "IgnoreSmallBalance", "action": "매수대상 유지"}
{"time": "2025-05-31T19:39:42+09:00", "symbol": "KRW-ETHF", "qty": 0.04663312, "entry_price": 0.0, "eval_amt": 0.0, "event": "IgnoreSmallBalance", "action": "매수대상 유지"}
{"time": "2025-05-31T19:39:42+09:00", "symbol": "KRW-XCORE", "qty": 1.72996111, "entry_price": 0.0, "eval_amt": 0.0, "event": "IgnoreSmallBalance", "action": "매수대상 유지"}
{"time": "2025-05-31T19:39:42+09:00", "symbol": "KRW-BERA", "qty": 0.00082055, "entry_price": 3978.78961901, "eval_amt": 3.2647958218786552, "event": "IgnoreSmallBalance", "action": "매수대상 유지"}
{"time": "2025-05-31T19:39:45+09:00", "symbol": "KRW-GAS", "qty": 0.08530064, "entry_price": 3728.42076273, "eval_amt": 318.03667725015714, "event": "IgnoreSmallBalance", "action": "매수대상 유지"}
{"time": "2025-05-31T19:39:45+09:00", "symbol": "KRW-ETHW", "qty": 0.04663312, "entry_price": 0.0, "eval_amt": 0.0, "event": "IgnoreSmallBalance", "action": "매수대상 유지"}
{"time": "2025-05-31T19:39:45+09:00", "symbol": "KRW-ETHF", "qty": 0.04663312, "entry_price": 0.0, "eval_amt": 0.0, "event": "IgnoreSmallBalance", "action": "매수대상 유지"}
{"time": "2025-05-31T19:39:45+09:00", "symbol": "KRW-XCORE", "qty": 1.72996111, "entry_price": 0.0, "eval_amt": 0.0, "event": "IgnoreSmallBalance", "action": "매수대상 유지"}
{"time": "2025-05-31T19:39:45+09:00", "symbol": "KRW-BERA", "qty": 0.00082055, "entry_price": 3978.78961901, "eval_amt": 3.2647958218786552, "event": "IgnoreSmallBalance", "action": "매수대상 유지"}
{"time": "2025-05-31T20:02:57+09:00", "symbol": "KRW-GAS", "qty": 0.08530064, "entry_price": 3728.42076273, "eval_amt": 318.03667725015714, "event": "IgnoreSmallBalance", "action": "매수대상 유지"}
{"time": "2025-05-31T20:02:57+09:00", "symbol": "KRW-ETHW", "qty": 0.04663312, "entry_price": 0.0, "eval_amt": 0.0, "event": "IgnoreSmallBalance", "action": "매수대상 유지"}
{"time": "2025-05-31T20:02:57+09:00", "symbol": "KRW-ETHF", "qty": 0.04663312, "entry_price": 0.0, "eval_amt": 0.0, "event": "IgnoreSmallBalance", "action": "매수대상 유지"}
{"time": "2025-05-31T20:02:57+09:00", "symbol": "KRW-XCORE", "qty": 1.72996111, "entry_price": 0.0, "eval_amt": 0.0, "event": "IgnoreSmallBalance", "action": "매수대상 유지"}
{"time": "2025-05-31T20:02:57+09:00", "symbol": "KRW-BERA", "qty": 0.00082055, "entry_price": 3978.78961901, "eval_amt": 3.2647958218786552, "event": "IgnoreSmallBalance", "action": "매수대상 유지"}
{"time": "2025-05-31T20:02:59+09:00", "symbol": "KRW-GAS", "qty": 0.08530064, "entry_price": 3728.42076273, "eval_amt": 318.03667725015714, "event": "IgnoreSmallBalance", "action": "매수대상 유지"}
{"time": "2025-05-31T20:02:59+09:00", "symbol": "KRW-ETHW", "qty": 0.04663312, "entry_price": 0.0, "eval_amt": 0.0, "event": "IgnoreSmallBalance", "action": "매수대상 유지"}
{"time": "2025-05-31T20:02:59+09:00", "symbol": "KRW-ETHF", "qty": 0.04663312, "entry_price": 0.0, "eval_amt": 0.0, "event": "IgnoreSmallBalance", "action": "매수대상 유지"}
{"time": "2025-05-31T20:02:59+09:00", "symbol": "KRW-XCORE", "qty": 1.72996111, "entry_price": 0.0, "eval_amt": 0.0, "event": "IgnoreSmallBalance", "action": "매수대상 유지"}
{"time": "2025-05-31T20:02:59+09:00", "symbol": "KRW-BERA", "qty": 0.00082055, "entry_price": 3978.78961901, "eval_amt": 3.2647958218786552, "event": "IgnoreSmallBalance", "action": "매수대상 유지"}
{"time": "2025-05-31T20:49:24+09:00", "symbol": "KRW-GAS", "qty": 0.08530064, "entry_price": 3728.42076273, "eval_amt": 318.03667725015714, "event": "IgnoreSmallBalance", "action": "매수대상 유지"}
{"time": "2025-05-31T20:49:24+09:00", "symbol": "KRW-ETHW", "qty": 0.04663312, "entry_price": 0.0, "eval_amt": 0.0, "event": "IgnoreSmallBalance", "action": "매수대상 유지"}
{"time": "2025-05-31T20:49:24+09:00", "symbol": "KRW-ETHF", "qty": 0.04663312, "entry_price": 0.0, "eval_amt": 0.0, "event": "IgnoreSmallBalance", "action": "매수대상 유지"}
{"time": "2025-05-31T20:49:24+09:00", "symbol": "KRW-XCORE", "qty": 1.72996111, "entry_price": 0.0, "eval_amt": 0.0, "event": "IgnoreSmallBalance", "action": "매수대상 유지"}
{"time": "2025-05-31T20:49:24+09:00", "symbol": "KRW-BERA", "qty": 0.00082055, "entry_price": 3978.78961901, "eval_amt": 3.2647958218786552, "event": "IgnoreSmallBalance", "action": "매수대상 유지"}
{"time": "2025-05-31T20:49:30+09:00", "symbol": "KRW-GAS", "qty": 0.08530064, "entry_price": 3728.42076273, "eval_amt": 318.03667725015714, "event": "IgnoreSmallBalance", "action": "매수대상 유지"}
{"time": "2025-05-31T20:49:30+09:00", "symbol": "KRW-ETHW", "qty": 0.04663312, "entry_price": 0.0, "eval_amt": 0.0, "event": "IgnoreSmallBalance", "action": "매수대상 유지"}
{"time": "2025-05-31T20:49:30+09:00", "symbol": "KRW-ETHF", "qty": 0.04663312, "entry_price": 0.0, "eval_amt": 0.0, "event": "IgnoreSmallBalance", "action": "매수대상 유지"}
{"time": "2025-05-31T20:49:30+09:00", "symbol": "KRW-XCORE", "qty": 1.72996111, "entry_price": 0.0, "eval_amt": 0.0, "event": "IgnoreSmallBalance", "action": "매수대상 유지"}
{"time": "2025-05-31T20:49:30+09:00", "symbol": "KRW-BERA", "qty": 0.00082055, "entry_price": 3978.78961901, "eval_amt": 3.2647958218786552, "event": "IgnoreSmallBalance", "action": "매수대상 유지"}
{"time": "2025-05-31T20:49:53+09:00", "symbol": "KRW-GAS", "qty": 0.08530064, "entry_price": 3728.42076273, "eval_amt": 318.03667725015714, "event": "IgnoreSmallBalance", "action": "매수대상 유지"}
{"time": "2025-05-31T20:49:53+09:00", "symbol": "KRW-ETHW", "qty": 0.04663312, "entry_price": 0.0, "eval_amt": 0.0, "event": "IgnoreSmallBalance", "action": "매수대상 유지"}
{"time": "2025-05-31T20:49:53+09:00", "symbol": "KRW-ETHF", "qty": 0.04663312, "entry_price": 0.0, "eval_amt": 0.0, "event": "IgnoreSmallBalance", "action": "매수대상 유지"}
{"time": "2025-05-31T20:49:53+09:00", "symbol": "KRW-XCORE", "qty": 1.72996111, "entry_price": 0.0, "eval_amt": 0.0, "event": "IgnoreSmallBalance", "action": "매수대상 유지"}
{"time": "2025-05-31T20:49:53+09:00", "symbol": "KRW-BERA", "qty": 0.00082055, "entry_price": 3978.78961901, "eval_amt": 3.2647958218786552, "event": "IgnoreSmallBalance", "action": "매수대상 유지"}
{"time": "2025-05-31T20:49:59+09:00", "symbol": "KRW-GAS", "qty": 0.08530064, "entry_price": 3728.42076273, "eval_amt": 318.03667725015714, "event": "IgnoreSmallBalance", "action": "매수대상 유지"}
{"time": "2025-05-31T20:49:59+09:00", "symbol": "KRW-ETHW", "qty": 0.04663312, "entry_price": 0.0, "eval_amt": 0.0, "event": "IgnoreSmallBalance", "action": "매수대상 유지"}
{"time": "2025-05-31T20:49:59+09:00", "symbol": "KRW-ETHF", "qty": 0.04663312, "entry_price": 0.0, "eval_amt": 0.0, "event": "IgnoreSmallBalance", "action": "매수대상 유지"}
{"time": "2025-05-31T20:49:59+09:00", "symbol": "KRW-XCORE", "qty": 1.72996111, "entry_price": 0.0, "eval_amt": 0.0, "event": "IgnoreSmallBalance", "action": "매수대상 유지"}
{"time": "2025-05-31T20:49:59+09:00", "symbol": "KRW-BERA", "qty": 0.00082055, "entry_price": 3978.78961901, "eval_amt": 3.2647958218786552, "event": "IgnoreSmallBalance", "action": "매수대상 유지"}
{"time": "2025-05-31T20:50:02+09:00", "symbol": "KRW-GAS", "qty": 0.08530064, "entry_price": 3728.42076273, "eval_amt": 318.03667725015714, "event": "IgnoreSmallBalance", "action": "매수대상 유지"}
{"time": "2025-05-31T20:50:02+09:00", "symbol": "KRW-ETHW", "qty": 0.04663312, "entry_price": 0.0, "eval_amt": 0.0, "event": "IgnoreSmallBalance", "action": "매수대상 유지"}
{"time": "2025-05-31T20:50:02+09:00", "symbol": "KRW-ETHF", "qty": 0.04663312, "entry_price": 0.0, "eval_amt": 0.0, "event": "IgnoreSmallBalance", "action": "매수대상 유지"}
{"time": "2025-05-31T20:50:02+09:00", "symbol": "KRW-XCORE", "qty": 1.72996111, "entry_price": 0.0, "eval_amt": 0.0, "event": "IgnoreSmallBalance", "action": "매수대상 유지"}
{"time": "2025-05-31T20:50:02+09:00", "symbol": "KRW-BERA", "qty": 0.00082055, "entry_price": 3978.78961901, "eval_amt": 3.2647958218786552, "event": "IgnoreSmallBalance", "action": "매수대상 유지"}
{"time": "2025-05-31T20:59:41+09:00", "symbol": "KRW-GAS", "qty": 0.08530064, "entry_price": 3728.42076273, "eval_amt": 318.03667725015714, "event": "IgnoreSmallBalance", "action": "매수대상 유지"}
{"time": "2025-05-31T20:59:41+09:00", "symbol": "KRW-ETHW", "qty": 0.04663312, "entry_price": 0.0, "eval_amt": 0.0, "event": "IgnoreSmallBalance", "action": "매수대상 유지"}
{"time": "2025-05-31T20:59:41+09:00", "symbol": "KRW-ETHF", "qty": 0.04663312, "entry_price": 0.0, "eval_amt": 0.0, "event": "IgnoreSmallBalance", "action": "매수대상 유지"}
{"time": "2025-05-31T20:59:41+09:00", "symbol": "KRW-XCORE", "qty": 1.72996111, "entry_price": 0.0, "eval_amt": 0.0, "event": "IgnoreSmallBalance", "action": "매수대상 유지"}
{"time": "2025-05-31T20:59:41+09:00", "symbol": "KRW-BERA", "qty": 0.00082055, "entry_price": 3978.78961901, "eval_amt": 3.2647958218786552, "event": "IgnoreSmallBalance", "action": "매수대상 유지"}
{"time": "2025-05-31T20:59:43+09:00", "symbol": "KRW-GAS", "qty": 0.08530064, "entry_price": 3728.42076273, "eval_amt": 318.03667725015714, "event": "IgnoreSmallBalance", "action": "매수대상 유지"}
{"time": "2025-05-31T20:59:43+09:00", "symbol": "KRW-ETHW", "qty": 0.04663312, "entry_price": 0.0, "eval_amt": 0.0, "event": "IgnoreSmallBalance", "action": "매수대상 유지"}
{"time": "2025-05-31T20:59:43+09:00", "symbol": "KRW-ETHF", "qty": 0.04663312, "entry_price": 0.0, "eval_amt": 0.0, "event": "IgnoreSmallBalance", "action": "매수대상 유지"}
{"time": "2025-05-31T20:59:43+09:00", "symbol": "KRW-XCORE", "qty": 1.72996111, "entry_price": 0.0, "eval_amt": 0.0, "event": "IgnoreSmallBalance", "action": "매수대상 유지"}
{"time": "2025-05-31T20:59:43+09:00", "symbol": "KRW-BERA", "qty": 0.00082055, "entry_price": 3978.78961901, "eval_amt": 3.2647958218786552, "event": "IgnoreSmallBalance", "action": "매수대상 유지"}
{"time": "2025-05-31T20:59:46+09:00", "symbol": "KRW-GAS", "qty": 0.08530064, "entry_price": 3728.42076273, "eval_amt": 318.03667725015714, "event": "IgnoreSmallBalance", "action": "매수대상 유지"}
{"time": "2025-05-31T20:59:46+09:00", "symbol": "KRW-ETHW", "qty": 0.04663312, "entry_price": 0.0, "eval_amt": 0.0, "event": "IgnoreSmallBalance", "action": "매수대상 유지"}
{"time": "2025-05-31T20:59:46+09:00", "symbol": "KRW-ETHF", "qty": 0.04663312, "entry_price": 0.0, "eval_amt": 0.0, "event": "IgnoreSmallBalance", "action": "매수대상 유지"}
{"time": "2025-05-31T20:59:46+09:00", "symbol": "KRW-XCORE", "qty": 1.72996111, "entry_price": 0.0, "eval_amt": 0.0, "event": "IgnoreSmallBalance", "action": "매수대상 유지"}
{"time": "2025-05-31T20:59:46+09:00", "symbol": "KRW-BERA", "qty": 0.00082055, "entry_price": 3978.78961901, "eval_amt": 3.2647958218786552, "event": "IgnoreSmallBalance", "action": "매수대상 유지"}
