2025-05-30 05:21:59,731 [INFO] [SELECT] 0 strategies saved
2025-05-30 05:22:57,125 [INFO] [SELECT] 0 strategies saved
2025-05-30 05:32:55,235 [INFO] [SELECT] 0 strategies saved
2025-05-30 05:56:04,472 [INFO] [SELECT] monitoring list updated: D:\UPBIT_ML\config\coin_list_monitoring.json
2025-05-30 05:56:04,472 [INFO] [SELECT] 0 strategies saved
2025-05-30 05:57:05,322 [INFO] [SELECT] monitoring list updated: D:\UPBIT_ML\config\coin_list_monitoring.json
2025-05-30 05:57:05,323 [INFO] [SELECT] 0 strategies saved
2025-05-30 05:57:20,354 [INFO] [SELECT] monitoring list updated: D:\UPBIT_ML\config\coin_list_monitoring.json
2025-05-30 05:57:20,370 [INFO] [SELECT] 0 strategies saved
2025-05-30 05:57:36,920 [INFO] [SELECT] monitoring list updated: D:\UPBIT_ML\config\coin_list_monitoring.json
2025-05-30 05:57:36,921 [INFO] [SELECT] 0 strategies saved
2025-05-30 05:57:47,686 [INFO] [SELECT] monitoring list updated: D:\UPBIT_ML\config\coin_list_monitoring.json
2025-05-30 05:57:47,687 [INFO] [SELECT] 0 strategies saved
2025-05-30 05:58:17,185 [INFO] [SELECT] monitoring list updated: D:\UPBIT_ML\config\coin_list_monitoring.json
2025-05-30 05:58:17,185 [INFO] [SELECT] 0 strategies saved
2025-05-30 05:58:40,923 [INFO] [SELECT] monitoring list updated: D:\UPBIT_ML\config\coin_list_monitoring.json
2025-05-30 05:58:40,923 [INFO] [SELECT] 0 strategies saved
2025-05-30 06:00:15,092 [INFO] [SELECT] monitoring list updated: D:\UPBIT_ML\config\coin_list_monitoring.json
2025-05-30 06:00:15,093 [INFO] [SELECT] 0 strategies saved
2025-05-30 06:01:14,367 [INFO] [SELECT] monitoring list updated: D:\UPBIT_ML\config\coin_list_monitoring.json
2025-05-30 06:01:14,367 [INFO] [SELECT] 0 strategies saved
2025-05-30 06:04:33,328 [INFO] [SELECT] monitoring list updated: D:\UPBIT_ML\config\coin_list_monitoring.json
2025-05-30 06:04:33,329 [INFO] [SELECT] 0 strategies saved
2025-05-30 06:04:45,338 [INFO] [SELECT] monitoring list updated: D:\UPBIT_ML\config\coin_list_monitoring.json
2025-05-30 06:04:45,339 [INFO] [SELECT] 0 strategies saved
2025-05-30 10:43:46,919 [INFO] [SELECT] monitoring list updated: D:\UPBIT_ML\config\coin_list_monitoring.json
2025-05-30 10:43:46,921 [INFO] [SELECT] 0 strategies saved
2025-05-30 10:46:39,294 [INFO] [SELECT] monitoring list updated: D:\UPBIT_ML\config\coin_list_monitoring.json
2025-05-30 10:46:39,294 [INFO] [SELECT] 0 strategies saved
2025-05-30 10:47:04,846 [INFO] [SELECT] monitoring list updated: D:\UPBIT_ML\config\coin_list_monitoring.json
2025-05-30 10:47:04,846 [INFO] [SELECT] 0 strategies saved
2025-05-30 10:58:51,435 [INFO] [SELECT] monitoring list updated: D:\UPBIT_ML\config\coin_list_monitoring.json
2025-05-30 10:58:51,436 [INFO] [SELECT] 0 strategies saved
2025-05-30 10:58:51,436 [INFO] [SELECT] no strategies met criteria; files cleared
2025-05-30 11:02:16,995 [INFO] [SELECT] monitoring list updated: D:\UPBIT_ML\config\coin_list_monitoring.json
2025-05-30 11:02:16,997 [INFO] [SELECT] 0 strategies saved
2025-05-30 11:02:16,997 [INFO] [SELECT] no strategies met criteria; files cleared
2025-05-30 11:03:35,029 [INFO] [SELECT] monitoring list updated: D:\UPBIT_ML\config\coin_list_monitoring.json
2025-05-30 11:03:35,029 [INFO] [SELECT] 0 strategies saved
2025-05-30 11:03:35,030 [INFO] [SELECT] no strategies met criteria; files cleared
2025-05-30 11:07:05,144 [INFO] [SELECT] monitoring list updated: D:\UPBIT_ML\config\coin_list_monitoring.json
2025-05-30 11:07:05,145 [INFO] [SELECT] 0 strategies saved
2025-05-30 11:07:05,145 [INFO] [SELECT] no strategies met criteria; files cleared
2025-05-30 11:07:10,917 [INFO] [SELECT] monitoring list updated: D:\UPBIT_ML\config\coin_list_monitoring.json
2025-05-30 11:07:10,917 [INFO] [SELECT] 0 strategies saved
2025-05-30 11:07:10,919 [INFO] [SELECT] no strategies met criteria; files cleared
2025-05-30 11:07:40,985 [INFO] [SELECT] monitoring list updated: D:\UPBIT_ML\config\coin_list_monitoring.json
2025-05-30 11:07:40,985 [INFO] [SELECT] 0 strategies saved
2025-05-30 11:07:40,986 [INFO] [SELECT] no strategies met criteria; files cleared
2025-05-30 11:07:50,907 [INFO] [SELECT] monitoring list updated: D:\UPBIT_ML\config\coin_list_monitoring.json
2025-05-30 11:07:50,907 [INFO] [SELECT] 0 strategies saved
2025-05-30 11:07:50,908 [INFO] [SELECT] no strategies met criteria; files cleared
2025-05-30 11:21:03,038 [INFO] [SELECT] monitoring list updated: D:\UPBIT_ML\config\coin_list_monitoring.json
2025-05-30 11:21:03,039 [INFO] [SELECT] 0 strategies saved
2025-05-30 11:21:03,039 [INFO] [SELECT] no strategies met criteria; files cleared
2025-05-30 11:21:32,947 [INFO] [SELECT] monitoring list updated: D:\UPBIT_ML\config\coin_list_monitoring.json
2025-05-30 11:21:32,948 [INFO] [SELECT] 0 strategies saved
2025-05-30 11:21:32,948 [INFO] [SELECT] no strategies met criteria; files cleared
2025-05-30 11:21:35,118 [INFO] [SELECT] monitoring list updated: D:\UPBIT_ML\config\coin_list_monitoring.json
2025-05-30 11:21:35,119 [INFO] [SELECT] 0 strategies saved
2025-05-30 11:21:35,119 [INFO] [SELECT] no strategies met criteria; files cleared
2025-05-30 11:32:46,859 [INFO] [SELECT] monitoring list updated: D:\UPBIT_ML\config\coin_list_monitoring.json
2025-05-30 11:32:46,859 [INFO] [SELECT] 0 strategies saved
2025-05-30 11:32:46,860 [INFO] [SELECT] no strategies met criteria; files cleared
2025-05-30 11:34:00,333 [INFO] [SELECT] monitoring list updated: D:\UPBIT_ML\config\coin_list_monitoring.json
2025-05-30 11:34:00,333 [INFO] [SELECT] 0 strategies saved
2025-05-30 11:34:00,334 [INFO] [SELECT] no strategies met criteria; files cleared
2025-05-30 11:34:57,074 [INFO] [SELECT] monitoring list updated: D:\UPBIT_ML\config\coin_list_monitoring.json
2025-05-30 11:34:57,075 [INFO] [SELECT] 0 strategies saved
2025-05-30 11:34:57,076 [INFO] [SELECT] no strategies met criteria; files cleared
2025-05-30 11:54:56,188 [INFO] [SELECT] start
2025-05-30 11:54:56,188 [INFO] [SELECT] scanning summaries in D:\UPBIT_ML\ml_data\09_backtest
2025-05-30 11:54:56,189 [INFO] [SELECT] 0 candidates
2025-05-30 11:54:56,190 [INFO] [SELECT] wrote D:\UPBIT_ML\ml_data\10_selected\selected_strategies.json
2025-05-30 11:54:56,190 [INFO] [SELECT] monitoring list updated: D:\UPBIT_ML\config\coin_list_monitoring.json
2025-05-30 11:54:56,191 [INFO] [SELECT] 0 strategies saved
2025-05-30 11:54:56,191 [INFO] [SELECT] no strategies met criteria; files cleared
2025-05-30 11:54:56,191 [INFO] [SELECT] done
2025-05-30 11:56:24,908 [INFO] [SELECT] start
2025-05-30 11:56:24,908 [INFO] [SELECT] scanning summaries in D:\UPBIT_ML\ml_data\09_backtest
2025-05-30 11:56:24,908 [INFO] [SELECT] 0 candidates
2025-05-30 11:56:24,909 [INFO] [SELECT] wrote D:\UPBIT_ML\ml_data\10_selected\selected_strategies.json
2025-05-30 11:56:24,910 [INFO] [SELECT] monitoring list updated: D:\UPBIT_ML\config\coin_list_monitoring.json
2025-05-30 11:56:24,910 [INFO] [SELECT] 0 strategies saved
2025-05-30 11:56:24,911 [INFO] [SELECT] no strategies met criteria; files cleared
2025-05-30 11:56:24,911 [INFO] [SELECT] done
2025-05-30 11:57:05,840 [INFO] [SELECT] start
2025-05-30 11:57:05,841 [INFO] [SELECT] scanning summaries in D:\UPBIT_ML\ml_data\09_backtest
2025-05-30 11:57:05,841 [INFO] [SELECT] 0 candidates
2025-05-30 11:57:05,842 [INFO] [SELECT] wrote D:\UPBIT_ML\ml_data\10_selected\selected_strategies.json
2025-05-30 11:57:05,843 [INFO] [SELECT] monitoring list updated: D:\UPBIT_ML\config\coin_list_monitoring.json
2025-05-30 11:57:05,843 [INFO] [SELECT] 0 strategies saved
2025-05-30 11:57:05,844 [INFO] [SELECT] no strategies met criteria; files cleared
2025-05-30 11:57:05,844 [INFO] [SELECT] done
2025-05-30 11:57:56,572 [INFO] [SELECT] start
2025-05-30 11:57:56,573 [INFO] [SELECT] scanning summaries in D:\UPBIT_ML\ml_data\09_backtest
2025-05-30 11:57:56,573 [INFO] [SELECT] 0 candidates
2025-05-30 11:57:56,575 [INFO] [SELECT] wrote D:\UPBIT_ML\ml_data\10_selected\selected_strategies.json
2025-05-30 11:57:56,575 [INFO] [SELECT] monitoring list updated: D:\UPBIT_ML\config\coin_list_monitoring.json
2025-05-30 11:57:56,576 [INFO] [SELECT] 0 strategies saved
2025-05-30 11:57:56,576 [INFO] [SELECT] no strategies met criteria; files cleared
2025-05-30 11:57:56,576 [INFO] [SELECT] done
2025-05-30 11:59:44,455 [INFO] [SELECT] start
2025-05-30 11:59:44,456 [INFO] [SELECT] scanning summaries in D:\UPBIT_ML\ml_data\09_backtest
2025-05-30 11:59:44,456 [INFO] [SELECT] 0 candidates
2025-05-30 11:59:44,457 [INFO] [SELECT] wrote D:\UPBIT_ML\ml_data\10_selected\selected_strategies.json
2025-05-30 11:59:44,458 [INFO] [SELECT] monitoring list updated: D:\UPBIT_ML\config\coin_list_monitoring.json
2025-05-30 11:59:44,458 [INFO] [SELECT] 0 strategies saved
2025-05-30 11:59:44,458 [INFO] [SELECT] no strategies met criteria; files cleared
2025-05-30 11:59:44,459 [INFO] [SELECT] done
2025-05-30 12:00:29,907 [INFO] [SELECT] start
2025-05-30 12:00:29,908 [INFO] [SELECT] scanning summaries in D:\UPBIT_ML\ml_data\09_backtest
2025-05-30 12:00:29,908 [INFO] [SELECT] 0 candidates
2025-05-30 12:00:29,909 [INFO] [SELECT] wrote D:\UPBIT_ML\ml_data\10_selected\selected_strategies.json
2025-05-30 12:00:29,909 [INFO] [SELECT] monitoring list updated: D:\UPBIT_ML\config\coin_list_monitoring.json
2025-05-30 12:00:29,910 [INFO] [SELECT] 0 strategies saved
2025-05-30 12:00:29,910 [INFO] [SELECT] no strategies met criteria; files cleared
2025-05-30 12:00:29,910 [INFO] [SELECT] done
2025-05-30 12:16:36,208 [INFO] [SELECT] start
2025-05-30 12:16:36,208 [INFO] [SELECT] scanning summaries in D:\UPBIT_ML\ml_data\09_backtest
2025-05-30 12:16:36,209 [INFO] [SELECT] no summary files found
2025-05-30 12:16:36,209 [INFO] [SELECT] 0 candidates
2025-05-30 12:16:36,210 [INFO] [SELECT] wrote D:\UPBIT_ML\ml_data\10_selected\selected_strategies.json (empty)
2025-05-30 12:16:36,210 [INFO] [SELECT] monitoring list updated: D:\UPBIT_ML\config\coin_list_monitoring.json
2025-05-30 12:16:36,211 [INFO] [SELECT] 0 strategies saved
2025-05-30 12:16:36,211 [INFO] [SELECT] no strategies met criteria; files cleared
2025-05-30 12:16:36,211 [INFO] [SELECT] done
2025-05-30 12:17:32,390 [INFO] [SELECT] start
2025-05-30 12:17:32,391 [INFO] [SELECT] scanning summaries in D:\UPBIT_ML\ml_data\09_backtest
2025-05-30 12:17:32,392 [INFO] [SELECT] no summary files found
2025-05-30 12:17:32,392 [INFO] [SELECT] 0 candidates
2025-05-30 12:17:32,393 [INFO] [SELECT] wrote D:\UPBIT_ML\ml_data\10_selected\selected_strategies.json (empty)
2025-05-30 12:17:32,393 [INFO] [SELECT] monitoring list updated: D:\UPBIT_ML\config\coin_list_monitoring.json
2025-05-30 12:17:32,393 [INFO] [SELECT] 0 strategies saved
2025-05-30 12:17:32,394 [INFO] [SELECT] no strategies met criteria; files cleared
2025-05-30 12:17:32,394 [INFO] [SELECT] done
2025-05-30 12:20:09,672 [INFO] [SELECT] start
2025-05-30 12:20:09,673 [INFO] [SELECT] scanning summaries in D:\UPBIT_ML\ml_data\09_backtest
2025-05-30 12:20:09,674 [INFO] [SELECT] no summary files found
2025-05-30 12:20:09,674 [INFO] [SELECT] 0 candidates
2025-05-30 12:20:09,675 [INFO] [SELECT] wrote D:\UPBIT_ML\ml_data\10_selected\selected_strategies.json (empty)
2025-05-30 12:20:09,675 [INFO] [SELECT] monitoring list updated: D:\UPBIT_ML\config\coin_list_monitoring.json
2025-05-30 12:20:09,676 [INFO] [SELECT] 0 strategies saved
2025-05-30 12:20:09,676 [INFO] [SELECT] no strategies met criteria; files cleared
2025-05-30 12:20:09,677 [INFO] [SELECT] done
2025-05-30 12:45:43,244 [INFO] [SELECT] start
2025-05-30 12:45:43,246 [INFO] [SELECT] scanning summaries in D:\UPBIT_ML\ml_data\09_backtest
2025-05-30 12:45:43,246 [INFO] [SELECT] no summary files found
2025-05-30 12:45:43,246 [INFO] [SELECT] 0 candidates
2025-05-30 12:45:43,247 [INFO] [SELECT] wrote D:\UPBIT_ML\ml_data\10_selected\selected_strategies.json (empty)
2025-05-30 12:45:43,248 [INFO] [SELECT] monitoring list updated: D:\UPBIT_ML\config\coin_list_monitoring.json
2025-05-30 12:45:43,248 [INFO] [SELECT] 0 strategies saved
2025-05-30 12:45:43,248 [INFO] [SELECT] no strategies met criteria; files cleared
2025-05-30 12:45:43,248 [INFO] [SELECT] done
2025-05-30 13:01:30,100 [INFO] [SELECT] start
2025-05-30 13:01:30,101 [INFO] [SELECT] scanning summaries in D:\UPBIT_ML\ml_data\09_backtest
2025-05-30 13:01:30,102 [INFO] [SELECT] no summary files found
2025-05-30 13:01:30,102 [INFO] [SELECT] 0 candidates
2025-05-30 13:01:30,103 [INFO] [SELECT] wrote D:\UPBIT_ML\ml_data\10_selected\selected_strategies.json (empty)
2025-05-30 13:01:30,104 [INFO] [SELECT] monitoring list updated: D:\UPBIT_ML\config\coin_list_monitoring.json
2025-05-30 13:01:30,104 [INFO] [SELECT] 0 strategies saved
2025-05-30 13:01:30,104 [INFO] [SELECT] no strategies met criteria; files cleared
2025-05-30 13:01:30,104 [INFO] [SELECT] done
2025-05-30 13:42:33,446 [INFO] [SELECT] start
2025-05-30 13:42:33,446 [INFO] [SELECT] scanning summaries in D:\UPBIT_ML\ml_data\09_backtest
2025-05-30 13:42:33,447 [INFO] [SELECT] no summary files found
2025-05-30 13:42:33,448 [INFO] [SELECT] 0 candidates
2025-05-30 13:42:33,449 [INFO] [SELECT] wrote D:\UPBIT_ML\ml_data\10_selected\selected_strategies.json (empty)
2025-05-30 13:42:33,450 [INFO] [SELECT] monitoring list updated: D:\UPBIT_ML\config\coin_list_monitoring.json
2025-05-30 13:42:33,450 [INFO] [SELECT] 0 strategies saved
2025-05-30 13:42:33,451 [INFO] [SELECT] no strategies met criteria; files cleared
2025-05-30 13:42:33,451 [INFO] [SELECT] done
2025-05-30 13:55:39,445 [INFO] [SELECT] start
2025-05-30 13:55:39,445 [INFO] [SELECT] scanning summaries in D:\UPBIT_ML\ml_data\09_backtest
2025-05-30 13:55:39,446 [INFO] [SELECT] no summary files found
2025-05-30 13:55:39,446 [INFO] [SELECT] 0 candidates
2025-05-30 13:55:39,447 [INFO] [SELECT] wrote D:\UPBIT_ML\ml_data\10_selected\selected_strategies.json (empty)
2025-05-30 13:55:39,448 [INFO] [SELECT] monitoring list updated: D:\UPBIT_ML\config\coin_list_monitoring.json
2025-05-30 13:55:39,448 [INFO] [SELECT] 0 strategies saved
2025-05-30 13:55:39,448 [INFO] [SELECT] no strategies met criteria; files cleared
2025-05-30 13:55:39,448 [INFO] [SELECT] done
2025-05-30 14:15:38,373 [INFO] [SELECT] start
2025-05-30 14:15:38,373 [INFO] [SELECT] scanning summaries in D:\UPBIT_ML\ml_data\09_backtest
2025-05-30 14:15:38,374 [INFO] [SELECT] no summary files found
2025-05-30 14:15:38,375 [INFO] [SELECT] 0 candidates
2025-05-30 14:15:38,375 [INFO] [SELECT] wrote D:\UPBIT_ML\ml_data\10_selected\selected_strategies.json (empty)
2025-05-30 14:15:38,376 [INFO] [SELECT] monitoring list updated: D:\UPBIT_ML\config\coin_list_monitoring.json
2025-05-30 14:15:38,376 [INFO] [SELECT] 0 strategies saved
2025-05-30 14:15:38,376 [INFO] [SELECT] no strategies met criteria; files cleared
2025-05-30 14:15:38,377 [INFO] [SELECT] done
2025-05-30 14:33:13,901 [INFO] [SELECT] start
2025-05-30 14:33:13,903 [INFO] [SELECT] scanning summaries in D:\UPBIT_ML\ml_data\09_backtest
2025-05-30 14:33:13,905 [INFO] [SELECT] no summary files found
2025-05-30 14:33:13,905 [INFO] [SELECT] 0 candidates
2025-05-30 14:33:13,907 [INFO] [SELECT] wrote D:\UPBIT_ML\ml_data\10_selected\selected_strategies.json (empty)
2025-05-30 14:33:13,909 [INFO] [SELECT] monitoring list updated: D:\UPBIT_ML\config\coin_list_monitoring.json
2025-05-30 14:33:13,909 [INFO] [SELECT] 0 strategies saved
2025-05-30 14:33:13,910 [INFO] [SELECT] no strategies met criteria; files cleared
2025-05-30 14:33:13,910 [INFO] [SELECT] done
2025-05-30 15:12:38,994 [INFO] [SELECT] start
2025-05-30 15:12:38,994 [INFO] [SELECT] scanning summaries in D:\UPBIT_ML\ml_data\09_backtest
2025-05-30 15:12:38,995 [INFO] [SELECT] no summary files found
2025-05-30 15:12:38,996 [INFO] [SELECT] 0 candidates
2025-05-30 15:12:38,996 [INFO] [SELECT] wrote D:\UPBIT_ML\ml_data\10_selected\selected_strategies.json (empty)
2025-05-30 15:12:38,997 [INFO] [SELECT] monitoring list updated: D:\UPBIT_ML\config\coin_list_monitoring.json
2025-05-30 15:12:38,997 [INFO] [SELECT] 0 strategies saved
2025-05-30 15:12:38,997 [INFO] [SELECT] no strategies met criteria; files cleared
2025-05-30 15:12:38,998 [INFO] [SELECT] done
