[WARNING][2025-05-21 14:10:23][werkzeug]  * Debugger is active!
[WARNING][2025-05-21 14:30:07][werkzeug]  * Debugger is active!
[WARNING][2025-05-21 14:41:01][werkzeug]  * Debugger is active!
[WARNING][2025-05-21 15:38:36][werkzeug]  * Debugger is active!
[WARNING][2025-05-21 15:56:01][werkzeug]  * Debugger is active!
[WARNING][2025-05-21 18:55:39][werkzeug]  * Debugger is active!
[WARNING][2025-05-21 19:02:34][werkzeug]  * Debugger is active!
[WARNING][2025-05-21 19:06:38][werkzeug]  * Debugger is active!
[WARNING][2025-05-21 19:10:24][root] Trader not running
[WARNING][2025-05-21 19:12:48][werkzeug]  * Debugger is active!
[WARNING][2025-05-21 19:18:36][werkzeug]  * Debugger is active!
[WARNING][2025-05-21 19:23:58][werkzeug]  * Debugger is active!
[WARNING][2025-05-21 19:27:39][werkzeug]  * Debugger is active!
[WARNING][2025-05-21 19:35:48][werkzeug]  * Debugger is active!
[WARNING][2025-05-21 19:40:25][root] Trader already running
[WARNING][2025-05-21 19:40:32][root] Trader already running
[WARNING][2025-05-21 19:40:54][root] Trader already running
[WARNING][2025-05-21 19:41:43][werkzeug]  * Debugger is active!
[WARNING][2025-05-21 20:04:01][werkzeug]  * Debugger is active!
[WARNING][2025-05-21 20:54:05][werkzeug]  * Debugger is active!
[WARNING][2025-05-21 21:08:53][werkzeug]  * Debugger is active!
[WARNING][2025-05-21 21:16:46][werkzeug]  * Debugger is active!
[WARNING][2025-05-21 21:21:46][werkzeug]  * Debugger is active!
[WARNING][2025-05-21 21:28:50][werkzeug]  * Debugger is active!
[WARNING][2025-05-21 21:37:28][werkzeug]  * Debugger is active!
[WARNING][2025-05-21 22:02:29][werkzeug]  * Debugger is active!
[WARNING][2025-05-21 22:14:21][werkzeug]  * Debugger is active!
[WARNING][2025-05-21 22:20:07][root] [BUY MON] indicator error KRW-STX: 0
[WARNING][2025-05-21 22:55:12][root] [BUY MON] indicator error KRW-TRUMP: 0
[WARNING][2025-05-21 22:55:59][werkzeug]  * Debugger is active!
[WARNING][2025-05-21 23:10:53][werkzeug]  * Debugger is active!
[WARNING][2025-05-21 23:22:49][werkzeug]  * Debugger is active!
[WARNING][2025-05-21 23:30:21][root] [BUY MON] indicator error KRW-MASK: 0
[WARNING][2025-05-21 23:34:02][werkzeug]  * Debugger is active!
[WARNING][2025-05-21 23:49:53][werkzeug]  * Debugger is active!
[WARNING][2025-05-22 00:02:44][root] Trader already running
[WARNING][2025-05-22 00:02:50][root] Trader already running
[WARNING][2025-05-22 00:10:24][werkzeug]  * Debugger is active!
[WARNING][2025-05-22 00:18:09][werkzeug]  * Debugger is active!
[WARNING][2025-05-22 00:19:54][root] Trader already running
[WARNING][2025-05-22 00:22:52][werkzeug]  * Debugger is active!
[WARNING][2025-05-22 00:26:51][root] Trader already running
[WARNING][2025-05-22 00:27:46][root] Trader already running
[WARNING][2025-05-22 00:30:59][werkzeug]  * Debugger is active!
[WARNING][2025-05-22 00:33:14][werkzeug]  * Debugger is active!
[WARNING][2025-05-22 00:36:17][werkzeug]  * Debugger is active!
[WARNING][2025-05-22 00:40:28][root] [BUY MON] indicator error KRW-BERA: 0
[WARNING][2025-05-22 00:41:25][werkzeug]  * Debugger is active!
[WARNING][2025-05-22 00:41:45][werkzeug]  * Debugger is active!
[WARNING][2025-05-22 01:40:26][werkzeug]  * Debugger is active!
[WARNING][2025-05-22 02:28:58][werkzeug]  * Debugger is active!
