2025-06-04 19:43:22,666 [F1] [INFO] 모니터링 코인 리스트 로드: ['KRW-SUI', 'KRW-WAVES', 'KRW-ONDO', 'KRW-NEO', 'KRW-CTC', 'KRW-ADA', 'KRW-APT', 'KRW-CBK', 'KRW-NEAR', 'KRW-TRUMP', 'KRW-LINK', 'KRW-PENDLE', 'KRW-AUCTION', 'KRW-XRP', 'KRW-LAYER', 'KRW-PUNDIX']
2025-06-04 19:43:22,669 [F1] [INFO] Universe updated: ['KRW-SUI', 'KRW-WAVES', 'KRW-ONDO', 'KRW-NEO', 'KRW-CTC', 'KRW-ADA', 'KRW-APT', 'KRW-CBK', 'KRW-NEAR', 'KRW-TRUMP', 'KRW-LINK', 'KRW-PENDLE', 'KRW-AUCTION', 'KRW-XRP', 'KRW-LAYER', 'KRW-PUNDIX']
2025-06-04 19:43:25,752 [F1] [INFO] ML 파일에서 로드한 Universe: ['KRW-SUI', 'KRW-WAVES', 'KRW-ONDO', 'KRW-NEO', 'KRW-CTC', 'KRW-ADA', 'KRW-APT', 'KRW-CBK', 'KRW-NEAR', 'KRW-TRUMP', 'KRW-LINK', 'KRW-PENDLE', 'KRW-AUCTION', 'KRW-XRP', 'KRW-LAYER', 'KRW-PUNDIX']
2025-06-04 19:43:25,758 [F1] [INFO] Universe updated: ['KRW-SUI', 'KRW-WAVES', 'KRW-ONDO', 'KRW-NEO', 'KRW-CTC', 'KRW-ADA', 'KRW-APT', 'KRW-CBK', 'KRW-NEAR', 'KRW-TRUMP', 'KRW-LINK', 'KRW-PENDLE', 'KRW-AUCTION', 'KRW-XRP', 'KRW-LAYER', 'KRW-PUNDIX']
2025-06-04 20:36:52,376 [F1] [INFO] 모니터링 코인 리스트 로드: ['KRW-SUI', 'KRW-AUCTION', 'KRW-TRUMP', 'KRW-NEAR', 'KRW-ADA', 'KRW-NEO', 'KRW-CBK', 'KRW-STX', 'KRW-LINK', 'KRW-CTC', 'KRW-APT', 'KRW-PENDLE', 'KRW-XRP', 'KRW-PUNDIX', 'KRW-ARK']
2025-06-04 20:36:52,379 [F1] [INFO] Universe updated: ['KRW-SUI', 'KRW-AUCTION', 'KRW-TRUMP', 'KRW-NEAR', 'KRW-ADA', 'KRW-NEO', 'KRW-CBK', 'KRW-STX', 'KRW-LINK', 'KRW-CTC', 'KRW-APT', 'KRW-PENDLE', 'KRW-XRP', 'KRW-PUNDIX', 'KRW-ARK']
2025-06-04 20:41:56,412 [F1] [INFO] 모니터링 코인 리스트 로드: ['KRW-SUI', 'KRW-ADA', 'KRW-NEAR', 'KRW-AUCTION', 'KRW-TRUMP', 'KRW-CBK', 'KRW-NEO', 'KRW-APT', 'KRW-STX', 'KRW-LINK', 'KRW-CTC', 'KRW-PENDLE', 'KRW-PUNDIX', 'KRW-LAYER', 'KRW-ARK', 'KRW-ARB', 'KRW-GAS', 'KRW-ONDO']
2025-06-04 20:41:56,418 [F1] [INFO] Universe updated: ['KRW-SUI', 'KRW-ADA', 'KRW-NEAR', 'KRW-AUCTION', 'KRW-TRUMP', 'KRW-CBK', 'KRW-NEO', 'KRW-APT', 'KRW-STX', 'KRW-LINK', 'KRW-CTC', 'KRW-PENDLE', 'KRW-PUNDIX', 'KRW-LAYER', 'KRW-ARK', 'KRW-ARB', 'KRW-GAS', 'KRW-ONDO']
2025-06-04 20:53:04,352 [F1] [INFO] 모니터링 코인 리스트 로드: ['KRW-SUI', 'KRW-TRUMP', 'KRW-AUCTION', 'KRW-NEAR', 'KRW-CBK', 'KRW-LINK', 'KRW-APT', 'KRW-CTC', 'KRW-NEO', 'KRW-LAYER', 'KRW-ARK', 'KRW-PENDLE', 'KRW-ADA', 'KRW-STX', 'KRW-ONDO']
2025-06-04 20:53:04,356 [F1] [INFO] Universe updated: ['KRW-SUI', 'KRW-TRUMP', 'KRW-AUCTION', 'KRW-NEAR', 'KRW-CBK', 'KRW-LINK', 'KRW-APT', 'KRW-CTC', 'KRW-NEO', 'KRW-LAYER', 'KRW-ARK', 'KRW-PENDLE', 'KRW-ADA', 'KRW-STX', 'KRW-ONDO']
2025-06-04 20:53:07,582 [F1] [INFO] ML 파일에서 로드한 Universe: ['KRW-SUI', 'KRW-TRUMP', 'KRW-AUCTION', 'KRW-NEAR', 'KRW-CBK', 'KRW-LINK', 'KRW-APT', 'KRW-CTC', 'KRW-NEO', 'KRW-LAYER', 'KRW-ARK', 'KRW-PENDLE', 'KRW-ADA', 'KRW-STX', 'KRW-ONDO']
2025-06-04 20:53:07,588 [F1] [INFO] Universe updated: ['KRW-SUI', 'KRW-TRUMP', 'KRW-AUCTION', 'KRW-NEAR', 'KRW-CBK', 'KRW-LINK', 'KRW-APT', 'KRW-CTC', 'KRW-NEO', 'KRW-LAYER', 'KRW-ARK', 'KRW-PENDLE', 'KRW-ADA', 'KRW-STX', 'KRW-ONDO']
2025-06-04 22:05:58,995 [F1] [INFO] 모니터링 코인 리스트 로드: ['KRW-SUI', 'KRW-CTC', 'KRW-NEAR', 'KRW-AUCTION', 'KRW-ADA', 'KRW-ONDO', 'KRW-LINK', 'KRW-LAYER', 'KRW-NEO', 'KRW-TRUMP', 'KRW-CBK', 'KRW-ARK', 'KRW-APT', 'KRW-STX', 'KRW-PENDLE', 'KRW-XRP', 'KRW-TAIKO']
2025-06-04 22:05:59,002 [F1] [INFO] Universe updated: ['KRW-SUI', 'KRW-CTC', 'KRW-NEAR', 'KRW-AUCTION', 'KRW-ADA', 'KRW-ONDO', 'KRW-LINK', 'KRW-LAYER', 'KRW-NEO', 'KRW-TRUMP', 'KRW-CBK', 'KRW-ARK', 'KRW-APT', 'KRW-STX', 'KRW-PENDLE', 'KRW-XRP', 'KRW-TAIKO']
2025-06-04 22:06:02,177 [F1] [INFO] ML 파일에서 로드한 Universe: ['KRW-SUI', 'KRW-CTC', 'KRW-NEAR', 'KRW-AUCTION', 'KRW-ADA', 'KRW-ONDO', 'KRW-LINK', 'KRW-LAYER', 'KRW-NEO', 'KRW-TRUMP', 'KRW-CBK', 'KRW-ARK', 'KRW-APT', 'KRW-STX', 'KRW-PENDLE', 'KRW-XRP', 'KRW-TAIKO']
2025-06-04 22:06:02,178 [F1] [INFO] Universe updated: ['KRW-SUI', 'KRW-CTC', 'KRW-NEAR', 'KRW-AUCTION', 'KRW-ADA', 'KRW-ONDO', 'KRW-LINK', 'KRW-LAYER', 'KRW-NEO', 'KRW-TRUMP', 'KRW-CBK', 'KRW-ARK', 'KRW-APT', 'KRW-STX', 'KRW-PENDLE', 'KRW-XRP', 'KRW-TAIKO']
2025-06-04 22:17:23,050 [F1] [INFO] 모니터링 코인 리스트 로드: ['KRW-SUI', 'KRW-ONDO', 'KRW-NEAR', 'KRW-AUCTION', 'KRW-CTC', 'KRW-LINK', 'KRW-WAVES', 'KRW-ARK', 'KRW-LAYER', 'KRW-NEO', 'KRW-TRUMP', 'KRW-ADA', 'KRW-ARB', 'KRW-STX', 'KRW-CBK', 'KRW-PENDLE', 'KRW-XRP', 'KRW-APT']
2025-06-04 22:17:23,055 [F1] [INFO] Universe updated: ['KRW-SUI', 'KRW-ONDO', 'KRW-NEAR', 'KRW-AUCTION', 'KRW-CTC', 'KRW-LINK', 'KRW-WAVES', 'KRW-ARK', 'KRW-LAYER', 'KRW-NEO', 'KRW-TRUMP', 'KRW-ADA', 'KRW-ARB', 'KRW-STX', 'KRW-CBK', 'KRW-PENDLE', 'KRW-XRP', 'KRW-APT']
2025-06-04 22:17:26,575 [F1] [INFO] ML 파일에서 로드한 Universe: ['KRW-SUI', 'KRW-ONDO', 'KRW-NEAR', 'KRW-AUCTION', 'KRW-CTC', 'KRW-LINK', 'KRW-WAVES', 'KRW-ARK', 'KRW-LAYER', 'KRW-NEO', 'KRW-TRUMP', 'KRW-ADA', 'KRW-ARB', 'KRW-STX', 'KRW-CBK', 'KRW-PENDLE', 'KRW-XRP', 'KRW-APT']
2025-06-04 22:17:26,575 [F1] [INFO] Universe updated: ['KRW-SUI', 'KRW-ONDO', 'KRW-NEAR', 'KRW-AUCTION', 'KRW-CTC', 'KRW-LINK', 'KRW-WAVES', 'KRW-ARK', 'KRW-LAYER', 'KRW-NEO', 'KRW-TRUMP', 'KRW-ADA', 'KRW-ARB', 'KRW-STX', 'KRW-CBK', 'KRW-PENDLE', 'KRW-XRP', 'KRW-APT']
2025-06-05 00:23:01,504 [F1] [INFO] 모니터링 코인 리스트 로드: ['KRW-SUI', 'KRW-CTC', 'KRW-NEO', 'KRW-AUCTION', 'KRW-STX', 'KRW-NEAR', 'KRW-LINK', 'KRW-CBK', 'KRW-ADA', 'KRW-ARK', 'KRW-TRUMP', 'KRW-APT', 'KRW-PENDLE', 'KRW-ONDO', 'KRW-UXLINK']
2025-06-05 00:23:01,511 [F1] [INFO] Universe updated: ['KRW-SUI', 'KRW-CTC', 'KRW-NEO', 'KRW-AUCTION', 'KRW-STX', 'KRW-NEAR', 'KRW-LINK', 'KRW-CBK', 'KRW-ADA', 'KRW-ARK', 'KRW-TRUMP', 'KRW-APT', 'KRW-PENDLE', 'KRW-ONDO', 'KRW-UXLINK']
2025-06-05 08:15:44,551 [F1] [INFO] 모니터링 코인 리스트 로드: ['KRW-CTC', 'KRW-ONDO', 'KRW-SUI', 'KRW-APT', 'KRW-NEO', 'KRW-ARK', 'KRW-AQT', 'KRW-ARB', 'KRW-TAIKO', 'KRW-CBK', 'KRW-ADA', 'KRW-STX', 'KRW-LINK', 'KRW-NEAR', 'KRW-PENDLE', 'KRW-WAVES', 'KRW-LAYER', 'KRW-GAS', 'KRW-TRUMP', 'KRW-AUCTION']
2025-06-05 08:15:44,561 [F1] [INFO] Universe updated: ['KRW-CTC', 'KRW-ONDO', 'KRW-SUI', 'KRW-APT', 'KRW-NEO', 'KRW-ARK', 'KRW-AQT', 'KRW-ARB', 'KRW-TAIKO', 'KRW-CBK', 'KRW-ADA', 'KRW-STX', 'KRW-LINK', 'KRW-NEAR', 'KRW-PENDLE', 'KRW-WAVES', 'KRW-LAYER', 'KRW-GAS', 'KRW-TRUMP', 'KRW-AUCTION']
2025-06-05 08:15:49,432 [F1] [INFO] ML 파일에서 로드한 Universe: ['KRW-CTC', 'KRW-ONDO', 'KRW-SUI', 'KRW-APT', 'KRW-NEO', 'KRW-ARK', 'KRW-AQT', 'KRW-ARB', 'KRW-TAIKO', 'KRW-CBK', 'KRW-ADA', 'KRW-STX', 'KRW-LINK', 'KRW-NEAR', 'KRW-PENDLE', 'KRW-WAVES', 'KRW-LAYER', 'KRW-GAS', 'KRW-TRUMP', 'KRW-AUCTION']
2025-06-05 08:15:49,434 [F1] [INFO] Universe updated: ['KRW-CTC', 'KRW-ONDO', 'KRW-SUI', 'KRW-APT', 'KRW-NEO', 'KRW-ARK', 'KRW-AQT', 'KRW-ARB', 'KRW-TAIKO', 'KRW-CBK', 'KRW-ADA', 'KRW-STX', 'KRW-LINK', 'KRW-NEAR', 'KRW-PENDLE', 'KRW-WAVES', 'KRW-LAYER', 'KRW-GAS', 'KRW-TRUMP', 'KRW-AUCTION']
2025-06-05 14:24:01,899 [F1] [INFO] 모니터링 코인 리스트 로드: ['KRW-APT', 'KRW-AUCTION', 'KRW-STX', 'KRW-PUNDIX', 'KRW-ADA', 'KRW-CTC', 'KRW-TAIKO', 'KRW-CBK', 'KRW-NEAR', 'KRW-LINK', 'KRW-LAYER', 'KRW-PENDLE', 'KRW-ARK', 'KRW-TRUMP', 'KRW-ARB']
2025-06-05 14:24:01,903 [F1] [INFO] Universe updated: ['KRW-APT', 'KRW-AUCTION', 'KRW-STX', 'KRW-PUNDIX', 'KRW-ADA', 'KRW-CTC', 'KRW-TAIKO', 'KRW-CBK', 'KRW-NEAR', 'KRW-LINK', 'KRW-LAYER', 'KRW-PENDLE', 'KRW-ARK', 'KRW-TRUMP', 'KRW-ARB']
2025-06-05 14:24:05,609 [F1] [INFO] ML 파일에서 로드한 Universe: ['KRW-APT', 'KRW-AUCTION', 'KRW-STX', 'KRW-PUNDIX', 'KRW-ADA', 'KRW-CTC', 'KRW-TAIKO', 'KRW-CBK', 'KRW-NEAR', 'KRW-LINK', 'KRW-LAYER', 'KRW-PENDLE', 'KRW-ARK', 'KRW-TRUMP', 'KRW-ARB']
2025-06-05 14:24:05,613 [F1] [INFO] Universe updated: ['KRW-APT', 'KRW-AUCTION', 'KRW-STX', 'KRW-PUNDIX', 'KRW-ADA', 'KRW-CTC', 'KRW-TAIKO', 'KRW-CBK', 'KRW-NEAR', 'KRW-LINK', 'KRW-LAYER', 'KRW-PENDLE', 'KRW-ARK', 'KRW-TRUMP', 'KRW-ARB']
2025-06-07 18:33:24,743 [F1] [INFO] [F3] Loaded credentials from env.json
2025-06-07 18:33:24,744 [F1] [INFO] [F3] Failed to fetch open orders: 'DummyClient' object has no attribute 'orders'
2025-06-07 18:33:24,982 [F1] [INFO] [F3] Telegram sent: 200
2025-06-07 18:33:24,982 [F1] [INFO] [F3] Telegram send failed: 'Response' object has no attribute 'raise_for_status'
2025-06-07 18:33:24,993 [F1] [INFO] Saved 1 coins to /tmp/pytest-of-root/pytest-1/test_select_coins_filters0/list.json
2025-06-07 18:33:25,029 [F1] [INFO] [F3] Telegram sent: 200
2025-06-07 18:33:25,030 [F1] [INFO] [F3] Telegram send failed: 'Response' object has no attribute 'raise_for_status'
2025-06-07 18:33:25,062 [F1] [INFO] [F3] Telegram sent: 200
2025-06-07 18:33:25,064 [F1] [INFO] [F3] Telegram send failed: 'Response' object has no attribute 'raise_for_status'
2025-06-07 18:33:25,175 [F1] [INFO] [F3] Telegram sent: 200
2025-06-07 18:33:25,175 [F1] [INFO] [F3] Telegram send failed: 'Response' object has no attribute 'raise_for_status'
2025-06-07 18:33:25,187 [F1] [INFO] [F3] Telegram send failed: 'NoneType' object has no attribute 'status_code'
2025-06-07 18:33:25,188 [F1] [INFO] [F3] Slippage 0.10% for KRW-BTC (count 1)
2025-06-07 18:33:25,189 [F1] [INFO] [F3] Slippage 0.10% for KRW-BTC (count 2)
2025-06-07 18:33:25,189 [F1] [INFO] [F3] Telegram send failed: 'NoneType' object has no attribute 'status_code'
2025-06-07 18:33:25,193 [F1] [INFO] [F1][INIT] Import position KRW-XRP Eval=5,000
2025-06-07 18:33:25,198 [F1] [INFO] [F3] Open position: {'symbol': 'KRW-BTC', 'entry_time': 1749321205.1978426, 'entry_price': 100.0, 'qty': 1.0, 'pyramid_count': 0, 'avgdown_count': 0, 'status': 'open', 'origin': 'trade', 'entry_fee': 0.0}
2025-06-07 18:33:25,198 [F1] [INFO] [F3] Order API response: {'uuid': '1', 'state': 'done', 'side': 'ask', 'volume': 1.0, 'filled': True, 'timestamp': 1749321205.1983445, 'symbol': 'KRW-BTC', 'qty': 1.0, 'price': 200, 'order_type': 'limit'}
2025-06-07 18:33:25,224 [F1] [INFO] [F1-F2] signal_loop.py 이 current_universe.json 파일을 로드 했습니다.
2025-06-07 18:33:25,224 [F1] [INFO] [Loop] Universe: []
2025-06-07 18:33:25,229 [F1] [INFO] [F3] Failed to fetch open orders: 'DummyClient' object has no attribute 'orders'
2025-06-07 18:33:25,229 [F1] [INFO] [F3] Open position: {'symbol': 'KRW-BTC', 'entry_time': 1749321205.229664, 'entry_price': 100.0, 'qty': 1.0, 'pyramid_count': 0, 'avgdown_count': 0, 'status': 'open', 'origin': 'trade', 'entry_fee': 0.0}
2025-06-07 18:33:25,230 [F1] [INFO] [F3] Order API response: {'uuid': '1', 'state': 'done', 'side': 'ask', 'volume': 1.0, 'filled': True, 'timestamp': 1749321205.2300158, 'symbol': 'KRW-BTC', 'qty': 1.0, 'price': 102, 'order_type': 'limit'}
2025-06-07 18:33:25,255 [F1] [INFO] [F3] Order API response: {'uuid': '1', 'state': 'done', 'side': 'ask', 'volume': 1.0, 'filled': True, 'timestamp': 1749321205.2553337, 'symbol': 'KRW-BTC', 'qty': 1.0, 'price': 101.0, 'order_type': 'market'}
2025-06-07 18:33:25,267 [F1] [INFO] [F3] Slippage 1.00% for KRW-BTC (count 1)
2025-06-07 18:33:25,268 [F1] [INFO] [F3] Position exit: KRW-BTC via take_profit
2025-06-07 18:33:25,273 [F1] [INFO] [F3] Failed to fetch open orders: 'DummyClient' object has no attribute 'orders'
2025-06-07 18:33:25,273 [F1] [INFO] [F3] Open position: {'symbol': 'KRW-BTC', 'entry_time': 1749321205.27338, 'entry_price': 100.0, 'qty': 1.0, 'pyramid_count': 0, 'avgdown_count': 0, 'status': 'open', 'origin': 'trade', 'entry_fee': 0.0}
2025-06-07 18:33:25,273 [F1] [INFO] [F3] Order API response: {'uuid': '1', 'state': 'done', 'side': 'ask', 'volume': 1.0, 'filled': True, 'timestamp': 1749321205.2737408, 'symbol': 'KRW-BTC', 'qty': 1.0, 'price': 102, 'order_type': 'limit'}
2025-06-07 18:33:25,283 [F1] [INFO] [F3] Order API response: {'uuid': '1', 'state': 'done', 'side': 'ask', 'volume': 1.0, 'filled': True, 'timestamp': 1749321205.2836075, 'symbol': 'KRW-BTC', 'qty': 1.0, 'price': 101.0, 'order_type': 'market'}
2025-06-07 18:33:25,287 [F1] [INFO] [F3] Position exit: KRW-BTC via take_profit
2025-06-07 18:33:25,290 [F1] [INFO] [F3] Failed to fetch open orders: 'WaitClient' object has no attribute 'orders'
2025-06-07 18:33:25,290 [F1] [INFO] [F3] Open position: {'symbol': 'KRW-BTC', 'entry_time': 1749321205.2905226, 'entry_price': 100.0, 'qty': 1.0, 'pyramid_count': 0, 'avgdown_count': 0, 'status': 'open', 'origin': 'trade', 'entry_fee': 0.0}
2025-06-07 18:33:25,290 [F1] [INFO] [F3] Order API response: {'uuid': '2', 'state': 'wait', 'side': 'ask', 'volume': 1.0, 'price': 102, 'filled': False, 'timestamp': 1749321205.2908993, 'symbol': 'KRW-BTC', 'qty': 1.0, 'order_type': 'limit'}
2025-06-07 18:33:25,306 [F1] [INFO] [F3] Order API response: {'uuid': '2', 'state': 'wait', 'side': 'ask', 'volume': 1.0, 'price': 101.0, 'filled': False, 'timestamp': 1749321205.3060324, 'symbol': 'KRW-BTC', 'qty': 1.0, 'order_type': 'market'}
2025-06-07 18:33:25,318 [F1] [INFO] [F3] Failed to fetch open orders: 'DummyClient' object has no attribute 'orders'
2025-06-07 18:33:25,319 [F1] [INFO] [F3] Open position: {'symbol': 'KRW-BTC', 'entry_time': 1749321205.3191562, 'entry_price': 100.0, 'qty': 1.0, 'pyramid_count': 0, 'avgdown_count': 0, 'status': 'open', 'origin': 'trade', 'entry_fee': 0.0}
2025-06-07 18:33:25,319 [F1] [INFO] [F3] Order API response: {'uuid': '1', 'state': 'done', 'side': 'ask', 'volume': 1.0, 'filled': True, 'timestamp': 1749321205.3196123, 'symbol': 'KRW-BTC', 'qty': 1.0, 'price': 102, 'order_type': 'limit'}
2025-06-07 18:33:25,330 [F1] [INFO] [F3] Slippage 0.20% for KRW-BTC (count 1)
2025-06-07 18:33:25,335 [F1] [INFO] [F3] Failed to fetch open orders: 'DummyClient' object has no attribute 'orders'
2025-06-07 18:33:25,336 [F1] [INFO] [F3] Open position: {'symbol': 'KRW-BTC', 'entry_time': 1749321205.336118, 'entry_price': 100.0, 'qty': 1.0, 'pyramid_count': 0, 'avgdown_count': 0, 'status': 'open', 'origin': 'trade', 'entry_fee': 0.0}
2025-06-07 18:33:25,336 [F1] [INFO] [F3] Order API response: {'uuid': '1', 'state': 'done', 'side': 'ask', 'volume': 1.0, 'filled': True, 'timestamp': 1749321205.3365424, 'symbol': 'KRW-BTC', 'qty': 1.0, 'price': 102, 'order_type': 'limit'}
2025-06-07 18:33:25,346 [F1] [INFO] [F3] Telegram sent: 200
2025-06-07 18:33:25,346 [F1] [INFO] [F3] Telegram send failed: 'Response' object has no attribute 'raise_for_status'
2025-06-07 18:33:25,346 [F1] [INFO] [F3] Position updated from fill 1: {'symbol': 'KRW-BTC', 'entry_time': 1749321205.336118, 'entry_price': 100.0, 'qty': 0.0, 'pyramid_count': 0, 'avgdown_count': 0, 'status': 'closed', 'origin': 'trade', 'entry_fee': 0.0}
2025-06-07 18:33:25,348 [F1] [INFO] [F3] Failed to fetch open orders: 'PartialFillClient' object has no attribute 'orders'
2025-06-07 18:33:25,349 [F1] [INFO] [F3] Open position: {'symbol': 'KRW-BTC', 'entry_time': 1749321205.3490715, 'entry_price': 100.0, 'qty': 2.0, 'pyramid_count': 0, 'avgdown_count': 0, 'status': 'open', 'origin': 'trade', 'entry_fee': 0.0}
2025-06-07 18:33:25,349 [F1] [INFO] [F3] Order API response: {'uuid': '2', 'state': 'wait', 'side': 'ask', 'market': 'KRW-BTC', 'volume': 2.0, 'remaining_volume': '1.0', 'executed_volume': '1.0', 'price': 100.0, 'filled': False, 'timestamp': 1749321205.3494065, 'symbol': 'KRW-BTC', 'qty': 2.0, 'order_type': 'market'}
2025-06-07 18:33:25,349 [F1] [INFO] [F3] Position updated from fill 2: {'symbol': 'KRW-BTC', 'entry_time': 1749321205.3490715, 'entry_price': 100.0, 'qty': 1.0, 'pyramid_count': 0, 'avgdown_count': 0, 'status': 'open', 'origin': 'trade', 'entry_fee': 0.0}
2025-06-07 18:33:25,358 [F1] [INFO] [F3] Failed to fetch open orders: 'DummyClient' object has no attribute 'orders'
2025-06-07 18:33:25,359 [F1] [INFO] [F3] Open position: {'symbol': 'KRW-BTC', 'entry_time': 1749321205.358832, 'entry_price': 100.0, 'qty': 1.0, 'pyramid_count': 0, 'avgdown_count': 0, 'status': 'open', 'origin': 'trade', 'entry_fee': 0.0, 'strategy': 'TEST'}
2025-06-07 18:33:25,359 [F1] [INFO] [F3] Order API response: {'uuid': '1', 'state': 'done', 'side': 'ask', 'volume': 1.0, 'filled': True, 'timestamp': 1749321205.3593647, 'symbol': 'KRW-BTC', 'qty': 1.0, 'price': 102, 'order_type': 'limit'}
2025-06-07 18:33:25,366 [F1] [INFO] [F3] Failed to fetch open orders: 'DummyClient' object has no attribute 'orders'
2025-06-07 18:33:25,367 [F1] [INFO] [F3] Open position: {'symbol': 'KRW-BTC', 'entry_time': 1749321205.3670993, 'entry_price': 100.0, 'qty': 1.0, 'pyramid_count': 0, 'avgdown_count': 0, 'status': 'open', 'origin': 'trade', 'entry_fee': 0.0}
2025-06-07 18:33:25,367 [F1] [INFO] [F3] Order API response: {'uuid': 'tp', 'state': 'wait', 'side': 'ask', 'filled': False, 'timestamp': 1749321205.3674414, 'symbol': 'KRW-BTC', 'qty': 1.0, 'price': 102, 'order_type': 'limit'}
2025-06-07 18:33:25,376 [F1] [INFO] [F3] Failed to fetch open orders: 'DummyClient' object has no attribute 'orders'
2025-06-07 18:33:25,376 [F1] [INFO] [F3] Open position: {'symbol': 'KRW-BTC', 'entry_time': 1749321205.37648, 'entry_price': 100.0, 'qty': 1.0, 'pyramid_count': 0, 'avgdown_count': 0, 'status': 'open', 'origin': 'trade', 'entry_fee': 0.0}
2025-06-07 18:33:25,376 [F1] [INFO] [F3] Order API response: {'uuid': 'tp', 'state': 'wait', 'side': 'ask', 'filled': False, 'timestamp': 1749321205.376816, 'symbol': 'KRW-BTC', 'qty': 1.0, 'price': 102, 'order_type': 'limit'}
2025-06-07 18:33:25,403 [F1] [INFO] [F3] Failed to fetch open orders: 'DummyClient' object has no attribute 'orders'
2025-06-07 18:33:25,404 [F1] [INFO] [F3] Open position: {'symbol': 'KRW-BTC', 'entry_time': 1749321205.4042122, 'entry_price': 100.0, 'qty': 1.0, 'pyramid_count': 0, 'avgdown_count': 0, 'status': 'open', 'origin': 'trade', 'entry_fee': 0.0}
2025-06-07 18:33:25,406 [F1] [INFO] [F3] Order API response: {'uuid': 'tp', 'state': 'wait', 'side': 'ask', 'filled': False, 'timestamp': 1749321205.4060776, 'symbol': 'KRW-BTC', 'qty': 1.0, 'price': 102, 'order_type': 'limit'}
2025-06-07 18:33:25,417 [F1] [INFO] [F3] Failed to fetch open orders: 'DummyClient' object has no attribute 'orders'
2025-06-07 18:33:25,418 [F1] [INFO] [F3] Open position: {'symbol': 'KRW-BTC', 'entry_time': 1749321205.4183297, 'entry_price': 100.0, 'qty': 1.0, 'pyramid_count': 0, 'avgdown_count': 0, 'status': 'open', 'origin': 'trade', 'entry_fee': 0.0}
2025-06-07 18:33:25,418 [F1] [INFO] [F3] Order API response: {'uuid': '1', 'state': 'done', 'side': 'ask', 'filled': True, 'timestamp': 1749321205.418724, 'symbol': 'KRW-BTC', 'qty': 1.0, 'price': 102, 'order_type': 'limit'}
2025-06-07 18:33:25,436 [F1] [INFO] [F3] Telegram sent: 200
2025-06-07 18:33:25,436 [F1] [INFO] [F3] Telegram send failed: 'Response' object has no attribute 'raise_for_status'
2025-06-07 18:33:25,437 [F1] [INFO] [F3] Order API response: {'uuid': '1', 'state': 'done', 'side': 'ask', 'filled': True, 'timestamp': 1749321205.4371347, 'symbol': 'KRW-BTC', 'qty': 1.0, 'price': 101.0, 'order_type': 'market'}
2025-06-07 18:33:25,441 [F1] [INFO] [F3] Slippage 1.00% for KRW-BTC (count 1)
2025-06-07 18:33:25,441 [F1] [INFO] [F3] Position exit: KRW-BTC via take_profit
2025-06-07 18:33:25,442 [F1] [INFO] [F3] Telegram sent: 200
2025-06-07 18:33:25,442 [F1] [INFO] [F3] Telegram send failed: 'Response' object has no attribute 'raise_for_status'
2025-06-07 18:33:25,445 [F1] [INFO] [F3] Failed to fetch open orders: 'list' object is not callable
2025-06-07 18:33:25,446 [F1] [INFO] [F3] Open position: {'symbol': 'KRW-BTC', 'entry_time': 1749321205.4462402, 'entry_price': 100.0, 'qty': 1.0, 'pyramid_count': 0, 'avgdown_count': 0, 'status': 'open', 'origin': 'trade', 'entry_fee': 0.0}
2025-06-07 18:33:25,448 [F1] [INFO] [F3] Failed to fetch open orders: 'DummyClient' object has no attribute 'orders'
2025-06-07 18:33:25,449 [F1] [INFO] [F3] Open position: {'symbol': 'KRW-XRP', 'entry_time': 1749321205.4491513, 'entry_price': 800.0, 'qty': 70.0, 'pyramid_count': 0, 'avgdown_count': 0, 'status': 'open', 'origin': 'imported', 'entry_fee': 0.0, 'strategy': 'imported'}
2025-06-07 18:33:25,451 [F1] [INFO] [F3] Order API response: {'uuid': '1', 'state': 'done', 'filled': True, 'timestamp': 1749321205.4511838, 'symbol': 'KRW-XRP', 'qty': 70.0, 'price': 802, 'order_type': 'limit'}
2025-06-07 18:33:25,472 [F1] [INFO] [F3] Telegram sent: 200
2025-06-07 18:33:25,472 [F1] [INFO] [F3] Telegram send failed: 'Response' object has no attribute 'raise_for_status'
2025-06-07 18:33:25,476 [F1] [INFO] [F3] Failed to fetch open orders: 'SmallBalanceClient' object has no attribute 'orders'
2025-06-07 18:33:25,476 [F1] [INFO] [F3] Telegram sent: 200
2025-06-07 18:33:25,476 [F1] [INFO] [F3] Telegram send failed: 'Response' object has no attribute 'raise_for_status'
2025-06-07 18:33:25,479 [F1] [INFO] [F3] Open position: {'symbol': 'KRW-XRP', 'entry_time': 1749321205.4792423, 'entry_price': 800.0, 'qty': 70.0, 'pyramid_count': 0, 'avgdown_count': 0, 'status': 'open', 'origin': 'imported', 'entry_fee': 0.0, 'strategy': 'imported'}
2025-06-07 18:33:25,479 [F1] [INFO] [F3] Order API response: {'uuid': '1', 'state': 'done', 'side': 'ask', 'volume': 70.0, 'filled': True, 'timestamp': 1749321205.4795976, 'symbol': 'KRW-XRP', 'qty': 70.0, 'price': 802, 'order_type': 'limit'}
2025-06-07 18:33:25,497 [F1] [INFO] [F3] Telegram sent: 200
2025-06-07 18:33:25,497 [F1] [INFO] [F3] Telegram send failed: 'Response' object has no attribute 'raise_for_status'
2025-06-07 18:33:25,502 [F1] [INFO] [F3] Open position: {'symbol': 'KRW-XRP', 'entry_time': 1749321205.5021207, 'entry_price': 800.0, 'qty': 70.0, 'pyramid_count': 0, 'avgdown_count': 0, 'status': 'open', 'origin': 'imported', 'entry_fee': 0.0, 'strategy': 'imported'}
2025-06-07 18:33:25,502 [F1] [INFO] [F3] Order API response: {'uuid': '1', 'state': 'done', 'side': 'ask', 'volume': 70.0, 'filled': True, 'timestamp': 1749321205.5024688, 'symbol': 'KRW-XRP', 'qty': 70.0, 'price': 802, 'order_type': 'limit'}
2025-06-07 18:33:25,507 [F1] [INFO] [F3] Telegram sent: 200
2025-06-07 18:33:25,508 [F1] [INFO] [F3] Telegram send failed: 'Response' object has no attribute 'raise_for_status'
2025-06-07 18:33:25,510 [F1] [INFO] [F3] Open position: {'symbol': 'KRW-SUI', 'entry_time': 1749321205.5104237, 'entry_price': 1000.0, 'qty': 30.0, 'pyramid_count': 0, 'avgdown_count': 0, 'status': 'open', 'origin': 'imported', 'entry_fee': 0.0, 'strategy': 'imported'}
2025-06-07 18:33:25,510 [F1] [INFO] [F3] Order API response: {'uuid': '1', 'state': 'done', 'side': 'ask', 'volume': 30.0, 'filled': True, 'timestamp': 1749321205.5107815, 'symbol': 'KRW-SUI', 'qty': 30.0, 'price': 1010, 'order_type': 'limit'}
2025-06-07 18:33:25,515 [F1] [INFO] [F3] Telegram sent: 200
2025-06-07 18:33:25,516 [F1] [INFO] [F3] Telegram send failed: 'Response' object has no attribute 'raise_for_status'
2025-06-07 18:33:25,518 [F1] [INFO] [F3] Failed to fetch ticker: boom
2025-06-07 18:33:25,518 [F1] [INFO] [F3] Failed to fetch ticker for KRW-SUI: boom
2025-06-07 18:33:25,518 [F1] [INFO] [F3] Open position: {'symbol': 'KRW-SUI', 'entry_time': 1749321205.518799, 'entry_price': 1000.0, 'qty': 30.0, 'pyramid_count': 0, 'avgdown_count': 0, 'status': 'open', 'origin': 'imported', 'entry_fee': 0.0, 'strategy': 'imported'}
2025-06-07 18:33:25,519 [F1] [INFO] [F3] Order API response: {'uuid': '1', 'state': 'done', 'side': 'ask', 'volume': 30.0, 'filled': True, 'timestamp': 1749321205.519064, 'symbol': 'KRW-SUI', 'qty': 30.0, 'price': 1010, 'order_type': 'limit'}
2025-06-07 18:33:25,525 [F1] [INFO] [F3] Telegram sent: 200
2025-06-07 18:33:25,525 [F1] [INFO] [F3] Telegram send failed: 'Response' object has no attribute 'raise_for_status'
2025-06-07 18:33:25,529 [F1] [INFO] [F3] Telegram sent: 200
2025-06-07 18:33:25,530 [F1] [INFO] [F3] Telegram send failed: 'Response' object has no attribute 'raise_for_status'
2025-06-07 18:33:25,532 [F1] [INFO] [F3] Failed to fetch open orders: 'DummyClient' object has no attribute 'orders'
2025-06-07 18:33:25,537 [F1] [INFO] [F3] Telegram sent: 200
2025-06-07 18:33:25,537 [F1] [INFO] [F3] Telegram send failed: 'Response' object has no attribute 'raise_for_status'
2025-06-07 18:33:25,537 [F1] [INFO] [F3] Telegram sent: 200
2025-06-07 18:33:25,538 [F1] [INFO] [F3] Telegram send failed: 'Response' object has no attribute 'raise_for_status'
2025-06-07 18:33:25,562 [F1] [INFO] [SELECT] scanning summaries in /tmp/pytest-of-root/pytest-1/test_select_strategies0/09_backtest
2025-06-07 18:33:25,563 [F1] [INFO] [SELECT] processing AAA
2025-06-07 18:33:25,563 [F1] [INFO] [SELECT] added AAA wr=0.60 roi=0.0030 sharpe=5.30 entries=60
2025-06-07 18:33:25,563 [F1] [INFO] [SELECT] 1 candidates
